
          -------------------------------------------------------
          Amber 14 SANDER                              2014
          -------------------------------------------------------

| PMEMD implementation of SANDER, Release 14

| Run on 06/01/2016 at 12:01:51

|   Executable path: pmemd.cuda
| Working directory: /mnt/lustre_fs/users/workshop_1/joebaker/day7/day7/trpcage/runsim/prod
|          Hostname: gpu-compute2

  [-O]verwriting output

File Assignments:
|   MDIN: prod.in                                                               
|  MDOUT: prod.10.out                                                           
| INPCRD: prod.9.rst7                                                           
|   PARM: ../../tleap/trpcage.parm7                                             
| RESTRT: prod.10.rst7                                                          
|   REFC: refc                                                                  
|  MDVEL: mdvel                                                                 
|   MDEN: mden                                                                  
|  MDCRD: prod.10.nc                                                            
| MDINFO: mdinfo                                                                
|  MDFRC: mdfrc                                                                 


 Here is the input file:

NPT prod                                                                       
 &cntrl                                                                        
  imin=0, ! Not a minimization run                                             
  ntx=5, ! Read coordinates and velocities from restart file                   
  irest=1, ! Restart from previous, expecting velocities                       
  ntxo=2, ! The final coords, velocities, box size in NetCDF                   
  ioutfm=1, ! Print mdcrd to NetCDF format                                     
  ntwr=100000, ! Very high value for how often restart file is written         
  nstlim=50000 ! 100 ps of NPT equilibration                                   
  dt=0.002, ! Time step in picoseconds, so this is 2 fs                        
  ntf=2, ! Do not calc the force for SHAKE constrained bonds                   
  ntc=2, ! Use SHAKE for all hydrogen bonds                                    
  temp0=300.0, ! Thermostat temperature, Run at this temperature               
  ntpr=1000, ! How often to print                                              
  ntwx=1000, ! Write coordinates every 2 ps                                    
  cut=8.0, ! Nonbonded cutoff                                                  
  ntb=2, ! Use PBC and constant pressure                                       
  ntp=1, ! Isotropic pressure scaling                                          
  barostat=2, ! Use Monte Carlo barostat                                       
  taup=1, ! Pressure relaxation time                                           
  ntt=3, ! Use the Lengevin thermostat                                         
  gamma_ln=1.0, ! Frequency of collisions for thermostat                       
  ig=-1, ! Randomize seed for Langevin thermostat                              
 /                                                                             


Note: ig = -1. Setting random seed to   392902 based on wallclock time in 
      microseconds.
 
|--------------------- INFORMATION ----------------------
| GPU (CUDA) Version of PMEMD in use: NVIDIA GPU IN USE.
|                    Version 14.0.1
| 
|                      06/20/2014
| 
| Implementation by:
|                    Ross C. Walker     (SDSC)
|                    Scott Le Grand     (nVIDIA)
| 
| CAUTION: The CUDA code is currently experimental.
|          You use it at your own risk. Be sure to
|          check ALL results carefully.
| 
| Precision model in use:
|      [SPFP] - Mixed Single/Double/Fixed Point Precision.
|               (Default)
| 
|--------------------------------------------------------
 
|----------------- CITATION INFORMATION -----------------
|
|    When publishing work that utilized the CUDA version
|    of AMBER, please cite the following in addition to
|    the regular AMBER citations:
|
|  - Romelia Salomon-Ferrer; Andreas W. Goetz; Duncan
|    Poole; Scott Le Grand; Ross C. Walker "Routine
|    microsecond molecular dynamics simulations with
|    AMBER - Part II: Particle Mesh Ewald", J. Chem.
|    Theory Comput., 2013, 9 (9), pp3878-3888,
|    DOI: 10.1021/ct400314y.
|
|  - Andreas W. Goetz; Mark J. Williamson; Dong Xu;
|    Duncan Poole; Scott Le Grand; Ross C. Walker
|    "Routine microsecond molecular dynamics simulations
|    with AMBER - Part I: Generalized Born", J. Chem.
|    Theory Comput., 2012, 8 (5), pp1542-1555.
|
|  - Scott Le Grand; Andreas W. Goetz; Ross C. Walker
|    "SPFP: Speed without compromise - a mixed precision
|    model for GPU accelerated molecular dynamics
|    simulations.", Comp. Phys. Comm., 2013, 184
|    pp374-380, DOI: 10.1016/j.cpc.2012.09.022
|
|--------------------------------------------------------
 
|------------------- GPU DEVICE INFO --------------------
|
|            CUDA_VISIBLE_DEVICES: 0
|   CUDA Capable Devices Detected:      1
|           CUDA Device ID in use:      0
|                CUDA Device Name: GeForce GTX TITAN X
|     CUDA Device Global Mem Size:  12287 MB
| CUDA Device Num Multiprocessors:     24
|           CUDA Device Core Freq:   1.08 GHz
|
|--------------------------------------------------------
 
 
| Conditional Compilation Defines Used:
| PUBFFT
| BINTRAJ
| CUDA
| EMIL

| Largest sphere to fit in unit cell has radius =    17.180

| New format PARM file being parsed.
| Version =    1.000 Date = 06/01/16 Time = 08:32:47

| Note: 1-4 EEL scale factors are being read from the topology file.

| Note: 1-4 VDW scale factors are being read from the topology file.
| Duplicated    0 dihedrals

| Duplicated    0 dihedrals

--------------------------------------------------------------------------------
   1.  RESOURCE   USE: 
--------------------------------------------------------------------------------

 getting box info from netcdf restart file
 NATOM  =    5771 NTYPES =      15 NBONH =    5616 MBONA  =     160
 NTHETH =     346 MTHETA =     219 NPHIH =     700 MPHIA  =     653
 NHPARM =       0 NPARM  =       0 NNB   =    8990 NRES   =    1843
 NBONA  =     160 NTHETA =     219 NPHIA =     653 NUMBND =      55
 NUMANG =     124 NPTRA  =     137 NATYP =      29 NPHB   =       1
 IFBOX  =       2 NMXRS  =      24 IFCAP =       0 NEXTRA =       0
 NCOPY  =       0

| Coordinate Index Table dimensions:     8    8    8
| Direct force subcell size =     5.2602    5.2602    5.2602

     BOX TYPE: TRUNCATED OCTAHEDRON

--------------------------------------------------------------------------------
   2.  CONTROL  DATA  FOR  THE  RUN
--------------------------------------------------------------------------------

default_name                                                                    

General flags:
     imin    =       0, nmropt  =       0

Nature and format of input:
     ntx     =       5, irest   =       1, ntrx    =       1

Nature and format of output:
     ntxo    =       2, ntpr    =    1000, ntrx    =       1, ntwr    =  100000
     iwrap   =       0, ntwx    =    1000, ntwv    =       0, ntwe    =       0
     ioutfm  =       1, ntwprt  =       0, idecomp =       0, rbornstat=      0

Potential function:
     ntf     =       2, ntb     =       2, igb     =       0, nsnb    =      25
     ipol    =       0, gbsa    =       0, iesp    =       0
     dielc   =   1.00000, cut     =   8.00000, intdiel =   1.00000

Frozen or restrained atoms:
     ibelly  =       0, ntr     =       0

Molecular dynamics:
     nstlim  =     50000, nscm    =      1000, nrespa  =         1
     t       =   0.00000, dt      =   0.00200, vlimit  =  -1.00000

Langevin dynamics temperature regulation:
     ig      =  392902
     temp0   = 300.00000, tempi   =   0.00000, gamma_ln=   1.00000

Pressure regulation:
     ntp     =       1
     pres0   =   1.00000, comp    =  44.60000, taup    =   1.00000
     Monte-Carlo Barostat:
     mcbarint  =     100

SHAKE:
     ntc     =       2, jfastw  =       0
     tol     =   0.00001

| Intermolecular bonds treatment:
|     no_intermolecular_bonds =       1

| Energy averages sample interval:
|     ene_avg_sampling =    1000

Ewald parameters:
     verbose =       0, ew_type =       0, nbflag  =       1, use_pme =       1
     vdwmeth =       1, eedmeth =       1, netfrc  =       1
     Box X =   42.082   Box Y =   42.082   Box Z =   42.082
     Alpha =  109.471   Beta  =  109.471   Gamma =  109.471
     NFFT1 =   48       NFFT2 =   48       NFFT3 =   48
     Cutoff=    8.000   Tol   =0.100E-04
     Ewald Coefficient =  0.34864
     Interpolation order =    4

--------------------------------------------------------------------------------
   3.  ATOMIC COORDINATES AND VELOCITIES
--------------------------------------------------------------------------------

default_name                                                                    
 begin time read from input coords =  1700.000 ps

 
 Number of triangulated 3-point waters found:     1822

     Sum of charges from parm topology file =  -0.00000001
     Forcing neutrality...

| Dynamic Memory, Types Used:
| Reals              348404
| Integers           168083

| Nonbonded Pairs Initial Allocation:      963901

| GPU memory information (estimate):
| KB of GPU memory in use:     38266
| KB of CPU memory in use:     10138

--------------------------------------------------------------------------------
   4.  RESULTS
--------------------------------------------------------------------------------

 ---------------------------------------------------
 APPROXIMATING switch and d/dx switch using CUBIC SPLINE INTERPOLATION
 using   5000.0 points per unit in tabled values
 TESTING RELATIVE ERROR over r ranging from 0.0 to cutoff
| CHECK switch(x): max rel err =   0.2738E-14   at   2.422500
| CHECK d/dx switch(x): max rel err =   0.8332E-11   at   2.782960
 ---------------------------------------------------
|---------------------------------------------------
| APPROXIMATING direct energy using CUBIC SPLINE INTERPOLATION
|  with   50.0 points per unit in tabled values
| Relative Error Limit not exceeded for r .gt.   2.47
| APPROXIMATING direct force using CUBIC SPLINE INTERPOLATION
|  with   50.0 points per unit in tabled values
| Relative Error Limit not exceeded for r .gt.   2.89
|---------------------------------------------------
| Attempting MC barostat change: Succeeded
| Attempting MC barostat change: Succeeded
| Attempting MC barostat change: Succeeded
| Attempting MC barostat change: Failed
| Attempting MC barostat change: Failed
| Attempting MC barostat change: Failed
| Attempting MC barostat change: Failed
| Attempting MC barostat change: Failed
| Attempting MC barostat change: Failed
| Attempting MC barostat change: Succeeded

 NSTEP =     1000   TIME(PS) =    1702.000  TEMP(K) =   293.09  PRESS =     0.0
 Etot   =    -14538.9000  EKtot   =      3406.3364  EPtot      =    -17945.2365
 BOND   =        60.5669  ANGLE   =       161.0614  DIHED      =       256.7774
 1-4 NB =        66.4294  1-4 EEL =       891.3002  VDWAALS    =      2446.6369
 EELEC  =    -21828.0086  EHBOND  =         0.0000  RESTRAINT  =         0.0000
 EKCMT  =         0.0000  VIRIAL  =         0.0000  VOLUME     =     57509.1442
                                                    Density    =         1.0115
 ------------------------------------------------------------------------------

| Attempting MC barostat change: Succeeded
| Attempting MC barostat change: Succeeded
| Attempting MC barostat change: Failed
| Attempting MC barostat change: Failed
| Attempting MC barostat change: Failed
| Attempting MC barostat change: Succeeded
| Attempting MC barostat change: Failed
| Attempting MC barostat change: Failed
| Attempting MC barostat change: Failed
| Attempting MC barostat change: Failed

 NSTEP =     2000   TIME(PS) =    1704.000  TEMP(K) =   296.04  PRESS =     0.0
 Etot   =    -14551.9530  EKtot   =      3440.6431  EPtot      =    -17992.5961
 BOND   =        60.3146  ANGLE   =       149.2177  DIHED      =       250.5992
 1-4 NB =        68.4008  1-4 EEL =       880.5498  VDWAALS    =      2418.3965
 EELEC  =    -21820.0746  EHBOND  =         0.0000  RESTRAINT  =         0.0000
 EKCMT  =         0.0000  VIRIAL  =         0.0000  VOLUME     =     58221.3102
                                                    Density    =         0.9991
 ------------------------------------------------------------------------------

| Attempting MC barostat change: Failed
| Attempting MC barostat change: Succeeded
| Attempting MC barostat change: Failed
| Attempting MC barostat change: Failed
| Attempting MC barostat change: Succeeded
| Attempting MC barostat change: Succeeded
| Attempting MC barostat change: Failed
| Attempting MC barostat change: Failed
| Attempting MC barostat change: Failed
| Attempting MC barostat change: Succeeded

 NSTEP =     3000   TIME(PS) =    1706.000  TEMP(K) =   300.95  PRESS =     0.0
 Etot   =    -14357.2972  EKtot   =      3497.7036  EPtot      =    -17855.0008
 BOND   =        67.5428  ANGLE   =       152.4101  DIHED      =       250.9619
 1-4 NB =        69.0247  1-4 EEL =       892.7426  VDWAALS    =      2326.9387
 EELEC  =    -21614.6217  EHBOND  =         0.0000  RESTRAINT  =         0.0000
 EKCMT  =         0.0000  VIRIAL  =         0.0000  VOLUME     =     58905.7071
                                                    Density    =         0.9875
 ------------------------------------------------------------------------------

| Attempting MC barostat change: Failed
| Attempting MC barostat change: Failed
| Attempting MC barostat change: Failed
| Attempting MC barostat change: Failed
| Attempting MC barostat change: Failed
| Attempting MC barostat change: Failed
| Attempting MC barostat change: Failed
| Attempting MC barostat change: Failed
| Attempting MC barostat change: Succeeded
| Attempting MC barostat change: Failed

 NSTEP =     4000   TIME(PS) =    1708.000  TEMP(K) =   298.40  PRESS =     0.0
 Etot   =    -14362.4141  EKtot   =      3467.9885  EPtot      =    -17830.4026
 BOND   =        66.7391  ANGLE   =       166.0510  DIHED      =       247.3541
 1-4 NB =        65.1269  1-4 EEL =       881.4840  VDWAALS    =      2283.7501
 EELEC  =    -21540.9078  EHBOND  =         0.0000  RESTRAINT  =         0.0000
 EKCMT  =         0.0000  VIRIAL  =         0.0000  VOLUME     =     58454.6824
                                                    Density    =         0.9952
 ------------------------------------------------------------------------------

| Attempting MC barostat change: Succeeded
| Attempting MC barostat change: Failed
| Attempting MC barostat change: Failed
| Attempting MC barostat change: Succeeded
| Attempting MC barostat change: Failed
| Attempting MC barostat change: Succeeded
| Attempting MC barostat change: Failed
| Attempting MC barostat change: Succeeded
| Attempting MC barostat change: Succeeded
| Attempting MC barostat change: Failed

 NSTEP =     5000   TIME(PS) =    1710.000  TEMP(K) =   302.65  PRESS =     0.0
 Etot   =    -14411.0907  EKtot   =      3517.4553  EPtot      =    -17928.5461
 BOND   =        60.3591  ANGLE   =       156.2662  DIHED      =       257.2432
 1-4 NB =        66.9297  1-4 EEL =       875.2510  VDWAALS    =      2329.6121
 EELEC  =    -21674.2073  EHBOND  =         0.0000  RESTRAINT  =         0.0000
 EKCMT  =         0.0000  VIRIAL  =         0.0000  VOLUME     =     58167.1991
                                                    Density    =         1.0001
 ------------------------------------------------------------------------------

| Attempting MC barostat change: Failed
| Attempting MC barostat change: Failed
| Attempting MC barostat change: Failed
| Attempting MC barostat change: Succeeded
| Attempting MC barostat change: Failed
| Attempting MC barostat change: Succeeded
| Attempting MC barostat change: Succeeded
| Attempting MC barostat change: Succeeded
| Attempting MC barostat change: Failed
| Attempting MC barostat change: Succeeded

 NSTEP =     6000   TIME(PS) =    1712.000  TEMP(K) =   307.86  PRESS =     0.0
 Etot   =    -14405.7159  EKtot   =      3578.0325  EPtot      =    -17983.7484
 BOND   =        59.9467  ANGLE   =       156.3248  DIHED      =       249.2304
 1-4 NB =        65.2450  1-4 EEL =       883.9326  VDWAALS    =      2395.2693
 EELEC  =    -21793.6972  EHBOND  =         0.0000  RESTRAINT  =         0.0000
 EKCMT  =         0.0000  VIRIAL  =         0.0000  VOLUME     =     57770.5161
                                                    Density    =         1.0069
 ------------------------------------------------------------------------------

| Attempting MC barostat change: Succeeded
| Attempting MC barostat change: Failed
| Attempting MC barostat change: Succeeded
| Attempting MC barostat change: Failed
| Attempting MC barostat change: Failed
| Attempting MC barostat change: Succeeded
| Attempting MC barostat change: Failed
| Attempting MC barostat change: Failed
| Attempting MC barostat change: Failed
| Attempting MC barostat change: Succeeded

 NSTEP =     7000   TIME(PS) =    1714.000  TEMP(K) =   300.52  PRESS =     0.0
 Etot   =    -14550.0984  EKtot   =      3492.6814  EPtot      =    -18042.7798
 BOND   =        60.2482  ANGLE   =       149.3429  DIHED      =       254.5001
 1-4 NB =        70.1612  1-4 EEL =       883.9902  VDWAALS    =      2487.3600
 EELEC  =    -21948.3824  EHBOND  =         0.0000  RESTRAINT  =         0.0000
 EKCMT  =         0.0000  VIRIAL  =         0.0000  VOLUME     =     57508.9480
                                                    Density    =         1.0115
 ------------------------------------------------------------------------------

| Attempting MC barostat change: Failed
| Attempting MC barostat change: Failed
| Attempting MC barostat change: Failed
| Attempting MC barostat change: Failed
| Attempting MC barostat change: Succeeded
| Attempting MC barostat change: Succeeded
| Attempting MC barostat change: Succeeded
| Attempting MC barostat change: Failed
| Attempting MC barostat change: Failed
| Attempting MC barostat change: Succeeded

 NSTEP =     8000   TIME(PS) =    1716.000  TEMP(K) =   299.75  PRESS =     0.0
 Etot   =    -14437.0898  EKtot   =      3483.7175  EPtot      =    -17920.8073
 BOND   =        53.0863  ANGLE   =       166.9719  DIHED      =       250.7672
 1-4 NB =        66.7753  1-4 EEL =       874.9552  VDWAALS    =      2415.2647
 EELEC  =    -21748.6279  EHBOND  =         0.0000  RESTRAINT  =         0.0000
 EKCMT  =         0.0000  VIRIAL  =         0.0000  VOLUME     =     58031.0368
                                                    Density    =         1.0024
 ------------------------------------------------------------------------------

| Attempting MC barostat change: Failed
| Attempting MC barostat change: Failed
| Attempting MC barostat change: Succeeded
| Attempting MC barostat change: Succeeded
| Attempting MC barostat change: Succeeded
| Attempting MC barostat change: Failed
| Attempting MC barostat change: Failed
| Attempting MC barostat change: Succeeded
| Attempting MC barostat change: Failed
| Attempting MC barostat change: Succeeded

 NSTEP =     9000   TIME(PS) =    1718.000  TEMP(K) =   299.49  PRESS =     0.0
 Etot   =    -14590.1179  EKtot   =      3480.7183  EPtot      =    -18070.8361
 BOND   =        49.1072  ANGLE   =       158.5272  DIHED      =       251.5381
 1-4 NB =        70.8941  1-4 EEL =       887.5615  VDWAALS    =      2360.2516
 EELEC  =    -21848.7159  EHBOND  =         0.0000  RESTRAINT  =         0.0000
 EKCMT  =         0.0000  VIRIAL  =         0.0000  VOLUME     =     58242.4289
                                                    Density    =         0.9988
 ------------------------------------------------------------------------------

| Attempting MC barostat change: Failed
| Attempting MC barostat change: Failed
| Attempting MC barostat change: Failed
| Attempting MC barostat change: Succeeded
| Attempting MC barostat change: Failed
| Attempting MC barostat change: Failed
| Attempting MC barostat change: Failed
| Attempting MC barostat change: Failed
| Attempting MC barostat change: Succeeded
| Attempting MC barostat change: Succeeded

 NSTEP =    10000   TIME(PS) =    1720.000  TEMP(K) =   300.19  PRESS =     0.0
 Etot   =    -14576.0195  EKtot   =      3488.8528  EPtot      =    -18064.8723
 BOND   =        83.3459  ANGLE   =       145.1072  DIHED      =       246.8841
 1-4 NB =        68.2398  1-4 EEL =       878.0408  VDWAALS    =      2457.9098
 EELEC  =    -21944.3998  EHBOND  =         0.0000  RESTRAINT  =         0.0000
 EKCMT  =         0.0000  VIRIAL  =         0.0000  VOLUME     =     58208.5819
                                                    Density    =         0.9994
 ------------------------------------------------------------------------------

| Attempting MC barostat change: Succeeded
| Attempting MC barostat change: Failed
| Attempting MC barostat change: Succeeded
| Attempting MC barostat change: Failed
| Attempting MC barostat change: Failed
| Attempting MC barostat change: Failed
| Attempting MC barostat change: Failed
| Attempting MC barostat change: Failed
| Attempting MC barostat change: Failed
| Attempting MC barostat change: Succeeded

 NSTEP =    11000   TIME(PS) =    1722.000  TEMP(K) =   301.79  PRESS =     0.0
 Etot   =    -14409.0539  EKtot   =      3507.4126  EPtot      =    -17916.4665
 BOND   =        64.7689  ANGLE   =       145.0938  DIHED      =       255.8467
 1-4 NB =        61.2639  1-4 EEL =       874.8641  VDWAALS    =      2291.4818
 EELEC  =    -21609.7856  EHBOND  =         0.0000  RESTRAINT  =         0.0000
 EKCMT  =         0.0000  VIRIAL  =         0.0000  VOLUME     =     58233.2308
                                                    Density    =         0.9989
 ------------------------------------------------------------------------------

| Attempting MC barostat change: Failed
| Attempting MC barostat change: Succeeded
| Attempting MC barostat change: Succeeded
| Attempting MC barostat change: Succeeded
| Attempting MC barostat change: Succeeded
| Attempting MC barostat change: Failed
| Attempting MC barostat change: Failed
| Attempting MC barostat change: Failed
| Attempting MC barostat change: Succeeded
| Attempting MC barostat change: Succeeded

 NSTEP =    12000   TIME(PS) =    1724.000  TEMP(K) =   298.24  PRESS =     0.0
 Etot   =    -14452.6924  EKtot   =      3466.2117  EPtot      =    -17918.9041
 BOND   =        59.1835  ANGLE   =       150.5166  DIHED      =       250.3927
 1-4 NB =        71.4863  1-4 EEL =       890.6843  VDWAALS    =      2383.6900
 EELEC  =    -21724.8575  EHBOND  =         0.0000  RESTRAINT  =         0.0000
 EKCMT  =         0.0000  VIRIAL  =         0.0000  VOLUME     =     58450.7805
                                                    Density    =         0.9952
 ------------------------------------------------------------------------------

| Attempting MC barostat change: Failed
| Attempting MC barostat change: Failed
| Attempting MC barostat change: Failed
| Attempting MC barostat change: Succeeded
| Attempting MC barostat change: Failed
| Attempting MC barostat change: Succeeded
| Attempting MC barostat change: Failed
| Attempting MC barostat change: Succeeded
| Attempting MC barostat change: Failed
| Attempting MC barostat change: Failed

 NSTEP =    13000   TIME(PS) =    1726.000  TEMP(K) =   303.86  PRESS =     0.0
 Etot   =    -14403.0748  EKtot   =      3531.5254  EPtot      =    -17934.6002
 BOND   =        61.9133  ANGLE   =       155.3960  DIHED      =       245.3605
 1-4 NB =        69.0260  1-4 EEL =       880.8403  VDWAALS    =      2408.7019
 EELEC  =    -21755.8383  EHBOND  =         0.0000  RESTRAINT  =         0.0000
 EKCMT  =         0.0000  VIRIAL  =         0.0000  VOLUME     =     58664.8470
                                                    Density    =         0.9916
 ------------------------------------------------------------------------------

| Attempting MC barostat change: Failed
| Attempting MC barostat change: Succeeded
| Attempting MC barostat change: Failed
| Attempting MC barostat change: Succeeded
| Attempting MC barostat change: Failed
| Attempting MC barostat change: Succeeded
| Attempting MC barostat change: Succeeded
| Attempting MC barostat change: Succeeded
| Attempting MC barostat change: Failed
| Attempting MC barostat change: Failed

 NSTEP =    14000   TIME(PS) =    1728.000  TEMP(K) =   300.98  PRESS =     0.0
 Etot   =    -14480.8650  EKtot   =      3498.0320  EPtot      =    -17978.8970
 BOND   =        55.2547  ANGLE   =       150.9083  DIHED      =       244.5061
 1-4 NB =        67.7681  1-4 EEL =       878.7209  VDWAALS    =      2454.1868
 EELEC  =    -21830.2419  EHBOND  =         0.0000  RESTRAINT  =         0.0000
 EKCMT  =         0.0000  VIRIAL  =         0.0000  VOLUME     =     58779.8723
                                                    Density    =         0.9896
 ------------------------------------------------------------------------------

| Attempting MC barostat change: Failed
| Attempting MC barostat change: Failed
| Attempting MC barostat change: Failed
| Attempting MC barostat change: Succeeded
| Attempting MC barostat change: Failed
| Attempting MC barostat change: Failed
| Attempting MC barostat change: Succeeded
| Attempting MC barostat change: Failed
| Attempting MC barostat change: Failed
| Attempting MC barostat change: Failed

 NSTEP =    15000   TIME(PS) =    1730.000  TEMP(K) =   299.56  PRESS =     0.0
 Etot   =    -14421.6595  EKtot   =      3481.4714  EPtot      =    -17903.1309
 BOND   =        65.9489  ANGLE   =       149.2217  DIHED      =       251.3103
 1-4 NB =        61.0951  1-4 EEL =       873.9301  VDWAALS    =      2362.3039
 EELEC  =    -21666.9409  EHBOND  =         0.0000  RESTRAINT  =         0.0000
 EKCMT  =         0.0000  VIRIAL  =         0.0000  VOLUME     =     58618.8351
                                                    Density    =         0.9924
 ------------------------------------------------------------------------------

| Attempting MC barostat change: Succeeded
| Attempting MC barostat change: Failed
| Attempting MC barostat change: Succeeded
| Attempting MC barostat change: Failed
| Attempting MC barostat change: Succeeded
| Attempting MC barostat change: Succeeded
| Attempting MC barostat change: Failed
| Attempting MC barostat change: Failed
| Attempting MC barostat change: Failed
| Attempting MC barostat change: Succeeded

 NSTEP =    16000   TIME(PS) =    1732.000  TEMP(K) =   297.66  PRESS =     0.0
 Etot   =    -14588.4913  EKtot   =      3459.4744  EPtot      =    -18047.9657
 BOND   =        54.2811  ANGLE   =       169.4246  DIHED      =       259.3894
 1-4 NB =        67.8754  1-4 EEL =       877.0874  VDWAALS    =      2497.0446
 EELEC  =    -21973.0681  EHBOND  =         0.0000  RESTRAINT  =         0.0000
 EKCMT  =         0.0000  VIRIAL  =         0.0000  VOLUME     =     58901.4820
                                                    Density    =         0.9876
 ------------------------------------------------------------------------------

| Attempting MC barostat change: Failed
| Attempting MC barostat change: Failed
| Attempting MC barostat change: Succeeded
| Attempting MC barostat change: Failed
| Attempting MC barostat change: Failed
| Attempting MC barostat change: Succeeded
| Attempting MC barostat change: Succeeded
| Attempting MC barostat change: Failed
| Attempting MC barostat change: Failed
| Attempting MC barostat change: Failed

 NSTEP =    17000   TIME(PS) =    1734.000  TEMP(K) =   297.48  PRESS =     0.0
 Etot   =    -14511.3418  EKtot   =      3457.2979  EPtot      =    -17968.6396
 BOND   =        66.7817  ANGLE   =       146.9574  DIHED      =       250.5223
 1-4 NB =        64.5408  1-4 EEL =       878.8016  VDWAALS    =      2392.0259
 EELEC  =    -21768.2693  EHBOND  =         0.0000  RESTRAINT  =         0.0000
 EKCMT  =         0.0000  VIRIAL  =         0.0000  VOLUME     =     58543.1978
                                                    Density    =         0.9936
 ------------------------------------------------------------------------------

| Attempting MC barostat change: Failed
| Attempting MC barostat change: Succeeded
| Attempting MC barostat change: Succeeded
| Attempting MC barostat change: Failed
| Attempting MC barostat change: Failed
| Attempting MC barostat change: Succeeded
| Attempting MC barostat change: Succeeded
| Attempting MC barostat change: Succeeded
| Attempting MC barostat change: Succeeded
| Attempting MC barostat change: Succeeded

 NSTEP =    18000   TIME(PS) =    1736.000  TEMP(K) =   297.46  PRESS =     0.0
 Etot   =    -14514.0664  EKtot   =      3457.0676  EPtot      =    -17971.1341
 BOND   =        53.4813  ANGLE   =       170.4003  DIHED      =       242.1077
 1-4 NB =        69.5229  1-4 EEL =       877.5719  VDWAALS    =      2430.6568
 EELEC  =    -21814.8751  EHBOND  =         0.0000  RESTRAINT  =         0.0000
 EKCMT  =         0.0000  VIRIAL  =         0.0000  VOLUME     =     58575.0241
                                                    Density    =         0.9931
 ------------------------------------------------------------------------------

| Attempting MC barostat change: Failed
| Attempting MC barostat change: Succeeded
| Attempting MC barostat change: Failed
| Attempting MC barostat change: Failed
| Attempting MC barostat change: Failed
| Attempting MC barostat change: Failed
| Attempting MC barostat change: Failed
| Attempting MC barostat change: Failed
| Attempting MC barostat change: Failed
| Attempting MC barostat change: Succeeded

 NSTEP =    19000   TIME(PS) =    1738.000  TEMP(K) =   299.80  PRESS =     0.0
 Etot   =    -14540.9989  EKtot   =      3484.3035  EPtot      =    -18025.3024
 BOND   =        65.1527  ANGLE   =       149.9395  DIHED      =       249.0225
 1-4 NB =        62.0902  1-4 EEL =       873.3143  VDWAALS    =      2394.1479
 EELEC  =    -21818.9696  EHBOND  =         0.0000  RESTRAINT  =         0.0000
 EKCMT  =         0.0000  VIRIAL  =         0.0000  VOLUME     =     58810.4130
                                                    Density    =         0.9891
 ------------------------------------------------------------------------------

| Attempting MC barostat change: Succeeded
| Attempting MC barostat change: Succeeded
| Attempting MC barostat change: Failed
| Attempting MC barostat change: Failed
| Attempting MC barostat change: Succeeded
| Attempting MC barostat change: Failed
| Attempting MC barostat change: Failed
| Attempting MC barostat change: Failed
| Attempting MC barostat change: Failed
| Attempting MC barostat change: Succeeded

 NSTEP =    20000   TIME(PS) =    1740.000  TEMP(K) =   294.20  PRESS =     0.0
 Etot   =    -14607.9667  EKtot   =      3419.2026  EPtot      =    -18027.1694
 BOND   =        62.5278  ANGLE   =       168.0483  DIHED      =       250.9144
 1-4 NB =        65.8756  1-4 EEL =       885.6061  VDWAALS    =      2513.7428
 EELEC  =    -21973.8844  EHBOND  =         0.0000  RESTRAINT  =         0.0000
 EKCMT  =         0.0000  VIRIAL  =         0.0000  VOLUME     =     58281.4204
                                                    Density    =         0.9981
 ------------------------------------------------------------------------------

| Attempting MC barostat change: Failed
| Attempting MC barostat change: Failed
| Attempting MC barostat change: Failed
| Attempting MC barostat change: Failed
| Attempting MC barostat change: Failed
| Attempting MC barostat change: Failed
| Attempting MC barostat change: Failed
| Attempting MC barostat change: Succeeded
| Attempting MC barostat change: Succeeded
| Attempting MC barostat change: Failed

 NSTEP =    21000   TIME(PS) =    1742.000  TEMP(K) =   297.66  PRESS =     0.0
 Etot   =    -14568.9227  EKtot   =      3459.4150  EPtot      =    -18028.3377
 BOND   =        64.9562  ANGLE   =       171.7843  DIHED      =       249.4309
 1-4 NB =        65.3867  1-4 EEL =       879.0514  VDWAALS    =      2451.8394
 EELEC  =    -21910.7867  EHBOND  =         0.0000  RESTRAINT  =         0.0000
 EKCMT  =         0.0000  VIRIAL  =         0.0000  VOLUME     =     58193.7715
                                                    Density    =         0.9996
 ------------------------------------------------------------------------------

| Attempting MC barostat change: Failed
| Attempting MC barostat change: Failed
| Attempting MC barostat change: Failed
| Attempting MC barostat change: Failed
| Attempting MC barostat change: Failed
| Attempting MC barostat change: Succeeded
| Attempting MC barostat change: Failed
| Attempting MC barostat change: Failed
| Attempting MC barostat change: Failed
| Attempting MC barostat change: Failed

 NSTEP =    22000   TIME(PS) =    1744.000  TEMP(K) =   303.93  PRESS =     0.0
 Etot   =    -14457.0981  EKtot   =      3532.3457  EPtot      =    -17989.4438
 BOND   =        69.8648  ANGLE   =       146.1336  DIHED      =       254.4806
 1-4 NB =        62.6722  1-4 EEL =       877.6271  VDWAALS    =      2456.2791
 EELEC  =    -21856.5012  EHBOND  =         0.0000  RESTRAINT  =         0.0000
 EKCMT  =         0.0000  VIRIAL  =         0.0000  VOLUME     =     58488.3535
                                                    Density    =         0.9946
 ------------------------------------------------------------------------------

| Attempting MC barostat change: Failed
| Attempting MC barostat change: Succeeded
| Attempting MC barostat change: Succeeded
| Attempting MC barostat change: Failed
| Attempting MC barostat change: Failed
| Attempting MC barostat change: Succeeded
| Attempting MC barostat change: Failed
| Attempting MC barostat change: Failed
| Attempting MC barostat change: Succeeded
| Attempting MC barostat change: Failed

 NSTEP =    23000   TIME(PS) =    1746.000  TEMP(K) =   304.66  PRESS =     0.0
 Etot   =    -14499.7927  EKtot   =      3540.7581  EPtot      =    -18040.5508
 BOND   =        68.9883  ANGLE   =       146.7607  DIHED      =       247.7503
 1-4 NB =        60.3136  1-4 EEL =       879.3003  VDWAALS    =      2390.2211
 EELEC  =    -21833.8851  EHBOND  =         0.0000  RESTRAINT  =         0.0000
 EKCMT  =         0.0000  VIRIAL  =         0.0000  VOLUME     =     58113.8959
                                                    Density    =         1.0010
 ------------------------------------------------------------------------------

| Attempting MC barostat change: Failed
| Attempting MC barostat change: Succeeded
| Attempting MC barostat change: Succeeded
| Attempting MC barostat change: Failed
| Attempting MC barostat change: Succeeded
| Attempting MC barostat change: Succeeded
| Attempting MC barostat change: Failed
| Attempting MC barostat change: Failed
| Attempting MC barostat change: Succeeded
| Attempting MC barostat change: Failed

 NSTEP =    24000   TIME(PS) =    1748.000  TEMP(K) =   298.27  PRESS =     0.0
 Etot   =    -14528.3876  EKtot   =      3466.5127  EPtot      =    -17994.9003
 BOND   =        61.3372  ANGLE   =       156.8091  DIHED      =       252.2576
 1-4 NB =        68.2152  1-4 EEL =       870.4862  VDWAALS    =      2337.2937
 EELEC  =    -21741.2993  EHBOND  =         0.0000  RESTRAINT  =         0.0000
 EKCMT  =         0.0000  VIRIAL  =         0.0000  VOLUME     =     58225.6681
                                                    Density    =         0.9991
 ------------------------------------------------------------------------------

| Attempting MC barostat change: Succeeded
| Attempting MC barostat change: Failed
| Attempting MC barostat change: Succeeded
| Attempting MC barostat change: Failed
| Attempting MC barostat change: Succeeded
| Attempting MC barostat change: Failed
| Attempting MC barostat change: Failed
| Attempting MC barostat change: Failed
| Attempting MC barostat change: Failed
| Attempting MC barostat change: Succeeded

 NSTEP =    25000   TIME(PS) =    1750.000  TEMP(K) =   303.45  PRESS =     0.0
 Etot   =    -14423.9331  EKtot   =      3526.7205  EPtot      =    -17950.6535
 BOND   =        57.3803  ANGLE   =       176.9718  DIHED      =       243.8614
 1-4 NB =        65.2385  1-4 EEL =       879.8802  VDWAALS    =      2398.6064
 EELEC  =    -21772.5922  EHBOND  =         0.0000  RESTRAINT  =         0.0000
 EKCMT  =         0.0000  VIRIAL  =         0.0000  VOLUME     =     58618.8961
                                                    Density    =         0.9924
 ------------------------------------------------------------------------------

| Attempting MC barostat change: Failed
| Attempting MC barostat change: Failed
| Attempting MC barostat change: Failed
| Attempting MC barostat change: Succeeded
| Attempting MC barostat change: Failed
| Attempting MC barostat change: Failed
| Attempting MC barostat change: Succeeded
| Attempting MC barostat change: Succeeded
| Attempting MC barostat change: Failed
| Attempting MC barostat change: Succeeded

 NSTEP =    26000   TIME(PS) =    1752.000  TEMP(K) =   299.89  PRESS =     0.0
 Etot   =    -14402.2649  EKtot   =      3485.3318  EPtot      =    -17887.5967
 BOND   =        60.6865  ANGLE   =       154.8330  DIHED      =       247.6490
 1-4 NB =        68.3281  1-4 EEL =       884.4736  VDWAALS    =      2384.2561
 EELEC  =    -21687.8230  EHBOND  =         0.0000  RESTRAINT  =         0.0000
 EKCMT  =         0.0000  VIRIAL  =         0.0000  VOLUME     =     58519.0451
                                                    Density    =         0.9941
 ------------------------------------------------------------------------------

| Attempting MC barostat change: Failed
| Attempting MC barostat change: Succeeded
| Attempting MC barostat change: Succeeded
| Attempting MC barostat change: Failed
| Attempting MC barostat change: Succeeded
| Attempting MC barostat change: Failed
| Attempting MC barostat change: Succeeded
| Attempting MC barostat change: Succeeded
| Attempting MC barostat change: Failed
| Attempting MC barostat change: Succeeded

 NSTEP =    27000   TIME(PS) =    1754.000  TEMP(K) =   303.97  PRESS =     0.0
 Etot   =    -14475.0624  EKtot   =      3532.7429  EPtot      =    -18007.8053
 BOND   =        68.8154  ANGLE   =       179.7897  DIHED      =       250.9414
 1-4 NB =        74.4734  1-4 EEL =       897.6082  VDWAALS    =      2576.9296
 EELEC  =    -22056.3631  EHBOND  =         0.0000  RESTRAINT  =         0.0000
 EKCMT  =         0.0000  VIRIAL  =         0.0000  VOLUME     =     58006.8328
                                                    Density    =         1.0028
 ------------------------------------------------------------------------------

| Attempting MC barostat change: Failed
| Attempting MC barostat change: Failed
| Attempting MC barostat change: Succeeded
| Attempting MC barostat change: Failed
| Attempting MC barostat change: Failed
| Attempting MC barostat change: Failed
| Attempting MC barostat change: Succeeded
| Attempting MC barostat change: Failed
| Attempting MC barostat change: Failed
| Attempting MC barostat change: Failed

 NSTEP =    28000   TIME(PS) =    1756.000  TEMP(K) =   304.15  PRESS =     0.0
 Etot   =    -14426.5829  EKtot   =      3534.8228  EPtot      =    -17961.4057
 BOND   =        64.2190  ANGLE   =       169.5254  DIHED      =       256.0302
 1-4 NB =        63.7858  1-4 EEL =       879.2826  VDWAALS    =      2485.8655
 EELEC  =    -21880.1141  EHBOND  =         0.0000  RESTRAINT  =         0.0000
 EKCMT  =         0.0000  VIRIAL  =         0.0000  VOLUME     =     58387.2791
                                                    Density    =         0.9963
 ------------------------------------------------------------------------------

| Attempting MC barostat change: Failed
| Attempting MC barostat change: Failed
| Attempting MC barostat change: Failed
| Attempting MC barostat change: Failed
| Attempting MC barostat change: Succeeded
| Attempting MC barostat change: Failed
| Attempting MC barostat change: Failed
| Attempting MC barostat change: Failed
| Attempting MC barostat change: Failed
| Attempting MC barostat change: Succeeded

 NSTEP =    29000   TIME(PS) =    1758.000  TEMP(K) =   298.70  PRESS =     0.0
 Etot   =    -14449.3847  EKtot   =      3471.5459  EPtot      =    -17920.9306
 BOND   =        56.9547  ANGLE   =       169.6589  DIHED      =       256.3432
 1-4 NB =        67.2073  1-4 EEL =       878.6849  VDWAALS    =      2454.3995
 EELEC  =    -21804.1791  EHBOND  =         0.0000  RESTRAINT  =         0.0000
 EKCMT  =         0.0000  VIRIAL  =         0.0000  VOLUME     =     58385.6077
                                                    Density    =         0.9963
 ------------------------------------------------------------------------------

| Attempting MC barostat change: Succeeded
| Attempting MC barostat change: Succeeded
| Attempting MC barostat change: Failed
| Attempting MC barostat change: Failed
| Attempting MC barostat change: Failed
| Attempting MC barostat change: Failed
| Attempting MC barostat change: Failed
| Attempting MC barostat change: Failed
| Attempting MC barostat change: Succeeded
| Attempting MC barostat change: Failed

 NSTEP =    30000   TIME(PS) =    1760.000  TEMP(K) =   297.55  PRESS =     0.0
 Etot   =    -14458.3270  EKtot   =      3458.1362  EPtot      =    -17916.4632
 BOND   =        60.7700  ANGLE   =       160.1507  DIHED      =       245.0635
 1-4 NB =        65.1100  1-4 EEL =       861.8729  VDWAALS    =      2371.6908
 EELEC  =    -21681.1211  EHBOND  =         0.0000  RESTRAINT  =         0.0000
 EKCMT  =         0.0000  VIRIAL  =         0.0000  VOLUME     =     57983.9136
                                                    Density    =         1.0032
 ------------------------------------------------------------------------------

| Attempting MC barostat change: Succeeded
| Attempting MC barostat change: Succeeded
| Attempting MC barostat change: Succeeded
| Attempting MC barostat change: Failed
| Attempting MC barostat change: Succeeded
| Attempting MC barostat change: Failed
| Attempting MC barostat change: Failed
| Attempting MC barostat change: Failed
| Attempting MC barostat change: Failed
| Attempting MC barostat change: Failed

 NSTEP =    31000   TIME(PS) =    1762.000  TEMP(K) =   299.75  PRESS =     0.0
 Etot   =    -14589.6489  EKtot   =      3483.7578  EPtot      =    -18073.4068
 BOND   =        53.5904  ANGLE   =       157.1499  DIHED      =       254.3793
 1-4 NB =        73.7902  1-4 EEL =       893.0234  VDWAALS    =      2414.6053
 EELEC  =    -21919.9453  EHBOND  =         0.0000  RESTRAINT  =         0.0000
 EKCMT  =         0.0000  VIRIAL  =         0.0000  VOLUME     =     57910.8469
                                                    Density    =         1.0045
 ------------------------------------------------------------------------------

| Attempting MC barostat change: Failed
| Attempting MC barostat change: Failed
| Attempting MC barostat change: Failed
| Attempting MC barostat change: Failed
| Attempting MC barostat change: Succeeded
| Attempting MC barostat change: Failed
| Attempting MC barostat change: Failed
| Attempting MC barostat change: Succeeded
| Attempting MC barostat change: Failed
| Attempting MC barostat change: Failed

 NSTEP =    32000   TIME(PS) =    1764.000  TEMP(K) =   299.25  PRESS =     0.0
 Etot   =    -14533.2390  EKtot   =      3477.9431  EPtot      =    -18011.1821
 BOND   =        60.9195  ANGLE   =       147.6948  DIHED      =       263.1423
 1-4 NB =        63.7229  1-4 EEL =       877.7771  VDWAALS    =      2489.6847
 EELEC  =    -21914.1234  EHBOND  =         0.0000  RESTRAINT  =         0.0000
 EKCMT  =         0.0000  VIRIAL  =         0.0000  VOLUME     =     57918.3557
                                                    Density    =         1.0044
 ------------------------------------------------------------------------------

| Attempting MC barostat change: Succeeded
| Attempting MC barostat change: Succeeded
| Attempting MC barostat change: Succeeded
| Attempting MC barostat change: Failed
| Attempting MC barostat change: Succeeded
| Attempting MC barostat change: Succeeded
| Attempting MC barostat change: Failed
| Attempting MC barostat change: Succeeded
| Attempting MC barostat change: Failed
| Attempting MC barostat change: Succeeded

 NSTEP =    33000   TIME(PS) =    1766.000  TEMP(K) =   298.49  PRESS =     0.0
 Etot   =    -14501.1432  EKtot   =      3469.0833  EPtot      =    -17970.2264
 BOND   =        49.4300  ANGLE   =       158.9177  DIHED      =       263.8333
 1-4 NB =        67.5235  1-4 EEL =       886.6882  VDWAALS    =      2434.4328
 EELEC  =    -21831.0520  EHBOND  =         0.0000  RESTRAINT  =         0.0000
 EKCMT  =         0.0000  VIRIAL  =         0.0000  VOLUME     =     58018.3968
                                                    Density    =         1.0026
 ------------------------------------------------------------------------------

| Attempting MC barostat change: Succeeded
| Attempting MC barostat change: Succeeded
| Attempting MC barostat change: Failed
| Attempting MC barostat change: Succeeded
| Attempting MC barostat change: Failed
| Attempting MC barostat change: Failed
| Attempting MC barostat change: Failed
| Attempting MC barostat change: Failed
| Attempting MC barostat change: Failed
| Attempting MC barostat change: Failed

 NSTEP =    34000   TIME(PS) =    1768.000  TEMP(K) =   298.91  PRESS =     0.0
 Etot   =    -14607.6070  EKtot   =      3474.0090  EPtot      =    -18081.6160
 BOND   =        54.2711  ANGLE   =       141.7737  DIHED      =       256.3260
 1-4 NB =        69.9256  1-4 EEL =       884.3902  VDWAALS    =      2387.4869
 EELEC  =    -21875.7896  EHBOND  =         0.0000  RESTRAINT  =         0.0000
 EKCMT  =         0.0000  VIRIAL  =         0.0000  VOLUME     =     57965.3459
                                                    Density    =         1.0036
 ------------------------------------------------------------------------------

| Attempting MC barostat change: Failed
| Attempting MC barostat change: Failed
| Attempting MC barostat change: Failed
| Attempting MC barostat change: Succeeded
| Attempting MC barostat change: Succeeded
| Attempting MC barostat change: Succeeded
| Attempting MC barostat change: Failed
| Attempting MC barostat change: Succeeded
| Attempting MC barostat change: Failed
| Attempting MC barostat change: Succeeded

 NSTEP =    35000   TIME(PS) =    1770.000  TEMP(K) =   303.59  PRESS =     0.0
 Etot   =    -14456.5889  EKtot   =      3528.3972  EPtot      =    -17984.9861
 BOND   =        67.2166  ANGLE   =       166.5752  DIHED      =       251.2396
 1-4 NB =        66.5288  1-4 EEL =       873.3693  VDWAALS    =      2357.3182
 EELEC  =    -21767.2338  EHBOND  =         0.0000  RESTRAINT  =         0.0000
 EKCMT  =         0.0000  VIRIAL  =         0.0000  VOLUME     =     57857.7311
                                                    Density    =         1.0054
 ------------------------------------------------------------------------------

| Attempting MC barostat change: Failed
| Attempting MC barostat change: Failed
| Attempting MC barostat change: Failed
| Attempting MC barostat change: Failed
| Attempting MC barostat change: Failed
| Attempting MC barostat change: Succeeded
| Attempting MC barostat change: Succeeded
| Attempting MC barostat change: Failed
| Attempting MC barostat change: Succeeded
| Attempting MC barostat change: Succeeded

 NSTEP =    36000   TIME(PS) =    1772.000  TEMP(K) =   300.68  PRESS =     0.0
 Etot   =    -14606.4997  EKtot   =      3494.5151  EPtot      =    -18101.0149
 BOND   =        59.3362  ANGLE   =       139.6507  DIHED      =       255.5111
 1-4 NB =        70.4720  1-4 EEL =       888.4426  VDWAALS    =      2339.6117
 EELEC  =    -21854.0393  EHBOND  =         0.0000  RESTRAINT  =         0.0000
 EKCMT  =         0.0000  VIRIAL  =         0.0000  VOLUME     =     58050.1762
                                                    Density    =         1.0021
 ------------------------------------------------------------------------------

| Attempting MC barostat change: Failed
| Attempting MC barostat change: Failed
| Attempting MC barostat change: Failed
| Attempting MC barostat change: Succeeded
| Attempting MC barostat change: Failed
| Attempting MC barostat change: Failed
| Attempting MC barostat change: Failed
| Attempting MC barostat change: Succeeded
| Attempting MC barostat change: Succeeded
| Attempting MC barostat change: Succeeded

 NSTEP =    37000   TIME(PS) =    1774.000  TEMP(K) =   298.39  PRESS =     0.0
 Etot   =    -14554.2724  EKtot   =      3467.9429  EPtot      =    -18022.2153
 BOND   =        68.7444  ANGLE   =       150.5428  DIHED      =       251.0459
 1-4 NB =        69.3241  1-4 EEL =       875.7569  VDWAALS    =      2375.5232
 EELEC  =    -21813.1525  EHBOND  =         0.0000  RESTRAINT  =         0.0000
 EKCMT  =         0.0000  VIRIAL  =         0.0000  VOLUME     =     58013.3964
                                                    Density    =         1.0027
 ------------------------------------------------------------------------------

| Attempting MC barostat change: Failed
| Attempting MC barostat change: Failed
| Attempting MC barostat change: Failed
| Attempting MC barostat change: Succeeded
| Attempting MC barostat change: Failed
| Attempting MC barostat change: Succeeded
| Attempting MC barostat change: Succeeded
| Attempting MC barostat change: Succeeded
| Attempting MC barostat change: Failed
| Attempting MC barostat change: Succeeded

 NSTEP =    38000   TIME(PS) =    1776.000  TEMP(K) =   305.77  PRESS =     0.0
 Etot   =    -14477.3739  EKtot   =      3553.6748  EPtot      =    -18031.0487
 BOND   =        63.2013  ANGLE   =       140.7106  DIHED      =       252.3067
 1-4 NB =        65.0369  1-4 EEL =       866.2162  VDWAALS    =      2359.9689
 EELEC  =    -21778.4892  EHBOND  =         0.0000  RESTRAINT  =         0.0000
 EKCMT  =         0.0000  VIRIAL  =         0.0000  VOLUME     =     57935.9619
                                                    Density    =         1.0041
 ------------------------------------------------------------------------------

| Attempting MC barostat change: Failed
| Attempting MC barostat change: Succeeded
| Attempting MC barostat change: Failed
| Attempting MC barostat change: Failed
| Attempting MC barostat change: Succeeded
| Attempting MC barostat change: Failed
| Attempting MC barostat change: Failed
| Attempting MC barostat change: Failed
| Attempting MC barostat change: Succeeded
| Attempting MC barostat change: Succeeded

 NSTEP =    39000   TIME(PS) =    1778.000  TEMP(K) =   296.48  PRESS =     0.0
 Etot   =    -14665.7766  EKtot   =      3445.6621  EPtot      =    -18111.4387
 BOND   =        56.1201  ANGLE   =       156.5148  DIHED      =       256.9630
 1-4 NB =        69.4423  1-4 EEL =       869.9844  VDWAALS    =      2548.0767
 EELEC  =    -22068.5401  EHBOND  =         0.0000  RESTRAINT  =         0.0000
 EKCMT  =         0.0000  VIRIAL  =         0.0000  VOLUME     =     57502.3482
                                                    Density    =         1.0116
 ------------------------------------------------------------------------------

| Attempting MC barostat change: Failed
| Attempting MC barostat change: Failed
| Attempting MC barostat change: Failed
| Attempting MC barostat change: Failed
| Attempting MC barostat change: Failed
| Attempting MC barostat change: Succeeded
| Attempting MC barostat change: Failed
| Attempting MC barostat change: Failed
| Attempting MC barostat change: Succeeded
| Attempting MC barostat change: Failed

 NSTEP =    40000   TIME(PS) =    1780.000  TEMP(K) =   298.46  PRESS =     0.0
 Etot   =    -14630.2933  EKtot   =      3468.6711  EPtot      =    -18098.9645
 BOND   =        57.7633  ANGLE   =       160.7134  DIHED      =       261.0891
 1-4 NB =        70.7566  1-4 EEL =       865.8031  VDWAALS    =      2460.4912
 EELEC  =    -21975.5812  EHBOND  =         0.0000  RESTRAINT  =         0.0000
 EKCMT  =         0.0000  VIRIAL  =         0.0000  VOLUME     =     57652.6341
                                                    Density    =         1.0090
 ------------------------------------------------------------------------------

| Attempting MC barostat change: Succeeded
| Attempting MC barostat change: Succeeded
| Attempting MC barostat change: Succeeded
| Attempting MC barostat change: Succeeded
| Attempting MC barostat change: Succeeded
| Attempting MC barostat change: Succeeded
| Attempting MC barostat change: Failed
| Attempting MC barostat change: Succeeded
| Attempting MC barostat change: Failed
| Attempting MC barostat change: Succeeded

 NSTEP =    41000   TIME(PS) =    1782.000  TEMP(K) =   298.25  PRESS =     0.0
 Etot   =    -14618.4174  EKtot   =      3466.2693  EPtot      =    -18084.6867
 BOND   =        55.1724  ANGLE   =       152.3806  DIHED      =       245.3998
 1-4 NB =        66.2130  1-4 EEL =       850.4274  VDWAALS    =      2580.5420
 EELEC  =    -22034.8220  EHBOND  =         0.0000  RESTRAINT  =         0.0000
 EKCMT  =         0.0000  VIRIAL  =         0.0000  VOLUME     =     57885.6675
                                                    Density    =         1.0049
 ------------------------------------------------------------------------------

| Attempting MC barostat change: Succeeded
| Attempting MC barostat change: Failed
| Attempting MC barostat change: Succeeded
| Attempting MC barostat change: Succeeded
| Attempting MC barostat change: Failed
| Attempting MC barostat change: Failed
| Attempting MC barostat change: Failed
| Attempting MC barostat change: Failed
| Attempting MC barostat change: Failed
| Attempting MC barostat change: Succeeded

 NSTEP =    42000   TIME(PS) =    1784.000  TEMP(K) =   297.68  PRESS =     0.0
 Etot   =    -14573.7019  EKtot   =      3459.7090  EPtot      =    -18033.4109
 BOND   =        62.6288  ANGLE   =       168.9044  DIHED      =       256.9791
 1-4 NB =        64.9774  1-4 EEL =       869.5363  VDWAALS    =      2358.2025
 EELEC  =    -21814.6395  EHBOND  =         0.0000  RESTRAINT  =         0.0000
 EKCMT  =         0.0000  VIRIAL  =         0.0000  VOLUME     =     58067.7743
                                                    Density    =         1.0018
 ------------------------------------------------------------------------------

| Attempting MC barostat change: Failed
| Attempting MC barostat change: Failed
| Attempting MC barostat change: Failed
| Attempting MC barostat change: Failed
| Attempting MC barostat change: Succeeded
| Attempting MC barostat change: Failed
| Attempting MC barostat change: Succeeded
| Attempting MC barostat change: Succeeded
| Attempting MC barostat change: Failed
| Attempting MC barostat change: Succeeded

 NSTEP =    43000   TIME(PS) =    1786.000  TEMP(K) =   298.66  PRESS =     0.0
 Etot   =    -14586.8775  EKtot   =      3471.0940  EPtot      =    -18057.9715
 BOND   =        62.4026  ANGLE   =       152.9258  DIHED      =       245.7519
 1-4 NB =        59.4826  1-4 EEL =       857.8983  VDWAALS    =      2304.7317
 EELEC  =    -21741.1643  EHBOND  =         0.0000  RESTRAINT  =         0.0000
 EKCMT  =         0.0000  VIRIAL  =         0.0000  VOLUME     =     57918.2725
                                                    Density    =         1.0044
 ------------------------------------------------------------------------------

| Attempting MC barostat change: Succeeded
| Attempting MC barostat change: Failed
| Attempting MC barostat change: Failed
| Attempting MC barostat change: Failed
| Attempting MC barostat change: Succeeded
| Attempting MC barostat change: Failed
| Attempting MC barostat change: Failed
| Attempting MC barostat change: Failed
| Attempting MC barostat change: Failed
| Attempting MC barostat change: Succeeded

 NSTEP =    44000   TIME(PS) =    1788.000  TEMP(K) =   298.77  PRESS =     0.0
 Etot   =    -14569.3388  EKtot   =      3472.3630  EPtot      =    -18041.7018
 BOND   =        70.8359  ANGLE   =       144.9389  DIHED      =       255.6483
 1-4 NB =        60.7689  1-4 EEL =       861.2907  VDWAALS    =      2368.1167
 EELEC  =    -21803.3012  EHBOND  =         0.0000  RESTRAINT  =         0.0000
 EKCMT  =         0.0000  VIRIAL  =         0.0000  VOLUME     =     58566.1220
                                                    Density    =         0.9933
 ------------------------------------------------------------------------------

| Attempting MC barostat change: Succeeded
| Attempting MC barostat change: Failed
| Attempting MC barostat change: Succeeded
| Attempting MC barostat change: Failed
| Attempting MC barostat change: Failed
| Attempting MC barostat change: Failed
| Attempting MC barostat change: Failed
| Attempting MC barostat change: Succeeded
| Attempting MC barostat change: Succeeded
| Attempting MC barostat change: Failed

 NSTEP =    45000   TIME(PS) =    1790.000  TEMP(K) =   298.05  PRESS =     0.0
 Etot   =    -14688.2996  EKtot   =      3464.0005  EPtot      =    -18152.3000
 BOND   =        73.9347  ANGLE   =       156.8241  DIHED      =       249.4919
 1-4 NB =        62.3893  1-4 EEL =       843.5826  VDWAALS    =      2334.3751
 EELEC  =    -21872.8978  EHBOND  =         0.0000  RESTRAINT  =         0.0000
 EKCMT  =         0.0000  VIRIAL  =         0.0000  VOLUME     =     58322.8756
                                                    Density    =         0.9974
 ------------------------------------------------------------------------------

| Attempting MC barostat change: Succeeded
| Attempting MC barostat change: Failed
| Attempting MC barostat change: Failed
| Attempting MC barostat change: Failed
| Attempting MC barostat change: Succeeded
| Attempting MC barostat change: Succeeded
| Attempting MC barostat change: Succeeded
| Attempting MC barostat change: Failed
| Attempting MC barostat change: Failed
| Attempting MC barostat change: Failed

 NSTEP =    46000   TIME(PS) =    1792.000  TEMP(K) =   297.79  PRESS =     0.0
 Etot   =    -14604.4040  EKtot   =      3460.9778  EPtot      =    -18065.3817
 BOND   =        55.9293  ANGLE   =       161.0772  DIHED      =       245.7532
 1-4 NB =        65.7461  1-4 EEL =       846.1020  VDWAALS    =      2399.6821
 EELEC  =    -21839.6716  EHBOND  =         0.0000  RESTRAINT  =         0.0000
 EKCMT  =         0.0000  VIRIAL  =         0.0000  VOLUME     =     58092.2168
                                                    Density    =         1.0014
 ------------------------------------------------------------------------------

| Attempting MC barostat change: Failed
| Attempting MC barostat change: Failed
| Attempting MC barostat change: Failed
| Attempting MC barostat change: Failed
| Attempting MC barostat change: Failed
| Attempting MC barostat change: Succeeded
| Attempting MC barostat change: Succeeded
| Attempting MC barostat change: Failed
| Attempting MC barostat change: Succeeded
| Attempting MC barostat change: Succeeded

 NSTEP =    47000   TIME(PS) =    1794.000  TEMP(K) =   296.50  PRESS =     0.0
 Etot   =    -14657.7127  EKtot   =      3445.9897  EPtot      =    -18103.7025
 BOND   =        56.3642  ANGLE   =       172.4044  DIHED      =       251.7287
 1-4 NB =        63.8651  1-4 EEL =       864.3327  VDWAALS    =      2405.7038
 EELEC  =    -21918.1014  EHBOND  =         0.0000  RESTRAINT  =         0.0000
 EKCMT  =         0.0000  VIRIAL  =         0.0000  VOLUME     =     58075.4407
                                                    Density    =         1.0017
 ------------------------------------------------------------------------------

| Attempting MC barostat change: Failed
| Attempting MC barostat change: Succeeded
| Attempting MC barostat change: Failed
| Attempting MC barostat change: Failed
| Attempting MC barostat change: Succeeded
| Attempting MC barostat change: Failed
| Attempting MC barostat change: Failed
| Attempting MC barostat change: Failed
| Attempting MC barostat change: Succeeded
| Attempting MC barostat change: Failed

 NSTEP =    48000   TIME(PS) =    1796.000  TEMP(K) =   291.97  PRESS =     0.0
 Etot   =    -14565.4898  EKtot   =      3393.3098  EPtot      =    -17958.7996
 BOND   =        63.3841  ANGLE   =       152.6326  DIHED      =       260.1948
 1-4 NB =        68.8152  1-4 EEL =       863.1808  VDWAALS    =      2530.1446
 EELEC  =    -21897.1518  EHBOND  =         0.0000  RESTRAINT  =         0.0000
 EKCMT  =         0.0000  VIRIAL  =         0.0000  VOLUME     =     57985.0139
                                                    Density    =         1.0032
 ------------------------------------------------------------------------------

| Attempting MC barostat change: Succeeded
| Attempting MC barostat change: Succeeded
| Attempting MC barostat change: Failed
| Attempting MC barostat change: Failed
| Attempting MC barostat change: Succeeded
| Attempting MC barostat change: Succeeded
| Attempting MC barostat change: Failed
| Attempting MC barostat change: Failed
| Attempting MC barostat change: Succeeded
| Attempting MC barostat change: Succeeded

 NSTEP =    49000   TIME(PS) =    1798.000  TEMP(K) =   303.83  PRESS =     0.0
 Etot   =    -14580.7613  EKtot   =      3531.0908  EPtot      =    -18111.8522
 BOND   =        58.8249  ANGLE   =       159.7766  DIHED      =       255.9612
 1-4 NB =        67.9071  1-4 EEL =       862.5300  VDWAALS    =      2511.9764
 EELEC  =    -22028.8283  EHBOND  =         0.0000  RESTRAINT  =         0.0000
 EKCMT  =         0.0000  VIRIAL  =         0.0000  VOLUME     =     57808.8745
                                                    Density    =         1.0063
 ------------------------------------------------------------------------------

| Attempting MC barostat change: Failed
| Attempting MC barostat change: Succeeded
| Attempting MC barostat change: Succeeded
| Attempting MC barostat change: Failed
| Attempting MC barostat change: Failed
| Attempting MC barostat change: Failed
| Attempting MC barostat change: Succeeded
| Attempting MC barostat change: Failed
| Attempting MC barostat change: Failed
| Attempting MC barostat change: Failed

 NSTEP =    50000   TIME(PS) =    1800.000  TEMP(K) =   297.31  PRESS =     0.0
 Etot   =    -14448.5727  EKtot   =      3455.3662  EPtot      =    -17903.9389
 BOND   =        50.9256  ANGLE   =       153.0145  DIHED      =       250.3815
 1-4 NB =        64.9756  1-4 EEL =       871.7402  VDWAALS    =      2384.4958
 EELEC  =    -21679.4722  EHBOND  =         0.0000  RESTRAINT  =         0.0000
 EKCMT  =         0.0000  VIRIAL  =         0.0000  VOLUME     =     57857.0224
                                                    Density    =         1.0054
 ------------------------------------------------------------------------------


      A V E R A G E S   O V E R      50 S T E P S


 NSTEP =    50000   TIME(PS) =    1800.000  TEMP(K) =   299.62  PRESS =     0.0
 Etot   =    -14518.3336  EKtot   =      3482.1657  EPtot      =    -18000.4994
 BOND   =        61.3104  ANGLE   =       156.8945  DIHED      =       252.0433
 1-4 NB =        66.6033  1-4 EEL =       875.6314  VDWAALS    =      2414.0385
 EELEC  =    -21827.0207  EHBOND  =         0.0000  RESTRAINT  =         0.0000
 EKCMT  =         0.0000  VIRIAL  =         0.0000  VOLUME     =     58184.1279
                                                    Density    =         0.9998
 ------------------------------------------------------------------------------


      R M S  F L U C T U A T I O N S


 NSTEP =    50000   TIME(PS) =    1800.000  TEMP(K) =     3.13  PRESS =     0.0
 Etot   =        82.8458  EKtot   =        36.3328  EPtot      =        72.5710
 BOND   =         6.4856  ANGLE   =         9.7182  DIHED      =         5.0222
 1-4 NB =         3.3268  1-4 EEL =        11.4648  VDWAALS    =        69.7238
 EELEC  =       115.8846  EHBOND  =         0.0000  RESTRAINT  =         0.0000
 EKCMT  =         0.0000  VIRIAL  =         0.0000  VOLUME     =       350.2936
                                                    Density    =         0.0060
 ------------------------------------------------------------------------------

| MC Barostat:        500 volume changes attempted.
| MC Barostat:        194 changes successful ( 38.80%)
 ------------------------------------------------------------------------------

--------------------------------------------------------------------------------
   5.  TIMINGS
--------------------------------------------------------------------------------

|  NonSetup CPU Time in Major Routines:
|
|     Routine           Sec        %
|     ------------------------------
|     Nonbond           6.47   28.50
|     Bond              0.00    0.00
|     Angle             0.00    0.00
|     Dihedral          0.00    0.00
|     Shake             0.40    1.77
|     RunMD            15.66   68.94
|     Other             0.18    0.78
|     ------------------------------
|     Total            22.71

|  PME Nonbond Pairlist CPU Time:
|
|     Routine              Sec        %
|     ---------------------------------
|     Set Up Cit           0.00    0.00
|     Build List           0.00    0.00
|     ---------------------------------
|     Total                0.00    0.00

|  PME Direct Force CPU Time:
|
|     Routine              Sec        %
|     ---------------------------------
|     NonBonded Calc       0.00    0.00
|     Exclude Masked       0.00    0.00
|     Other                0.03    0.14
|     ---------------------------------
|     Total                0.03    0.14

|  PME Reciprocal Force CPU Time:
|
|     Routine              Sec        %
|     ---------------------------------
|     1D bspline           0.00    0.00
|     Grid Charges         0.00    0.00
|     Scalar Sum           0.00    0.00
|     Gradient Sum         0.00    0.00
|     FFT                  0.00    0.00
|     ---------------------------------
|     Total                0.00    0.00

|  Final Performance Info:
|     -----------------------------------------------------
|     Average timings for last   49000 steps:
|         Elapsed(s) =      22.20 Per Step(ms) =       0.45
|             ns/day =     381.39   seconds/ns =     226.54
|
|     Average timings for all steps:
|         Elapsed(s) =      22.69 Per Step(ms) =       0.45
|             ns/day =     380.74   seconds/ns =     226.93
|     -----------------------------------------------------

|  Setup CPU time:            1.62 seconds
|  NonSetup CPU time:        22.71 seconds
|  Total CPU time:           24.33 seconds     0.01 hours

|  Setup wall time:           2    seconds
|  NonSetup wall time:       23    seconds
|  Total wall time:          25    seconds     0.01 hours
