
          -------------------------------------------------------
          Amber 14 SANDER                              2014
          -------------------------------------------------------

| PMEMD implementation of SANDER, Release 14

| Run on 06/01/2016 at 12:00:37

|   Executable path: pmemd.cuda
| Working directory: /mnt/lustre_fs/users/workshop_1/joebaker/day7/day7/trpcage/runsim/prod
|          Hostname: gpu-compute2

  [-O]verwriting output

File Assignments:
|   MDIN: prod.in                                                               
|  MDOUT: prod.7.out                                                            
| INPCRD: prod.6.rst7                                                           
|   PARM: ../../tleap/trpcage.parm7                                             
| RESTRT: prod.7.rst7                                                           
|   REFC: refc                                                                  
|  MDVEL: mdvel                                                                 
|   MDEN: mden                                                                  
|  MDCRD: prod.7.nc                                                             
| MDINFO: mdinfo                                                                
|  MDFRC: mdfrc                                                                 


 Here is the input file:

NPT prod                                                                       
 &cntrl                                                                        
  imin=0, ! Not a minimization run                                             
  ntx=5, ! Read coordinates and velocities from restart file                   
  irest=1, ! Restart from previous, expecting velocities                       
  ntxo=2, ! The final coords, velocities, box size in NetCDF                   
  ioutfm=1, ! Print mdcrd to NetCDF format                                     
  ntwr=100000, ! Very high value for how often restart file is written         
  nstlim=50000 ! 100 ps of NPT equilibration                                   
  dt=0.002, ! Time step in picoseconds, so this is 2 fs                        
  ntf=2, ! Do not calc the force for SHAKE constrained bonds                   
  ntc=2, ! Use SHAKE for all hydrogen bonds                                    
  temp0=300.0, ! Thermostat temperature, Run at this temperature               
  ntpr=1000, ! How often to print                                              
  ntwx=1000, ! Write coordinates every 2 ps                                    
  cut=8.0, ! Nonbonded cutoff                                                  
  ntb=2, ! Use PBC and constant pressure                                       
  ntp=1, ! Isotropic pressure scaling                                          
  barostat=2, ! Use Monte Carlo barostat                                       
  taup=1, ! Pressure relaxation time                                           
  ntt=3, ! Use the Lengevin thermostat                                         
  gamma_ln=1.0, ! Frequency of collisions for thermostat                       
  ig=-1, ! Randomize seed for Langevin thermostat                              
 /                                                                             


Note: ig = -1. Setting random seed to    79236 based on wallclock time in 
      microseconds.
 
|--------------------- INFORMATION ----------------------
| GPU (CUDA) Version of PMEMD in use: NVIDIA GPU IN USE.
|                    Version 14.0.1
| 
|                      06/20/2014
| 
| Implementation by:
|                    Ross C. Walker     (SDSC)
|                    Scott Le Grand     (nVIDIA)
| 
| CAUTION: The CUDA code is currently experimental.
|          You use it at your own risk. Be sure to
|          check ALL results carefully.
| 
| Precision model in use:
|      [SPFP] - Mixed Single/Double/Fixed Point Precision.
|               (Default)
| 
|--------------------------------------------------------
 
|----------------- CITATION INFORMATION -----------------
|
|    When publishing work that utilized the CUDA version
|    of AMBER, please cite the following in addition to
|    the regular AMBER citations:
|
|  - Romelia Salomon-Ferrer; Andreas W. Goetz; Duncan
|    Poole; Scott Le Grand; Ross C. Walker "Routine
|    microsecond molecular dynamics simulations with
|    AMBER - Part II: Particle Mesh Ewald", J. Chem.
|    Theory Comput., 2013, 9 (9), pp3878-3888,
|    DOI: 10.1021/ct400314y.
|
|  - Andreas W. Goetz; Mark J. Williamson; Dong Xu;
|    Duncan Poole; Scott Le Grand; Ross C. Walker
|    "Routine microsecond molecular dynamics simulations
|    with AMBER - Part I: Generalized Born", J. Chem.
|    Theory Comput., 2012, 8 (5), pp1542-1555.
|
|  - Scott Le Grand; Andreas W. Goetz; Ross C. Walker
|    "SPFP: Speed without compromise - a mixed precision
|    model for GPU accelerated molecular dynamics
|    simulations.", Comp. Phys. Comm., 2013, 184
|    pp374-380, DOI: 10.1016/j.cpc.2012.09.022
|
|--------------------------------------------------------
 
|------------------- GPU DEVICE INFO --------------------
|
|            CUDA_VISIBLE_DEVICES: 0
|   CUDA Capable Devices Detected:      1
|           CUDA Device ID in use:      0
|                CUDA Device Name: GeForce GTX TITAN X
|     CUDA Device Global Mem Size:  12287 MB
| CUDA Device Num Multiprocessors:     24
|           CUDA Device Core Freq:   1.08 GHz
|
|--------------------------------------------------------
 
 
| Conditional Compilation Defines Used:
| PUBFFT
| BINTRAJ
| CUDA
| EMIL

| Largest sphere to fit in unit cell has radius =    17.285

| New format PARM file being parsed.
| Version =    1.000 Date = 06/01/16 Time = 08:32:47

| Note: 1-4 EEL scale factors are being read from the topology file.

| Note: 1-4 VDW scale factors are being read from the topology file.
| Duplicated    0 dihedrals

| Duplicated    0 dihedrals

--------------------------------------------------------------------------------
   1.  RESOURCE   USE: 
--------------------------------------------------------------------------------

 getting box info from netcdf restart file
 NATOM  =    5771 NTYPES =      15 NBONH =    5616 MBONA  =     160
 NTHETH =     346 MTHETA =     219 NPHIH =     700 MPHIA  =     653
 NHPARM =       0 NPARM  =       0 NNB   =    8990 NRES   =    1843
 NBONA  =     160 NTHETA =     219 NPHIA =     653 NUMBND =      55
 NUMANG =     124 NPTRA  =     137 NATYP =      29 NPHB   =       1
 IFBOX  =       2 NMXRS  =      24 IFCAP =       0 NEXTRA =       0
 NCOPY  =       0

| Coordinate Index Table dimensions:     8    8    8
| Direct force subcell size =     5.2925    5.2925    5.2925

     BOX TYPE: TRUNCATED OCTAHEDRON

--------------------------------------------------------------------------------
   2.  CONTROL  DATA  FOR  THE  RUN
--------------------------------------------------------------------------------

default_name                                                                    

General flags:
     imin    =       0, nmropt  =       0

Nature and format of input:
     ntx     =       5, irest   =       1, ntrx    =       1

Nature and format of output:
     ntxo    =       2, ntpr    =    1000, ntrx    =       1, ntwr    =  100000
     iwrap   =       0, ntwx    =    1000, ntwv    =       0, ntwe    =       0
     ioutfm  =       1, ntwprt  =       0, idecomp =       0, rbornstat=      0

Potential function:
     ntf     =       2, ntb     =       2, igb     =       0, nsnb    =      25
     ipol    =       0, gbsa    =       0, iesp    =       0
     dielc   =   1.00000, cut     =   8.00000, intdiel =   1.00000

Frozen or restrained atoms:
     ibelly  =       0, ntr     =       0

Molecular dynamics:
     nstlim  =     50000, nscm    =      1000, nrespa  =         1
     t       =   0.00000, dt      =   0.00200, vlimit  =  -1.00000

Langevin dynamics temperature regulation:
     ig      =   79236
     temp0   = 300.00000, tempi   =   0.00000, gamma_ln=   1.00000

Pressure regulation:
     ntp     =       1
     pres0   =   1.00000, comp    =  44.60000, taup    =   1.00000
     Monte-Carlo Barostat:
     mcbarint  =     100

SHAKE:
     ntc     =       2, jfastw  =       0
     tol     =   0.00001

| Intermolecular bonds treatment:
|     no_intermolecular_bonds =       1

| Energy averages sample interval:
|     ene_avg_sampling =    1000

Ewald parameters:
     verbose =       0, ew_type =       0, nbflag  =       1, use_pme =       1
     vdwmeth =       1, eedmeth =       1, netfrc  =       1
     Box X =   42.340   Box Y =   42.340   Box Z =   42.340
     Alpha =  109.471   Beta  =  109.471   Gamma =  109.471
     NFFT1 =   48       NFFT2 =   48       NFFT3 =   48
     Cutoff=    8.000   Tol   =0.100E-04
     Ewald Coefficient =  0.34864
     Interpolation order =    4

--------------------------------------------------------------------------------
   3.  ATOMIC COORDINATES AND VELOCITIES
--------------------------------------------------------------------------------

default_name                                                                    
 begin time read from input coords =  1400.000 ps

 
 Number of triangulated 3-point waters found:     1822

     Sum of charges from parm topology file =  -0.00000001
     Forcing neutrality...

| Dynamic Memory, Types Used:
| Reals              348404
| Integers           168083

| Nonbonded Pairs Initial Allocation:      963901

| GPU memory information (estimate):
| KB of GPU memory in use:     38266
| KB of CPU memory in use:     10138

--------------------------------------------------------------------------------
   4.  RESULTS
--------------------------------------------------------------------------------

 ---------------------------------------------------
 APPROXIMATING switch and d/dx switch using CUBIC SPLINE INTERPOLATION
 using   5000.0 points per unit in tabled values
 TESTING RELATIVE ERROR over r ranging from 0.0 to cutoff
| CHECK switch(x): max rel err =   0.2738E-14   at   2.422500
| CHECK d/dx switch(x): max rel err =   0.8332E-11   at   2.782960
 ---------------------------------------------------
|---------------------------------------------------
| APPROXIMATING direct energy using CUBIC SPLINE INTERPOLATION
|  with   50.0 points per unit in tabled values
| Relative Error Limit not exceeded for r .gt.   2.47
| APPROXIMATING direct force using CUBIC SPLINE INTERPOLATION
|  with   50.0 points per unit in tabled values
| Relative Error Limit not exceeded for r .gt.   2.89
|---------------------------------------------------
| Attempting MC barostat change: Succeeded
| Attempting MC barostat change: Succeeded
| Attempting MC barostat change: Failed
| Attempting MC barostat change: Succeeded
| Attempting MC barostat change: Succeeded
| Attempting MC barostat change: Succeeded
| Attempting MC barostat change: Failed
| Attempting MC barostat change: Succeeded
| Attempting MC barostat change: Failed
| Attempting MC barostat change: Failed

 NSTEP =     1000   TIME(PS) =    1402.000  TEMP(K) =   304.38  PRESS =     0.0
 Etot   =    -14527.5212  EKtot   =      3537.5276  EPtot      =    -18065.0488
 BOND   =        53.2965  ANGLE   =       155.5598  DIHED      =       249.9158
 1-4 NB =        63.8030  1-4 EEL =       874.3993  VDWAALS    =      2437.3385
 EELEC  =    -21899.3617  EHBOND  =         0.0000  RESTRAINT  =         0.0000
 EKCMT  =         0.0000  VIRIAL  =         0.0000  VOLUME     =     58009.8730
                                                    Density    =         1.0028
 ------------------------------------------------------------------------------

| Attempting MC barostat change: Failed
| Attempting MC barostat change: Failed
| Attempting MC barostat change: Succeeded
| Attempting MC barostat change: Failed
| Attempting MC barostat change: Failed
| Attempting MC barostat change: Failed
| Attempting MC barostat change: Failed
| Attempting MC barostat change: Succeeded
| Attempting MC barostat change: Failed
| Attempting MC barostat change: Succeeded

 NSTEP =     2000   TIME(PS) =    1404.000  TEMP(K) =   298.06  PRESS =     0.0
 Etot   =    -14531.5645  EKtot   =      3464.1155  EPtot      =    -17995.6800
 BOND   =        60.9279  ANGLE   =       157.3789  DIHED      =       245.3466
 1-4 NB =        63.0620  1-4 EEL =       884.0758  VDWAALS    =      2353.9710
 EELEC  =    -21760.4423  EHBOND  =         0.0000  RESTRAINT  =         0.0000
 EKCMT  =         0.0000  VIRIAL  =         0.0000  VOLUME     =     58140.1355
                                                    Density    =         1.0005
 ------------------------------------------------------------------------------

| Attempting MC barostat change: Succeeded
| Attempting MC barostat change: Succeeded
| Attempting MC barostat change: Failed
| Attempting MC barostat change: Succeeded
| Attempting MC barostat change: Succeeded
| Attempting MC barostat change: Failed
| Attempting MC barostat change: Failed
| Attempting MC barostat change: Failed
| Attempting MC barostat change: Failed
| Attempting MC barostat change: Failed

 NSTEP =     3000   TIME(PS) =    1406.000  TEMP(K) =   300.90  PRESS =     0.0
 Etot   =    -14635.5975  EKtot   =      3497.1003  EPtot      =    -18132.6978
 BOND   =        57.0157  ANGLE   =       158.7391  DIHED      =       256.7569
 1-4 NB =        65.3294  1-4 EEL =       876.8171  VDWAALS    =      2527.1195
 EELEC  =    -22074.4756  EHBOND  =         0.0000  RESTRAINT  =         0.0000
 EKCMT  =         0.0000  VIRIAL  =         0.0000  VOLUME     =     58188.7119
                                                    Density    =         0.9997
 ------------------------------------------------------------------------------

| Attempting MC barostat change: Failed
| Attempting MC barostat change: Succeeded
| Attempting MC barostat change: Succeeded
| Attempting MC barostat change: Failed
| Attempting MC barostat change: Succeeded
| Attempting MC barostat change: Succeeded
| Attempting MC barostat change: Failed
| Attempting MC barostat change: Succeeded
| Attempting MC barostat change: Failed
| Attempting MC barostat change: Failed

 NSTEP =     4000   TIME(PS) =    1408.000  TEMP(K) =   298.84  PRESS =     0.0
 Etot   =    -14699.2612  EKtot   =      3473.1528  EPtot      =    -18172.4140
 BOND   =        56.2521  ANGLE   =       172.3731  DIHED      =       268.0674
 1-4 NB =        69.0670  1-4 EEL =       865.6114  VDWAALS    =      2384.9625
 EELEC  =    -21988.7475  EHBOND  =         0.0000  RESTRAINT  =         0.0000
 EKCMT  =         0.0000  VIRIAL  =         0.0000  VOLUME     =     57646.6827
                                                    Density    =         1.0091
 ------------------------------------------------------------------------------

| Attempting MC barostat change: Succeeded
| Attempting MC barostat change: Succeeded
| Attempting MC barostat change: Failed
| Attempting MC barostat change: Failed
| Attempting MC barostat change: Succeeded
| Attempting MC barostat change: Failed
| Attempting MC barostat change: Succeeded
| Attempting MC barostat change: Succeeded
| Attempting MC barostat change: Succeeded
| Attempting MC barostat change: Failed

 NSTEP =     5000   TIME(PS) =    1410.000  TEMP(K) =   299.56  PRESS =     0.0
 Etot   =    -14508.5314  EKtot   =      3481.5354  EPtot      =    -17990.0668
 BOND   =        57.8438  ANGLE   =       159.7032  DIHED      =       245.9608
 1-4 NB =        68.0897  1-4 EEL =       883.4558  VDWAALS    =      2348.1124
 EELEC  =    -21753.2325  EHBOND  =         0.0000  RESTRAINT  =         0.0000
 EKCMT  =         0.0000  VIRIAL  =         0.0000  VOLUME     =     57424.2929
                                                    Density    =         1.0130
 ------------------------------------------------------------------------------

| Attempting MC barostat change: Succeeded
| Attempting MC barostat change: Failed
| Attempting MC barostat change: Failed
| Attempting MC barostat change: Failed
| Attempting MC barostat change: Failed
| Attempting MC barostat change: Failed
| Attempting MC barostat change: Failed
| Attempting MC barostat change: Failed
| Attempting MC barostat change: Succeeded
| Attempting MC barostat change: Failed

 NSTEP =     6000   TIME(PS) =    1412.000  TEMP(K) =   301.53  PRESS =     0.0
 Etot   =    -14630.2413  EKtot   =      3504.4143  EPtot      =    -18134.6556
 BOND   =        56.2045  ANGLE   =       161.8316  DIHED      =       244.7106
 1-4 NB =        71.1584  1-4 EEL =       872.9470  VDWAALS    =      2399.4083
 EELEC  =    -21940.9161  EHBOND  =         0.0000  RESTRAINT  =         0.0000
 EKCMT  =         0.0000  VIRIAL  =         0.0000  VOLUME     =     57741.6461
                                                    Density    =         1.0074
 ------------------------------------------------------------------------------

| Attempting MC barostat change: Succeeded
| Attempting MC barostat change: Failed
| Attempting MC barostat change: Failed
| Attempting MC barostat change: Failed
| Attempting MC barostat change: Failed
| Attempting MC barostat change: Failed
| Attempting MC barostat change: Failed
| Attempting MC barostat change: Succeeded
| Attempting MC barostat change: Failed
| Attempting MC barostat change: Failed

 NSTEP =     7000   TIME(PS) =    1414.000  TEMP(K) =   297.25  PRESS =     0.0
 Etot   =    -14591.8448  EKtot   =      3454.6326  EPtot      =    -18046.4773
 BOND   =        62.6891  ANGLE   =       169.3836  DIHED      =       255.0397
 1-4 NB =        66.7182  1-4 EEL =       892.3875  VDWAALS    =      2580.8276
 EELEC  =    -22073.5230  EHBOND  =         0.0000  RESTRAINT  =         0.0000
 EKCMT  =         0.0000  VIRIAL  =         0.0000  VOLUME     =     57684.5624
                                                    Density    =         1.0084
 ------------------------------------------------------------------------------

| Attempting MC barostat change: Failed
| Attempting MC barostat change: Succeeded
| Attempting MC barostat change: Failed
| Attempting MC barostat change: Failed
| Attempting MC barostat change: Succeeded
| Attempting MC barostat change: Succeeded
| Attempting MC barostat change: Failed
| Attempting MC barostat change: Failed
| Attempting MC barostat change: Failed
| Attempting MC barostat change: Succeeded

 NSTEP =     8000   TIME(PS) =    1416.000  TEMP(K) =   299.79  PRESS =     0.0
 Etot   =    -14531.6879  EKtot   =      3484.1797  EPtot      =    -18015.8676
 BOND   =        62.1081  ANGLE   =       148.9541  DIHED      =       244.1878
 1-4 NB =        71.0050  1-4 EEL =       875.9165  VDWAALS    =      2452.4980
 EELEC  =    -21870.5372  EHBOND  =         0.0000  RESTRAINT  =         0.0000
 EKCMT  =         0.0000  VIRIAL  =         0.0000  VOLUME     =     58419.4337
                                                    Density    =         0.9958
 ------------------------------------------------------------------------------

| Attempting MC barostat change: Succeeded
| Attempting MC barostat change: Succeeded
| Attempting MC barostat change: Succeeded
| Attempting MC barostat change: Failed
| Attempting MC barostat change: Failed
| Attempting MC barostat change: Failed
| Attempting MC barostat change: Failed
| Attempting MC barostat change: Failed
| Attempting MC barostat change: Failed
| Attempting MC barostat change: Failed

 NSTEP =     9000   TIME(PS) =    1418.000  TEMP(K) =   300.36  PRESS =     0.0
 Etot   =    -14448.4616  EKtot   =      3490.7871  EPtot      =    -17939.2487
 BOND   =        50.0616  ANGLE   =       147.0386  DIHED      =       250.4627
 1-4 NB =        67.1179  1-4 EEL =       879.3794  VDWAALS    =      2414.8858
 EELEC  =    -21748.1949  EHBOND  =         0.0000  RESTRAINT  =         0.0000
 EKCMT  =         0.0000  VIRIAL  =         0.0000  VOLUME     =     58033.4513
                                                    Density    =         1.0024
 ------------------------------------------------------------------------------

| Attempting MC barostat change: Failed
| Attempting MC barostat change: Failed
| Attempting MC barostat change: Succeeded
| Attempting MC barostat change: Failed
| Attempting MC barostat change: Succeeded
| Attempting MC barostat change: Failed
| Attempting MC barostat change: Failed
| Attempting MC barostat change: Failed
| Attempting MC barostat change: Failed
| Attempting MC barostat change: Succeeded

 NSTEP =    10000   TIME(PS) =    1420.000  TEMP(K) =   304.32  PRESS =     0.0
 Etot   =    -14556.1570  EKtot   =      3536.8403  EPtot      =    -18092.9973
 BOND   =        56.4439  ANGLE   =       149.3384  DIHED      =       251.0042
 1-4 NB =        69.4019  1-4 EEL =       866.0528  VDWAALS    =      2401.9435
 EELEC  =    -21887.1821  EHBOND  =         0.0000  RESTRAINT  =         0.0000
 EKCMT  =         0.0000  VIRIAL  =         0.0000  VOLUME     =     57776.6278
                                                    Density    =         1.0068
 ------------------------------------------------------------------------------

| Attempting MC barostat change: Failed
| Attempting MC barostat change: Failed
| Attempting MC barostat change: Failed
| Attempting MC barostat change: Succeeded
| Attempting MC barostat change: Failed
| Attempting MC barostat change: Failed
| Attempting MC barostat change: Succeeded
| Attempting MC barostat change: Succeeded
| Attempting MC barostat change: Failed
| Attempting MC barostat change: Failed

 NSTEP =    11000   TIME(PS) =    1422.000  TEMP(K) =   299.31  PRESS =     0.0
 Etot   =    -14493.2771  EKtot   =      3478.5737  EPtot      =    -17971.8509
 BOND   =        64.7723  ANGLE   =       145.1639  DIHED      =       253.2919
 1-4 NB =        65.5447  1-4 EEL =       872.8875  VDWAALS    =      2429.3531
 EELEC  =    -21802.8643  EHBOND  =         0.0000  RESTRAINT  =         0.0000
 EKCMT  =         0.0000  VIRIAL  =         0.0000  VOLUME     =     58010.1206
                                                    Density    =         1.0028
 ------------------------------------------------------------------------------

| Attempting MC barostat change: Failed
| Attempting MC barostat change: Failed
| Attempting MC barostat change: Failed
| Attempting MC barostat change: Succeeded
| Attempting MC barostat change: Succeeded
| Attempting MC barostat change: Failed
| Attempting MC barostat change: Failed
| Attempting MC barostat change: Succeeded
| Attempting MC barostat change: Succeeded
| Attempting MC barostat change: Failed

 NSTEP =    12000   TIME(PS) =    1424.000  TEMP(K) =   296.85  PRESS =     0.0
 Etot   =    -14629.8231  EKtot   =      3450.0254  EPtot      =    -18079.8485
 BOND   =        61.8053  ANGLE   =       163.7609  DIHED      =       249.8177
 1-4 NB =        69.5599  1-4 EEL =       871.1186  VDWAALS    =      2414.4313
 EELEC  =    -21910.3421  EHBOND  =         0.0000  RESTRAINT  =         0.0000
 EKCMT  =         0.0000  VIRIAL  =         0.0000  VOLUME     =     58079.7982
                                                    Density    =         1.0016
 ------------------------------------------------------------------------------

| Attempting MC barostat change: Failed
| Attempting MC barostat change: Failed
| Attempting MC barostat change: Failed
| Attempting MC barostat change: Failed
| Attempting MC barostat change: Succeeded
| Attempting MC barostat change: Failed
| Attempting MC barostat change: Succeeded
| Attempting MC barostat change: Failed
| Attempting MC barostat change: Succeeded
| Attempting MC barostat change: Failed

 NSTEP =    13000   TIME(PS) =    1426.000  TEMP(K) =   300.96  PRESS =     0.0
 Etot   =    -14473.0072  EKtot   =      3497.8115  EPtot      =    -17970.8187
 BOND   =        47.8412  ANGLE   =       160.7457  DIHED      =       245.1843
 1-4 NB =        69.2481  1-4 EEL =       885.5302  VDWAALS    =      2345.2116
 EELEC  =    -21724.5798  EHBOND  =         0.0000  RESTRAINT  =         0.0000
 EKCMT  =         0.0000  VIRIAL  =         0.0000  VOLUME     =     57715.7951
                                                    Density    =         1.0079
 ------------------------------------------------------------------------------

| Attempting MC barostat change: Failed
| Attempting MC barostat change: Succeeded
| Attempting MC barostat change: Failed
| Attempting MC barostat change: Failed
| Attempting MC barostat change: Succeeded
| Attempting MC barostat change: Succeeded
| Attempting MC barostat change: Failed
| Attempting MC barostat change: Failed
| Attempting MC barostat change: Succeeded
| Attempting MC barostat change: Failed

 NSTEP =    14000   TIME(PS) =    1428.000  TEMP(K) =   305.21  PRESS =     0.0
 Etot   =    -14432.1499  EKtot   =      3547.2080  EPtot      =    -17979.3579
 BOND   =        65.4409  ANGLE   =       162.6320  DIHED      =       240.4004
 1-4 NB =        71.4641  1-4 EEL =       886.3518  VDWAALS    =      2419.4765
 EELEC  =    -21825.1236  EHBOND  =         0.0000  RESTRAINT  =         0.0000
 EKCMT  =         0.0000  VIRIAL  =         0.0000  VOLUME     =     57987.8151
                                                    Density    =         1.0032
 ------------------------------------------------------------------------------

| Attempting MC barostat change: Succeeded
| Attempting MC barostat change: Succeeded
| Attempting MC barostat change: Succeeded
| Attempting MC barostat change: Failed
| Attempting MC barostat change: Succeeded
| Attempting MC barostat change: Failed
| Attempting MC barostat change: Failed
| Attempting MC barostat change: Failed
| Attempting MC barostat change: Failed
| Attempting MC barostat change: Succeeded

 NSTEP =    15000   TIME(PS) =    1430.000  TEMP(K) =   302.09  PRESS =     0.0
 Etot   =    -14497.5448  EKtot   =      3510.9502  EPtot      =    -18008.4950
 BOND   =        64.7476  ANGLE   =       151.0393  DIHED      =       244.8736
 1-4 NB =        71.3029  1-4 EEL =       886.6882  VDWAALS    =      2357.8085
 EELEC  =    -21784.9550  EHBOND  =         0.0000  RESTRAINT  =         0.0000
 EKCMT  =         0.0000  VIRIAL  =         0.0000  VOLUME     =     58330.3769
                                                    Density    =         0.9973
 ------------------------------------------------------------------------------

| Attempting MC barostat change: Failed
| Attempting MC barostat change: Failed
| Attempting MC barostat change: Failed
| Attempting MC barostat change: Succeeded
| Attempting MC barostat change: Succeeded
| Attempting MC barostat change: Failed
| Attempting MC barostat change: Failed
| Attempting MC barostat change: Failed
| Attempting MC barostat change: Succeeded
| Attempting MC barostat change: Succeeded

 NSTEP =    16000   TIME(PS) =    1432.000  TEMP(K) =   293.42  PRESS =     0.0
 Etot   =    -14480.5130  EKtot   =      3410.1890  EPtot      =    -17890.7019
 BOND   =        51.6480  ANGLE   =       180.6972  DIHED      =       248.8223
 1-4 NB =        69.3060  1-4 EEL =       888.2205  VDWAALS    =      2253.2961
 EELEC  =    -21582.6920  EHBOND  =         0.0000  RESTRAINT  =         0.0000
 EKCMT  =         0.0000  VIRIAL  =         0.0000  VOLUME     =     58223.5713
                                                    Density    =         0.9991
 ------------------------------------------------------------------------------

| Attempting MC barostat change: Failed
| Attempting MC barostat change: Failed
| Attempting MC barostat change: Succeeded
| Attempting MC barostat change: Succeeded
| Attempting MC barostat change: Succeeded
| Attempting MC barostat change: Failed
| Attempting MC barostat change: Failed
| Attempting MC barostat change: Failed
| Attempting MC barostat change: Succeeded
| Attempting MC barostat change: Succeeded

 NSTEP =    17000   TIME(PS) =    1434.000  TEMP(K) =   301.59  PRESS =     0.0
 Etot   =    -14595.3843  EKtot   =      3505.1155  EPtot      =    -18100.4998
 BOND   =        58.1906  ANGLE   =       149.7092  DIHED      =       249.5112
 1-4 NB =        59.4461  1-4 EEL =       860.7093  VDWAALS    =      2531.9155
 EELEC  =    -22009.9817  EHBOND  =         0.0000  RESTRAINT  =         0.0000
 EKCMT  =         0.0000  VIRIAL  =         0.0000  VOLUME     =     57985.2161
                                                    Density    =         1.0032
 ------------------------------------------------------------------------------

| Attempting MC barostat change: Succeeded
| Attempting MC barostat change: Failed
| Attempting MC barostat change: Succeeded
| Attempting MC barostat change: Failed
| Attempting MC barostat change: Failed
| Attempting MC barostat change: Failed
| Attempting MC barostat change: Succeeded
| Attempting MC barostat change: Failed
| Attempting MC barostat change: Failed
| Attempting MC barostat change: Failed

 NSTEP =    18000   TIME(PS) =    1436.000  TEMP(K) =   295.42  PRESS =     0.0
 Etot   =    -14636.6526  EKtot   =      3433.4189  EPtot      =    -18070.0715
 BOND   =        70.1537  ANGLE   =       151.8913  DIHED      =       251.8837
 1-4 NB =        63.6746  1-4 EEL =       873.8670  VDWAALS    =      2308.9996
 EELEC  =    -21790.5415  EHBOND  =         0.0000  RESTRAINT  =         0.0000
 EKCMT  =         0.0000  VIRIAL  =         0.0000  VOLUME     =     57557.0859
                                                    Density    =         1.0107
 ------------------------------------------------------------------------------

| Attempting MC barostat change: Succeeded
| Attempting MC barostat change: Succeeded
| Attempting MC barostat change: Failed
| Attempting MC barostat change: Failed
| Attempting MC barostat change: Succeeded
| Attempting MC barostat change: Succeeded
| Attempting MC barostat change: Succeeded
| Attempting MC barostat change: Succeeded
| Attempting MC barostat change: Succeeded
| Attempting MC barostat change: Succeeded

 NSTEP =    19000   TIME(PS) =    1438.000  TEMP(K) =   303.21  PRESS =     0.0
 Etot   =    -14566.8924  EKtot   =      3523.9468  EPtot      =    -18090.8392
 BOND   =        65.9525  ANGLE   =       174.6876  DIHED      =       235.2731
 1-4 NB =        68.5562  1-4 EEL =       868.8090  VDWAALS    =      2509.9975
 EELEC  =    -22014.1151  EHBOND  =         0.0000  RESTRAINT  =         0.0000
 EKCMT  =         0.0000  VIRIAL  =         0.0000  VOLUME     =     58098.8563
                                                    Density    =         1.0012
 ------------------------------------------------------------------------------

| Attempting MC barostat change: Succeeded
| Attempting MC barostat change: Failed
| Attempting MC barostat change: Succeeded
| Attempting MC barostat change: Succeeded
| Attempting MC barostat change: Failed
| Attempting MC barostat change: Failed
| Attempting MC barostat change: Succeeded
| Attempting MC barostat change: Failed
| Attempting MC barostat change: Succeeded
| Attempting MC barostat change: Succeeded

 NSTEP =    20000   TIME(PS) =    1440.000  TEMP(K) =   309.10  PRESS =     0.0
 Etot   =    -14370.4461  EKtot   =      3592.3860  EPtot      =    -17962.8321
 BOND   =        56.0621  ANGLE   =       166.4765  DIHED      =       252.7139
 1-4 NB =        69.2032  1-4 EEL =       879.2850  VDWAALS    =      2439.8939
 EELEC  =    -21826.4668  EHBOND  =         0.0000  RESTRAINT  =         0.0000
 EKCMT  =         0.0000  VIRIAL  =         0.0000  VOLUME     =     57480.6333
                                                    Density    =         1.0120
 ------------------------------------------------------------------------------

| Attempting MC barostat change: Failed
| Attempting MC barostat change: Failed
| Attempting MC barostat change: Succeeded
| Attempting MC barostat change: Succeeded
| Attempting MC barostat change: Failed
| Attempting MC barostat change: Failed
| Attempting MC barostat change: Succeeded
| Attempting MC barostat change: Failed
| Attempting MC barostat change: Succeeded
| Attempting MC barostat change: Failed

 NSTEP =    21000   TIME(PS) =    1442.000  TEMP(K) =   296.43  PRESS =     0.0
 Etot   =    -14534.8052  EKtot   =      3445.1519  EPtot      =    -17979.9571
 BOND   =        60.7827  ANGLE   =       169.6822  DIHED      =       248.3607
 1-4 NB =        65.2713  1-4 EEL =       878.1631  VDWAALS    =      2375.3060
 EELEC  =    -21777.5231  EHBOND  =         0.0000  RESTRAINT  =         0.0000
 EKCMT  =         0.0000  VIRIAL  =         0.0000  VOLUME     =     57985.1610
                                                    Density    =         1.0032
 ------------------------------------------------------------------------------

| Attempting MC barostat change: Succeeded
| Attempting MC barostat change: Succeeded
| Attempting MC barostat change: Failed
| Attempting MC barostat change: Failed
| Attempting MC barostat change: Failed
| Attempting MC barostat change: Failed
| Attempting MC barostat change: Failed
| Attempting MC barostat change: Failed
| Attempting MC barostat change: Succeeded
| Attempting MC barostat change: Succeeded

 NSTEP =    22000   TIME(PS) =    1444.000  TEMP(K) =   296.33  PRESS =     0.0
 Etot   =    -14673.7858  EKtot   =      3443.9470  EPtot      =    -18117.7329
 BOND   =        58.4198  ANGLE   =       171.9676  DIHED      =       246.1408
 1-4 NB =        68.4311  1-4 EEL =       873.9695  VDWAALS    =      2493.1673
 EELEC  =    -22029.8290  EHBOND  =         0.0000  RESTRAINT  =         0.0000
 EKCMT  =         0.0000  VIRIAL  =         0.0000  VOLUME     =     57665.5417
                                                    Density    =         1.0088
 ------------------------------------------------------------------------------

| Attempting MC barostat change: Succeeded
| Attempting MC barostat change: Failed
| Attempting MC barostat change: Succeeded
| Attempting MC barostat change: Succeeded
| Attempting MC barostat change: Succeeded
| Attempting MC barostat change: Failed
| Attempting MC barostat change: Failed
| Attempting MC barostat change: Failed
| Attempting MC barostat change: Failed
| Attempting MC barostat change: Failed

 NSTEP =    23000   TIME(PS) =    1446.000  TEMP(K) =   302.29  PRESS =     0.0
 Etot   =    -14547.9349  EKtot   =      3513.2524  EPtot      =    -18061.1874
 BOND   =        56.7319  ANGLE   =       147.4830  DIHED      =       246.0074
 1-4 NB =        65.9156  1-4 EEL =       882.0543  VDWAALS    =      2405.0582
 EELEC  =    -21864.4377  EHBOND  =         0.0000  RESTRAINT  =         0.0000
 EKCMT  =         0.0000  VIRIAL  =         0.0000  VOLUME     =     57347.1690
                                                    Density    =         1.0144
 ------------------------------------------------------------------------------

| Attempting MC barostat change: Failed
| Attempting MC barostat change: Succeeded
| Attempting MC barostat change: Failed
| Attempting MC barostat change: Succeeded
| Attempting MC barostat change: Failed
| Attempting MC barostat change: Succeeded
| Attempting MC barostat change: Failed
| Attempting MC barostat change: Succeeded
| Attempting MC barostat change: Failed
| Attempting MC barostat change: Failed

 NSTEP =    24000   TIME(PS) =    1448.000  TEMP(K) =   301.13  PRESS =     0.0
 Etot   =    -14433.5617  EKtot   =      3499.7288  EPtot      =    -17933.2904
 BOND   =        67.0337  ANGLE   =       160.0556  DIHED      =       238.3311
 1-4 NB =        65.4087  1-4 EEL =       876.1644  VDWAALS    =      2389.0292
 EELEC  =    -21729.3132  EHBOND  =         0.0000  RESTRAINT  =         0.0000
 EKCMT  =         0.0000  VIRIAL  =         0.0000  VOLUME     =     57849.9013
                                                    Density    =         1.0056
 ------------------------------------------------------------------------------

| Attempting MC barostat change: Failed
| Attempting MC barostat change: Succeeded
| Attempting MC barostat change: Succeeded
| Attempting MC barostat change: Failed
| Attempting MC barostat change: Failed
| Attempting MC barostat change: Failed
| Attempting MC barostat change: Failed
| Attempting MC barostat change: Failed
| Attempting MC barostat change: Succeeded
| Attempting MC barostat change: Failed

 NSTEP =    25000   TIME(PS) =    1450.000  TEMP(K) =   299.35  PRESS =     0.0
 Etot   =    -14453.0223  EKtot   =      3479.0427  EPtot      =    -17932.0650
 BOND   =        66.0179  ANGLE   =       152.6059  DIHED      =       245.2848
 1-4 NB =        75.1979  1-4 EEL =       882.6761  VDWAALS    =      2433.6807
 EELEC  =    -21787.5282  EHBOND  =         0.0000  RESTRAINT  =         0.0000
 EKCMT  =         0.0000  VIRIAL  =         0.0000  VOLUME     =     57721.2030
                                                    Density    =         1.0078
 ------------------------------------------------------------------------------

| Attempting MC barostat change: Succeeded
| Attempting MC barostat change: Failed
| Attempting MC barostat change: Failed
| Attempting MC barostat change: Succeeded
| Attempting MC barostat change: Failed
| Attempting MC barostat change: Failed
| Attempting MC barostat change: Failed
| Attempting MC barostat change: Succeeded
| Attempting MC barostat change: Failed
| Attempting MC barostat change: Failed

 NSTEP =    26000   TIME(PS) =    1452.000  TEMP(K) =   303.35  PRESS =     0.0
 Etot   =    -14525.3581  EKtot   =      3525.5347  EPtot      =    -18050.8928
 BOND   =        62.9484  ANGLE   =       154.4706  DIHED      =       242.7277
 1-4 NB =        69.6754  1-4 EEL =       892.3082  VDWAALS    =      2455.2075
 EELEC  =    -21928.2307  EHBOND  =         0.0000  RESTRAINT  =         0.0000
 EKCMT  =         0.0000  VIRIAL  =         0.0000  VOLUME     =     57436.0520
                                                    Density    =         1.0128
 ------------------------------------------------------------------------------

| Attempting MC barostat change: Failed
| Attempting MC barostat change: Succeeded
| Attempting MC barostat change: Failed
| Attempting MC barostat change: Failed
| Attempting MC barostat change: Failed
| Attempting MC barostat change: Failed
| Attempting MC barostat change: Failed
| Attempting MC barostat change: Failed
| Attempting MC barostat change: Failed
| Attempting MC barostat change: Succeeded

 NSTEP =    27000   TIME(PS) =    1454.000  TEMP(K) =   298.46  PRESS =     0.0
 Etot   =    -14593.0152  EKtot   =      3468.7715  EPtot      =    -18061.7866
 BOND   =        62.3817  ANGLE   =       163.7485  DIHED      =       246.0137
 1-4 NB =        64.8976  1-4 EEL =       887.0563  VDWAALS    =      2418.1440
 EELEC  =    -21904.0284  EHBOND  =         0.0000  RESTRAINT  =         0.0000
 EKCMT  =         0.0000  VIRIAL  =         0.0000  VOLUME     =     57438.3778
                                                    Density    =         1.0128
 ------------------------------------------------------------------------------

| Attempting MC barostat change: Succeeded
| Attempting MC barostat change: Succeeded
| Attempting MC barostat change: Failed
| Attempting MC barostat change: Succeeded
| Attempting MC barostat change: Succeeded
| Attempting MC barostat change: Succeeded
| Attempting MC barostat change: Failed
| Attempting MC barostat change: Succeeded
| Attempting MC barostat change: Failed
| Attempting MC barostat change: Failed

 NSTEP =    28000   TIME(PS) =    1456.000  TEMP(K) =   301.94  PRESS =     0.0
 Etot   =    -14496.1669  EKtot   =      3509.1648  EPtot      =    -18005.3317
 BOND   =        56.8098  ANGLE   =       170.8274  DIHED      =       247.9593
 1-4 NB =        65.2421  1-4 EEL =       862.6213  VDWAALS    =      2305.1923
 EELEC  =    -21713.9839  EHBOND  =         0.0000  RESTRAINT  =         0.0000
 EKCMT  =         0.0000  VIRIAL  =         0.0000  VOLUME     =     58079.3662
                                                    Density    =         1.0016
 ------------------------------------------------------------------------------

| Attempting MC barostat change: Failed
| Attempting MC barostat change: Succeeded
| Attempting MC barostat change: Failed
| Attempting MC barostat change: Failed
| Attempting MC barostat change: Succeeded
| Attempting MC barostat change: Succeeded
| Attempting MC barostat change: Failed
| Attempting MC barostat change: Failed
| Attempting MC barostat change: Failed
| Attempting MC barostat change: Failed

 NSTEP =    29000   TIME(PS) =    1458.000  TEMP(K) =   299.42  PRESS =     0.0
 Etot   =    -14546.1654  EKtot   =      3479.9148  EPtot      =    -18026.0802
 BOND   =        61.1137  ANGLE   =       159.4125  DIHED      =       250.1070
 1-4 NB =        70.1872  1-4 EEL =       869.9843  VDWAALS    =      2379.2943
 EELEC  =    -21816.1792  EHBOND  =         0.0000  RESTRAINT  =         0.0000
 EKCMT  =         0.0000  VIRIAL  =         0.0000  VOLUME     =     58113.7830
                                                    Density    =         1.0010
 ------------------------------------------------------------------------------

| Attempting MC barostat change: Succeeded
| Attempting MC barostat change: Succeeded
| Attempting MC barostat change: Failed
| Attempting MC barostat change: Failed
| Attempting MC barostat change: Failed
| Attempting MC barostat change: Failed
| Attempting MC barostat change: Failed
| Attempting MC barostat change: Failed
| Attempting MC barostat change: Failed
| Attempting MC barostat change: Failed

 NSTEP =    30000   TIME(PS) =    1460.000  TEMP(K) =   307.02  PRESS =     0.0
 Etot   =    -14530.6848  EKtot   =      3568.1577  EPtot      =    -18098.8425
 BOND   =        49.7853  ANGLE   =       154.6091  DIHED      =       242.6642
 1-4 NB =        68.8220  1-4 EEL =       882.3276  VDWAALS    =      2410.8790
 EELEC  =    -21907.9298  EHBOND  =         0.0000  RESTRAINT  =         0.0000
 EKCMT  =         0.0000  VIRIAL  =         0.0000  VOLUME     =     58109.0931
                                                    Density    =         1.0011
 ------------------------------------------------------------------------------

| Attempting MC barostat change: Failed
| Attempting MC barostat change: Failed
| Attempting MC barostat change: Succeeded
| Attempting MC barostat change: Failed
| Attempting MC barostat change: Succeeded
| Attempting MC barostat change: Failed
| Attempting MC barostat change: Failed
| Attempting MC barostat change: Failed
| Attempting MC barostat change: Failed
| Attempting MC barostat change: Succeeded

 NSTEP =    31000   TIME(PS) =    1462.000  TEMP(K) =   297.82  PRESS =     0.0
 Etot   =    -14542.4413  EKtot   =      3461.3313  EPtot      =    -18003.7726
 BOND   =        68.6865  ANGLE   =       154.8852  DIHED      =       242.3343
 1-4 NB =        62.0077  1-4 EEL =       893.1075  VDWAALS    =      2397.3464
 EELEC  =    -21822.1402  EHBOND  =         0.0000  RESTRAINT  =         0.0000
 EKCMT  =         0.0000  VIRIAL  =         0.0000  VOLUME     =     58287.6770
                                                    Density    =         0.9980
 ------------------------------------------------------------------------------

| Attempting MC barostat change: Failed
| Attempting MC barostat change: Succeeded
| Attempting MC barostat change: Failed
| Attempting MC barostat change: Failed
| Attempting MC barostat change: Failed
| Attempting MC barostat change: Succeeded
| Attempting MC barostat change: Failed
| Attempting MC barostat change: Succeeded
| Attempting MC barostat change: Failed
| Attempting MC barostat change: Failed

 NSTEP =    32000   TIME(PS) =    1464.000  TEMP(K) =   297.62  PRESS =     0.0
 Etot   =    -14628.8760  EKtot   =      3458.9944  EPtot      =    -18087.8704
 BOND   =        64.9792  ANGLE   =       141.2463  DIHED      =       258.2649
 1-4 NB =        65.1498  1-4 EEL =       885.7129  VDWAALS    =      2423.1077
 EELEC  =    -21926.3312  EHBOND  =         0.0000  RESTRAINT  =         0.0000
 EKCMT  =         0.0000  VIRIAL  =         0.0000  VOLUME     =     58022.8983
                                                    Density    =         1.0026
 ------------------------------------------------------------------------------

| Attempting MC barostat change: Failed
| Attempting MC barostat change: Failed
| Attempting MC barostat change: Failed
| Attempting MC barostat change: Failed
| Attempting MC barostat change: Failed
| Attempting MC barostat change: Failed
| Attempting MC barostat change: Succeeded
| Attempting MC barostat change: Succeeded
| Attempting MC barostat change: Failed
| Attempting MC barostat change: Failed

 NSTEP =    33000   TIME(PS) =    1466.000  TEMP(K) =   302.98  PRESS =     0.0
 Etot   =    -14605.3455  EKtot   =      3521.2930  EPtot      =    -18126.6385
 BOND   =        63.8435  ANGLE   =       154.0765  DIHED      =       259.6892
 1-4 NB =        73.7954  1-4 EEL =       889.8118  VDWAALS    =      2435.0811
 EELEC  =    -22002.9361  EHBOND  =         0.0000  RESTRAINT  =         0.0000
 EKCMT  =         0.0000  VIRIAL  =         0.0000  VOLUME     =     58249.1475
                                                    Density    =         0.9987
 ------------------------------------------------------------------------------

| Attempting MC barostat change: Failed
| Attempting MC barostat change: Failed
| Attempting MC barostat change: Failed
| Attempting MC barostat change: Failed
| Attempting MC barostat change: Failed
| Attempting MC barostat change: Failed
| Attempting MC barostat change: Failed
| Attempting MC barostat change: Failed
| Attempting MC barostat change: Failed
| Attempting MC barostat change: Failed

 NSTEP =    34000   TIME(PS) =    1468.000  TEMP(K) =   298.77  PRESS =     0.0
 Etot   =    -14440.6673  EKtot   =      3472.3118  EPtot      =    -17912.9790
 BOND   =        61.9760  ANGLE   =       154.5143  DIHED      =       245.8626
 1-4 NB =        66.6941  1-4 EEL =       879.3224  VDWAALS    =      2360.9837
 EELEC  =    -21682.3321  EHBOND  =         0.0000  RESTRAINT  =         0.0000
 EKCMT  =         0.0000  VIRIAL  =         0.0000  VOLUME     =     58249.1475
                                                    Density    =         0.9987
 ------------------------------------------------------------------------------

| Attempting MC barostat change: Failed
| Attempting MC barostat change: Failed
| Attempting MC barostat change: Failed
| Attempting MC barostat change: Failed
| Attempting MC barostat change: Succeeded
| Attempting MC barostat change: Failed
| Attempting MC barostat change: Succeeded
| Attempting MC barostat change: Failed
| Attempting MC barostat change: Failed
| Attempting MC barostat change: Failed

 NSTEP =    35000   TIME(PS) =    1470.000  TEMP(K) =   305.24  PRESS =     0.0
 Etot   =    -14360.4857  EKtot   =      3547.4951  EPtot      =    -17907.9808
 BOND   =        47.7403  ANGLE   =       164.4753  DIHED      =       243.5051
 1-4 NB =        66.5015  1-4 EEL =       877.5440  VDWAALS    =      2272.7888
 EELEC  =    -21580.5359  EHBOND  =         0.0000  RESTRAINT  =         0.0000
 EKCMT  =         0.0000  VIRIAL  =         0.0000  VOLUME     =     58500.7624
                                                    Density    =         0.9944
 ------------------------------------------------------------------------------

| Attempting MC barostat change: Failed
| Attempting MC barostat change: Failed
| Attempting MC barostat change: Succeeded
| Attempting MC barostat change: Failed
| Attempting MC barostat change: Failed
| Attempting MC barostat change: Failed
| Attempting MC barostat change: Failed
| Attempting MC barostat change: Failed
| Attempting MC barostat change: Failed
| Attempting MC barostat change: Succeeded

 NSTEP =    36000   TIME(PS) =    1472.000  TEMP(K) =   300.81  PRESS =     0.0
 Etot   =    -14417.8952  EKtot   =      3495.9958  EPtot      =    -17913.8910
 BOND   =        56.3635  ANGLE   =       152.0773  DIHED      =       240.5629
 1-4 NB =        67.1490  1-4 EEL =       870.4389  VDWAALS    =      2480.0972
 EELEC  =    -21780.5797  EHBOND  =         0.0000  RESTRAINT  =         0.0000
 EKCMT  =         0.0000  VIRIAL  =         0.0000  VOLUME     =     58173.4742
                                                    Density    =         1.0000
 ------------------------------------------------------------------------------

| Attempting MC barostat change: Failed
| Attempting MC barostat change: Succeeded
| Attempting MC barostat change: Failed
| Attempting MC barostat change: Failed
| Attempting MC barostat change: Succeeded
| Attempting MC barostat change: Failed
| Attempting MC barostat change: Failed
| Attempting MC barostat change: Failed
| Attempting MC barostat change: Failed
| Attempting MC barostat change: Succeeded

 NSTEP =    37000   TIME(PS) =    1474.000  TEMP(K) =   303.87  PRESS =     0.0
 Etot   =    -14504.1956  EKtot   =      3531.5808  EPtot      =    -18035.7764
 BOND   =        50.5234  ANGLE   =       166.7791  DIHED      =       264.6498
 1-4 NB =        69.6326  1-4 EEL =       865.4653  VDWAALS    =      2520.3820
 EELEC  =    -21973.2086  EHBOND  =         0.0000  RESTRAINT  =         0.0000
 EKCMT  =         0.0000  VIRIAL  =         0.0000  VOLUME     =     58357.7888
                                                    Density    =         0.9968
 ------------------------------------------------------------------------------

| Attempting MC barostat change: Succeeded
| Attempting MC barostat change: Failed
| Attempting MC barostat change: Failed
| Attempting MC barostat change: Failed
| Attempting MC barostat change: Failed
| Attempting MC barostat change: Failed
| Attempting MC barostat change: Succeeded
| Attempting MC barostat change: Succeeded
| Attempting MC barostat change: Succeeded
| Attempting MC barostat change: Failed

 NSTEP =    38000   TIME(PS) =    1476.000  TEMP(K) =   299.22  PRESS =     0.0
 Etot   =    -14498.1548  EKtot   =      3477.5693  EPtot      =    -17975.7242
 BOND   =        61.2457  ANGLE   =       148.8043  DIHED      =       244.0520
 1-4 NB =        65.7083  1-4 EEL =       881.8086  VDWAALS    =      2437.6755
 EELEC  =    -21815.0186  EHBOND  =         0.0000  RESTRAINT  =         0.0000
 EKCMT  =         0.0000  VIRIAL  =         0.0000  VOLUME     =     57951.7146
                                                    Density    =         1.0038
 ------------------------------------------------------------------------------

| Attempting MC barostat change: Failed
| Attempting MC barostat change: Failed
| Attempting MC barostat change: Failed
| Attempting MC barostat change: Succeeded
| Attempting MC barostat change: Failed
| Attempting MC barostat change: Failed
| Attempting MC barostat change: Failed
| Attempting MC barostat change: Failed
| Attempting MC barostat change: Failed
| Attempting MC barostat change: Failed

 NSTEP =    39000   TIME(PS) =    1478.000  TEMP(K) =   296.67  PRESS =     0.0
 Etot   =    -14688.5806  EKtot   =      3447.9038  EPtot      =    -18136.4845
 BOND   =        57.1756  ANGLE   =       159.8604  DIHED      =       245.9562
 1-4 NB =        70.2262  1-4 EEL =       861.6188  VDWAALS    =      2468.0484
 EELEC  =    -21999.3700  EHBOND  =         0.0000  RESTRAINT  =         0.0000
 EKCMT  =         0.0000  VIRIAL  =         0.0000  VOLUME     =     57934.2541
                                                    Density    =         1.0041
 ------------------------------------------------------------------------------

| Attempting MC barostat change: Failed
| Attempting MC barostat change: Failed
| Attempting MC barostat change: Succeeded
| Attempting MC barostat change: Succeeded
| Attempting MC barostat change: Failed
| Attempting MC barostat change: Failed
| Attempting MC barostat change: Succeeded
| Attempting MC barostat change: Failed
| Attempting MC barostat change: Failed
| Attempting MC barostat change: Failed

 NSTEP =    40000   TIME(PS) =    1480.000  TEMP(K) =   293.27  PRESS =     0.0
 Etot   =    -14704.0946  EKtot   =      3408.4629  EPtot      =    -18112.5574
 BOND   =        54.4140  ANGLE   =       147.4469  DIHED      =       251.5315
 1-4 NB =        69.7631  1-4 EEL =       878.6661  VDWAALS    =      2428.7797
 EELEC  =    -21943.1587  EHBOND  =         0.0000  RESTRAINT  =         0.0000
 EKCMT  =         0.0000  VIRIAL  =         0.0000  VOLUME     =     57485.6833
                                                    Density    =         1.0119
 ------------------------------------------------------------------------------

| Attempting MC barostat change: Succeeded
| Attempting MC barostat change: Failed
| Attempting MC barostat change: Succeeded
| Attempting MC barostat change: Succeeded
| Attempting MC barostat change: Failed
| Attempting MC barostat change: Failed
| Attempting MC barostat change: Succeeded
| Attempting MC barostat change: Succeeded
| Attempting MC barostat change: Failed
| Attempting MC barostat change: Failed

 NSTEP =    41000   TIME(PS) =    1482.000  TEMP(K) =   295.65  PRESS =     0.0
 Etot   =    -14713.7492  EKtot   =      3436.0847  EPtot      =    -18149.8339
 BOND   =        57.4020  ANGLE   =       151.8110  DIHED      =       242.5561
 1-4 NB =        67.6794  1-4 EEL =       887.8170  VDWAALS    =      2321.4014
 EELEC  =    -21878.5008  EHBOND  =         0.0000  RESTRAINT  =         0.0000
 EKCMT  =         0.0000  VIRIAL  =         0.0000  VOLUME     =     57115.8737
                                                    Density    =         1.0185
 ------------------------------------------------------------------------------

| Attempting MC barostat change: Failed
| Attempting MC barostat change: Succeeded
| Attempting MC barostat change: Succeeded
| Attempting MC barostat change: Succeeded
| Attempting MC barostat change: Failed
| Attempting MC barostat change: Failed
| Attempting MC barostat change: Succeeded
| Attempting MC barostat change: Succeeded
| Attempting MC barostat change: Succeeded
| Attempting MC barostat change: Failed

 NSTEP =    42000   TIME(PS) =    1484.000  TEMP(K) =   294.86  PRESS =     0.0
 Etot   =    -14610.4993  EKtot   =      3426.8535  EPtot      =    -18037.3528
 BOND   =        55.8633  ANGLE   =       180.0828  DIHED      =       244.2174
 1-4 NB =        70.1578  1-4 EEL =       885.0185  VDWAALS    =      2331.8905
 EELEC  =    -21804.5831  EHBOND  =         0.0000  RESTRAINT  =         0.0000
 EKCMT  =         0.0000  VIRIAL  =         0.0000  VOLUME     =     58004.2646
                                                    Density    =         1.0029
 ------------------------------------------------------------------------------

| Attempting MC barostat change: Succeeded
| Attempting MC barostat change: Failed
| Attempting MC barostat change: Failed
| Attempting MC barostat change: Failed
| Attempting MC barostat change: Failed
| Attempting MC barostat change: Succeeded
| Attempting MC barostat change: Failed
| Attempting MC barostat change: Succeeded
| Attempting MC barostat change: Failed
| Attempting MC barostat change: Failed

 NSTEP =    43000   TIME(PS) =    1486.000  TEMP(K) =   297.64  PRESS =     0.0
 Etot   =    -14541.6764  EKtot   =      3459.1550  EPtot      =    -18000.8315
 BOND   =        62.0668  ANGLE   =       161.2086  DIHED      =       250.7280
 1-4 NB =        65.7279  1-4 EEL =       876.7430  VDWAALS    =      2490.0211
 EELEC  =    -21907.3269  EHBOND  =         0.0000  RESTRAINT  =         0.0000
 EKCMT  =         0.0000  VIRIAL  =         0.0000  VOLUME     =     57692.7549
                                                    Density    =         1.0083
 ------------------------------------------------------------------------------

| Attempting MC barostat change: Failed
| Attempting MC barostat change: Succeeded
| Attempting MC barostat change: Failed
| Attempting MC barostat change: Failed
| Attempting MC barostat change: Failed
| Attempting MC barostat change: Succeeded
| Attempting MC barostat change: Failed
| Attempting MC barostat change: Succeeded
| Attempting MC barostat change: Failed
| Attempting MC barostat change: Succeeded

 NSTEP =    44000   TIME(PS) =    1488.000  TEMP(K) =   303.00  PRESS =     0.0
 Etot   =    -14606.2805  EKtot   =      3521.4583  EPtot      =    -18127.7388
 BOND   =        68.1290  ANGLE   =       158.5219  DIHED      =       244.9492
 1-4 NB =        69.4919  1-4 EEL =       884.1829  VDWAALS    =      2586.6084
 EELEC  =    -22139.6221  EHBOND  =         0.0000  RESTRAINT  =         0.0000
 EKCMT  =         0.0000  VIRIAL  =         0.0000  VOLUME     =     57287.9230
                                                    Density    =         1.0154
 ------------------------------------------------------------------------------

| Attempting MC barostat change: Succeeded
| Attempting MC barostat change: Failed
| Attempting MC barostat change: Failed
| Attempting MC barostat change: Failed
| Attempting MC barostat change: Succeeded
| Attempting MC barostat change: Failed
| Attempting MC barostat change: Failed
| Attempting MC barostat change: Succeeded
| Attempting MC barostat change: Failed
| Attempting MC barostat change: Failed

 NSTEP =    45000   TIME(PS) =    1490.000  TEMP(K) =   300.56  PRESS =     0.0
 Etot   =    -14451.8675  EKtot   =      3493.1572  EPtot      =    -17945.0247
 BOND   =        57.1203  ANGLE   =       163.4074  DIHED      =       240.4010
 1-4 NB =        75.9458  1-4 EEL =       891.1383  VDWAALS    =      2393.6948
 EELEC  =    -21766.7324  EHBOND  =         0.0000  RESTRAINT  =         0.0000
 EKCMT  =         0.0000  VIRIAL  =         0.0000  VOLUME     =     58208.0078
                                                    Density    =         0.9994
 ------------------------------------------------------------------------------

| Attempting MC barostat change: Failed
| Attempting MC barostat change: Failed
| Attempting MC barostat change: Succeeded
| Attempting MC barostat change: Succeeded
| Attempting MC barostat change: Failed
| Attempting MC barostat change: Failed
| Attempting MC barostat change: Failed
| Attempting MC barostat change: Failed
| Attempting MC barostat change: Succeeded
| Attempting MC barostat change: Failed

 NSTEP =    46000   TIME(PS) =    1492.000  TEMP(K) =   302.07  PRESS =     0.0
 Etot   =    -14395.7110  EKtot   =      3510.6619  EPtot      =    -17906.3729
 BOND   =        66.7823  ANGLE   =       167.6385  DIHED      =       256.1068
 1-4 NB =        70.4221  1-4 EEL =       881.5555  VDWAALS    =      2380.1830
 EELEC  =    -21729.0612  EHBOND  =         0.0000  RESTRAINT  =         0.0000
 EKCMT  =         0.0000  VIRIAL  =         0.0000  VOLUME     =     58068.2549
                                                    Density    =         1.0018
 ------------------------------------------------------------------------------

| Attempting MC barostat change: Succeeded
| Attempting MC barostat change: Failed
| Attempting MC barostat change: Failed
| Attempting MC barostat change: Succeeded
| Attempting MC barostat change: Failed
| Attempting MC barostat change: Failed
| Attempting MC barostat change: Succeeded
| Attempting MC barostat change: Succeeded
| Attempting MC barostat change: Succeeded
| Attempting MC barostat change: Failed

 NSTEP =    47000   TIME(PS) =    1494.000  TEMP(K) =   302.27  PRESS =     0.0
 Etot   =    -14545.9166  EKtot   =      3512.9783  EPtot      =    -18058.8949
 BOND   =        69.9904  ANGLE   =       163.3491  DIHED      =       254.4923
 1-4 NB =        69.2561  1-4 EEL =       886.6820  VDWAALS    =      2447.9616
 EELEC  =    -21950.6263  EHBOND  =         0.0000  RESTRAINT  =         0.0000
 EKCMT  =         0.0000  VIRIAL  =         0.0000  VOLUME     =     57698.4692
                                                    Density    =         1.0082
 ------------------------------------------------------------------------------

| Attempting MC barostat change: Succeeded
| Attempting MC barostat change: Failed
| Attempting MC barostat change: Failed
| Attempting MC barostat change: Failed
| Attempting MC barostat change: Failed
| Attempting MC barostat change: Succeeded
| Attempting MC barostat change: Succeeded
| Attempting MC barostat change: Failed
| Attempting MC barostat change: Succeeded
| Attempting MC barostat change: Succeeded

 NSTEP =    48000   TIME(PS) =    1496.000  TEMP(K) =   292.71  PRESS =     0.0
 Etot   =    -14615.4132  EKtot   =      3401.9062  EPtot      =    -18017.3194
 BOND   =        54.7169  ANGLE   =       160.1789  DIHED      =       261.8033
 1-4 NB =        72.7611  1-4 EEL =       892.2778  VDWAALS    =      2474.4481
 EELEC  =    -21933.5055  EHBOND  =         0.0000  RESTRAINT  =         0.0000
 EKCMT  =         0.0000  VIRIAL  =         0.0000  VOLUME     =     57911.5896
                                                    Density    =         1.0045
 ------------------------------------------------------------------------------

| Attempting MC barostat change: Succeeded
| Attempting MC barostat change: Failed
| Attempting MC barostat change: Succeeded
| Attempting MC barostat change: Failed
| Attempting MC barostat change: Succeeded
| Attempting MC barostat change: Failed
| Attempting MC barostat change: Failed
| Attempting MC barostat change: Failed
| Attempting MC barostat change: Failed
| Attempting MC barostat change: Failed

 NSTEP =    49000   TIME(PS) =    1498.000  TEMP(K) =   296.77  PRESS =     0.0
 Etot   =    -14690.3520  EKtot   =      3449.1418  EPtot      =    -18139.4938
 BOND   =        65.9014  ANGLE   =       153.9578  DIHED      =       259.5917
 1-4 NB =        64.0339  1-4 EEL =       880.2091  VDWAALS    =      2370.8954
 EELEC  =    -21934.0832  EHBOND  =         0.0000  RESTRAINT  =         0.0000
 EKCMT  =         0.0000  VIRIAL  =         0.0000  VOLUME     =     57748.9877
                                                    Density    =         1.0073
 ------------------------------------------------------------------------------

| Attempting MC barostat change: Failed
| Attempting MC barostat change: Succeeded
| Attempting MC barostat change: Succeeded
| Attempting MC barostat change: Succeeded
| Attempting MC barostat change: Failed
| Attempting MC barostat change: Failed
| Attempting MC barostat change: Failed
| Attempting MC barostat change: Failed
| Attempting MC barostat change: Succeeded
| Attempting MC barostat change: Failed

 NSTEP =    50000   TIME(PS) =    1500.000  TEMP(K) =   303.67  PRESS =     0.0
 Etot   =    -14499.8572  EKtot   =      3529.2898  EPtot      =    -18029.1470
 BOND   =        57.6753  ANGLE   =       162.5274  DIHED      =       251.1341
 1-4 NB =        57.9482  1-4 EEL =       880.0801  VDWAALS    =      2417.0235
 EELEC  =    -21855.5356  EHBOND  =         0.0000  RESTRAINT  =         0.0000
 EKCMT  =         0.0000  VIRIAL  =         0.0000  VOLUME     =     58076.2040
                                                    Density    =         1.0016
 ------------------------------------------------------------------------------


      A V E R A G E S   O V E R      50 S T E P S


 NSTEP =    50000   TIME(PS) =    1500.000  TEMP(K) =   300.07  PRESS =     0.0
 Etot   =    -14544.6624  EKtot   =      3487.4040  EPtot      =    -18032.0664
 BOND   =        59.6816  ANGLE   =       159.1763  DIHED      =       248.7842
 1-4 NB =        67.8232  1-4 EEL =       879.2207  VDWAALS    =      2416.2966
 EELEC  =    -21863.0489  EHBOND  =         0.0000  RESTRAINT  =         0.0000
 EKCMT  =         0.0000  VIRIAL  =         0.0000  VOLUME     =     57906.1042
                                                    Density    =         1.0046
 ------------------------------------------------------------------------------


      R M S  F L U C T U A T I O N S


 NSTEP =    50000   TIME(PS) =    1500.000  TEMP(K) =     3.53  PRESS =     0.0
 Etot   =        88.2060  EKtot   =        41.0596  EPtot      =        74.6515
 BOND   =         5.6885  ANGLE   =         8.8484  DIHED      =         6.7235
 1-4 NB =         3.5123  1-4 EEL =         8.4542  VDWAALS    =        70.1455
 EELEC  =       119.4065  EHBOND  =         0.0000  RESTRAINT  =         0.0000
 EKCMT  =         0.0000  VIRIAL  =         0.0000  VOLUME     =       315.4569
                                                    Density    =         0.0055
 ------------------------------------------------------------------------------

| MC Barostat:        500 volume changes attempted.
| MC Barostat:        182 changes successful ( 36.40%)
 ------------------------------------------------------------------------------

--------------------------------------------------------------------------------
   5.  TIMINGS
--------------------------------------------------------------------------------

|  NonSetup CPU Time in Major Routines:
|
|     Routine           Sec        %
|     ------------------------------
|     Nonbond           6.11   26.88
|     Bond              0.00    0.00
|     Angle             0.00    0.00
|     Dihedral          0.00    0.00
|     Shake             0.46    2.02
|     RunMD            15.96   70.26
|     Other             0.19    0.84
|     ------------------------------
|     Total            22.71

|  PME Nonbond Pairlist CPU Time:
|
|     Routine              Sec        %
|     ---------------------------------
|     Set Up Cit           0.00    0.00
|     Build List           0.00    0.00
|     ---------------------------------
|     Total                0.00    0.00

|  PME Direct Force CPU Time:
|
|     Routine              Sec        %
|     ---------------------------------
|     NonBonded Calc       0.00    0.00
|     Exclude Masked       0.00    0.00
|     Other                0.04    0.19
|     ---------------------------------
|     Total                0.04    0.19

|  PME Reciprocal Force CPU Time:
|
|     Routine              Sec        %
|     ---------------------------------
|     1D bspline           0.00    0.00
|     Grid Charges         0.00    0.00
|     Scalar Sum           0.00    0.00
|     Gradient Sum         0.00    0.00
|     FFT                  0.00    0.00
|     ---------------------------------
|     Total                0.00    0.00

|  Final Performance Info:
|     -----------------------------------------------------
|     Average timings for last   49000 steps:
|         Elapsed(s) =      22.30 Per Step(ms) =       0.46
|             ns/day =     379.77   seconds/ns =     227.51
|
|     Average timings for all steps:
|         Elapsed(s) =      22.77 Per Step(ms) =       0.46
|             ns/day =     379.41   seconds/ns =     227.72
|     -----------------------------------------------------

|  Setup CPU time:            1.62 seconds
|  NonSetup CPU time:        22.71 seconds
|  Total CPU time:           24.34 seconds     0.01 hours

|  Setup wall time:           2    seconds
|  NonSetup wall time:       23    seconds
|  Total wall time:          25    seconds     0.01 hours
