
          -------------------------------------------------------
          Amber 14 SANDER                              2014
          -------------------------------------------------------

| PMEMD implementation of SANDER, Release 14

| Run on 06/01/2016 at 11:59:23

|   Executable path: pmemd.cuda
| Working directory: /mnt/lustre_fs/users/workshop_1/joebaker/day7/day7/trpcage/runsim/prod
|          Hostname: gpu-compute2

  [-O]verwriting output

File Assignments:
|   MDIN: prod.in                                                               
|  MDOUT: prod.4.out                                                            
| INPCRD: prod.3.rst7                                                           
|   PARM: ../../tleap/trpcage.parm7                                             
| RESTRT: prod.4.rst7                                                           
|   REFC: refc                                                                  
|  MDVEL: mdvel                                                                 
|   MDEN: mden                                                                  
|  MDCRD: prod.4.nc                                                             
| MDINFO: mdinfo                                                                
|  MDFRC: mdfrc                                                                 


 Here is the input file:

NPT prod                                                                       
 &cntrl                                                                        
  imin=0, ! Not a minimization run                                             
  ntx=5, ! Read coordinates and velocities from restart file                   
  irest=1, ! Restart from previous, expecting velocities                       
  ntxo=2, ! The final coords, velocities, box size in NetCDF                   
  ioutfm=1, ! Print mdcrd to NetCDF format                                     
  ntwr=100000, ! Very high value for how often restart file is written         
  nstlim=50000 ! 100 ps of NPT equilibration                                   
  dt=0.002, ! Time step in picoseconds, so this is 2 fs                        
  ntf=2, ! Do not calc the force for SHAKE constrained bonds                   
  ntc=2, ! Use SHAKE for all hydrogen bonds                                    
  temp0=300.0, ! Thermostat temperature, Run at this temperature               
  ntpr=1000, ! How often to print                                              
  ntwx=1000, ! Write coordinates every 2 ps                                    
  cut=8.0, ! Nonbonded cutoff                                                  
  ntb=2, ! Use PBC and constant pressure                                       
  ntp=1, ! Isotropic pressure scaling                                          
  barostat=2, ! Use Monte Carlo barostat                                       
  taup=1, ! Pressure relaxation time                                           
  ntt=3, ! Use the Lengevin thermostat                                         
  gamma_ln=1.0, ! Frequency of collisions for thermostat                       
  ig=-1, ! Randomize seed for Langevin thermostat                              
 /                                                                             


Note: ig = -1. Setting random seed to   310725 based on wallclock time in 
      microseconds.
 
|--------------------- INFORMATION ----------------------
| GPU (CUDA) Version of PMEMD in use: NVIDIA GPU IN USE.
|                    Version 14.0.1
| 
|                      06/20/2014
| 
| Implementation by:
|                    Ross C. Walker     (SDSC)
|                    Scott Le Grand     (nVIDIA)
| 
| CAUTION: The CUDA code is currently experimental.
|          You use it at your own risk. Be sure to
|          check ALL results carefully.
| 
| Precision model in use:
|      [SPFP] - Mixed Single/Double/Fixed Point Precision.
|               (Default)
| 
|--------------------------------------------------------
 
|----------------- CITATION INFORMATION -----------------
|
|    When publishing work that utilized the CUDA version
|    of AMBER, please cite the following in addition to
|    the regular AMBER citations:
|
|  - Romelia Salomon-Ferrer; Andreas W. Goetz; Duncan
|    Poole; Scott Le Grand; Ross C. Walker "Routine
|    microsecond molecular dynamics simulations with
|    AMBER - Part II: Particle Mesh Ewald", J. Chem.
|    Theory Comput., 2013, 9 (9), pp3878-3888,
|    DOI: 10.1021/ct400314y.
|
|  - Andreas W. Goetz; Mark J. Williamson; Dong Xu;
|    Duncan Poole; Scott Le Grand; Ross C. Walker
|    "Routine microsecond molecular dynamics simulations
|    with AMBER - Part I: Generalized Born", J. Chem.
|    Theory Comput., 2012, 8 (5), pp1542-1555.
|
|  - Scott Le Grand; Andreas W. Goetz; Ross C. Walker
|    "SPFP: Speed without compromise - a mixed precision
|    model for GPU accelerated molecular dynamics
|    simulations.", Comp. Phys. Comm., 2013, 184
|    pp374-380, DOI: 10.1016/j.cpc.2012.09.022
|
|--------------------------------------------------------
 
|------------------- GPU DEVICE INFO --------------------
|
|            CUDA_VISIBLE_DEVICES: 0
|   CUDA Capable Devices Detected:      1
|           CUDA Device ID in use:      0
|                CUDA Device Name: GeForce GTX TITAN X
|     CUDA Device Global Mem Size:  12287 MB
| CUDA Device Num Multiprocessors:     24
|           CUDA Device Core Freq:   1.08 GHz
|
|--------------------------------------------------------
 
 
| Conditional Compilation Defines Used:
| PUBFFT
| BINTRAJ
| CUDA
| EMIL

| Largest sphere to fit in unit cell has radius =    17.198

| New format PARM file being parsed.
| Version =    1.000 Date = 06/01/16 Time = 08:32:47

| Note: 1-4 EEL scale factors are being read from the topology file.

| Note: 1-4 VDW scale factors are being read from the topology file.
| Duplicated    0 dihedrals

| Duplicated    0 dihedrals

--------------------------------------------------------------------------------
   1.  RESOURCE   USE: 
--------------------------------------------------------------------------------

 getting box info from netcdf restart file
 NATOM  =    5771 NTYPES =      15 NBONH =    5616 MBONA  =     160
 NTHETH =     346 MTHETA =     219 NPHIH =     700 MPHIA  =     653
 NHPARM =       0 NPARM  =       0 NNB   =    8990 NRES   =    1843
 NBONA  =     160 NTHETA =     219 NPHIA =     653 NUMBND =      55
 NUMANG =     124 NPTRA  =     137 NATYP =      29 NPHB   =       1
 IFBOX  =       2 NMXRS  =      24 IFCAP =       0 NEXTRA =       0
 NCOPY  =       0

| Coordinate Index Table dimensions:     8    8    8
| Direct force subcell size =     5.2658    5.2658    5.2658

     BOX TYPE: TRUNCATED OCTAHEDRON

--------------------------------------------------------------------------------
   2.  CONTROL  DATA  FOR  THE  RUN
--------------------------------------------------------------------------------

default_name                                                                    

General flags:
     imin    =       0, nmropt  =       0

Nature and format of input:
     ntx     =       5, irest   =       1, ntrx    =       1

Nature and format of output:
     ntxo    =       2, ntpr    =    1000, ntrx    =       1, ntwr    =  100000
     iwrap   =       0, ntwx    =    1000, ntwv    =       0, ntwe    =       0
     ioutfm  =       1, ntwprt  =       0, idecomp =       0, rbornstat=      0

Potential function:
     ntf     =       2, ntb     =       2, igb     =       0, nsnb    =      25
     ipol    =       0, gbsa    =       0, iesp    =       0
     dielc   =   1.00000, cut     =   8.00000, intdiel =   1.00000

Frozen or restrained atoms:
     ibelly  =       0, ntr     =       0

Molecular dynamics:
     nstlim  =     50000, nscm    =      1000, nrespa  =         1
     t       =   0.00000, dt      =   0.00200, vlimit  =  -1.00000

Langevin dynamics temperature regulation:
     ig      =  310725
     temp0   = 300.00000, tempi   =   0.00000, gamma_ln=   1.00000

Pressure regulation:
     ntp     =       1
     pres0   =   1.00000, comp    =  44.60000, taup    =   1.00000
     Monte-Carlo Barostat:
     mcbarint  =     100

SHAKE:
     ntc     =       2, jfastw  =       0
     tol     =   0.00001

| Intermolecular bonds treatment:
|     no_intermolecular_bonds =       1

| Energy averages sample interval:
|     ene_avg_sampling =    1000

Ewald parameters:
     verbose =       0, ew_type =       0, nbflag  =       1, use_pme =       1
     vdwmeth =       1, eedmeth =       1, netfrc  =       1
     Box X =   42.127   Box Y =   42.127   Box Z =   42.127
     Alpha =  109.471   Beta  =  109.471   Gamma =  109.471
     NFFT1 =   48       NFFT2 =   48       NFFT3 =   48
     Cutoff=    8.000   Tol   =0.100E-04
     Ewald Coefficient =  0.34864
     Interpolation order =    4

--------------------------------------------------------------------------------
   3.  ATOMIC COORDINATES AND VELOCITIES
--------------------------------------------------------------------------------

default_name                                                                    
 begin time read from input coords =  1100.000 ps

 
 Number of triangulated 3-point waters found:     1822

     Sum of charges from parm topology file =  -0.00000001
     Forcing neutrality...

| Dynamic Memory, Types Used:
| Reals              348404
| Integers           168083

| Nonbonded Pairs Initial Allocation:      963901

| GPU memory information (estimate):
| KB of GPU memory in use:     38266
| KB of CPU memory in use:     10138

--------------------------------------------------------------------------------
   4.  RESULTS
--------------------------------------------------------------------------------

 ---------------------------------------------------
 APPROXIMATING switch and d/dx switch using CUBIC SPLINE INTERPOLATION
 using   5000.0 points per unit in tabled values
 TESTING RELATIVE ERROR over r ranging from 0.0 to cutoff
| CHECK switch(x): max rel err =   0.2738E-14   at   2.422500
| CHECK d/dx switch(x): max rel err =   0.8332E-11   at   2.782960
 ---------------------------------------------------
|---------------------------------------------------
| APPROXIMATING direct energy using CUBIC SPLINE INTERPOLATION
|  with   50.0 points per unit in tabled values
| Relative Error Limit not exceeded for r .gt.   2.47
| APPROXIMATING direct force using CUBIC SPLINE INTERPOLATION
|  with   50.0 points per unit in tabled values
| Relative Error Limit not exceeded for r .gt.   2.89
|---------------------------------------------------
| Attempting MC barostat change: Failed
| Attempting MC barostat change: Failed
| Attempting MC barostat change: Failed
| Attempting MC barostat change: Succeeded
| Attempting MC barostat change: Failed
| Attempting MC barostat change: Succeeded
| Attempting MC barostat change: Succeeded
| Attempting MC barostat change: Succeeded
| Attempting MC barostat change: Failed
| Attempting MC barostat change: Failed

 NSTEP =     1000   TIME(PS) =    1102.000  TEMP(K) =   293.14  PRESS =     0.0
 Etot   =    -14527.8779  EKtot   =      3406.9531  EPtot      =    -17934.8310
 BOND   =        63.2591  ANGLE   =       169.2773  DIHED      =       239.9092
 1-4 NB =        64.0109  1-4 EEL =       857.0554  VDWAALS    =      2471.9452
 EELEC  =    -21800.2881  EHBOND  =         0.0000  RESTRAINT  =         0.0000
 EKCMT  =         0.0000  VIRIAL  =         0.0000  VOLUME     =     57729.8264
                                                    Density    =         1.0076
 ------------------------------------------------------------------------------

| Attempting MC barostat change: Succeeded
| Attempting MC barostat change: Succeeded
| Attempting MC barostat change: Failed
| Attempting MC barostat change: Failed
| Attempting MC barostat change: Failed
| Attempting MC barostat change: Succeeded
| Attempting MC barostat change: Succeeded
| Attempting MC barostat change: Failed
| Attempting MC barostat change: Failed
| Attempting MC barostat change: Failed

 NSTEP =     2000   TIME(PS) =    1104.000  TEMP(K) =   300.07  PRESS =     0.0
 Etot   =    -14658.7705  EKtot   =      3487.4556  EPtot      =    -18146.2261
 BOND   =        55.4357  ANGLE   =       134.7343  DIHED      =       249.3148
 1-4 NB =        66.6262  1-4 EEL =       868.2182  VDWAALS    =      2505.3449
 EELEC  =    -22025.9002  EHBOND  =         0.0000  RESTRAINT  =         0.0000
 EKCMT  =         0.0000  VIRIAL  =         0.0000  VOLUME     =     57624.2273
                                                    Density    =         1.0095
 ------------------------------------------------------------------------------

| Attempting MC barostat change: Failed
| Attempting MC barostat change: Failed
| Attempting MC barostat change: Succeeded
| Attempting MC barostat change: Succeeded
| Attempting MC barostat change: Failed
| Attempting MC barostat change: Failed
| Attempting MC barostat change: Failed
| Attempting MC barostat change: Failed
| Attempting MC barostat change: Failed
| Attempting MC barostat change: Succeeded

 NSTEP =     3000   TIME(PS) =    1106.000  TEMP(K) =   297.72  PRESS =     0.0
 Etot   =    -14552.8488  EKtot   =      3460.1123  EPtot      =    -18012.9611
 BOND   =        65.6228  ANGLE   =       152.1381  DIHED      =       239.9039
 1-4 NB =        67.7219  1-4 EEL =       870.6844  VDWAALS    =      2371.2715
 EELEC  =    -21780.3036  EHBOND  =         0.0000  RESTRAINT  =         0.0000
 EKCMT  =         0.0000  VIRIAL  =         0.0000  VOLUME     =     57525.5915
                                                    Density    =         1.0112
 ------------------------------------------------------------------------------

| Attempting MC barostat change: Succeeded
| Attempting MC barostat change: Failed
| Attempting MC barostat change: Succeeded
| Attempting MC barostat change: Succeeded
| Attempting MC barostat change: Succeeded
| Attempting MC barostat change: Failed
| Attempting MC barostat change: Failed
| Attempting MC barostat change: Failed
| Attempting MC barostat change: Failed
| Attempting MC barostat change: Failed

 NSTEP =     4000   TIME(PS) =    1108.000  TEMP(K) =   300.03  PRESS =     0.0
 Etot   =    -14582.7800  EKtot   =      3486.9592  EPtot      =    -18069.7392
 BOND   =        53.8955  ANGLE   =       153.7838  DIHED      =       253.3447
 1-4 NB =        70.6479  1-4 EEL =       872.3659  VDWAALS    =      2446.5385
 EELEC  =    -21920.3155  EHBOND  =         0.0000  RESTRAINT  =         0.0000
 EKCMT  =         0.0000  VIRIAL  =         0.0000  VOLUME     =     57534.8042
                                                    Density    =         1.0111
 ------------------------------------------------------------------------------

| Attempting MC barostat change: Failed
| Attempting MC barostat change: Failed
| Attempting MC barostat change: Failed
| Attempting MC barostat change: Failed
| Attempting MC barostat change: Succeeded
| Attempting MC barostat change: Succeeded
| Attempting MC barostat change: Succeeded
| Attempting MC barostat change: Failed
| Attempting MC barostat change: Succeeded
| Attempting MC barostat change: Succeeded

 NSTEP =     5000   TIME(PS) =    1110.000  TEMP(K) =   300.59  PRESS =     0.0
 Etot   =    -14585.0978  EKtot   =      3493.5208  EPtot      =    -18078.6185
 BOND   =        68.5513  ANGLE   =       149.1814  DIHED      =       246.0612
 1-4 NB =        65.6797  1-4 EEL =       886.1922  VDWAALS    =      2436.2276
 EELEC  =    -21930.5120  EHBOND  =         0.0000  RESTRAINT  =         0.0000
 EKCMT  =         0.0000  VIRIAL  =         0.0000  VOLUME     =     57536.7754
                                                    Density    =         1.0110
 ------------------------------------------------------------------------------

| Attempting MC barostat change: Succeeded
| Attempting MC barostat change: Succeeded
| Attempting MC barostat change: Failed
| Attempting MC barostat change: Succeeded
| Attempting MC barostat change: Failed
| Attempting MC barostat change: Failed
| Attempting MC barostat change: Succeeded
| Attempting MC barostat change: Failed
| Attempting MC barostat change: Failed
| Attempting MC barostat change: Succeeded

 NSTEP =     6000   TIME(PS) =    1112.000  TEMP(K) =   298.01  PRESS =     0.0
 Etot   =    -14537.5190  EKtot   =      3463.4482  EPtot      =    -18000.9672
 BOND   =        64.2119  ANGLE   =       144.2390  DIHED      =       254.2995
 1-4 NB =        63.7290  1-4 EEL =       875.9048  VDWAALS    =      2444.7083
 EELEC  =    -21848.0597  EHBOND  =         0.0000  RESTRAINT  =         0.0000
 EKCMT  =         0.0000  VIRIAL  =         0.0000  VOLUME     =     57348.6726
                                                    Density    =         1.0143
 ------------------------------------------------------------------------------

| Attempting MC barostat change: Succeeded
| Attempting MC barostat change: Failed
| Attempting MC barostat change: Succeeded
| Attempting MC barostat change: Failed
| Attempting MC barostat change: Failed
| Attempting MC barostat change: Succeeded
| Attempting MC barostat change: Failed
| Attempting MC barostat change: Succeeded
| Attempting MC barostat change: Failed
| Attempting MC barostat change: Failed

 NSTEP =     7000   TIME(PS) =    1114.000  TEMP(K) =   301.70  PRESS =     0.0
 Etot   =    -14435.3816  EKtot   =      3506.3455  EPtot      =    -17941.7270
 BOND   =        53.8135  ANGLE   =       160.8034  DIHED      =       238.1768
 1-4 NB =        62.3154  1-4 EEL =       873.3719  VDWAALS    =      2405.9196
 EELEC  =    -21736.1275  EHBOND  =         0.0000  RESTRAINT  =         0.0000
 EKCMT  =         0.0000  VIRIAL  =         0.0000  VOLUME     =     57900.3601
                                                    Density    =         1.0047
 ------------------------------------------------------------------------------

| Attempting MC barostat change: Succeeded
| Attempting MC barostat change: Succeeded
| Attempting MC barostat change: Failed
| Attempting MC barostat change: Succeeded
| Attempting MC barostat change: Failed
| Attempting MC barostat change: Failed
| Attempting MC barostat change: Failed
| Attempting MC barostat change: Succeeded
| Attempting MC barostat change: Failed
| Attempting MC barostat change: Succeeded

 NSTEP =     8000   TIME(PS) =    1116.000  TEMP(K) =   303.95  PRESS =     0.0
 Etot   =    -14476.3630  EKtot   =      3532.5083  EPtot      =    -18008.8713
 BOND   =        52.5410  ANGLE   =       148.0758  DIHED      =       250.7013
 1-4 NB =        61.2278  1-4 EEL =       864.5298  VDWAALS    =      2483.9652
 EELEC  =    -21869.9121  EHBOND  =         0.0000  RESTRAINT  =         0.0000
 EKCMT  =         0.0000  VIRIAL  =         0.0000  VOLUME     =     57831.2597
                                                    Density    =         1.0059
 ------------------------------------------------------------------------------

| Attempting MC barostat change: Succeeded
| Attempting MC barostat change: Succeeded
| Attempting MC barostat change: Succeeded
| Attempting MC barostat change: Succeeded
| Attempting MC barostat change: Failed
| Attempting MC barostat change: Succeeded
| Attempting MC barostat change: Failed
| Attempting MC barostat change: Failed
| Attempting MC barostat change: Failed
| Attempting MC barostat change: Failed

 NSTEP =     9000   TIME(PS) =    1118.000  TEMP(K) =   297.43  PRESS =     0.0
 Etot   =    -14635.3093  EKtot   =      3456.7415  EPtot      =    -18092.0507
 BOND   =        60.7599  ANGLE   =       152.6090  DIHED      =       256.2706
 1-4 NB =        67.9008  1-4 EEL =       879.7243  VDWAALS    =      2420.5160
 EELEC  =    -21929.8313  EHBOND  =         0.0000  RESTRAINT  =         0.0000
 EKCMT  =         0.0000  VIRIAL  =         0.0000  VOLUME     =     58202.3040
                                                    Density    =         0.9995
 ------------------------------------------------------------------------------

| Attempting MC barostat change: Failed
| Attempting MC barostat change: Failed
| Attempting MC barostat change: Succeeded
| Attempting MC barostat change: Succeeded
| Attempting MC barostat change: Failed
| Attempting MC barostat change: Failed
| Attempting MC barostat change: Failed
| Attempting MC barostat change: Failed
| Attempting MC barostat change: Failed
| Attempting MC barostat change: Succeeded

 NSTEP =    10000   TIME(PS) =    1120.000  TEMP(K) =   301.97  PRESS =     0.0
 Etot   =    -14686.8036  EKtot   =      3509.5281  EPtot      =    -18196.3317
 BOND   =        48.4135  ANGLE   =       158.1009  DIHED      =       236.5893
 1-4 NB =        70.1741  1-4 EEL =       880.7125  VDWAALS    =      2424.6372
 EELEC  =    -22014.9591  EHBOND  =         0.0000  RESTRAINT  =         0.0000
 EKCMT  =         0.0000  VIRIAL  =         0.0000  VOLUME     =     58244.5129
                                                    Density    =         0.9987
 ------------------------------------------------------------------------------

| Attempting MC barostat change: Failed
| Attempting MC barostat change: Failed
| Attempting MC barostat change: Failed
| Attempting MC barostat change: Failed
| Attempting MC barostat change: Failed
| Attempting MC barostat change: Failed
| Attempting MC barostat change: Failed
| Attempting MC barostat change: Failed
| Attempting MC barostat change: Failed
| Attempting MC barostat change: Failed

 NSTEP =    11000   TIME(PS) =    1122.000  TEMP(K) =   295.24  PRESS =     0.0
 Etot   =    -14579.5685  EKtot   =      3431.2480  EPtot      =    -18010.8166
 BOND   =        74.1161  ANGLE   =       153.6051  DIHED      =       242.0041
 1-4 NB =        66.3692  1-4 EEL =       887.3262  VDWAALS    =      2423.1712
 EELEC  =    -21857.4085  EHBOND  =         0.0000  RESTRAINT  =         0.0000
 EKCMT  =         0.0000  VIRIAL  =         0.0000  VOLUME     =     58244.5129
                                                    Density    =         0.9987
 ------------------------------------------------------------------------------

| Attempting MC barostat change: Failed
| Attempting MC barostat change: Failed
| Attempting MC barostat change: Failed
| Attempting MC barostat change: Failed
| Attempting MC barostat change: Succeeded
| Attempting MC barostat change: Failed
| Attempting MC barostat change: Succeeded
| Attempting MC barostat change: Failed
| Attempting MC barostat change: Succeeded
| Attempting MC barostat change: Failed

 NSTEP =    12000   TIME(PS) =    1124.000  TEMP(K) =   300.42  PRESS =     0.0
 Etot   =    -14625.6646  EKtot   =      3491.4521  EPtot      =    -18117.1168
 BOND   =        48.9083  ANGLE   =       168.4918  DIHED      =       247.3222
 1-4 NB =        67.2318  1-4 EEL =       873.5508  VDWAALS    =      2334.1775
 EELEC  =    -21856.7993  EHBOND  =         0.0000  RESTRAINT  =         0.0000
 EKCMT  =         0.0000  VIRIAL  =         0.0000  VOLUME     =     57979.8867
                                                    Density    =         1.0033
 ------------------------------------------------------------------------------

| Attempting MC barostat change: Succeeded
| Attempting MC barostat change: Succeeded
| Attempting MC barostat change: Succeeded
| Attempting MC barostat change: Succeeded
| Attempting MC barostat change: Succeeded
| Attempting MC barostat change: Succeeded
| Attempting MC barostat change: Failed
| Attempting MC barostat change: Succeeded
| Attempting MC barostat change: Failed
| Attempting MC barostat change: Failed

 NSTEP =    13000   TIME(PS) =    1126.000  TEMP(K) =   297.32  PRESS =     0.0
 Etot   =    -14520.2446  EKtot   =      3455.5000  EPtot      =    -17975.7446
 BOND   =        61.0568  ANGLE   =       160.5751  DIHED      =       247.4869
 1-4 NB =        70.0955  1-4 EEL =       862.5212  VDWAALS    =      2345.9667
 EELEC  =    -21723.4468  EHBOND  =         0.0000  RESTRAINT  =         0.0000
 EKCMT  =         0.0000  VIRIAL  =         0.0000  VOLUME     =     58284.8500
                                                    Density    =         0.9981
 ------------------------------------------------------------------------------

| Attempting MC barostat change: Failed
| Attempting MC barostat change: Failed
| Attempting MC barostat change: Succeeded
| Attempting MC barostat change: Succeeded
| Attempting MC barostat change: Failed
| Attempting MC barostat change: Succeeded
| Attempting MC barostat change: Failed
| Attempting MC barostat change: Failed
| Attempting MC barostat change: Failed
| Attempting MC barostat change: Succeeded

 NSTEP =    14000   TIME(PS) =    1128.000  TEMP(K) =   309.12  PRESS =     0.0
 Etot   =    -14435.2045  EKtot   =      3592.6150  EPtot      =    -18027.8195
 BOND   =        54.9966  ANGLE   =       168.0056  DIHED      =       242.9397
 1-4 NB =        65.0898  1-4 EEL =       873.7306  VDWAALS    =      2412.2772
 EELEC  =    -21844.8590  EHBOND  =         0.0000  RESTRAINT  =         0.0000
 EKCMT  =         0.0000  VIRIAL  =         0.0000  VOLUME     =     57731.2945
                                                    Density    =         1.0076
 ------------------------------------------------------------------------------

| Attempting MC barostat change: Failed
| Attempting MC barostat change: Failed
| Attempting MC barostat change: Failed
| Attempting MC barostat change: Failed
| Attempting MC barostat change: Failed
| Attempting MC barostat change: Failed
| Attempting MC barostat change: Succeeded
| Attempting MC barostat change: Succeeded
| Attempting MC barostat change: Succeeded
| Attempting MC barostat change: Failed

 NSTEP =    15000   TIME(PS) =    1130.000  TEMP(K) =   300.08  PRESS =     0.0
 Etot   =    -14556.5678  EKtot   =      3487.5620  EPtot      =    -18044.1298
 BOND   =        55.6584  ANGLE   =       138.8263  DIHED      =       245.1947
 1-4 NB =        67.9503  1-4 EEL =       878.7217  VDWAALS    =      2427.7872
 EELEC  =    -21858.2683  EHBOND  =         0.0000  RESTRAINT  =         0.0000
 EKCMT  =         0.0000  VIRIAL  =         0.0000  VOLUME     =     57712.8132
                                                    Density    =         1.0079
 ------------------------------------------------------------------------------

| Attempting MC barostat change: Failed
| Attempting MC barostat change: Succeeded
| Attempting MC barostat change: Failed
| Attempting MC barostat change: Succeeded
| Attempting MC barostat change: Succeeded
| Attempting MC barostat change: Failed
| Attempting MC barostat change: Failed
| Attempting MC barostat change: Failed
| Attempting MC barostat change: Succeeded
| Attempting MC barostat change: Failed

 NSTEP =    16000   TIME(PS) =    1132.000  TEMP(K) =   302.11  PRESS =     0.0
 Etot   =    -14571.3668  EKtot   =      3511.1157  EPtot      =    -18082.4825
 BOND   =        50.1553  ANGLE   =       144.6900  DIHED      =       246.8677
 1-4 NB =        64.6771  1-4 EEL =       873.5651  VDWAALS    =      2473.2805
 EELEC  =    -21935.7182  EHBOND  =         0.0000  RESTRAINT  =         0.0000
 EKCMT  =         0.0000  VIRIAL  =         0.0000  VOLUME     =     57767.1687
                                                    Density    =         1.0070
 ------------------------------------------------------------------------------

| Attempting MC barostat change: Failed
| Attempting MC barostat change: Succeeded
| Attempting MC barostat change: Failed
| Attempting MC barostat change: Failed
| Attempting MC barostat change: Failed
| Attempting MC barostat change: Failed
| Attempting MC barostat change: Succeeded
| Attempting MC barostat change: Failed
| Attempting MC barostat change: Failed
| Attempting MC barostat change: Succeeded

 NSTEP =    17000   TIME(PS) =    1134.000  TEMP(K) =   299.39  PRESS =     0.0
 Etot   =    -14582.5989  EKtot   =      3479.5054  EPtot      =    -18062.1043
 BOND   =        55.5834  ANGLE   =       166.3992  DIHED      =       251.0482
 1-4 NB =        66.8340  1-4 EEL =       874.0262  VDWAALS    =      2354.0352
 EELEC  =    -21830.0305  EHBOND  =         0.0000  RESTRAINT  =         0.0000
 EKCMT  =         0.0000  VIRIAL  =         0.0000  VOLUME     =     57790.8012
                                                    Density    =         1.0066
 ------------------------------------------------------------------------------

| Attempting MC barostat change: Failed
| Attempting MC barostat change: Failed
| Attempting MC barostat change: Failed
| Attempting MC barostat change: Succeeded
| Attempting MC barostat change: Failed
| Attempting MC barostat change: Failed
| Attempting MC barostat change: Succeeded
| Attempting MC barostat change: Succeeded
| Attempting MC barostat change: Failed
| Attempting MC barostat change: Failed

 NSTEP =    18000   TIME(PS) =    1136.000  TEMP(K) =   299.39  PRESS =     0.0
 Etot   =    -14526.6584  EKtot   =      3479.5327  EPtot      =    -18006.1911
 BOND   =        56.5883  ANGLE   =       155.5095  DIHED      =       249.6240
 1-4 NB =        68.5084  1-4 EEL =       878.0003  VDWAALS    =      2413.5408
 EELEC  =    -21827.9624  EHBOND  =         0.0000  RESTRAINT  =         0.0000
 EKCMT  =         0.0000  VIRIAL  =         0.0000  VOLUME     =     57886.8815
                                                    Density    =         1.0049
 ------------------------------------------------------------------------------

| Attempting MC barostat change: Succeeded
| Attempting MC barostat change: Succeeded
| Attempting MC barostat change: Failed
| Attempting MC barostat change: Failed
| Attempting MC barostat change: Succeeded
| Attempting MC barostat change: Failed
| Attempting MC barostat change: Succeeded
| Attempting MC barostat change: Failed
| Attempting MC barostat change: Failed
| Attempting MC barostat change: Failed

 NSTEP =    19000   TIME(PS) =    1138.000  TEMP(K) =   305.01  PRESS =     0.0
 Etot   =    -14550.5989  EKtot   =      3544.8491  EPtot      =    -18095.4480
 BOND   =        65.2849  ANGLE   =       148.9336  DIHED      =       242.8857
 1-4 NB =        66.5742  1-4 EEL =       860.7909  VDWAALS    =      2508.2738
 EELEC  =    -21988.1909  EHBOND  =         0.0000  RESTRAINT  =         0.0000
 EKCMT  =         0.0000  VIRIAL  =         0.0000  VOLUME     =     57772.6752
                                                    Density    =         1.0069
 ------------------------------------------------------------------------------

| Attempting MC barostat change: Failed
| Attempting MC barostat change: Failed
| Attempting MC barostat change: Failed
| Attempting MC barostat change: Succeeded
| Attempting MC barostat change: Failed
| Attempting MC barostat change: Failed
| Attempting MC barostat change: Failed
| Attempting MC barostat change: Failed
| Attempting MC barostat change: Succeeded
| Attempting MC barostat change: Failed

 NSTEP =    20000   TIME(PS) =    1140.000  TEMP(K) =   303.36  PRESS =     0.0
 Etot   =    -14591.8904  EKtot   =      3525.6936  EPtot      =    -18117.5840
 BOND   =        55.2429  ANGLE   =       144.2406  DIHED      =       239.8556
 1-4 NB =        72.2354  1-4 EEL =       888.4722  VDWAALS    =      2405.3129
 EELEC  =    -21922.9437  EHBOND  =         0.0000  RESTRAINT  =         0.0000
 EKCMT  =         0.0000  VIRIAL  =         0.0000  VOLUME     =     57557.8596
                                                    Density    =         1.0107
 ------------------------------------------------------------------------------

| Attempting MC barostat change: Succeeded
| Attempting MC barostat change: Failed
| Attempting MC barostat change: Succeeded
| Attempting MC barostat change: Succeeded
| Attempting MC barostat change: Failed
| Attempting MC barostat change: Failed
| Attempting MC barostat change: Succeeded
| Attempting MC barostat change: Failed
| Attempting MC barostat change: Failed
| Attempting MC barostat change: Failed

 NSTEP =    21000   TIME(PS) =    1142.000  TEMP(K) =   291.87  PRESS =     0.0
 Etot   =    -14664.7284  EKtot   =      3392.1897  EPtot      =    -18056.9181
 BOND   =        55.7702  ANGLE   =       159.3034  DIHED      =       255.8702
 1-4 NB =        65.5412  1-4 EEL =       878.9709  VDWAALS    =      2424.8508
 EELEC  =    -21897.2247  EHBOND  =         0.0000  RESTRAINT  =         0.0000
 EKCMT  =         0.0000  VIRIAL  =         0.0000  VOLUME     =     57544.9846
                                                    Density    =         1.0109
 ------------------------------------------------------------------------------

| Attempting MC barostat change: Succeeded
| Attempting MC barostat change: Succeeded
| Attempting MC barostat change: Failed
| Attempting MC barostat change: Failed
| Attempting MC barostat change: Failed
| Attempting MC barostat change: Failed
| Attempting MC barostat change: Succeeded
| Attempting MC barostat change: Failed
| Attempting MC barostat change: Succeeded
| Attempting MC barostat change: Failed

 NSTEP =    22000   TIME(PS) =    1144.000  TEMP(K) =   305.01  PRESS =     0.0
 Etot   =    -14467.0040  EKtot   =      3544.8848  EPtot      =    -18011.8888
 BOND   =        69.9533  ANGLE   =       142.2010  DIHED      =       244.6057
 1-4 NB =        62.1379  1-4 EEL =       868.2486  VDWAALS    =      2339.0640
 EELEC  =    -21738.0994  EHBOND  =         0.0000  RESTRAINT  =         0.0000
 EKCMT  =         0.0000  VIRIAL  =         0.0000  VOLUME     =     57914.7424
                                                    Density    =         1.0044
 ------------------------------------------------------------------------------

| Attempting MC barostat change: Failed
| Attempting MC barostat change: Failed
| Attempting MC barostat change: Succeeded
| Attempting MC barostat change: Failed
| Attempting MC barostat change: Succeeded
| Attempting MC barostat change: Failed
| Attempting MC barostat change: Succeeded
| Attempting MC barostat change: Succeeded
| Attempting MC barostat change: Failed
| Attempting MC barostat change: Succeeded

 NSTEP =    23000   TIME(PS) =    1146.000  TEMP(K) =   300.49  PRESS =     0.0
 Etot   =    -14482.5596  EKtot   =      3492.3088  EPtot      =    -17974.8684
 BOND   =        61.3995  ANGLE   =       162.0495  DIHED      =       243.2608
 1-4 NB =        68.2781  1-4 EEL =       871.6466  VDWAALS    =      2353.4006
 EELEC  =    -21734.9035  EHBOND  =         0.0000  RESTRAINT  =         0.0000
 EKCMT  =         0.0000  VIRIAL  =         0.0000  VOLUME     =     58043.1176
                                                    Density    =         1.0022
 ------------------------------------------------------------------------------

| Attempting MC barostat change: Failed
| Attempting MC barostat change: Failed
| Attempting MC barostat change: Failed
| Attempting MC barostat change: Failed
| Attempting MC barostat change: Succeeded
| Attempting MC barostat change: Failed
| Attempting MC barostat change: Failed
| Attempting MC barostat change: Failed
| Attempting MC barostat change: Succeeded
| Attempting MC barostat change: Failed

 NSTEP =    24000   TIME(PS) =    1148.000  TEMP(K) =   304.47  PRESS =     0.0
 Etot   =    -14392.7901  EKtot   =      3538.5720  EPtot      =    -17931.3622
 BOND   =        62.0720  ANGLE   =       172.0541  DIHED      =       245.7993
 1-4 NB =        64.9503  1-4 EEL =       875.0116  VDWAALS    =      2497.8077
 EELEC  =    -21849.0573  EHBOND  =         0.0000  RESTRAINT  =         0.0000
 EKCMT  =         0.0000  VIRIAL  =         0.0000  VOLUME     =     57729.5193
                                                    Density    =         1.0077
 ------------------------------------------------------------------------------

| Attempting MC barostat change: Succeeded
| Attempting MC barostat change: Succeeded
| Attempting MC barostat change: Failed
| Attempting MC barostat change: Failed
| Attempting MC barostat change: Failed
| Attempting MC barostat change: Failed
| Attempting MC barostat change: Failed
| Attempting MC barostat change: Succeeded
| Attempting MC barostat change: Failed
| Attempting MC barostat change: Failed

 NSTEP =    25000   TIME(PS) =    1150.000  TEMP(K) =   299.66  PRESS =     0.0
 Etot   =    -14495.4584  EKtot   =      3482.6953  EPtot      =    -17978.1537
 BOND   =        60.1489  ANGLE   =       135.3694  DIHED      =       241.6279
 1-4 NB =        64.5940  1-4 EEL =       857.4529  VDWAALS    =      2400.4408
 EELEC  =    -21737.7875  EHBOND  =         0.0000  RESTRAINT  =         0.0000
 EKCMT  =         0.0000  VIRIAL  =         0.0000  VOLUME     =     58114.2181
                                                    Density    =         1.0010
 ------------------------------------------------------------------------------

| Attempting MC barostat change: Failed
| Attempting MC barostat change: Failed
| Attempting MC barostat change: Succeeded
| Attempting MC barostat change: Failed
| Attempting MC barostat change: Failed
| Attempting MC barostat change: Failed
| Attempting MC barostat change: Succeeded
| Attempting MC barostat change: Failed
| Attempting MC barostat change: Succeeded
| Attempting MC barostat change: Failed

 NSTEP =    26000   TIME(PS) =    1152.000  TEMP(K) =   295.65  PRESS =     0.0
 Etot   =    -14731.6120  EKtot   =      3436.0962  EPtot      =    -18167.7082
 BOND   =        59.7629  ANGLE   =       146.0371  DIHED      =       240.9614
 1-4 NB =        66.5154  1-4 EEL =       862.4310  VDWAALS    =      2411.6735
 EELEC  =    -21955.0896  EHBOND  =         0.0000  RESTRAINT  =         0.0000
 EKCMT  =         0.0000  VIRIAL  =         0.0000  VOLUME     =     57334.6262
                                                    Density    =         1.0146
 ------------------------------------------------------------------------------

| Attempting MC barostat change: Failed
| Attempting MC barostat change: Succeeded
| Attempting MC barostat change: Failed
| Attempting MC barostat change: Failed
| Attempting MC barostat change: Succeeded
| Attempting MC barostat change: Succeeded
| Attempting MC barostat change: Failed
| Attempting MC barostat change: Failed
| Attempting MC barostat change: Failed
| Attempting MC barostat change: Failed

 NSTEP =    27000   TIME(PS) =    1154.000  TEMP(K) =   295.45  PRESS =     0.0
 Etot   =    -14632.9691  EKtot   =      3433.7556  EPtot      =    -18066.7247
 BOND   =        59.0640  ANGLE   =       148.1278  DIHED      =       243.5050
 1-4 NB =        63.9518  1-4 EEL =       865.2877  VDWAALS    =      2403.9212
 EELEC  =    -21850.5823  EHBOND  =         0.0000  RESTRAINT  =         0.0000
 EKCMT  =         0.0000  VIRIAL  =         0.0000  VOLUME     =     57738.1038
                                                    Density    =         1.0075
 ------------------------------------------------------------------------------

| Attempting MC barostat change: Failed
| Attempting MC barostat change: Failed
| Attempting MC barostat change: Succeeded
| Attempting MC barostat change: Failed
| Attempting MC barostat change: Failed
| Attempting MC barostat change: Succeeded
| Attempting MC barostat change: Succeeded
| Attempting MC barostat change: Failed
| Attempting MC barostat change: Succeeded
| Attempting MC barostat change: Failed

 NSTEP =    28000   TIME(PS) =    1156.000  TEMP(K) =   299.22  PRESS =     0.0
 Etot   =    -14474.6796  EKtot   =      3477.5713  EPtot      =    -17952.2509
 BOND   =        58.4077  ANGLE   =       158.8556  DIHED      =       238.0311
 1-4 NB =        69.0581  1-4 EEL =       859.5970  VDWAALS    =      2332.0175
 EELEC  =    -21668.2180  EHBOND  =         0.0000  RESTRAINT  =         0.0000
 EKCMT  =         0.0000  VIRIAL  =         0.0000  VOLUME     =     57999.7378
                                                    Density    =         1.0030
 ------------------------------------------------------------------------------

| Attempting MC barostat change: Failed
| Attempting MC barostat change: Failed
| Attempting MC barostat change: Failed
| Attempting MC barostat change: Succeeded
| Attempting MC barostat change: Failed
| Attempting MC barostat change: Succeeded
| Attempting MC barostat change: Succeeded
| Attempting MC barostat change: Succeeded
| Attempting MC barostat change: Failed
| Attempting MC barostat change: Succeeded

 NSTEP =    29000   TIME(PS) =    1158.000  TEMP(K) =   298.10  PRESS =     0.0
 Etot   =    -14609.3262  EKtot   =      3464.6006  EPtot      =    -18073.9268
 BOND   =        62.6376  ANGLE   =       157.1124  DIHED      =       241.8331
 1-4 NB =        66.4690  1-4 EEL =       883.7370  VDWAALS    =      2377.9130
 EELEC  =    -21863.6289  EHBOND  =         0.0000  RESTRAINT  =         0.0000
 EKCMT  =         0.0000  VIRIAL  =         0.0000  VOLUME     =     58320.5307
                                                    Density    =         0.9974
 ------------------------------------------------------------------------------

| Attempting MC barostat change: Failed
| Attempting MC barostat change: Failed
| Attempting MC barostat change: Succeeded
| Attempting MC barostat change: Succeeded
| Attempting MC barostat change: Failed
| Attempting MC barostat change: Failed
| Attempting MC barostat change: Failed
| Attempting MC barostat change: Failed
| Attempting MC barostat change: Succeeded
| Attempting MC barostat change: Failed

 NSTEP =    30000   TIME(PS) =    1160.000  TEMP(K) =   305.97  PRESS =     0.0
 Etot   =    -14524.7393  EKtot   =      3555.9702  EPtot      =    -18080.7096
 BOND   =        57.9019  ANGLE   =       157.0160  DIHED      =       243.6549
 1-4 NB =        65.6811  1-4 EEL =       872.6260  VDWAALS    =      2291.0598
 EELEC  =    -21768.6492  EHBOND  =         0.0000  RESTRAINT  =         0.0000
 EKCMT  =         0.0000  VIRIAL  =         0.0000  VOLUME     =     57874.1864
                                                    Density    =         1.0051
 ------------------------------------------------------------------------------

| Attempting MC barostat change: Succeeded
| Attempting MC barostat change: Failed
| Attempting MC barostat change: Failed
| Attempting MC barostat change: Failed
| Attempting MC barostat change: Failed
| Attempting MC barostat change: Succeeded
| Attempting MC barostat change: Failed
| Attempting MC barostat change: Failed
| Attempting MC barostat change: Failed
| Attempting MC barostat change: Failed

 NSTEP =    31000   TIME(PS) =    1162.000  TEMP(K) =   302.22  PRESS =     0.0
 Etot   =    -14483.3975  EKtot   =      3512.4734  EPtot      =    -17995.8708
 BOND   =        51.9318  ANGLE   =       154.8123  DIHED      =       237.8120
 1-4 NB =        67.0923  1-4 EEL =       878.1048  VDWAALS    =      2482.1894
 EELEC  =    -21867.8134  EHBOND  =         0.0000  RESTRAINT  =         0.0000
 EKCMT  =         0.0000  VIRIAL  =         0.0000  VOLUME     =     57958.9006
                                                    Density    =         1.0037
 ------------------------------------------------------------------------------

| Attempting MC barostat change: Succeeded
| Attempting MC barostat change: Failed
| Attempting MC barostat change: Failed
| Attempting MC barostat change: Failed
| Attempting MC barostat change: Failed
| Attempting MC barostat change: Failed
| Attempting MC barostat change: Failed
| Attempting MC barostat change: Succeeded
| Attempting MC barostat change: Failed
| Attempting MC barostat change: Failed

 NSTEP =    32000   TIME(PS) =    1164.000  TEMP(K) =   301.90  PRESS =     0.0
 Etot   =    -14526.0100  EKtot   =      3508.7480  EPtot      =    -18034.7581
 BOND   =        67.9249  ANGLE   =       156.8858  DIHED      =       245.7203
 1-4 NB =        64.5763  1-4 EEL =       859.4926  VDWAALS    =      2406.4929
 EELEC  =    -21835.8510  EHBOND  =         0.0000  RESTRAINT  =         0.0000
 EKCMT  =         0.0000  VIRIAL  =         0.0000  VOLUME     =     57763.5464
                                                    Density    =         1.0071
 ------------------------------------------------------------------------------

| Attempting MC barostat change: Failed
| Attempting MC barostat change: Failed
| Attempting MC barostat change: Succeeded
| Attempting MC barostat change: Failed
| Attempting MC barostat change: Failed
| Attempting MC barostat change: Failed
| Attempting MC barostat change: Failed
| Attempting MC barostat change: Succeeded
| Attempting MC barostat change: Succeeded
| Attempting MC barostat change: Succeeded

 NSTEP =    33000   TIME(PS) =    1166.000  TEMP(K) =   295.76  PRESS =     0.0
 Etot   =    -14639.3772  EKtot   =      3437.3682  EPtot      =    -18076.7454
 BOND   =        60.5359  ANGLE   =       159.4721  DIHED      =       233.6880
 1-4 NB =        66.1545  1-4 EEL =       872.1013  VDWAALS    =      2379.9161
 EELEC  =    -21848.6131  EHBOND  =         0.0000  RESTRAINT  =         0.0000
 EKCMT  =         0.0000  VIRIAL  =         0.0000  VOLUME     =     58229.0810
                                                    Density    =         0.9990
 ------------------------------------------------------------------------------

| Attempting MC barostat change: Failed
| Attempting MC barostat change: Succeeded
| Attempting MC barostat change: Succeeded
| Attempting MC barostat change: Failed
| Attempting MC barostat change: Succeeded
| Attempting MC barostat change: Failed
| Attempting MC barostat change: Failed
| Attempting MC barostat change: Failed
| Attempting MC barostat change: Succeeded
| Attempting MC barostat change: Succeeded

 NSTEP =    34000   TIME(PS) =    1168.000  TEMP(K) =   299.33  PRESS =     0.0
 Etot   =    -14545.0093  EKtot   =      3478.7981  EPtot      =    -18023.8074
 BOND   =        56.8474  ANGLE   =       162.1045  DIHED      =       243.2070
 1-4 NB =        63.8534  1-4 EEL =       857.0948  VDWAALS    =      2505.9762
 EELEC  =    -21912.8908  EHBOND  =         0.0000  RESTRAINT  =         0.0000
 EKCMT  =         0.0000  VIRIAL  =         0.0000  VOLUME     =     58410.2168
                                                    Density    =         0.9959
 ------------------------------------------------------------------------------

| Attempting MC barostat change: Failed
| Attempting MC barostat change: Failed
| Attempting MC barostat change: Failed
| Attempting MC barostat change: Succeeded
| Attempting MC barostat change: Failed
| Attempting MC barostat change: Succeeded
| Attempting MC barostat change: Succeeded
| Attempting MC barostat change: Failed
| Attempting MC barostat change: Failed
| Attempting MC barostat change: Succeeded

 NSTEP =    35000   TIME(PS) =    1170.000  TEMP(K) =   299.15  PRESS =     0.0
 Etot   =    -14545.8837  EKtot   =      3476.8018  EPtot      =    -18022.6855
 BOND   =        64.2419  ANGLE   =       159.4769  DIHED      =       250.7479
 1-4 NB =        72.1825  1-4 EEL =       860.8509  VDWAALS    =      2525.4310
 EELEC  =    -21955.6166  EHBOND  =         0.0000  RESTRAINT  =         0.0000
 EKCMT  =         0.0000  VIRIAL  =         0.0000  VOLUME     =     58144.6823
                                                    Density    =         1.0005
 ------------------------------------------------------------------------------

| Attempting MC barostat change: Succeeded
| Attempting MC barostat change: Succeeded
| Attempting MC barostat change: Failed
| Attempting MC barostat change: Failed
| Attempting MC barostat change: Failed
| Attempting MC barostat change: Failed
| Attempting MC barostat change: Failed
| Attempting MC barostat change: Succeeded
| Attempting MC barostat change: Succeeded
| Attempting MC barostat change: Failed

 NSTEP =    36000   TIME(PS) =    1172.000  TEMP(K) =   297.55  PRESS =     0.0
 Etot   =    -14532.5124  EKtot   =      3458.1274  EPtot      =    -17990.6398
 BOND   =        59.4550  ANGLE   =       158.5945  DIHED      =       240.9998
 1-4 NB =        64.4524  1-4 EEL =       851.1865  VDWAALS    =      2375.6982
 EELEC  =    -21741.0262  EHBOND  =         0.0000  RESTRAINT  =         0.0000
 EKCMT  =         0.0000  VIRIAL  =         0.0000  VOLUME     =     57974.6216
                                                    Density    =         1.0034
 ------------------------------------------------------------------------------

| Attempting MC barostat change: Failed
| Attempting MC barostat change: Succeeded
| Attempting MC barostat change: Failed
| Attempting MC barostat change: Succeeded
| Attempting MC barostat change: Failed
| Attempting MC barostat change: Failed
| Attempting MC barostat change: Failed
| Attempting MC barostat change: Failed
| Attempting MC barostat change: Succeeded
| Attempting MC barostat change: Failed

 NSTEP =    37000   TIME(PS) =    1174.000  TEMP(K) =   297.70  PRESS =     0.0
 Etot   =    -14464.6037  EKtot   =      3459.9482  EPtot      =    -17924.5519
 BOND   =        58.4670  ANGLE   =       150.7056  DIHED      =       242.1606
 1-4 NB =        65.5586  1-4 EEL =       878.8622  VDWAALS    =      2453.6802
 EELEC  =    -21773.9861  EHBOND  =         0.0000  RESTRAINT  =         0.0000
 EKCMT  =         0.0000  VIRIAL  =         0.0000  VOLUME     =     58153.1654
                                                    Density    =         1.0003
 ------------------------------------------------------------------------------

| Attempting MC barostat change: Succeeded
| Attempting MC barostat change: Succeeded
| Attempting MC barostat change: Failed
| Attempting MC barostat change: Succeeded
| Attempting MC barostat change: Failed
| Attempting MC barostat change: Succeeded
| Attempting MC barostat change: Succeeded
| Attempting MC barostat change: Failed
| Attempting MC barostat change: Failed
| Attempting MC barostat change: Failed

 NSTEP =    38000   TIME(PS) =    1176.000  TEMP(K) =   300.20  PRESS =     0.0
 Etot   =    -14560.7816  EKtot   =      3489.0010  EPtot      =    -18049.7826
 BOND   =        62.9803  ANGLE   =       162.3682  DIHED      =       249.8290
 1-4 NB =        65.5391  1-4 EEL =       877.9597  VDWAALS    =      2388.2406
 EELEC  =    -21856.6996  EHBOND  =         0.0000  RESTRAINT  =         0.0000
 EKCMT  =         0.0000  VIRIAL  =         0.0000  VOLUME     =     58142.1332
                                                    Density    =         1.0005
 ------------------------------------------------------------------------------

| Attempting MC barostat change: Succeeded
| Attempting MC barostat change: Succeeded
| Attempting MC barostat change: Failed
| Attempting MC barostat change: Succeeded
| Attempting MC barostat change: Failed
| Attempting MC barostat change: Failed
| Attempting MC barostat change: Succeeded
| Attempting MC barostat change: Succeeded
| Attempting MC barostat change: Failed
| Attempting MC barostat change: Failed

 NSTEP =    39000   TIME(PS) =    1178.000  TEMP(K) =   303.31  PRESS =     0.0
 Etot   =    -14568.1201  EKtot   =      3525.0581  EPtot      =    -18093.1782
 BOND   =        59.2647  ANGLE   =       147.8591  DIHED      =       248.3310
 1-4 NB =        68.0445  1-4 EEL =       873.3472  VDWAALS    =      2382.6029
 EELEC  =    -21872.6276  EHBOND  =         0.0000  RESTRAINT  =         0.0000
 EKCMT  =         0.0000  VIRIAL  =         0.0000  VOLUME     =     57477.1543
                                                    Density    =         1.0121
 ------------------------------------------------------------------------------

| Attempting MC barostat change: Succeeded
| Attempting MC barostat change: Succeeded
| Attempting MC barostat change: Succeeded
| Attempting MC barostat change: Succeeded
| Attempting MC barostat change: Failed
| Attempting MC barostat change: Failed
| Attempting MC barostat change: Failed
| Attempting MC barostat change: Succeeded
| Attempting MC barostat change: Failed
| Attempting MC barostat change: Failed

 NSTEP =    40000   TIME(PS) =    1180.000  TEMP(K) =   301.87  PRESS =     0.0
 Etot   =    -14437.9798  EKtot   =      3508.3367  EPtot      =    -17946.3164
 BOND   =        55.2819  ANGLE   =       159.5549  DIHED      =       242.3661
 1-4 NB =        65.8588  1-4 EEL =       872.5010  VDWAALS    =      2433.5962
 EELEC  =    -21775.4753  EHBOND  =         0.0000  RESTRAINT  =         0.0000
 EKCMT  =         0.0000  VIRIAL  =         0.0000  VOLUME     =     58149.7833
                                                    Density    =         1.0004
 ------------------------------------------------------------------------------

| Attempting MC barostat change: Succeeded
| Attempting MC barostat change: Failed
| Attempting MC barostat change: Failed
| Attempting MC barostat change: Failed
| Attempting MC barostat change: Failed
| Attempting MC barostat change: Failed
| Attempting MC barostat change: Failed
| Attempting MC barostat change: Failed
| Attempting MC barostat change: Failed
| Attempting MC barostat change: Failed

 NSTEP =    41000   TIME(PS) =    1182.000  TEMP(K) =   296.02  PRESS =     0.0
 Etot   =    -14534.8595  EKtot   =      3440.3669  EPtot      =    -17975.2265
 BOND   =        55.5024  ANGLE   =       158.3453  DIHED      =       256.6263
 1-4 NB =        65.7938  1-4 EEL =       876.1292  VDWAALS    =      2373.1181
 EELEC  =    -21760.7415  EHBOND  =         0.0000  RESTRAINT  =         0.0000
 EKCMT  =         0.0000  VIRIAL  =         0.0000  VOLUME     =     58160.5185
                                                    Density    =         1.0002
 ------------------------------------------------------------------------------

| Attempting MC barostat change: Succeeded
| Attempting MC barostat change: Succeeded
| Attempting MC barostat change: Failed
| Attempting MC barostat change: Failed
| Attempting MC barostat change: Succeeded
| Attempting MC barostat change: Succeeded
| Attempting MC barostat change: Failed
| Attempting MC barostat change: Succeeded
| Attempting MC barostat change: Failed
| Attempting MC barostat change: Failed

 NSTEP =    42000   TIME(PS) =    1184.000  TEMP(K) =   291.31  PRESS =     0.0
 Etot   =    -14608.9235  EKtot   =      3385.6606  EPtot      =    -17994.5841
 BOND   =        58.4347  ANGLE   =       145.0885  DIHED      =       246.8145
 1-4 NB =        67.5769  1-4 EEL =       870.7989  VDWAALS    =      2412.4141
 EELEC  =    -21795.7118  EHBOND  =         0.0000  RESTRAINT  =         0.0000
 EKCMT  =         0.0000  VIRIAL  =         0.0000  VOLUME     =     58093.6542
                                                    Density    =         1.0013
 ------------------------------------------------------------------------------

| Attempting MC barostat change: Failed
| Attempting MC barostat change: Succeeded
| Attempting MC barostat change: Succeeded
| Attempting MC barostat change: Succeeded
| Attempting MC barostat change: Failed
| Attempting MC barostat change: Succeeded
| Attempting MC barostat change: Failed
| Attempting MC barostat change: Failed
| Attempting MC barostat change: Succeeded
| Attempting MC barostat change: Failed

 NSTEP =    43000   TIME(PS) =    1186.000  TEMP(K) =   299.09  PRESS =     0.0
 Etot   =    -14590.4679  EKtot   =      3475.9932  EPtot      =    -18066.4611
 BOND   =        50.7811  ANGLE   =       161.5375  DIHED      =       250.5584
 1-4 NB =        68.8722  1-4 EEL =       880.2326  VDWAALS    =      2462.5430
 EELEC  =    -21940.9858  EHBOND  =         0.0000  RESTRAINT  =         0.0000
 EKCMT  =         0.0000  VIRIAL  =         0.0000  VOLUME     =     58285.7427
                                                    Density    =         0.9980
 ------------------------------------------------------------------------------

| Attempting MC barostat change: Failed
| Attempting MC barostat change: Succeeded
| Attempting MC barostat change: Failed
| Attempting MC barostat change: Failed
| Attempting MC barostat change: Failed
| Attempting MC barostat change: Succeeded
| Attempting MC barostat change: Succeeded
| Attempting MC barostat change: Failed
| Attempting MC barostat change: Succeeded
| Attempting MC barostat change: Failed

 NSTEP =    44000   TIME(PS) =    1188.000  TEMP(K) =   297.58  PRESS =     0.0
 Etot   =    -14557.8768  EKtot   =      3458.4827  EPtot      =    -18016.3595
 BOND   =        55.2456  ANGLE   =       157.6345  DIHED      =       239.0390
 1-4 NB =        71.0795  1-4 EEL =       884.2362  VDWAALS    =      2450.5484
 EELEC  =    -21874.1426  EHBOND  =         0.0000  RESTRAINT  =         0.0000
 EKCMT  =         0.0000  VIRIAL  =         0.0000  VOLUME     =     58142.8647
                                                    Density    =         1.0005
 ------------------------------------------------------------------------------

| Attempting MC barostat change: Failed
| Attempting MC barostat change: Succeeded
| Attempting MC barostat change: Succeeded
| Attempting MC barostat change: Failed
| Attempting MC barostat change: Succeeded
| Attempting MC barostat change: Failed
| Attempting MC barostat change: Failed
| Attempting MC barostat change: Succeeded
| Attempting MC barostat change: Failed
| Attempting MC barostat change: Succeeded

 NSTEP =    45000   TIME(PS) =    1190.000  TEMP(K) =   296.50  PRESS =     0.0
 Etot   =    -14600.3810  EKtot   =      3445.9355  EPtot      =    -18046.3166
 BOND   =        55.4244  ANGLE   =       154.4849  DIHED      =       245.7481
 1-4 NB =        69.5562  1-4 EEL =       872.2066  VDWAALS    =      2343.2563
 EELEC  =    -21786.9931  EHBOND  =         0.0000  RESTRAINT  =         0.0000
 EKCMT  =         0.0000  VIRIAL  =         0.0000  VOLUME     =     57879.9408
                                                    Density    =         1.0050
 ------------------------------------------------------------------------------

| Attempting MC barostat change: Succeeded
| Attempting MC barostat change: Failed
| Attempting MC barostat change: Succeeded
| Attempting MC barostat change: Failed
| Attempting MC barostat change: Failed
| Attempting MC barostat change: Failed
| Attempting MC barostat change: Failed
| Attempting MC barostat change: Succeeded
| Attempting MC barostat change: Failed
| Attempting MC barostat change: Failed

 NSTEP =    46000   TIME(PS) =    1192.000  TEMP(K) =   307.19  PRESS =     0.0
 Etot   =    -14413.7093  EKtot   =      3570.2402  EPtot      =    -17983.9495
 BOND   =        59.1110  ANGLE   =       171.5620  DIHED      =       250.6449
 1-4 NB =        64.7807  1-4 EEL =       863.7243  VDWAALS    =      2439.5380
 EELEC  =    -21833.3104  EHBOND  =         0.0000  RESTRAINT  =         0.0000
 EKCMT  =         0.0000  VIRIAL  =         0.0000  VOLUME     =     57880.8213
                                                    Density    =         1.0050
 ------------------------------------------------------------------------------

| Attempting MC barostat change: Failed
| Attempting MC barostat change: Failed
| Attempting MC barostat change: Failed
| Attempting MC barostat change: Failed
| Attempting MC barostat change: Succeeded
| Attempting MC barostat change: Failed
| Attempting MC barostat change: Failed
| Attempting MC barostat change: Failed
| Attempting MC barostat change: Failed
| Attempting MC barostat change: Failed

 NSTEP =    47000   TIME(PS) =    1194.000  TEMP(K) =   294.53  PRESS =     0.0
 Etot   =    -14537.3692  EKtot   =      3423.0029  EPtot      =    -17960.3721
 BOND   =        58.4038  ANGLE   =       159.6545  DIHED      =       251.2233
 1-4 NB =        67.4826  1-4 EEL =       885.6241  VDWAALS    =      2420.6220
 EELEC  =    -21803.3825  EHBOND  =         0.0000  RESTRAINT  =         0.0000
 EKCMT  =         0.0000  VIRIAL  =         0.0000  VOLUME     =     58150.1518
                                                    Density    =         1.0004
 ------------------------------------------------------------------------------

| Attempting MC barostat change: Succeeded
| Attempting MC barostat change: Succeeded
| Attempting MC barostat change: Failed
| Attempting MC barostat change: Failed
| Attempting MC barostat change: Failed
| Attempting MC barostat change: Failed
| Attempting MC barostat change: Succeeded
| Attempting MC barostat change: Succeeded
| Attempting MC barostat change: Succeeded
| Attempting MC barostat change: Failed

 NSTEP =    48000   TIME(PS) =    1196.000  TEMP(K) =   300.07  PRESS =     0.0
 Etot   =    -14531.2231  EKtot   =      3487.3997  EPtot      =    -18018.6228
 BOND   =        56.5684  ANGLE   =       152.8636  DIHED      =       250.0563
 1-4 NB =        68.2876  1-4 EEL =       879.4809  VDWAALS    =      2480.1249
 EELEC  =    -21906.0044  EHBOND  =         0.0000  RESTRAINT  =         0.0000
 EKCMT  =         0.0000  VIRIAL  =         0.0000  VOLUME     =     58461.1179
                                                    Density    =         0.9950
 ------------------------------------------------------------------------------

| Attempting MC barostat change: Failed
| Attempting MC barostat change: Succeeded
| Attempting MC barostat change: Succeeded
| Attempting MC barostat change: Failed
| Attempting MC barostat change: Failed
| Attempting MC barostat change: Failed
| Attempting MC barostat change: Failed
| Attempting MC barostat change: Succeeded
| Attempting MC barostat change: Failed
| Attempting MC barostat change: Failed

 NSTEP =    49000   TIME(PS) =    1198.000  TEMP(K) =   303.19  PRESS =     0.0
 Etot   =    -14613.6453  EKtot   =      3523.7568  EPtot      =    -18137.4022
 BOND   =        55.7749  ANGLE   =       162.0488  DIHED      =       245.4681
 1-4 NB =        65.0449  1-4 EEL =       865.2643  VDWAALS    =      2475.4166
 EELEC  =    -22006.4198  EHBOND  =         0.0000  RESTRAINT  =         0.0000
 EKCMT  =         0.0000  VIRIAL  =         0.0000  VOLUME     =     58131.1408
                                                    Density    =         1.0007
 ------------------------------------------------------------------------------

| Attempting MC barostat change: Failed
| Attempting MC barostat change: Failed
| Attempting MC barostat change: Failed
| Attempting MC barostat change: Succeeded
| Attempting MC barostat change: Failed
| Attempting MC barostat change: Failed
| Attempting MC barostat change: Failed
| Attempting MC barostat change: Succeeded
| Attempting MC barostat change: Failed
| Attempting MC barostat change: Succeeded

 NSTEP =    50000   TIME(PS) =    1200.000  TEMP(K) =   299.60  PRESS =     0.0
 Etot   =    -14545.4006  EKtot   =      3481.9207  EPtot      =    -18027.3213
 BOND   =        58.3930  ANGLE   =       145.9380  DIHED      =       256.7417
 1-4 NB =        61.9674  1-4 EEL =       875.8882  VDWAALS    =      2375.6390
 EELEC  =    -21801.8886  EHBOND  =         0.0000  RESTRAINT  =         0.0000
 EKCMT  =         0.0000  VIRIAL  =         0.0000  VOLUME     =     57746.8536
                                                    Density    =         1.0074
 ------------------------------------------------------------------------------


      A V E R A G E S   O V E R      50 S T E P S


 NSTEP =    50000   TIME(PS) =    1200.000  TEMP(K) =   299.72  PRESS =     0.0
 Etot   =    -14550.6503  EKtot   =      3483.3742  EPtot      =    -18034.0245
 BOND   =        58.6357  ANGLE   =       155.0267  DIHED      =       245.7346
 1-4 NB =        66.5306  1-4 EEL =       872.1912  VDWAALS    =      2418.1618
 EELEC  =    -21850.3051  EHBOND  =         0.0000  RESTRAINT  =         0.0000
 EKCMT  =         0.0000  VIRIAL  =         0.0000  VOLUME     =     57923.1387
                                                    Density    =         1.0043
 ------------------------------------------------------------------------------


      R M S  F L U C T U A T I O N S


 NSTEP =    50000   TIME(PS) =    1200.000  TEMP(K) =     3.70  PRESS =     0.0
 Etot   =        70.7906  EKtot   =        42.9575  EPtot      =        62.2193
 BOND   =         5.2689  ANGLE   =         8.7270  DIHED      =         5.5292
 1-4 NB =         2.5077  1-4 EEL =         8.7626  VDWAALS    =        52.9119
 EELEC  =        81.5473  EHBOND  =         0.0000  RESTRAINT  =         0.0000
 EKCMT  =         0.0000  VIRIAL  =         0.0000  VOLUME     =       277.3255
                                                    Density    =         0.0048
 ------------------------------------------------------------------------------

| MC Barostat:        500 volume changes attempted.
| MC Barostat:        185 changes successful ( 37.00%)
 ------------------------------------------------------------------------------

--------------------------------------------------------------------------------
   5.  TIMINGS
--------------------------------------------------------------------------------

|  NonSetup CPU Time in Major Routines:
|
|     Routine           Sec        %
|     ------------------------------
|     Nonbond           6.34   28.33
|     Bond              0.00    0.00
|     Angle             0.00    0.00
|     Dihedral          0.00    0.00
|     Shake             0.45    2.00
|     RunMD            15.42   68.90
|     Other             0.17    0.77
|     ------------------------------
|     Total            22.38

|  PME Nonbond Pairlist CPU Time:
|
|     Routine              Sec        %
|     ---------------------------------
|     Set Up Cit           0.00    0.00
|     Build List           0.00    0.00
|     ---------------------------------
|     Total                0.00    0.00

|  PME Direct Force CPU Time:
|
|     Routine              Sec        %
|     ---------------------------------
|     NonBonded Calc       0.00    0.00
|     Exclude Masked       0.00    0.00
|     Other                0.03    0.13
|     ---------------------------------
|     Total                0.03    0.13

|  PME Reciprocal Force CPU Time:
|
|     Routine              Sec        %
|     ---------------------------------
|     1D bspline           0.00    0.00
|     Grid Charges         0.00    0.00
|     Scalar Sum           0.00    0.00
|     Gradient Sum         0.00    0.00
|     FFT                  0.00    0.00
|     ---------------------------------
|     Total                0.00    0.00

|  Final Performance Info:
|     -----------------------------------------------------
|     Average timings for last   49000 steps:
|         Elapsed(s) =      21.91 Per Step(ms) =       0.45
|             ns/day =     386.46   seconds/ns =     223.57
|
|     Average timings for all steps:
|         Elapsed(s) =      22.38 Per Step(ms) =       0.45
|             ns/day =     386.15   seconds/ns =     223.75
|     -----------------------------------------------------

|  Setup CPU time:            1.56 seconds
|  NonSetup CPU time:        22.38 seconds
|  Total CPU time:           23.94 seconds     0.01 hours

|  Setup wall time:           2    seconds
|  NonSetup wall time:       22    seconds
|  Total wall time:          24    seconds     0.01 hours
