
          -------------------------------------------------------
          Amber 14 SANDER                              2014
          -------------------------------------------------------

| PMEMD implementation of SANDER, Release 14

| Run on 06/01/2016 at 11:58:58

|   Executable path: pmemd.cuda
| Working directory: /mnt/lustre_fs/users/workshop_1/joebaker/day7/day7/trpcage/runsim/prod
|          Hostname: gpu-compute2

  [-O]verwriting output

File Assignments:
|   MDIN: prod.in                                                               
|  MDOUT: prod.3.out                                                            
| INPCRD: prod.2.rst7                                                           
|   PARM: ../../tleap/trpcage.parm7                                             
| RESTRT: prod.3.rst7                                                           
|   REFC: refc                                                                  
|  MDVEL: mdvel                                                                 
|   MDEN: mden                                                                  
|  MDCRD: prod.3.nc                                                             
| MDINFO: mdinfo                                                                
|  MDFRC: mdfrc                                                                 


 Here is the input file:

NPT prod                                                                       
 &cntrl                                                                        
  imin=0, ! Not a minimization run                                             
  ntx=5, ! Read coordinates and velocities from restart file                   
  irest=1, ! Restart from previous, expecting velocities                       
  ntxo=2, ! The final coords, velocities, box size in NetCDF                   
  ioutfm=1, ! Print mdcrd to NetCDF format                                     
  ntwr=100000, ! Very high value for how often restart file is written         
  nstlim=50000 ! 100 ps of NPT equilibration                                   
  dt=0.002, ! Time step in picoseconds, so this is 2 fs                        
  ntf=2, ! Do not calc the force for SHAKE constrained bonds                   
  ntc=2, ! Use SHAKE for all hydrogen bonds                                    
  temp0=300.0, ! Thermostat temperature, Run at this temperature               
  ntpr=1000, ! How often to print                                              
  ntwx=1000, ! Write coordinates every 2 ps                                    
  cut=8.0, ! Nonbonded cutoff                                                  
  ntb=2, ! Use PBC and constant pressure                                       
  ntp=1, ! Isotropic pressure scaling                                          
  barostat=2, ! Use Monte Carlo barostat                                       
  taup=1, ! Pressure relaxation time                                           
  ntt=3, ! Use the Lengevin thermostat                                         
  gamma_ln=1.0, ! Frequency of collisions for thermostat                       
  ig=-1, ! Randomize seed for Langevin thermostat                              
 /                                                                             


Note: ig = -1. Setting random seed to   979521 based on wallclock time in 
      microseconds.
 
|--------------------- INFORMATION ----------------------
| GPU (CUDA) Version of PMEMD in use: NVIDIA GPU IN USE.
|                    Version 14.0.1
| 
|                      06/20/2014
| 
| Implementation by:
|                    Ross C. Walker     (SDSC)
|                    Scott Le Grand     (nVIDIA)
| 
| CAUTION: The CUDA code is currently experimental.
|          You use it at your own risk. Be sure to
|          check ALL results carefully.
| 
| Precision model in use:
|      [SPFP] - Mixed Single/Double/Fixed Point Precision.
|               (Default)
| 
|--------------------------------------------------------
 
|----------------- CITATION INFORMATION -----------------
|
|    When publishing work that utilized the CUDA version
|    of AMBER, please cite the following in addition to
|    the regular AMBER citations:
|
|  - Romelia Salomon-Ferrer; Andreas W. Goetz; Duncan
|    Poole; Scott Le Grand; Ross C. Walker "Routine
|    microsecond molecular dynamics simulations with
|    AMBER - Part II: Particle Mesh Ewald", J. Chem.
|    Theory Comput., 2013, 9 (9), pp3878-3888,
|    DOI: 10.1021/ct400314y.
|
|  - Andreas W. Goetz; Mark J. Williamson; Dong Xu;
|    Duncan Poole; Scott Le Grand; Ross C. Walker
|    "Routine microsecond molecular dynamics simulations
|    with AMBER - Part I: Generalized Born", J. Chem.
|    Theory Comput., 2012, 8 (5), pp1542-1555.
|
|  - Scott Le Grand; Andreas W. Goetz; Ross C. Walker
|    "SPFP: Speed without compromise - a mixed precision
|    model for GPU accelerated molecular dynamics
|    simulations.", Comp. Phys. Comm., 2013, 184
|    pp374-380, DOI: 10.1016/j.cpc.2012.09.022
|
|--------------------------------------------------------
 
|------------------- GPU DEVICE INFO --------------------
|
|            CUDA_VISIBLE_DEVICES: 0
|   CUDA Capable Devices Detected:      1
|           CUDA Device ID in use:      0
|                CUDA Device Name: GeForce GTX TITAN X
|     CUDA Device Global Mem Size:  12287 MB
| CUDA Device Num Multiprocessors:     24
|           CUDA Device Core Freq:   1.08 GHz
|
|--------------------------------------------------------
 
 
| Conditional Compilation Defines Used:
| PUBFFT
| BINTRAJ
| CUDA
| EMIL

| Largest sphere to fit in unit cell has radius =    17.215

| New format PARM file being parsed.
| Version =    1.000 Date = 06/01/16 Time = 08:32:47

| Note: 1-4 EEL scale factors are being read from the topology file.

| Note: 1-4 VDW scale factors are being read from the topology file.
| Duplicated    0 dihedrals

| Duplicated    0 dihedrals

--------------------------------------------------------------------------------
   1.  RESOURCE   USE: 
--------------------------------------------------------------------------------

 getting box info from netcdf restart file
 NATOM  =    5771 NTYPES =      15 NBONH =    5616 MBONA  =     160
 NTHETH =     346 MTHETA =     219 NPHIH =     700 MPHIA  =     653
 NHPARM =       0 NPARM  =       0 NNB   =    8990 NRES   =    1843
 NBONA  =     160 NTHETA =     219 NPHIA =     653 NUMBND =      55
 NUMANG =     124 NPTRA  =     137 NATYP =      29 NPHB   =       1
 IFBOX  =       2 NMXRS  =      24 IFCAP =       0 NEXTRA =       0
 NCOPY  =       0

| Coordinate Index Table dimensions:     8    8    8
| Direct force subcell size =     5.2710    5.2710    5.2710

     BOX TYPE: TRUNCATED OCTAHEDRON

--------------------------------------------------------------------------------
   2.  CONTROL  DATA  FOR  THE  RUN
--------------------------------------------------------------------------------

default_name                                                                    

General flags:
     imin    =       0, nmropt  =       0

Nature and format of input:
     ntx     =       5, irest   =       1, ntrx    =       1

Nature and format of output:
     ntxo    =       2, ntpr    =    1000, ntrx    =       1, ntwr    =  100000
     iwrap   =       0, ntwx    =    1000, ntwv    =       0, ntwe    =       0
     ioutfm  =       1, ntwprt  =       0, idecomp =       0, rbornstat=      0

Potential function:
     ntf     =       2, ntb     =       2, igb     =       0, nsnb    =      25
     ipol    =       0, gbsa    =       0, iesp    =       0
     dielc   =   1.00000, cut     =   8.00000, intdiel =   1.00000

Frozen or restrained atoms:
     ibelly  =       0, ntr     =       0

Molecular dynamics:
     nstlim  =     50000, nscm    =      1000, nrespa  =         1
     t       =   0.00000, dt      =   0.00200, vlimit  =  -1.00000

Langevin dynamics temperature regulation:
     ig      =  979521
     temp0   = 300.00000, tempi   =   0.00000, gamma_ln=   1.00000

Pressure regulation:
     ntp     =       1
     pres0   =   1.00000, comp    =  44.60000, taup    =   1.00000
     Monte-Carlo Barostat:
     mcbarint  =     100

SHAKE:
     ntc     =       2, jfastw  =       0
     tol     =   0.00001

| Intermolecular bonds treatment:
|     no_intermolecular_bonds =       1

| Energy averages sample interval:
|     ene_avg_sampling =    1000

Ewald parameters:
     verbose =       0, ew_type =       0, nbflag  =       1, use_pme =       1
     vdwmeth =       1, eedmeth =       1, netfrc  =       1
     Box X =   42.168   Box Y =   42.168   Box Z =   42.168
     Alpha =  109.471   Beta  =  109.471   Gamma =  109.471
     NFFT1 =   48       NFFT2 =   48       NFFT3 =   48
     Cutoff=    8.000   Tol   =0.100E-04
     Ewald Coefficient =  0.34864
     Interpolation order =    4

--------------------------------------------------------------------------------
   3.  ATOMIC COORDINATES AND VELOCITIES
--------------------------------------------------------------------------------

default_name                                                                    
 begin time read from input coords =  1000.000 ps

 
 Number of triangulated 3-point waters found:     1822

     Sum of charges from parm topology file =  -0.00000001
     Forcing neutrality...

| Dynamic Memory, Types Used:
| Reals              348404
| Integers           168083

| Nonbonded Pairs Initial Allocation:      963901

| GPU memory information (estimate):
| KB of GPU memory in use:     38266
| KB of CPU memory in use:     10138

--------------------------------------------------------------------------------
   4.  RESULTS
--------------------------------------------------------------------------------

 ---------------------------------------------------
 APPROXIMATING switch and d/dx switch using CUBIC SPLINE INTERPOLATION
 using   5000.0 points per unit in tabled values
 TESTING RELATIVE ERROR over r ranging from 0.0 to cutoff
| CHECK switch(x): max rel err =   0.2738E-14   at   2.422500
| CHECK d/dx switch(x): max rel err =   0.8332E-11   at   2.782960
 ---------------------------------------------------
|---------------------------------------------------
| APPROXIMATING direct energy using CUBIC SPLINE INTERPOLATION
|  with   50.0 points per unit in tabled values
| Relative Error Limit not exceeded for r .gt.   2.47
| APPROXIMATING direct force using CUBIC SPLINE INTERPOLATION
|  with   50.0 points per unit in tabled values
| Relative Error Limit not exceeded for r .gt.   2.89
|---------------------------------------------------
| Attempting MC barostat change: Failed
| Attempting MC barostat change: Failed
| Attempting MC barostat change: Succeeded
| Attempting MC barostat change: Failed
| Attempting MC barostat change: Succeeded
| Attempting MC barostat change: Succeeded
| Attempting MC barostat change: Failed
| Attempting MC barostat change: Failed
| Attempting MC barostat change: Failed
| Attempting MC barostat change: Failed

 NSTEP =     1000   TIME(PS) =    1002.000  TEMP(K) =   305.97  PRESS =     0.0
 Etot   =    -14528.7854  EKtot   =      3556.0171  EPtot      =    -18084.8025
 BOND   =        54.4874  ANGLE   =       158.4003  DIHED      =       252.1832
 1-4 NB =        72.5916  1-4 EEL =       883.6371  VDWAALS    =      2335.8487
 EELEC  =    -21841.9506  EHBOND  =         0.0000  RESTRAINT  =         0.0000
 EKCMT  =         0.0000  VIRIAL  =         0.0000  VOLUME     =     57724.4985
                                                    Density    =         1.0077
 ------------------------------------------------------------------------------

| Attempting MC barostat change: Failed
| Attempting MC barostat change: Succeeded
| Attempting MC barostat change: Succeeded
| Attempting MC barostat change: Failed
| Attempting MC barostat change: Failed
| Attempting MC barostat change: Failed
| Attempting MC barostat change: Succeeded
| Attempting MC barostat change: Succeeded
| Attempting MC barostat change: Failed
| Attempting MC barostat change: Succeeded

 NSTEP =     2000   TIME(PS) =    1004.000  TEMP(K) =   302.20  PRESS =     0.0
 Etot   =    -14467.2302  EKtot   =      3512.2363  EPtot      =    -17979.4665
 BOND   =        69.6161  ANGLE   =       166.3139  DIHED      =       258.5649
 1-4 NB =        67.4726  1-4 EEL =       873.2270  VDWAALS    =      2434.3186
 EELEC  =    -21848.9795  EHBOND  =         0.0000  RESTRAINT  =         0.0000
 EKCMT  =         0.0000  VIRIAL  =         0.0000  VOLUME     =     57991.8952
                                                    Density    =         1.0031
 ------------------------------------------------------------------------------

| Attempting MC barostat change: Failed
| Attempting MC barostat change: Succeeded
| Attempting MC barostat change: Succeeded
| Attempting MC barostat change: Failed
| Attempting MC barostat change: Failed
| Attempting MC barostat change: Succeeded
| Attempting MC barostat change: Failed
| Attempting MC barostat change: Failed
| Attempting MC barostat change: Failed
| Attempting MC barostat change: Failed

 NSTEP =     3000   TIME(PS) =    1006.000  TEMP(K) =   298.15  PRESS =     0.0
 Etot   =    -14561.8033  EKtot   =      3465.0901  EPtot      =    -18026.8934
 BOND   =        53.9675  ANGLE   =       166.4777  DIHED      =       255.0086
 1-4 NB =        69.3875  1-4 EEL =       859.7230  VDWAALS    =      2467.2082
 EELEC  =    -21898.6659  EHBOND  =         0.0000  RESTRAINT  =         0.0000
 EKCMT  =         0.0000  VIRIAL  =         0.0000  VOLUME     =     57713.7420
                                                    Density    =         1.0079
 ------------------------------------------------------------------------------

| Attempting MC barostat change: Failed
| Attempting MC barostat change: Failed
| Attempting MC barostat change: Succeeded
| Attempting MC barostat change: Failed
| Attempting MC barostat change: Failed
| Attempting MC barostat change: Failed
| Attempting MC barostat change: Failed
| Attempting MC barostat change: Failed
| Attempting MC barostat change: Succeeded
| Attempting MC barostat change: Failed

 NSTEP =     4000   TIME(PS) =    1008.000  TEMP(K) =   295.54  PRESS =     0.0
 Etot   =    -14490.7315  EKtot   =      3434.7847  EPtot      =    -17925.5162
 BOND   =        78.3951  ANGLE   =       153.1344  DIHED      =       256.2174
 1-4 NB =        63.0869  1-4 EEL =       849.5300  VDWAALS    =      2535.8839
 EELEC  =    -21861.7639  EHBOND  =         0.0000  RESTRAINT  =         0.0000
 EKCMT  =         0.0000  VIRIAL  =         0.0000  VOLUME     =     57564.2697
                                                    Density    =         1.0105
 ------------------------------------------------------------------------------

| Attempting MC barostat change: Failed
| Attempting MC barostat change: Succeeded
| Attempting MC barostat change: Failed
| Attempting MC barostat change: Failed
| Attempting MC barostat change: Succeeded
| Attempting MC barostat change: Failed
| Attempting MC barostat change: Succeeded
| Attempting MC barostat change: Failed
| Attempting MC barostat change: Failed
| Attempting MC barostat change: Failed

 NSTEP =     5000   TIME(PS) =    1010.000  TEMP(K) =   294.37  PRESS =     0.0
 Etot   =    -14644.6408  EKtot   =      3421.1489  EPtot      =    -18065.7897
 BOND   =        64.8030  ANGLE   =       166.3675  DIHED      =       251.5461
 1-4 NB =        62.4803  1-4 EEL =       859.2857  VDWAALS    =      2377.5299
 EELEC  =    -21847.8023  EHBOND  =         0.0000  RESTRAINT  =         0.0000
 EKCMT  =         0.0000  VIRIAL  =         0.0000  VOLUME     =     57421.2605
                                                    Density    =         1.0131
 ------------------------------------------------------------------------------

| Attempting MC barostat change: Failed
| Attempting MC barostat change: Succeeded
| Attempting MC barostat change: Succeeded
| Attempting MC barostat change: Succeeded
| Attempting MC barostat change: Succeeded
| Attempting MC barostat change: Failed
| Attempting MC barostat change: Succeeded
| Attempting MC barostat change: Failed
| Attempting MC barostat change: Failed
| Attempting MC barostat change: Failed

 NSTEP =     6000   TIME(PS) =    1012.000  TEMP(K) =   297.12  PRESS =     0.0
 Etot   =    -14626.7214  EKtot   =      3453.1797  EPtot      =    -18079.9011
 BOND   =        69.1440  ANGLE   =       159.2178  DIHED      =       243.8880
 1-4 NB =        62.6623  1-4 EEL =       850.6309  VDWAALS    =      2467.9098
 EELEC  =    -21933.3539  EHBOND  =         0.0000  RESTRAINT  =         0.0000
 EKCMT  =         0.0000  VIRIAL  =         0.0000  VOLUME     =     57987.6935
                                                    Density    =         1.0032
 ------------------------------------------------------------------------------

| Attempting MC barostat change: Succeeded
| Attempting MC barostat change: Succeeded
| Attempting MC barostat change: Failed
| Attempting MC barostat change: Succeeded
| Attempting MC barostat change: Failed
| Attempting MC barostat change: Succeeded
| Attempting MC barostat change: Failed
| Attempting MC barostat change: Failed
| Attempting MC barostat change: Failed
| Attempting MC barostat change: Failed

 NSTEP =     7000   TIME(PS) =    1014.000  TEMP(K) =   299.63  PRESS =     0.0
 Etot   =    -14536.3959  EKtot   =      3482.2739  EPtot      =    -18018.6698
 BOND   =        59.1375  ANGLE   =       156.7231  DIHED      =       250.4839
 1-4 NB =        68.0675  1-4 EEL =       873.5089  VDWAALS    =      2479.0784
 EELEC  =    -21905.6692  EHBOND  =         0.0000  RESTRAINT  =         0.0000
 EKCMT  =         0.0000  VIRIAL  =         0.0000  VOLUME     =     57803.2141
                                                    Density    =         1.0064
 ------------------------------------------------------------------------------

| Attempting MC barostat change: Failed
| Attempting MC barostat change: Failed
| Attempting MC barostat change: Failed
| Attempting MC barostat change: Failed
| Attempting MC barostat change: Failed
| Attempting MC barostat change: Succeeded
| Attempting MC barostat change: Succeeded
| Attempting MC barostat change: Failed
| Attempting MC barostat change: Failed
| Attempting MC barostat change: Succeeded

 NSTEP =     8000   TIME(PS) =    1016.000  TEMP(K) =   305.98  PRESS =     0.0
 Etot   =    -14484.4145  EKtot   =      3556.1360  EPtot      =    -18040.5505
 BOND   =        61.3308  ANGLE   =       153.7167  DIHED      =       248.9378
 1-4 NB =        64.7768  1-4 EEL =       850.1570  VDWAALS    =      2320.7396
 EELEC  =    -21740.2091  EHBOND  =         0.0000  RESTRAINT  =         0.0000
 EKCMT  =         0.0000  VIRIAL  =         0.0000  VOLUME     =     57757.4475
                                                    Density    =         1.0072
 ------------------------------------------------------------------------------

| Attempting MC barostat change: Failed
| Attempting MC barostat change: Succeeded
| Attempting MC barostat change: Failed
| Attempting MC barostat change: Succeeded
| Attempting MC barostat change: Failed
| Attempting MC barostat change: Failed
| Attempting MC barostat change: Failed
| Attempting MC barostat change: Succeeded
| Attempting MC barostat change: Failed
| Attempting MC barostat change: Failed

 NSTEP =     9000   TIME(PS) =    1018.000  TEMP(K) =   294.36  PRESS =     0.0
 Etot   =    -14585.0451  EKtot   =      3421.0569  EPtot      =    -18006.1020
 BOND   =        60.4142  ANGLE   =       177.9407  DIHED      =       256.0622
 1-4 NB =        61.2377  1-4 EEL =       859.4827  VDWAALS    =      2483.5368
 EELEC  =    -21904.7762  EHBOND  =         0.0000  RESTRAINT  =         0.0000
 EKCMT  =         0.0000  VIRIAL  =         0.0000  VOLUME     =     57957.3683
                                                    Density    =         1.0037
 ------------------------------------------------------------------------------

| Attempting MC barostat change: Failed
| Attempting MC barostat change: Failed
| Attempting MC barostat change: Failed
| Attempting MC barostat change: Succeeded
| Attempting MC barostat change: Succeeded
| Attempting MC barostat change: Failed
| Attempting MC barostat change: Succeeded
| Attempting MC barostat change: Failed
| Attempting MC barostat change: Failed
| Attempting MC barostat change: Failed

 NSTEP =    10000   TIME(PS) =    1020.000  TEMP(K) =   299.89  PRESS =     0.0
 Etot   =    -14552.8643  EKtot   =      3485.3777  EPtot      =    -18038.2420
 BOND   =        56.9213  ANGLE   =       183.3513  DIHED      =       244.8731
 1-4 NB =        73.0526  1-4 EEL =       860.2708  VDWAALS    =      2350.7102
 EELEC  =    -21807.4212  EHBOND  =         0.0000  RESTRAINT  =         0.0000
 EKCMT  =         0.0000  VIRIAL  =         0.0000  VOLUME     =     58087.2279
                                                    Density    =         1.0014
 ------------------------------------------------------------------------------

| Attempting MC barostat change: Failed
| Attempting MC barostat change: Failed
| Attempting MC barostat change: Succeeded
| Attempting MC barostat change: Failed
| Attempting MC barostat change: Succeeded
| Attempting MC barostat change: Failed
| Attempting MC barostat change: Failed
| Attempting MC barostat change: Succeeded
| Attempting MC barostat change: Failed
| Attempting MC barostat change: Succeeded

 NSTEP =    11000   TIME(PS) =    1022.000  TEMP(K) =   291.70  PRESS =     0.0
 Etot   =    -14585.4797  EKtot   =      3390.1741  EPtot      =    -17975.6537
 BOND   =        60.6985  ANGLE   =       159.5132  DIHED      =       249.0368
 1-4 NB =        64.3248  1-4 EEL =       856.2743  VDWAALS    =      2433.3191
 EELEC  =    -21798.8203  EHBOND  =         0.0000  RESTRAINT  =         0.0000
 EKCMT  =         0.0000  VIRIAL  =         0.0000  VOLUME     =     58500.8454
                                                    Density    =         0.9944
 ------------------------------------------------------------------------------

| Attempting MC barostat change: Succeeded
| Attempting MC barostat change: Succeeded
| Attempting MC barostat change: Succeeded
| Attempting MC barostat change: Failed
| Attempting MC barostat change: Failed
| Attempting MC barostat change: Failed
| Attempting MC barostat change: Failed
| Attempting MC barostat change: Failed
| Attempting MC barostat change: Failed
| Attempting MC barostat change: Failed

 NSTEP =    12000   TIME(PS) =    1024.000  TEMP(K) =   291.66  PRESS =     0.0
 Etot   =    -14547.3188  EKtot   =      3389.7000  EPtot      =    -17937.0188
 BOND   =        51.0584  ANGLE   =       163.6380  DIHED      =       250.0459
 1-4 NB =        65.6954  1-4 EEL =       852.0538  VDWAALS    =      2458.8838
 EELEC  =    -21778.3941  EHBOND  =         0.0000  RESTRAINT  =         0.0000
 EKCMT  =         0.0000  VIRIAL  =         0.0000  VOLUME     =     58006.2259
                                                    Density    =         1.0028
 ------------------------------------------------------------------------------

| Attempting MC barostat change: Failed
| Attempting MC barostat change: Succeeded
| Attempting MC barostat change: Failed
| Attempting MC barostat change: Failed
| Attempting MC barostat change: Succeeded
| Attempting MC barostat change: Succeeded
| Attempting MC barostat change: Failed
| Attempting MC barostat change: Failed
| Attempting MC barostat change: Failed
| Attempting MC barostat change: Failed

 NSTEP =    13000   TIME(PS) =    1026.000  TEMP(K) =   304.16  PRESS =     0.0
 Etot   =    -14476.5040  EKtot   =      3534.9387  EPtot      =    -18011.4427
 BOND   =        63.0329  ANGLE   =       146.4866  DIHED      =       239.5003
 1-4 NB =        62.6776  1-4 EEL =       856.3487  VDWAALS    =      2385.0637
 EELEC  =    -21764.5524  EHBOND  =         0.0000  RESTRAINT  =         0.0000
 EKCMT  =         0.0000  VIRIAL  =         0.0000  VOLUME     =     58203.3684
                                                    Density    =         0.9995
 ------------------------------------------------------------------------------

| Attempting MC barostat change: Failed
| Attempting MC barostat change: Failed
| Attempting MC barostat change: Succeeded
| Attempting MC barostat change: Failed
| Attempting MC barostat change: Succeeded
| Attempting MC barostat change: Failed
| Attempting MC barostat change: Failed
| Attempting MC barostat change: Succeeded
| Attempting MC barostat change: Succeeded
| Attempting MC barostat change: Succeeded

 NSTEP =    14000   TIME(PS) =    1028.000  TEMP(K) =   295.86  PRESS =     0.0
 Etot   =    -14539.4203  EKtot   =      3438.4631  EPtot      =    -17977.8834
 BOND   =        65.8323  ANGLE   =       163.5471  DIHED      =       245.1662
 1-4 NB =        69.9800  1-4 EEL =       864.9923  VDWAALS    =      2514.0898
 EELEC  =    -21901.4910  EHBOND  =         0.0000  RESTRAINT  =         0.0000
 EKCMT  =         0.0000  VIRIAL  =         0.0000  VOLUME     =     57679.9651
                                                    Density    =         1.0085
 ------------------------------------------------------------------------------

| Attempting MC barostat change: Failed
| Attempting MC barostat change: Succeeded
| Attempting MC barostat change: Failed
| Attempting MC barostat change: Succeeded
| Attempting MC barostat change: Succeeded
| Attempting MC barostat change: Succeeded
| Attempting MC barostat change: Succeeded
| Attempting MC barostat change: Succeeded
| Attempting MC barostat change: Failed
| Attempting MC barostat change: Succeeded

 NSTEP =    15000   TIME(PS) =    1030.000  TEMP(K) =   302.97  PRESS =     0.0
 Etot   =    -14614.5926  EKtot   =      3521.2017  EPtot      =    -18135.7943
 BOND   =        49.9322  ANGLE   =       162.3381  DIHED      =       251.0151
 1-4 NB =        67.8424  1-4 EEL =       859.8464  VDWAALS    =      2504.6916
 EELEC  =    -22031.4600  EHBOND  =         0.0000  RESTRAINT  =         0.0000
 EKCMT  =         0.0000  VIRIAL  =         0.0000  VOLUME     =     57229.9867
                                                    Density    =         1.0164
 ------------------------------------------------------------------------------

| Attempting MC barostat change: Failed
| Attempting MC barostat change: Failed
| Attempting MC barostat change: Failed
| Attempting MC barostat change: Succeeded
| Attempting MC barostat change: Succeeded
| Attempting MC barostat change: Failed
| Attempting MC barostat change: Succeeded
| Attempting MC barostat change: Failed
| Attempting MC barostat change: Failed
| Attempting MC barostat change: Failed

 NSTEP =    16000   TIME(PS) =    1032.000  TEMP(K) =   309.91  PRESS =     0.0
 Etot   =    -14499.2310  EKtot   =      3601.8196  EPtot      =    -18101.0505
 BOND   =        67.9575  ANGLE   =       153.3610  DIHED      =       254.2146
 1-4 NB =        64.1340  1-4 EEL =       876.4945  VDWAALS    =      2436.7122
 EELEC  =    -21953.9244  EHBOND  =         0.0000  RESTRAINT  =         0.0000
 EKCMT  =         0.0000  VIRIAL  =         0.0000  VOLUME     =     57574.5855
                                                    Density    =         1.0104
 ------------------------------------------------------------------------------

| Attempting MC barostat change: Failed
| Attempting MC barostat change: Failed
| Attempting MC barostat change: Succeeded
| Attempting MC barostat change: Succeeded
| Attempting MC barostat change: Failed
| Attempting MC barostat change: Failed
| Attempting MC barostat change: Failed
| Attempting MC barostat change: Succeeded
| Attempting MC barostat change: Failed
| Attempting MC barostat change: Succeeded

 NSTEP =    17000   TIME(PS) =    1034.000  TEMP(K) =   288.04  PRESS =     0.0
 Etot   =    -14707.1655  EKtot   =      3347.6118  EPtot      =    -18054.7773
 BOND   =        64.5555  ANGLE   =       168.3747  DIHED      =       252.1255
 1-4 NB =        63.7323  1-4 EEL =       847.7870  VDWAALS    =      2493.8205
 EELEC  =    -21945.1730  EHBOND  =         0.0000  RESTRAINT  =         0.0000
 EKCMT  =         0.0000  VIRIAL  =         0.0000  VOLUME     =     57310.8621
                                                    Density    =         1.0150
 ------------------------------------------------------------------------------

| Attempting MC barostat change: Failed
| Attempting MC barostat change: Failed
| Attempting MC barostat change: Failed
| Attempting MC barostat change: Succeeded
| Attempting MC barostat change: Failed
| Attempting MC barostat change: Succeeded
| Attempting MC barostat change: Succeeded
| Attempting MC barostat change: Succeeded
| Attempting MC barostat change: Succeeded
| Attempting MC barostat change: Succeeded

 NSTEP =    18000   TIME(PS) =    1036.000  TEMP(K) =   301.99  PRESS =     0.0
 Etot   =    -14558.0660  EKtot   =      3509.7852  EPtot      =    -18067.8512
 BOND   =        70.0923  ANGLE   =       160.3967  DIHED      =       248.6699
 1-4 NB =        70.5336  1-4 EEL =       859.9804  VDWAALS    =      2491.9208
 EELEC  =    -21969.4451  EHBOND  =         0.0000  RESTRAINT  =         0.0000
 EKCMT  =         0.0000  VIRIAL  =         0.0000  VOLUME     =     57648.3776
                                                    Density    =         1.0091
 ------------------------------------------------------------------------------

| Attempting MC barostat change: Succeeded
| Attempting MC barostat change: Succeeded
| Attempting MC barostat change: Failed
| Attempting MC barostat change: Succeeded
| Attempting MC barostat change: Failed
| Attempting MC barostat change: Succeeded
| Attempting MC barostat change: Failed
| Attempting MC barostat change: Failed
| Attempting MC barostat change: Succeeded
| Attempting MC barostat change: Failed

 NSTEP =    19000   TIME(PS) =    1038.000  TEMP(K) =   294.36  PRESS =     0.0
 Etot   =    -14660.4846  EKtot   =      3421.0916  EPtot      =    -18081.5761
 BOND   =        58.3960  ANGLE   =       147.7833  DIHED      =       254.7574
 1-4 NB =        60.5297  1-4 EEL =       863.3582  VDWAALS    =      2422.0119
 EELEC  =    -21888.4126  EHBOND  =         0.0000  RESTRAINT  =         0.0000
 EKCMT  =         0.0000  VIRIAL  =         0.0000  VOLUME     =     57647.7728
                                                    Density    =         1.0091
 ------------------------------------------------------------------------------

| Attempting MC barostat change: Failed
| Attempting MC barostat change: Failed
| Attempting MC barostat change: Failed
| Attempting MC barostat change: Succeeded
| Attempting MC barostat change: Failed
| Attempting MC barostat change: Failed
| Attempting MC barostat change: Failed
| Attempting MC barostat change: Succeeded
| Attempting MC barostat change: Succeeded
| Attempting MC barostat change: Failed

 NSTEP =    20000   TIME(PS) =    1040.000  TEMP(K) =   295.87  PRESS =     0.0
 Etot   =    -14607.3727  EKtot   =      3438.5830  EPtot      =    -18045.9557
 BOND   =        58.8167  ANGLE   =       153.0434  DIHED      =       242.2008
 1-4 NB =        69.2906  1-4 EEL =       857.2497  VDWAALS    =      2455.5319
 EELEC  =    -21882.0888  EHBOND  =         0.0000  RESTRAINT  =         0.0000
 EKCMT  =         0.0000  VIRIAL  =         0.0000  VOLUME     =     57850.7750
                                                    Density    =         1.0055
 ------------------------------------------------------------------------------

| Attempting MC barostat change: Succeeded
| Attempting MC barostat change: Failed
| Attempting MC barostat change: Failed
| Attempting MC barostat change: Succeeded
| Attempting MC barostat change: Failed
| Attempting MC barostat change: Failed
| Attempting MC barostat change: Succeeded
| Attempting MC barostat change: Succeeded
| Attempting MC barostat change: Failed
| Attempting MC barostat change: Failed

 NSTEP =    21000   TIME(PS) =    1042.000  TEMP(K) =   305.24  PRESS =     0.0
 Etot   =    -14521.1605  EKtot   =      3547.4736  EPtot      =    -18068.6341
 BOND   =        51.6915  ANGLE   =       171.7107  DIHED      =       245.4093
 1-4 NB =        70.1153  1-4 EEL =       857.6654  VDWAALS    =      2494.8914
 EELEC  =    -21960.1177  EHBOND  =         0.0000  RESTRAINT  =         0.0000
 EKCMT  =         0.0000  VIRIAL  =         0.0000  VOLUME     =     57755.3597
                                                    Density    =         1.0072
 ------------------------------------------------------------------------------

| Attempting MC barostat change: Failed
| Attempting MC barostat change: Failed
| Attempting MC barostat change: Failed
| Attempting MC barostat change: Failed
| Attempting MC barostat change: Succeeded
| Attempting MC barostat change: Failed
| Attempting MC barostat change: Failed
| Attempting MC barostat change: Failed
| Attempting MC barostat change: Failed
| Attempting MC barostat change: Succeeded

 NSTEP =    22000   TIME(PS) =    1044.000  TEMP(K) =   293.17  PRESS =     0.0
 Etot   =    -14540.2778  EKtot   =      3407.2832  EPtot      =    -17947.5610
 BOND   =        60.5984  ANGLE   =       154.1588  DIHED      =       242.1474
 1-4 NB =        63.5840  1-4 EEL =       866.5083  VDWAALS    =      2305.0563
 EELEC  =    -21639.6142  EHBOND  =         0.0000  RESTRAINT  =         0.0000
 EKCMT  =         0.0000  VIRIAL  =         0.0000  VOLUME     =     58140.6538
                                                    Density    =         1.0005
 ------------------------------------------------------------------------------

| Attempting MC barostat change: Failed
| Attempting MC barostat change: Failed
| Attempting MC barostat change: Failed
| Attempting MC barostat change: Failed
| Attempting MC barostat change: Succeeded
| Attempting MC barostat change: Succeeded
| Attempting MC barostat change: Succeeded
| Attempting MC barostat change: Failed
| Attempting MC barostat change: Succeeded
| Attempting MC barostat change: Failed

 NSTEP =    23000   TIME(PS) =    1046.000  TEMP(K) =   293.12  PRESS =     0.0
 Etot   =    -14693.1457  EKtot   =      3406.6147  EPtot      =    -18099.7605
 BOND   =        51.0790  ANGLE   =       158.8004  DIHED      =       239.5734
 1-4 NB =        69.1866  1-4 EEL =       862.6537  VDWAALS    =      2448.7893
 EELEC  =    -21929.8429  EHBOND  =         0.0000  RESTRAINT  =         0.0000
 EKCMT  =         0.0000  VIRIAL  =         0.0000  VOLUME     =     58565.4430
                                                    Density    =         0.9933
 ------------------------------------------------------------------------------

| Attempting MC barostat change: Succeeded
| Attempting MC barostat change: Failed
| Attempting MC barostat change: Failed
| Attempting MC barostat change: Failed
| Attempting MC barostat change: Succeeded
| Attempting MC barostat change: Failed
| Attempting MC barostat change: Failed
| Attempting MC barostat change: Succeeded
| Attempting MC barostat change: Failed
| Attempting MC barostat change: Failed

 NSTEP =    24000   TIME(PS) =    1048.000  TEMP(K) =   302.76  PRESS =     0.0
 Etot   =    -14550.7837  EKtot   =      3518.7493  EPtot      =    -18069.5329
 BOND   =        59.5722  ANGLE   =       149.6173  DIHED      =       241.9724
 1-4 NB =        67.0493  1-4 EEL =       857.0309  VDWAALS    =      2542.5900
 EELEC  =    -21987.3649  EHBOND  =         0.0000  RESTRAINT  =         0.0000
 EKCMT  =         0.0000  VIRIAL  =         0.0000  VOLUME     =     57830.0357
                                                    Density    =         1.0059
 ------------------------------------------------------------------------------

| Attempting MC barostat change: Failed
| Attempting MC barostat change: Succeeded
| Attempting MC barostat change: Failed
| Attempting MC barostat change: Succeeded
| Attempting MC barostat change: Succeeded
| Attempting MC barostat change: Succeeded
| Attempting MC barostat change: Failed
| Attempting MC barostat change: Failed
| Attempting MC barostat change: Failed
| Attempting MC barostat change: Failed

 NSTEP =    25000   TIME(PS) =    1050.000  TEMP(K) =   305.76  PRESS =     0.0
 Etot   =    -14526.4644  EKtot   =      3553.5923  EPtot      =    -18080.0567
 BOND   =        66.3435  ANGLE   =       160.4117  DIHED      =       234.2484
 1-4 NB =        70.8357  1-4 EEL =       857.2855  VDWAALS    =      2417.3914
 EELEC  =    -21886.5727  EHBOND  =         0.0000  RESTRAINT  =         0.0000
 EKCMT  =         0.0000  VIRIAL  =         0.0000  VOLUME     =     57435.6159
                                                    Density    =         1.0128
 ------------------------------------------------------------------------------

| Attempting MC barostat change: Failed
| Attempting MC barostat change: Succeeded
| Attempting MC barostat change: Failed
| Attempting MC barostat change: Failed
| Attempting MC barostat change: Succeeded
| Attempting MC barostat change: Failed
| Attempting MC barostat change: Succeeded
| Attempting MC barostat change: Failed
| Attempting MC barostat change: Succeeded
| Attempting MC barostat change: Failed

 NSTEP =    26000   TIME(PS) =    1052.000  TEMP(K) =   296.07  PRESS =     0.0
 Etot   =    -14562.1749  EKtot   =      3440.9375  EPtot      =    -18003.1124
 BOND   =        68.5477  ANGLE   =       162.5889  DIHED      =       237.7176
 1-4 NB =        63.9832  1-4 EEL =       879.9643  VDWAALS    =      2460.9540
 EELEC  =    -21876.8681  EHBOND  =         0.0000  RESTRAINT  =         0.0000
 EKCMT  =         0.0000  VIRIAL  =         0.0000  VOLUME     =     57874.7872
                                                    Density    =         1.0051
 ------------------------------------------------------------------------------

| Attempting MC barostat change: Failed
| Attempting MC barostat change: Failed
| Attempting MC barostat change: Failed
| Attempting MC barostat change: Failed
| Attempting MC barostat change: Failed
| Attempting MC barostat change: Failed
| Attempting MC barostat change: Failed
| Attempting MC barostat change: Failed
| Attempting MC barostat change: Failed
| Attempting MC barostat change: Failed

 NSTEP =    27000   TIME(PS) =    1054.000  TEMP(K) =   297.91  PRESS =     0.0
 Etot   =    -14645.5723  EKtot   =      3462.3315  EPtot      =    -18107.9039
 BOND   =        59.4012  ANGLE   =       159.6331  DIHED      =       246.9805
 1-4 NB =        65.8841  1-4 EEL =       857.2350  VDWAALS    =      2324.3197
 EELEC  =    -21821.3574  EHBOND  =         0.0000  RESTRAINT  =         0.0000
 EKCMT  =         0.0000  VIRIAL  =         0.0000  VOLUME     =     57874.7872
                                                    Density    =         1.0051
 ------------------------------------------------------------------------------

| Attempting MC barostat change: Failed
| Attempting MC barostat change: Succeeded
| Attempting MC barostat change: Failed
| Attempting MC barostat change: Failed
| Attempting MC barostat change: Failed
| Attempting MC barostat change: Succeeded
| Attempting MC barostat change: Failed
| Attempting MC barostat change: Succeeded
| Attempting MC barostat change: Failed
| Attempting MC barostat change: Failed

 NSTEP =    28000   TIME(PS) =    1056.000  TEMP(K) =   299.69  PRESS =     0.0
 Etot   =    -14517.0093  EKtot   =      3483.0815  EPtot      =    -18000.0908
 BOND   =        61.0987  ANGLE   =       157.7875  DIHED      =       255.6913
 1-4 NB =        69.0301  1-4 EEL =       859.3347  VDWAALS    =      2376.0844
 EELEC  =    -21779.1175  EHBOND  =         0.0000  RESTRAINT  =         0.0000
 EKCMT  =         0.0000  VIRIAL  =         0.0000  VOLUME     =     58130.8697
                                                    Density    =         1.0007
 ------------------------------------------------------------------------------

| Attempting MC barostat change: Failed
| Attempting MC barostat change: Failed
| Attempting MC barostat change: Failed
| Attempting MC barostat change: Failed
| Attempting MC barostat change: Failed
| Attempting MC barostat change: Failed
| Attempting MC barostat change: Succeeded
| Attempting MC barostat change: Failed
| Attempting MC barostat change: Failed
| Attempting MC barostat change: Failed

 NSTEP =    29000   TIME(PS) =    1058.000  TEMP(K) =   299.96  PRESS =     0.0
 Etot   =    -14501.9951  EKtot   =      3486.1694  EPtot      =    -17988.1645
 BOND   =        51.6626  ANGLE   =       149.2883  DIHED      =       249.3568
 1-4 NB =        72.8378  1-4 EEL =       881.2769  VDWAALS    =      2523.9483
 EELEC  =    -21916.5352  EHBOND  =         0.0000  RESTRAINT  =         0.0000
 EKCMT  =         0.0000  VIRIAL  =         0.0000  VOLUME     =     57829.6551
                                                    Density    =         1.0059
 ------------------------------------------------------------------------------

| Attempting MC barostat change: Failed
| Attempting MC barostat change: Failed
| Attempting MC barostat change: Failed
| Attempting MC barostat change: Succeeded
| Attempting MC barostat change: Failed
| Attempting MC barostat change: Failed
| Attempting MC barostat change: Failed
| Attempting MC barostat change: Succeeded
| Attempting MC barostat change: Failed
| Attempting MC barostat change: Succeeded

 NSTEP =    30000   TIME(PS) =    1060.000  TEMP(K) =   299.54  PRESS =     0.0
 Etot   =    -14572.1642  EKtot   =      3481.2490  EPtot      =    -18053.4132
 BOND   =        59.0993  ANGLE   =       159.0600  DIHED      =       243.0159
 1-4 NB =        61.5024  1-4 EEL =       848.9200  VDWAALS    =      2473.3386
 EELEC  =    -21898.3494  EHBOND  =         0.0000  RESTRAINT  =         0.0000
 EKCMT  =         0.0000  VIRIAL  =         0.0000  VOLUME     =     58191.1447
                                                    Density    =         0.9997
 ------------------------------------------------------------------------------

| Attempting MC barostat change: Succeeded
| Attempting MC barostat change: Succeeded
| Attempting MC barostat change: Failed
| Attempting MC barostat change: Succeeded
| Attempting MC barostat change: Failed
| Attempting MC barostat change: Failed
| Attempting MC barostat change: Failed
| Attempting MC barostat change: Failed
| Attempting MC barostat change: Succeeded
| Attempting MC barostat change: Failed

 NSTEP =    31000   TIME(PS) =    1062.000  TEMP(K) =   296.40  PRESS =     0.0
 Etot   =    -14468.7910  EKtot   =      3444.8220  EPtot      =    -17913.6130
 BOND   =        53.7803  ANGLE   =       148.5681  DIHED      =       237.9847
 1-4 NB =        67.7615  1-4 EEL =       872.9133  VDWAALS    =      2408.3212
 EELEC  =    -21702.9421  EHBOND  =         0.0000  RESTRAINT  =         0.0000
 EKCMT  =         0.0000  VIRIAL  =         0.0000  VOLUME     =     57910.1247
                                                    Density    =         1.0045
 ------------------------------------------------------------------------------

| Attempting MC barostat change: Failed
| Attempting MC barostat change: Failed
| Attempting MC barostat change: Failed
| Attempting MC barostat change: Failed
| Attempting MC barostat change: Failed
| Attempting MC barostat change: Failed
| Attempting MC barostat change: Succeeded
| Attempting MC barostat change: Failed
| Attempting MC barostat change: Failed
| Attempting MC barostat change: Succeeded

 NSTEP =    32000   TIME(PS) =    1064.000  TEMP(K) =   298.65  PRESS =     0.0
 Etot   =    -14497.6970  EKtot   =      3470.9570  EPtot      =    -17968.6540
 BOND   =        49.7318  ANGLE   =       153.3262  DIHED      =       248.8036
 1-4 NB =        73.7251  1-4 EEL =       869.6898  VDWAALS    =      2302.3814
 EELEC  =    -21666.3119  EHBOND  =         0.0000  RESTRAINT  =         0.0000
 EKCMT  =         0.0000  VIRIAL  =         0.0000  VOLUME     =     58188.6777
                                                    Density    =         0.9997
 ------------------------------------------------------------------------------

| Attempting MC barostat change: Failed
| Attempting MC barostat change: Failed
| Attempting MC barostat change: Succeeded
| Attempting MC barostat change: Failed
| Attempting MC barostat change: Failed
| Attempting MC barostat change: Succeeded
| Attempting MC barostat change: Succeeded
| Attempting MC barostat change: Succeeded
| Attempting MC barostat change: Failed
| Attempting MC barostat change: Failed

 NSTEP =    33000   TIME(PS) =    1066.000  TEMP(K) =   300.64  PRESS =     0.0
 Etot   =    -14667.9971  EKtot   =      3494.0942  EPtot      =    -18162.0913
 BOND   =        53.2223  ANGLE   =       185.5783  DIHED      =       246.9696
 1-4 NB =        64.6143  1-4 EEL =       861.9146  VDWAALS    =      2513.2714
 EELEC  =    -22087.6618  EHBOND  =         0.0000  RESTRAINT  =         0.0000
 EKCMT  =         0.0000  VIRIAL  =         0.0000  VOLUME     =     58121.6310
                                                    Density    =         1.0009
 ------------------------------------------------------------------------------

| Attempting MC barostat change: Failed
| Attempting MC barostat change: Succeeded
| Attempting MC barostat change: Succeeded
| Attempting MC barostat change: Failed
| Attempting MC barostat change: Succeeded
| Attempting MC barostat change: Succeeded
| Attempting MC barostat change: Failed
| Attempting MC barostat change: Failed
| Attempting MC barostat change: Failed
| Attempting MC barostat change: Succeeded

 NSTEP =    34000   TIME(PS) =    1068.000  TEMP(K) =   302.63  PRESS =     0.0
 Etot   =    -14556.4039  EKtot   =      3517.2192  EPtot      =    -18073.6231
 BOND   =        74.8698  ANGLE   =       166.1198  DIHED      =       247.4895
 1-4 NB =        61.7472  1-4 EEL =       857.8628  VDWAALS    =      2464.3795
 EELEC  =    -21946.0916  EHBOND  =         0.0000  RESTRAINT  =         0.0000
 EKCMT  =         0.0000  VIRIAL  =         0.0000  VOLUME     =     57978.1730
                                                    Density    =         1.0033
 ------------------------------------------------------------------------------

| Attempting MC barostat change: Failed
| Attempting MC barostat change: Failed
| Attempting MC barostat change: Succeeded
| Attempting MC barostat change: Failed
| Attempting MC barostat change: Failed
| Attempting MC barostat change: Failed
| Attempting MC barostat change: Failed
| Attempting MC barostat change: Failed
| Attempting MC barostat change: Failed
| Attempting MC barostat change: Failed

 NSTEP =    35000   TIME(PS) =    1070.000  TEMP(K) =   295.87  PRESS =     0.0
 Etot   =    -14587.0867  EKtot   =      3438.6030  EPtot      =    -18025.6898
 BOND   =        59.1913  ANGLE   =       164.5939  DIHED      =       250.5570
 1-4 NB =        60.9082  1-4 EEL =       858.8218  VDWAALS    =      2468.2697
 EELEC  =    -21888.0317  EHBOND  =         0.0000  RESTRAINT  =         0.0000
 EKCMT  =         0.0000  VIRIAL  =         0.0000  VOLUME     =     58081.8692
                                                    Density    =         1.0015
 ------------------------------------------------------------------------------

| Attempting MC barostat change: Failed
| Attempting MC barostat change: Failed
| Attempting MC barostat change: Failed
| Attempting MC barostat change: Failed
| Attempting MC barostat change: Failed
| Attempting MC barostat change: Failed
| Attempting MC barostat change: Succeeded
| Attempting MC barostat change: Failed
| Attempting MC barostat change: Succeeded
| Attempting MC barostat change: Failed

 NSTEP =    36000   TIME(PS) =    1072.000  TEMP(K) =   301.43  PRESS =     0.0
 Etot   =    -14505.0040  EKtot   =      3503.2339  EPtot      =    -18008.2379
 BOND   =        58.2310  ANGLE   =       162.0641  DIHED      =       247.3801
 1-4 NB =        69.1127  1-4 EEL =       870.6212  VDWAALS    =      2598.8765
 EELEC  =    -22014.5234  EHBOND  =         0.0000  RESTRAINT  =         0.0000
 EKCMT  =         0.0000  VIRIAL  =         0.0000  VOLUME     =     57921.8219
                                                    Density    =         1.0043
 ------------------------------------------------------------------------------

| Attempting MC barostat change: Failed
| Attempting MC barostat change: Failed
| Attempting MC barostat change: Succeeded
| Attempting MC barostat change: Succeeded
| Attempting MC barostat change: Succeeded
| Attempting MC barostat change: Succeeded
| Attempting MC barostat change: Succeeded
| Attempting MC barostat change: Succeeded
| Attempting MC barostat change: Succeeded
| Attempting MC barostat change: Succeeded

 NSTEP =    37000   TIME(PS) =    1074.000  TEMP(K) =   293.80  PRESS =     0.0
 Etot   =    -14504.4330  EKtot   =      3414.5391  EPtot      =    -17918.9720
 BOND   =        60.5187  ANGLE   =       148.5918  DIHED      =       245.4540
 1-4 NB =        69.8066  1-4 EEL =       864.7203  VDWAALS    =      2316.4213
 EELEC  =    -21624.4847  EHBOND  =         0.0000  RESTRAINT  =         0.0000
 EKCMT  =         0.0000  VIRIAL  =         0.0000  VOLUME     =     58022.6804
                                                    Density    =         1.0026
 ------------------------------------------------------------------------------

| Attempting MC barostat change: Failed
| Attempting MC barostat change: Failed
| Attempting MC barostat change: Succeeded
| Attempting MC barostat change: Succeeded
| Attempting MC barostat change: Failed
| Attempting MC barostat change: Failed
| Attempting MC barostat change: Failed
| Attempting MC barostat change: Failed
| Attempting MC barostat change: Failed
| Attempting MC barostat change: Failed

 NSTEP =    38000   TIME(PS) =    1076.000  TEMP(K) =   295.53  PRESS =     0.0
 Etot   =    -14540.7860  EKtot   =      3434.6367  EPtot      =    -17975.4227
 BOND   =        57.9241  ANGLE   =       159.1005  DIHED      =       257.6286
 1-4 NB =        65.1679  1-4 EEL =       847.2511  VDWAALS    =      2410.5339
 EELEC  =    -21773.0288  EHBOND  =         0.0000  RESTRAINT  =         0.0000
 EKCMT  =         0.0000  VIRIAL  =         0.0000  VOLUME     =     57660.0856
                                                    Density    =         1.0089
 ------------------------------------------------------------------------------

| Attempting MC barostat change: Failed
| Attempting MC barostat change: Failed
| Attempting MC barostat change: Failed
| Attempting MC barostat change: Succeeded
| Attempting MC barostat change: Failed
| Attempting MC barostat change: Succeeded
| Attempting MC barostat change: Succeeded
| Attempting MC barostat change: Failed
| Attempting MC barostat change: Failed
| Attempting MC barostat change: Failed

 NSTEP =    39000   TIME(PS) =    1078.000  TEMP(K) =   297.97  PRESS =     0.0
 Etot   =    -14490.8864  EKtot   =      3463.0156  EPtot      =    -17953.9020
 BOND   =        72.0729  ANGLE   =       175.6005  DIHED      =       245.0658
 1-4 NB =        65.9292  1-4 EEL =       863.1282  VDWAALS    =      2404.0469
 EELEC  =    -21779.7454  EHBOND  =         0.0000  RESTRAINT  =         0.0000
 EKCMT  =         0.0000  VIRIAL  =         0.0000  VOLUME     =     58120.4841
                                                    Density    =         1.0009
 ------------------------------------------------------------------------------

| Attempting MC barostat change: Failed
| Attempting MC barostat change: Failed
| Attempting MC barostat change: Succeeded
| Attempting MC barostat change: Succeeded
| Attempting MC barostat change: Failed
| Attempting MC barostat change: Failed
| Attempting MC barostat change: Failed
| Attempting MC barostat change: Failed
| Attempting MC barostat change: Failed
| Attempting MC barostat change: Failed

 NSTEP =    40000   TIME(PS) =    1080.000  TEMP(K) =   301.14  PRESS =     0.0
 Etot   =    -14497.1332  EKtot   =      3499.9028  EPtot      =    -17997.0360
 BOND   =        58.9970  ANGLE   =       156.2537  DIHED      =       248.3309
 1-4 NB =        65.9128  1-4 EEL =       861.5683  VDWAALS    =      2344.4162
 EELEC  =    -21732.5150  EHBOND  =         0.0000  RESTRAINT  =         0.0000
 EKCMT  =         0.0000  VIRIAL  =         0.0000  VOLUME     =     58378.3971
                                                    Density    =         0.9965
 ------------------------------------------------------------------------------

| Attempting MC barostat change: Failed
| Attempting MC barostat change: Failed
| Attempting MC barostat change: Succeeded
| Attempting MC barostat change: Succeeded
| Attempting MC barostat change: Failed
| Attempting MC barostat change: Failed
| Attempting MC barostat change: Failed
| Attempting MC barostat change: Failed
| Attempting MC barostat change: Failed
| Attempting MC barostat change: Failed

 NSTEP =    41000   TIME(PS) =    1082.000  TEMP(K) =   307.18  PRESS =     0.0
 Etot   =    -14471.7364  EKtot   =      3570.0933  EPtot      =    -18041.8297
 BOND   =        52.2381  ANGLE   =       167.4531  DIHED      =       243.4324
 1-4 NB =        73.1422  1-4 EEL =       859.8285  VDWAALS    =      2423.2617
 EELEC  =    -21861.1856  EHBOND  =         0.0000  RESTRAINT  =         0.0000
 EKCMT  =         0.0000  VIRIAL  =         0.0000  VOLUME     =     58744.9850
                                                    Density    =         0.9902
 ------------------------------------------------------------------------------

| Attempting MC barostat change: Failed
| Attempting MC barostat change: Succeeded
| Attempting MC barostat change: Succeeded
| Attempting MC barostat change: Succeeded
| Attempting MC barostat change: Failed
| Attempting MC barostat change: Failed
| Attempting MC barostat change: Failed
| Attempting MC barostat change: Failed
| Attempting MC barostat change: Succeeded
| Attempting MC barostat change: Failed

 NSTEP =    42000   TIME(PS) =    1084.000  TEMP(K) =   302.24  PRESS =     0.0
 Etot   =    -14447.7080  EKtot   =      3512.6506  EPtot      =    -17960.3587
 BOND   =        54.1228  ANGLE   =       154.3926  DIHED      =       244.7763
 1-4 NB =        68.6774  1-4 EEL =       866.9078  VDWAALS    =      2437.8490
 EELEC  =    -21787.0846  EHBOND  =         0.0000  RESTRAINT  =         0.0000
 EKCMT  =         0.0000  VIRIAL  =         0.0000  VOLUME     =     58331.8817
                                                    Density    =         0.9972
 ------------------------------------------------------------------------------

| Attempting MC barostat change: Failed
| Attempting MC barostat change: Succeeded
| Attempting MC barostat change: Failed
| Attempting MC barostat change: Succeeded
| Attempting MC barostat change: Succeeded
| Attempting MC barostat change: Succeeded
| Attempting MC barostat change: Succeeded
| Attempting MC barostat change: Failed
| Attempting MC barostat change: Failed
| Attempting MC barostat change: Failed

 NSTEP =    43000   TIME(PS) =    1086.000  TEMP(K) =   297.82  PRESS =     0.0
 Etot   =    -14505.8556  EKtot   =      3461.3428  EPtot      =    -17967.1984
 BOND   =        57.3425  ANGLE   =       155.2200  DIHED      =       257.7258
 1-4 NB =        65.8980  1-4 EEL =       857.2649  VDWAALS    =      2437.6443
 EELEC  =    -21798.2939  EHBOND  =         0.0000  RESTRAINT  =         0.0000
 EKCMT  =         0.0000  VIRIAL  =         0.0000  VOLUME     =     58282.2885
                                                    Density    =         0.9981
 ------------------------------------------------------------------------------

| Attempting MC barostat change: Failed
| Attempting MC barostat change: Failed
| Attempting MC barostat change: Failed
| Attempting MC barostat change: Succeeded
| Attempting MC barostat change: Succeeded
| Attempting MC barostat change: Failed
| Attempting MC barostat change: Succeeded
| Attempting MC barostat change: Failed
| Attempting MC barostat change: Failed
| Attempting MC barostat change: Succeeded

 NSTEP =    44000   TIME(PS) =    1088.000  TEMP(K) =   301.96  PRESS =     0.0
 Etot   =    -14535.5612  EKtot   =      3509.3784  EPtot      =    -18044.9397
 BOND   =        65.8335  ANGLE   =       156.7909  DIHED      =       245.7030
 1-4 NB =        66.4085  1-4 EEL =       861.3846  VDWAALS    =      2402.1951
 EELEC  =    -21843.2552  EHBOND  =         0.0000  RESTRAINT  =         0.0000
 EKCMT  =         0.0000  VIRIAL  =         0.0000  VOLUME     =     58349.4748
                                                    Density    =         0.9969
 ------------------------------------------------------------------------------

| Attempting MC barostat change: Succeeded
| Attempting MC barostat change: Failed
| Attempting MC barostat change: Failed
| Attempting MC barostat change: Failed
| Attempting MC barostat change: Failed
| Attempting MC barostat change: Failed
| Attempting MC barostat change: Failed
| Attempting MC barostat change: Succeeded
| Attempting MC barostat change: Succeeded
| Attempting MC barostat change: Succeeded

 NSTEP =    45000   TIME(PS) =    1090.000  TEMP(K) =   303.80  PRESS =     0.0
 Etot   =    -14484.2205  EKtot   =      3530.7373  EPtot      =    -18014.9578
 BOND   =        54.3982  ANGLE   =       165.4966  DIHED      =       247.1812
 1-4 NB =        69.4698  1-4 EEL =       851.1939  VDWAALS    =      2423.9019
 EELEC  =    -21826.5994  EHBOND  =         0.0000  RESTRAINT  =         0.0000
 EKCMT  =         0.0000  VIRIAL  =         0.0000  VOLUME     =     58145.1444
                                                    Density    =         1.0005
 ------------------------------------------------------------------------------

| Attempting MC barostat change: Failed
| Attempting MC barostat change: Succeeded
| Attempting MC barostat change: Failed
| Attempting MC barostat change: Failed
| Attempting MC barostat change: Failed
| Attempting MC barostat change: Failed
| Attempting MC barostat change: Failed
| Attempting MC barostat change: Failed
| Attempting MC barostat change: Failed
| Attempting MC barostat change: Failed

 NSTEP =    46000   TIME(PS) =    1092.000  TEMP(K) =   297.96  PRESS =     0.0
 Etot   =    -14515.4949  EKtot   =      3462.9077  EPtot      =    -17978.4026
 BOND   =        67.9014  ANGLE   =       162.6995  DIHED      =       244.6945
 1-4 NB =        68.0124  1-4 EEL =       860.7268  VDWAALS    =      2432.4451
 EELEC  =    -21814.8823  EHBOND  =         0.0000  RESTRAINT  =         0.0000
 EKCMT  =         0.0000  VIRIAL  =         0.0000  VOLUME     =     58150.6901
                                                    Density    =         1.0004
 ------------------------------------------------------------------------------

| Attempting MC barostat change: Failed
| Attempting MC barostat change: Failed
| Attempting MC barostat change: Succeeded
| Attempting MC barostat change: Failed
| Attempting MC barostat change: Failed
| Attempting MC barostat change: Succeeded
| Attempting MC barostat change: Succeeded
| Attempting MC barostat change: Failed
| Attempting MC barostat change: Succeeded
| Attempting MC barostat change: Succeeded

 NSTEP =    47000   TIME(PS) =    1094.000  TEMP(K) =   297.36  PRESS =     0.0
 Etot   =    -14613.7743  EKtot   =      3455.9753  EPtot      =    -18069.7497
 BOND   =        63.0307  ANGLE   =       152.3445  DIHED      =       251.0267
 1-4 NB =        63.8288  1-4 EEL =       846.9642  VDWAALS    =      2342.9678
 EELEC  =    -21789.9125  EHBOND  =         0.0000  RESTRAINT  =         0.0000
 EKCMT  =         0.0000  VIRIAL  =         0.0000  VOLUME     =     57780.9810
                                                    Density    =         1.0068
 ------------------------------------------------------------------------------

| Attempting MC barostat change: Succeeded
| Attempting MC barostat change: Failed
| Attempting MC barostat change: Succeeded
| Attempting MC barostat change: Failed
| Attempting MC barostat change: Failed
| Attempting MC barostat change: Succeeded
| Attempting MC barostat change: Failed
| Attempting MC barostat change: Failed
| Attempting MC barostat change: Succeeded
| Attempting MC barostat change: Succeeded

 NSTEP =    48000   TIME(PS) =    1096.000  TEMP(K) =   298.17  PRESS =     0.0
 Etot   =    -14707.9249  EKtot   =      3465.3977  EPtot      =    -18173.3226
 BOND   =        58.1391  ANGLE   =       161.0713  DIHED      =       247.3599
 1-4 NB =        63.3832  1-4 EEL =       872.1411  VDWAALS    =      2462.2378
 EELEC  =    -22037.6550  EHBOND  =         0.0000  RESTRAINT  =         0.0000
 EKCMT  =         0.0000  VIRIAL  =         0.0000  VOLUME     =     57081.9148
                                                    Density    =         1.0191
 ------------------------------------------------------------------------------

| Attempting MC barostat change: Failed
| Attempting MC barostat change: Succeeded
| Attempting MC barostat change: Succeeded
| Attempting MC barostat change: Failed
| Attempting MC barostat change: Failed
| Attempting MC barostat change: Succeeded
| Attempting MC barostat change: Failed
| Attempting MC barostat change: Failed
| Attempting MC barostat change: Succeeded
| Attempting MC barostat change: Succeeded

 NSTEP =    49000   TIME(PS) =    1098.000  TEMP(K) =   294.41  PRESS =     0.0
 Etot   =    -14709.3816  EKtot   =      3421.6992  EPtot      =    -18131.0808
 BOND   =        56.9629  ANGLE   =       159.1616  DIHED      =       253.0904
 1-4 NB =        68.5402  1-4 EEL =       861.8236  VDWAALS    =      2380.4880
 EELEC  =    -21911.1475  EHBOND  =         0.0000  RESTRAINT  =         0.0000
 EKCMT  =         0.0000  VIRIAL  =         0.0000  VOLUME     =     57636.3222
                                                    Density    =         1.0093
 ------------------------------------------------------------------------------

| Attempting MC barostat change: Succeeded
| Attempting MC barostat change: Failed
| Attempting MC barostat change: Succeeded
| Attempting MC barostat change: Failed
| Attempting MC barostat change: Succeeded
| Attempting MC barostat change: Failed
| Attempting MC barostat change: Failed
| Attempting MC barostat change: Succeeded
| Attempting MC barostat change: Succeeded
| Attempting MC barostat change: Failed

 NSTEP =    50000   TIME(PS) =    1100.000  TEMP(K) =   295.16  PRESS =     0.0
 Etot   =    -14600.4446  EKtot   =      3430.4316  EPtot      =    -18030.8762
 BOND   =        50.8001  ANGLE   =       169.4107  DIHED      =       242.9585
 1-4 NB =        64.8359  1-4 EEL =       860.9058  VDWAALS    =      2436.5200
 EELEC  =    -21856.3073  EHBOND  =         0.0000  RESTRAINT  =         0.0000
 EKCMT  =         0.0000  VIRIAL  =         0.0000  VOLUME     =     57550.0738
                                                    Density    =         1.0108
 ------------------------------------------------------------------------------


      A V E R A G E S   O V E R      50 S T E P S


 NSTEP =    50000   TIME(PS) =    1100.000  TEMP(K) =   298.86  PRESS =     0.0
 Etot   =    -14556.2667  EKtot   =      3473.3958  EPtot      =    -18029.6625
 BOND   =        60.1398  ANGLE   =       160.5404  DIHED      =       247.8845
 1-4 NB =        66.6889  1-4 EEL =       861.3869  VDWAALS    =      2432.5320
 EELEC  =    -21858.8351  EHBOND  =         0.0000  RESTRAINT  =         0.0000
 EKCMT  =         0.0000  VIRIAL  =         0.0000  VOLUME     =     57914.5487
                                                    Density    =         1.0045
 ------------------------------------------------------------------------------


      R M S  F L U C T U A T I O N S


 NSTEP =    50000   TIME(PS) =    1100.000  TEMP(K) =     4.51  PRESS =     0.0
 Etot   =        68.5348  EKtot   =        52.4626  EPtot      =        61.3056
 BOND   =         6.7339  ANGLE   =         8.4817  DIHED      =         5.5447
 1-4 NB =         3.4978  1-4 EEL =         8.6725  VDWAALS    =        66.3328
 EELEC  =        98.5346  EHBOND  =         0.0000  RESTRAINT  =         0.0000
 EKCMT  =         0.0000  VIRIAL  =         0.0000  VOLUME     =       337.0701
                                                    Density    =         0.0058
 ------------------------------------------------------------------------------

| MC Barostat:        500 volume changes attempted.
| MC Barostat:        178 changes successful ( 35.60%)
 ------------------------------------------------------------------------------

--------------------------------------------------------------------------------
   5.  TIMINGS
--------------------------------------------------------------------------------

|  NonSetup CPU Time in Major Routines:
|
|     Routine           Sec        %
|     ------------------------------
|     Nonbond           6.10   27.39
|     Bond              0.00    0.00
|     Angle             0.00    0.00
|     Dihedral          0.00    0.00
|     Shake             0.46    2.07
|     RunMD            15.52   69.72
|     Other             0.18    0.82
|     ------------------------------
|     Total            22.26

|  PME Nonbond Pairlist CPU Time:
|
|     Routine              Sec        %
|     ---------------------------------
|     Set Up Cit           0.00    0.00
|     Build List           0.00    0.00
|     ---------------------------------
|     Total                0.00    0.00

|  PME Direct Force CPU Time:
|
|     Routine              Sec        %
|     ---------------------------------
|     NonBonded Calc       0.00    0.00
|     Exclude Masked       0.00    0.00
|     Other                0.03    0.12
|     ---------------------------------
|     Total                0.03    0.12

|  PME Reciprocal Force CPU Time:
|
|     Routine              Sec        %
|     ---------------------------------
|     1D bspline           0.00    0.00
|     Grid Charges         0.00    0.00
|     Scalar Sum           0.00    0.00
|     Gradient Sum         0.00    0.00
|     FFT                  0.00    0.00
|     ---------------------------------
|     Total                0.00    0.00

|  Final Performance Info:
|     -----------------------------------------------------
|     Average timings for last   49000 steps:
|         Elapsed(s) =      21.78 Per Step(ms) =       0.44
|             ns/day =     388.77   seconds/ns =     222.24
|
|     Average timings for all steps:
|         Elapsed(s) =      22.25 Per Step(ms) =       0.45
|             ns/day =     388.30   seconds/ns =     222.51
|     -----------------------------------------------------

|  Setup CPU time:            1.59 seconds
|  NonSetup CPU time:        22.26 seconds
|  Total CPU time:           23.85 seconds     0.01 hours

|  Setup wall time:           2    seconds
|  NonSetup wall time:       22    seconds
|  Total wall time:          24    seconds     0.01 hours
