
          -------------------------------------------------------
          Amber 14 SANDER                              2014
          -------------------------------------------------------

| PMEMD implementation of SANDER, Release 14

| Run on 06/01/2016 at 12:00:12

|   Executable path: pmemd.cuda
| Working directory: /mnt/lustre_fs/users/workshop_1/joebaker/day7/day7/trpcage/runsim/prod
|          Hostname: gpu-compute2

  [-O]verwriting output

File Assignments:
|   MDIN: prod.in                                                               
|  MDOUT: prod.6.out                                                            
| INPCRD: prod.5.rst7                                                           
|   PARM: ../../tleap/trpcage.parm7                                             
| RESTRT: prod.6.rst7                                                           
|   REFC: refc                                                                  
|  MDVEL: mdvel                                                                 
|   MDEN: mden                                                                  
|  MDCRD: prod.6.nc                                                             
| MDINFO: mdinfo                                                                
|  MDFRC: mdfrc                                                                 


 Here is the input file:

NPT prod                                                                       
 &cntrl                                                                        
  imin=0, ! Not a minimization run                                             
  ntx=5, ! Read coordinates and velocities from restart file                   
  irest=1, ! Restart from previous, expecting velocities                       
  ntxo=2, ! The final coords, velocities, box size in NetCDF                   
  ioutfm=1, ! Print mdcrd to NetCDF format                                     
  ntwr=100000, ! Very high value for how often restart file is written         
  nstlim=50000 ! 100 ps of NPT equilibration                                   
  dt=0.002, ! Time step in picoseconds, so this is 2 fs                        
  ntf=2, ! Do not calc the force for SHAKE constrained bonds                   
  ntc=2, ! Use SHAKE for all hydrogen bonds                                    
  temp0=300.0, ! Thermostat temperature, Run at this temperature               
  ntpr=1000, ! How often to print                                              
  ntwx=1000, ! Write coordinates every 2 ps                                    
  cut=8.0, ! Nonbonded cutoff                                                  
  ntb=2, ! Use PBC and constant pressure                                       
  ntp=1, ! Isotropic pressure scaling                                          
  barostat=2, ! Use Monte Carlo barostat                                       
  taup=1, ! Pressure relaxation time                                           
  ntt=3, ! Use the Lengevin thermostat                                         
  gamma_ln=1.0, ! Frequency of collisions for thermostat                       
  ig=-1, ! Randomize seed for Langevin thermostat                              
 /                                                                             


Note: ig = -1. Setting random seed to   307812 based on wallclock time in 
      microseconds.
 
|--------------------- INFORMATION ----------------------
| GPU (CUDA) Version of PMEMD in use: NVIDIA GPU IN USE.
|                    Version 14.0.1
| 
|                      06/20/2014
| 
| Implementation by:
|                    Ross C. Walker     (SDSC)
|                    Scott Le Grand     (nVIDIA)
| 
| CAUTION: The CUDA code is currently experimental.
|          You use it at your own risk. Be sure to
|          check ALL results carefully.
| 
| Precision model in use:
|      [SPFP] - Mixed Single/Double/Fixed Point Precision.
|               (Default)
| 
|--------------------------------------------------------
 
|----------------- CITATION INFORMATION -----------------
|
|    When publishing work that utilized the CUDA version
|    of AMBER, please cite the following in addition to
|    the regular AMBER citations:
|
|  - Romelia Salomon-Ferrer; Andreas W. Goetz; Duncan
|    Poole; Scott Le Grand; Ross C. Walker "Routine
|    microsecond molecular dynamics simulations with
|    AMBER - Part II: Particle Mesh Ewald", J. Chem.
|    Theory Comput., 2013, 9 (9), pp3878-3888,
|    DOI: 10.1021/ct400314y.
|
|  - Andreas W. Goetz; Mark J. Williamson; Dong Xu;
|    Duncan Poole; Scott Le Grand; Ross C. Walker
|    "Routine microsecond molecular dynamics simulations
|    with AMBER - Part I: Generalized Born", J. Chem.
|    Theory Comput., 2012, 8 (5), pp1542-1555.
|
|  - Scott Le Grand; Andreas W. Goetz; Ross C. Walker
|    "SPFP: Speed without compromise - a mixed precision
|    model for GPU accelerated molecular dynamics
|    simulations.", Comp. Phys. Comm., 2013, 184
|    pp374-380, DOI: 10.1016/j.cpc.2012.09.022
|
|--------------------------------------------------------
 
|------------------- GPU DEVICE INFO --------------------
|
|            CUDA_VISIBLE_DEVICES: 0
|   CUDA Capable Devices Detected:      1
|           CUDA Device ID in use:      0
|                CUDA Device Name: GeForce GTX TITAN X
|     CUDA Device Global Mem Size:  12287 MB
| CUDA Device Num Multiprocessors:     24
|           CUDA Device Core Freq:   1.08 GHz
|
|--------------------------------------------------------
 
 
| Conditional Compilation Defines Used:
| PUBFFT
| BINTRAJ
| CUDA
| EMIL

| Largest sphere to fit in unit cell has radius =    17.210

| New format PARM file being parsed.
| Version =    1.000 Date = 06/01/16 Time = 08:32:47

| Note: 1-4 EEL scale factors are being read from the topology file.

| Note: 1-4 VDW scale factors are being read from the topology file.
| Duplicated    0 dihedrals

| Duplicated    0 dihedrals

--------------------------------------------------------------------------------
   1.  RESOURCE   USE: 
--------------------------------------------------------------------------------

 getting box info from netcdf restart file
 NATOM  =    5771 NTYPES =      15 NBONH =    5616 MBONA  =     160
 NTHETH =     346 MTHETA =     219 NPHIH =     700 MPHIA  =     653
 NHPARM =       0 NPARM  =       0 NNB   =    8990 NRES   =    1843
 NBONA  =     160 NTHETA =     219 NPHIA =     653 NUMBND =      55
 NUMANG =     124 NPTRA  =     137 NATYP =      29 NPHB   =       1
 IFBOX  =       2 NMXRS  =      24 IFCAP =       0 NEXTRA =       0
 NCOPY  =       0

| Coordinate Index Table dimensions:     8    8    8
| Direct force subcell size =     5.2693    5.2693    5.2693

     BOX TYPE: TRUNCATED OCTAHEDRON

--------------------------------------------------------------------------------
   2.  CONTROL  DATA  FOR  THE  RUN
--------------------------------------------------------------------------------

default_name                                                                    

General flags:
     imin    =       0, nmropt  =       0

Nature and format of input:
     ntx     =       5, irest   =       1, ntrx    =       1

Nature and format of output:
     ntxo    =       2, ntpr    =    1000, ntrx    =       1, ntwr    =  100000
     iwrap   =       0, ntwx    =    1000, ntwv    =       0, ntwe    =       0
     ioutfm  =       1, ntwprt  =       0, idecomp =       0, rbornstat=      0

Potential function:
     ntf     =       2, ntb     =       2, igb     =       0, nsnb    =      25
     ipol    =       0, gbsa    =       0, iesp    =       0
     dielc   =   1.00000, cut     =   8.00000, intdiel =   1.00000

Frozen or restrained atoms:
     ibelly  =       0, ntr     =       0

Molecular dynamics:
     nstlim  =     50000, nscm    =      1000, nrespa  =         1
     t       =   0.00000, dt      =   0.00200, vlimit  =  -1.00000

Langevin dynamics temperature regulation:
     ig      =  307812
     temp0   = 300.00000, tempi   =   0.00000, gamma_ln=   1.00000

Pressure regulation:
     ntp     =       1
     pres0   =   1.00000, comp    =  44.60000, taup    =   1.00000
     Monte-Carlo Barostat:
     mcbarint  =     100

SHAKE:
     ntc     =       2, jfastw  =       0
     tol     =   0.00001

| Intermolecular bonds treatment:
|     no_intermolecular_bonds =       1

| Energy averages sample interval:
|     ene_avg_sampling =    1000

Ewald parameters:
     verbose =       0, ew_type =       0, nbflag  =       1, use_pme =       1
     vdwmeth =       1, eedmeth =       1, netfrc  =       1
     Box X =   42.155   Box Y =   42.155   Box Z =   42.155
     Alpha =  109.471   Beta  =  109.471   Gamma =  109.471
     NFFT1 =   48       NFFT2 =   48       NFFT3 =   48
     Cutoff=    8.000   Tol   =0.100E-04
     Ewald Coefficient =  0.34864
     Interpolation order =    4

--------------------------------------------------------------------------------
   3.  ATOMIC COORDINATES AND VELOCITIES
--------------------------------------------------------------------------------

default_name                                                                    
 begin time read from input coords =  1300.000 ps

 
 Number of triangulated 3-point waters found:     1822

     Sum of charges from parm topology file =  -0.00000001
     Forcing neutrality...

| Dynamic Memory, Types Used:
| Reals              348404
| Integers           168083

| Nonbonded Pairs Initial Allocation:      963901

| GPU memory information (estimate):
| KB of GPU memory in use:     38266
| KB of CPU memory in use:     10138

--------------------------------------------------------------------------------
   4.  RESULTS
--------------------------------------------------------------------------------

 ---------------------------------------------------
 APPROXIMATING switch and d/dx switch using CUBIC SPLINE INTERPOLATION
 using   5000.0 points per unit in tabled values
 TESTING RELATIVE ERROR over r ranging from 0.0 to cutoff
| CHECK switch(x): max rel err =   0.2738E-14   at   2.422500
| CHECK d/dx switch(x): max rel err =   0.8332E-11   at   2.782960
 ---------------------------------------------------
|---------------------------------------------------
| APPROXIMATING direct energy using CUBIC SPLINE INTERPOLATION
|  with   50.0 points per unit in tabled values
| Relative Error Limit not exceeded for r .gt.   2.47
| APPROXIMATING direct force using CUBIC SPLINE INTERPOLATION
|  with   50.0 points per unit in tabled values
| Relative Error Limit not exceeded for r .gt.   2.89
|---------------------------------------------------
| Attempting MC barostat change: Failed
| Attempting MC barostat change: Failed
| Attempting MC barostat change: Succeeded
| Attempting MC barostat change: Succeeded
| Attempting MC barostat change: Failed
| Attempting MC barostat change: Failed
| Attempting MC barostat change: Failed
| Attempting MC barostat change: Succeeded
| Attempting MC barostat change: Failed
| Attempting MC barostat change: Failed

 NSTEP =     1000   TIME(PS) =    1302.000  TEMP(K) =   300.96  PRESS =     0.0
 Etot   =    -14528.4858  EKtot   =      3497.8311  EPtot      =    -18026.3168
 BOND   =        61.7149  ANGLE   =       154.7044  DIHED      =       249.9384
 1-4 NB =        68.5094  1-4 EEL =       879.8555  VDWAALS    =      2403.5865
 EELEC  =    -21844.6260  EHBOND  =         0.0000  RESTRAINT  =         0.0000
 EKCMT  =         0.0000  VIRIAL  =         0.0000  VOLUME     =     57598.7338
                                                    Density    =         1.0099
 ------------------------------------------------------------------------------

| Attempting MC barostat change: Failed
| Attempting MC barostat change: Failed
| Attempting MC barostat change: Succeeded
| Attempting MC barostat change: Succeeded
| Attempting MC barostat change: Succeeded
| Attempting MC barostat change: Failed
| Attempting MC barostat change: Failed
| Attempting MC barostat change: Failed
| Attempting MC barostat change: Failed
| Attempting MC barostat change: Succeeded

 NSTEP =     2000   TIME(PS) =    1304.000  TEMP(K) =   302.00  PRESS =     0.0
 Etot   =    -14506.9800  EKtot   =      3509.8296  EPtot      =    -18016.8096
 BOND   =        67.2227  ANGLE   =       147.5950  DIHED      =       238.9369
 1-4 NB =        64.7240  1-4 EEL =       866.4506  VDWAALS    =      2411.0465
 EELEC  =    -21812.7853  EHBOND  =         0.0000  RESTRAINT  =         0.0000
 EKCMT  =         0.0000  VIRIAL  =         0.0000  VOLUME     =     57813.7596
                                                    Density    =         1.0062
 ------------------------------------------------------------------------------

| Attempting MC barostat change: Failed
| Attempting MC barostat change: Failed
| Attempting MC barostat change: Succeeded
| Attempting MC barostat change: Succeeded
| Attempting MC barostat change: Succeeded
| Attempting MC barostat change: Failed
| Attempting MC barostat change: Failed
| Attempting MC barostat change: Succeeded
| Attempting MC barostat change: Failed
| Attempting MC barostat change: Succeeded

 NSTEP =     3000   TIME(PS) =    1306.000  TEMP(K) =   297.41  PRESS =     0.0
 Etot   =    -14528.4571  EKtot   =      3456.5325  EPtot      =    -17984.9896
 BOND   =        57.3749  ANGLE   =       175.5563  DIHED      =       251.4459
 1-4 NB =        69.0116  1-4 EEL =       867.1997  VDWAALS    =      2352.1082
 EELEC  =    -21757.6861  EHBOND  =         0.0000  RESTRAINT  =         0.0000
 EKCMT  =         0.0000  VIRIAL  =         0.0000  VOLUME     =     57526.3724
                                                    Density    =         1.0112
 ------------------------------------------------------------------------------

| Attempting MC barostat change: Failed
| Attempting MC barostat change: Failed
| Attempting MC barostat change: Failed
| Attempting MC barostat change: Succeeded
| Attempting MC barostat change: Failed
| Attempting MC barostat change: Failed
| Attempting MC barostat change: Succeeded
| Attempting MC barostat change: Failed
| Attempting MC barostat change: Succeeded
| Attempting MC barostat change: Failed

 NSTEP =     4000   TIME(PS) =    1308.000  TEMP(K) =   296.36  PRESS =     0.0
 Etot   =    -14572.8848  EKtot   =      3444.3555  EPtot      =    -18017.2403
 BOND   =        56.0823  ANGLE   =       140.8096  DIHED      =       250.9551
 1-4 NB =        61.3840  1-4 EEL =       871.3977  VDWAALS    =      2460.8742
 EELEC  =    -21858.7432  EHBOND  =         0.0000  RESTRAINT  =         0.0000
 EKCMT  =         0.0000  VIRIAL  =         0.0000  VOLUME     =     57777.6951
                                                    Density    =         1.0068
 ------------------------------------------------------------------------------

| Attempting MC barostat change: Succeeded
| Attempting MC barostat change: Failed
| Attempting MC barostat change: Succeeded
| Attempting MC barostat change: Failed
| Attempting MC barostat change: Failed
| Attempting MC barostat change: Succeeded
| Attempting MC barostat change: Succeeded
| Attempting MC barostat change: Failed
| Attempting MC barostat change: Failed
| Attempting MC barostat change: Succeeded

 NSTEP =     5000   TIME(PS) =    1310.000  TEMP(K) =   307.11  PRESS =     0.0
 Etot   =    -14489.8417  EKtot   =      3569.2783  EPtot      =    -18059.1200
 BOND   =        62.8783  ANGLE   =       145.2748  DIHED      =       250.9708
 1-4 NB =        68.4508  1-4 EEL =       867.0759  VDWAALS    =      2500.9937
 EELEC  =    -21954.7645  EHBOND  =         0.0000  RESTRAINT  =         0.0000
 EKCMT  =         0.0000  VIRIAL  =         0.0000  VOLUME     =     57854.6897
                                                    Density    =         1.0055
 ------------------------------------------------------------------------------

| Attempting MC barostat change: Succeeded
| Attempting MC barostat change: Succeeded
| Attempting MC barostat change: Failed
| Attempting MC barostat change: Succeeded
| Attempting MC barostat change: Failed
| Attempting MC barostat change: Failed
| Attempting MC barostat change: Succeeded
| Attempting MC barostat change: Succeeded
| Attempting MC barostat change: Failed
| Attempting MC barostat change: Failed

 NSTEP =     6000   TIME(PS) =    1312.000  TEMP(K) =   301.98  PRESS =     0.0
 Etot   =    -14413.9237  EKtot   =      3509.6086  EPtot      =    -17923.5324
 BOND   =        64.0804  ANGLE   =       158.4946  DIHED      =       245.9171
 1-4 NB =        64.3905  1-4 EEL =       876.4767  VDWAALS    =      2419.6103
 EELEC  =    -21752.5021  EHBOND  =         0.0000  RESTRAINT  =         0.0000
 EKCMT  =         0.0000  VIRIAL  =         0.0000  VOLUME     =     58507.2266
                                                    Density    =         0.9943
 ------------------------------------------------------------------------------

| Attempting MC barostat change: Succeeded
| Attempting MC barostat change: Failed
| Attempting MC barostat change: Succeeded
| Attempting MC barostat change: Failed
| Attempting MC barostat change: Failed
| Attempting MC barostat change: Failed
| Attempting MC barostat change: Failed
| Attempting MC barostat change: Failed
| Attempting MC barostat change: Failed
| Attempting MC barostat change: Succeeded

 NSTEP =     7000   TIME(PS) =    1314.000  TEMP(K) =   304.43  PRESS =     0.0
 Etot   =    -14422.4249  EKtot   =      3538.1309  EPtot      =    -17960.5558
 BOND   =        69.7915  ANGLE   =       145.2858  DIHED      =       244.7069
 1-4 NB =        71.3405  1-4 EEL =       879.4865  VDWAALS    =      2417.0058
 EELEC  =    -21788.1727  EHBOND  =         0.0000  RESTRAINT  =         0.0000
 EKCMT  =         0.0000  VIRIAL  =         0.0000  VOLUME     =     58154.2101
                                                    Density    =         1.0003
 ------------------------------------------------------------------------------

| Attempting MC barostat change: Failed
| Attempting MC barostat change: Failed
| Attempting MC barostat change: Failed
| Attempting MC barostat change: Succeeded
| Attempting MC barostat change: Failed
| Attempting MC barostat change: Failed
| Attempting MC barostat change: Succeeded
| Attempting MC barostat change: Failed
| Attempting MC barostat change: Failed
| Attempting MC barostat change: Succeeded

 NSTEP =     8000   TIME(PS) =    1316.000  TEMP(K) =   304.46  PRESS =     0.0
 Etot   =    -14473.0123  EKtot   =      3538.4419  EPtot      =    -18011.4542
 BOND   =        53.7037  ANGLE   =       157.9017  DIHED      =       247.3483
 1-4 NB =        74.7275  1-4 EEL =       891.3174  VDWAALS    =      2392.3002
 EELEC  =    -21828.7530  EHBOND  =         0.0000  RESTRAINT  =         0.0000
 EKCMT  =         0.0000  VIRIAL  =         0.0000  VOLUME     =     57866.9667
                                                    Density    =         1.0053
 ------------------------------------------------------------------------------

| Attempting MC barostat change: Failed
| Attempting MC barostat change: Failed
| Attempting MC barostat change: Succeeded
| Attempting MC barostat change: Failed
| Attempting MC barostat change: Failed
| Attempting MC barostat change: Failed
| Attempting MC barostat change: Succeeded
| Attempting MC barostat change: Succeeded
| Attempting MC barostat change: Failed
| Attempting MC barostat change: Failed

 NSTEP =     9000   TIME(PS) =    1318.000  TEMP(K) =   300.90  PRESS =     0.0
 Etot   =    -14626.1903  EKtot   =      3497.1235  EPtot      =    -18123.3138
 BOND   =        55.5989  ANGLE   =       168.9430  DIHED      =       254.0326
 1-4 NB =        71.3181  1-4 EEL =       891.3420  VDWAALS    =      2472.8525
 EELEC  =    -22037.4009  EHBOND  =         0.0000  RESTRAINT  =         0.0000
 EKCMT  =         0.0000  VIRIAL  =         0.0000  VOLUME     =     58231.9642
                                                    Density    =         0.9990
 ------------------------------------------------------------------------------

| Attempting MC barostat change: Failed
| Attempting MC barostat change: Failed
| Attempting MC barostat change: Failed
| Attempting MC barostat change: Failed
| Attempting MC barostat change: Failed
| Attempting MC barostat change: Failed
| Attempting MC barostat change: Succeeded
| Attempting MC barostat change: Succeeded
| Attempting MC barostat change: Failed
| Attempting MC barostat change: Succeeded

 NSTEP =    10000   TIME(PS) =    1320.000  TEMP(K) =   297.67  PRESS =     0.0
 Etot   =    -14527.3361  EKtot   =      3459.5466  EPtot      =    -17986.8827
 BOND   =        57.9056  ANGLE   =       180.3766  DIHED      =       256.2611
 1-4 NB =        70.4541  1-4 EEL =       883.4552  VDWAALS    =      2504.5101
 EELEC  =    -21939.8455  EHBOND  =         0.0000  RESTRAINT  =         0.0000
 EKCMT  =         0.0000  VIRIAL  =         0.0000  VOLUME     =     58138.6472
                                                    Density    =         1.0006
 ------------------------------------------------------------------------------

| Attempting MC barostat change: Succeeded
| Attempting MC barostat change: Failed
| Attempting MC barostat change: Failed
| Attempting MC barostat change: Succeeded
| Attempting MC barostat change: Succeeded
| Attempting MC barostat change: Failed
| Attempting MC barostat change: Failed
| Attempting MC barostat change: Failed
| Attempting MC barostat change: Failed
| Attempting MC barostat change: Failed

 NSTEP =    11000   TIME(PS) =    1322.000  TEMP(K) =   302.20  PRESS =     0.0
 Etot   =    -14488.8082  EKtot   =      3512.1421  EPtot      =    -18000.9503
 BOND   =        65.4839  ANGLE   =       149.9713  DIHED      =       250.7373
 1-4 NB =        66.7502  1-4 EEL =       881.1278  VDWAALS    =      2527.4928
 EELEC  =    -21942.5137  EHBOND  =         0.0000  RESTRAINT  =         0.0000
 EKCMT  =         0.0000  VIRIAL  =         0.0000  VOLUME     =     58426.8094
                                                    Density    =         0.9956
 ------------------------------------------------------------------------------

| Attempting MC barostat change: Succeeded
| Attempting MC barostat change: Failed
| Attempting MC barostat change: Succeeded
| Attempting MC barostat change: Failed
| Attempting MC barostat change: Failed
| Attempting MC barostat change: Failed
| Attempting MC barostat change: Failed
| Attempting MC barostat change: Succeeded
| Attempting MC barostat change: Succeeded
| Attempting MC barostat change: Failed

 NSTEP =    12000   TIME(PS) =    1324.000  TEMP(K) =   296.91  PRESS =     0.0
 Etot   =    -14549.8390  EKtot   =      3450.7412  EPtot      =    -18000.5802
 BOND   =        55.6155  ANGLE   =       153.0673  DIHED      =       242.6740
 1-4 NB =        66.6490  1-4 EEL =       867.2853  VDWAALS    =      2441.5633
 EELEC  =    -21827.4346  EHBOND  =         0.0000  RESTRAINT  =         0.0000
 EKCMT  =         0.0000  VIRIAL  =         0.0000  VOLUME     =     57992.9546
                                                    Density    =         1.0031
 ------------------------------------------------------------------------------

| Attempting MC barostat change: Failed
| Attempting MC barostat change: Failed
| Attempting MC barostat change: Failed
| Attempting MC barostat change: Failed
| Attempting MC barostat change: Failed
| Attempting MC barostat change: Failed
| Attempting MC barostat change: Failed
| Attempting MC barostat change: Succeeded
| Attempting MC barostat change: Failed
| Attempting MC barostat change: Failed

 NSTEP =    13000   TIME(PS) =    1326.000  TEMP(K) =   298.91  PRESS =     0.0
 Etot   =    -14644.7660  EKtot   =      3473.9519  EPtot      =    -18118.7179
 BOND   =        55.8401  ANGLE   =       153.8636  DIHED      =       253.9016
 1-4 NB =        69.5283  1-4 EEL =       884.2317  VDWAALS    =      2391.2398
 EELEC  =    -21927.3229  EHBOND  =         0.0000  RESTRAINT  =         0.0000
 EKCMT  =         0.0000  VIRIAL  =         0.0000  VOLUME     =     57863.9015
                                                    Density    =         1.0053
 ------------------------------------------------------------------------------

| Attempting MC barostat change: Failed
| Attempting MC barostat change: Failed
| Attempting MC barostat change: Failed
| Attempting MC barostat change: Failed
| Attempting MC barostat change: Failed
| Attempting MC barostat change: Succeeded
| Attempting MC barostat change: Failed
| Attempting MC barostat change: Failed
| Attempting MC barostat change: Failed
| Attempting MC barostat change: Failed

 NSTEP =    14000   TIME(PS) =    1328.000  TEMP(K) =   303.12  PRESS =     0.0
 Etot   =    -14508.0452  EKtot   =      3522.9268  EPtot      =    -18030.9720
 BOND   =        56.5427  ANGLE   =       151.1012  DIHED      =       248.1491
 1-4 NB =        69.0071  1-4 EEL =       883.9494  VDWAALS    =      2535.0392
 EELEC  =    -21974.7607  EHBOND  =         0.0000  RESTRAINT  =         0.0000
 EKCMT  =         0.0000  VIRIAL  =         0.0000  VOLUME     =     57827.1602
                                                    Density    =         1.0060
 ------------------------------------------------------------------------------

| Attempting MC barostat change: Failed
| Attempting MC barostat change: Failed
| Attempting MC barostat change: Failed
| Attempting MC barostat change: Succeeded
| Attempting MC barostat change: Failed
| Attempting MC barostat change: Failed
| Attempting MC barostat change: Failed
| Attempting MC barostat change: Failed
| Attempting MC barostat change: Failed
| Attempting MC barostat change: Succeeded

 NSTEP =    15000   TIME(PS) =    1330.000  TEMP(K) =   298.86  PRESS =     0.0
 Etot   =    -14592.2555  EKtot   =      3473.3721  EPtot      =    -18065.6276
 BOND   =        53.6465  ANGLE   =       160.4520  DIHED      =       239.3293
 1-4 NB =        67.2180  1-4 EEL =       887.5012  VDWAALS    =      2314.4707
 EELEC  =    -21788.2453  EHBOND  =         0.0000  RESTRAINT  =         0.0000
 EKCMT  =         0.0000  VIRIAL  =         0.0000  VOLUME     =     57963.0699
                                                    Density    =         1.0036
 ------------------------------------------------------------------------------

| Attempting MC barostat change: Failed
| Attempting MC barostat change: Succeeded
| Attempting MC barostat change: Failed
| Attempting MC barostat change: Succeeded
| Attempting MC barostat change: Failed
| Attempting MC barostat change: Failed
| Attempting MC barostat change: Failed
| Attempting MC barostat change: Failed
| Attempting MC barostat change: Failed
| Attempting MC barostat change: Failed

 NSTEP =    16000   TIME(PS) =    1332.000  TEMP(K) =   295.47  PRESS =     0.0
 Etot   =    -14579.8249  EKtot   =      3434.0127  EPtot      =    -18013.8376
 BOND   =        60.1342  ANGLE   =       170.2706  DIHED      =       244.8204
 1-4 NB =        68.0901  1-4 EEL =       867.8858  VDWAALS    =      2425.2012
 EELEC  =    -21850.2398  EHBOND  =         0.0000  RESTRAINT  =         0.0000
 EKCMT  =         0.0000  VIRIAL  =         0.0000  VOLUME     =     58355.7985
                                                    Density    =         0.9968
 ------------------------------------------------------------------------------

| Attempting MC barostat change: Failed
| Attempting MC barostat change: Succeeded
| Attempting MC barostat change: Failed
| Attempting MC barostat change: Failed
| Attempting MC barostat change: Failed
| Attempting MC barostat change: Failed
| Attempting MC barostat change: Failed
| Attempting MC barostat change: Succeeded
| Attempting MC barostat change: Failed
| Attempting MC barostat change: Failed

 NSTEP =    17000   TIME(PS) =    1334.000  TEMP(K) =   293.39  PRESS =     0.0
 Etot   =    -14617.2072  EKtot   =      3409.7957  EPtot      =    -18027.0028
 BOND   =        58.9244  ANGLE   =       165.4896  DIHED      =       246.8597
 1-4 NB =        64.5646  1-4 EEL =       871.0581  VDWAALS    =      2434.2920
 EELEC  =    -21868.1912  EHBOND  =         0.0000  RESTRAINT  =         0.0000
 EKCMT  =         0.0000  VIRIAL  =         0.0000  VOLUME     =     57902.8262
                                                    Density    =         1.0046
 ------------------------------------------------------------------------------

| Attempting MC barostat change: Failed
| Attempting MC barostat change: Failed
| Attempting MC barostat change: Succeeded
| Attempting MC barostat change: Succeeded
| Attempting MC barostat change: Succeeded
| Attempting MC barostat change: Succeeded
| Attempting MC barostat change: Failed
| Attempting MC barostat change: Failed
| Attempting MC barostat change: Failed
| Attempting MC barostat change: Failed

 NSTEP =    18000   TIME(PS) =    1336.000  TEMP(K) =   298.96  PRESS =     0.0
 Etot   =    -14454.4060  EKtot   =      3474.5403  EPtot      =    -17928.9462
 BOND   =        59.8787  ANGLE   =       163.4194  DIHED      =       243.4925
 1-4 NB =        70.7864  1-4 EEL =       870.0702  VDWAALS    =      2284.2426
 EELEC  =    -21620.8361  EHBOND  =         0.0000  RESTRAINT  =         0.0000
 EKCMT  =         0.0000  VIRIAL  =         0.0000  VOLUME     =     57417.8585
                                                    Density    =         1.0131
 ------------------------------------------------------------------------------

| Attempting MC barostat change: Failed
| Attempting MC barostat change: Failed
| Attempting MC barostat change: Failed
| Attempting MC barostat change: Succeeded
| Attempting MC barostat change: Succeeded
| Attempting MC barostat change: Failed
| Attempting MC barostat change: Succeeded
| Attempting MC barostat change: Succeeded
| Attempting MC barostat change: Failed
| Attempting MC barostat change: Succeeded

 NSTEP =    19000   TIME(PS) =    1338.000  TEMP(K) =   296.95  PRESS =     0.0
 Etot   =    -14569.4909  EKtot   =      3451.1492  EPtot      =    -18020.6401
 BOND   =        56.0264  ANGLE   =       160.9037  DIHED      =       254.8855
 1-4 NB =        67.4122  1-4 EEL =       870.2170  VDWAALS    =      2415.3414
 EELEC  =    -21845.4263  EHBOND  =         0.0000  RESTRAINT  =         0.0000
 EKCMT  =         0.0000  VIRIAL  =         0.0000  VOLUME     =     58300.0163
                                                    Density    =         0.9978
 ------------------------------------------------------------------------------

| Attempting MC barostat change: Failed
| Attempting MC barostat change: Failed
| Attempting MC barostat change: Failed
| Attempting MC barostat change: Failed
| Attempting MC barostat change: Failed
| Attempting MC barostat change: Failed
| Attempting MC barostat change: Failed
| Attempting MC barostat change: Failed
| Attempting MC barostat change: Succeeded
| Attempting MC barostat change: Succeeded

 NSTEP =    20000   TIME(PS) =    1340.000  TEMP(K) =   294.64  PRESS =     0.0
 Etot   =    -14556.2306  EKtot   =      3424.3513  EPtot      =    -17980.5819
 BOND   =        66.5852  ANGLE   =       162.4117  DIHED      =       266.7427
 1-4 NB =        67.7005  1-4 EEL =       869.0967  VDWAALS    =      2435.3684
 EELEC  =    -21848.4872  EHBOND  =         0.0000  RESTRAINT  =         0.0000
 EKCMT  =         0.0000  VIRIAL  =         0.0000  VOLUME     =     58212.5912
                                                    Density    =         0.9993
 ------------------------------------------------------------------------------

| Attempting MC barostat change: Failed
| Attempting MC barostat change: Failed
| Attempting MC barostat change: Failed
| Attempting MC barostat change: Failed
| Attempting MC barostat change: Failed
| Attempting MC barostat change: Failed
| Attempting MC barostat change: Failed
| Attempting MC barostat change: Succeeded
| Attempting MC barostat change: Failed
| Attempting MC barostat change: Failed

 NSTEP =    21000   TIME(PS) =    1342.000  TEMP(K) =   300.28  PRESS =     0.0
 Etot   =    -14519.6865  EKtot   =      3489.9097  EPtot      =    -18009.5962
 BOND   =        66.7430  ANGLE   =       163.5238  DIHED      =       260.4099
 1-4 NB =        71.2002  1-4 EEL =       858.8254  VDWAALS    =      2408.7591
 EELEC  =    -21839.0577  EHBOND  =         0.0000  RESTRAINT  =         0.0000
 EKCMT  =         0.0000  VIRIAL  =         0.0000  VOLUME     =     57832.5407
                                                    Density    =         1.0059
 ------------------------------------------------------------------------------

| Attempting MC barostat change: Succeeded
| Attempting MC barostat change: Failed
| Attempting MC barostat change: Failed
| Attempting MC barostat change: Failed
| Attempting MC barostat change: Succeeded
| Attempting MC barostat change: Failed
| Attempting MC barostat change: Failed
| Attempting MC barostat change: Failed
| Attempting MC barostat change: Failed
| Attempting MC barostat change: Succeeded

 NSTEP =    22000   TIME(PS) =    1344.000  TEMP(K) =   299.11  PRESS =     0.0
 Etot   =    -14568.2375  EKtot   =      3476.2720  EPtot      =    -18044.5095
 BOND   =        59.4705  ANGLE   =       142.0910  DIHED      =       256.2711
 1-4 NB =        65.9585  1-4 EEL =       892.2700  VDWAALS    =      2457.4567
 EELEC  =    -21918.0272  EHBOND  =         0.0000  RESTRAINT  =         0.0000
 EKCMT  =         0.0000  VIRIAL  =         0.0000  VOLUME     =     57823.2533
                                                    Density    =         1.0060
 ------------------------------------------------------------------------------

| Attempting MC barostat change: Failed
| Attempting MC barostat change: Succeeded
| Attempting MC barostat change: Succeeded
| Attempting MC barostat change: Failed
| Attempting MC barostat change: Failed
| Attempting MC barostat change: Failed
| Attempting MC barostat change: Failed
| Attempting MC barostat change: Failed
| Attempting MC barostat change: Failed
| Attempting MC barostat change: Succeeded

 NSTEP =    23000   TIME(PS) =    1346.000  TEMP(K) =   294.04  PRESS =     0.0
 Etot   =    -14473.3074  EKtot   =      3417.3164  EPtot      =    -17890.6238
 BOND   =        49.7491  ANGLE   =       154.8642  DIHED      =       249.5687
 1-4 NB =        71.6783  1-4 EEL =       865.8253  VDWAALS    =      2405.1341
 EELEC  =    -21687.4434  EHBOND  =         0.0000  RESTRAINT  =         0.0000
 EKCMT  =         0.0000  VIRIAL  =         0.0000  VOLUME     =     58551.6191
                                                    Density    =         0.9935
 ------------------------------------------------------------------------------

| Attempting MC barostat change: Succeeded
| Attempting MC barostat change: Failed
| Attempting MC barostat change: Failed
| Attempting MC barostat change: Failed
| Attempting MC barostat change: Failed
| Attempting MC barostat change: Failed
| Attempting MC barostat change: Succeeded
| Attempting MC barostat change: Failed
| Attempting MC barostat change: Failed
| Attempting MC barostat change: Succeeded

 NSTEP =    24000   TIME(PS) =    1348.000  TEMP(K) =   299.56  PRESS =     0.0
 Etot   =    -14488.5509  EKtot   =      3481.5259  EPtot      =    -17970.0768
 BOND   =        63.6876  ANGLE   =       149.5715  DIHED      =       249.6414
 1-4 NB =        66.4765  1-4 EEL =       875.2427  VDWAALS    =      2316.4205
 EELEC  =    -21691.1171  EHBOND  =         0.0000  RESTRAINT  =         0.0000
 EKCMT  =         0.0000  VIRIAL  =         0.0000  VOLUME     =     58136.7162
                                                    Density    =         1.0006
 ------------------------------------------------------------------------------

| Attempting MC barostat change: Failed
| Attempting MC barostat change: Succeeded
| Attempting MC barostat change: Failed
| Attempting MC barostat change: Failed
| Attempting MC barostat change: Succeeded
| Attempting MC barostat change: Failed
| Attempting MC barostat change: Failed
| Attempting MC barostat change: Succeeded
| Attempting MC barostat change: Succeeded
| Attempting MC barostat change: Failed

 NSTEP =    25000   TIME(PS) =    1350.000  TEMP(K) =   300.48  PRESS =     0.0
 Etot   =    -14487.2006  EKtot   =      3492.1489  EPtot      =    -17979.3495
 BOND   =        67.4007  ANGLE   =       142.5222  DIHED      =       262.1931
 1-4 NB =        66.1151  1-4 EEL =       875.2718  VDWAALS    =      2479.0499
 EELEC  =    -21871.9022  EHBOND  =         0.0000  RESTRAINT  =         0.0000
 EKCMT  =         0.0000  VIRIAL  =         0.0000  VOLUME     =     58248.2139
                                                    Density    =         0.9987
 ------------------------------------------------------------------------------

| Attempting MC barostat change: Failed
| Attempting MC barostat change: Failed
| Attempting MC barostat change: Failed
| Attempting MC barostat change: Failed
| Attempting MC barostat change: Failed
| Attempting MC barostat change: Failed
| Attempting MC barostat change: Failed
| Attempting MC barostat change: Failed
| Attempting MC barostat change: Succeeded
| Attempting MC barostat change: Failed

 NSTEP =    26000   TIME(PS) =    1352.000  TEMP(K) =   293.67  PRESS =     0.0
 Etot   =    -14695.8933  EKtot   =      3413.0562  EPtot      =    -18108.9494
 BOND   =        59.8919  ANGLE   =       164.2134  DIHED      =       252.2647
 1-4 NB =        66.2679  1-4 EEL =       875.5019  VDWAALS    =      2469.0526
 EELEC  =    -21996.1419  EHBOND  =         0.0000  RESTRAINT  =         0.0000
 EKCMT  =         0.0000  VIRIAL  =         0.0000  VOLUME     =     58082.8039
                                                    Density    =         1.0015
 ------------------------------------------------------------------------------

| Attempting MC barostat change: Succeeded
| Attempting MC barostat change: Failed
| Attempting MC barostat change: Failed
| Attempting MC barostat change: Failed
| Attempting MC barostat change: Succeeded
| Attempting MC barostat change: Failed
| Attempting MC barostat change: Succeeded
| Attempting MC barostat change: Succeeded
| Attempting MC barostat change: Failed
| Attempting MC barostat change: Failed

 NSTEP =    27000   TIME(PS) =    1354.000  TEMP(K) =   300.29  PRESS =     0.0
 Etot   =    -14524.4081  EKtot   =      3489.9587  EPtot      =    -18014.3668
 BOND   =        47.9689  ANGLE   =       148.8194  DIHED      =       252.9163
 1-4 NB =        73.2513  1-4 EEL =       885.0428  VDWAALS    =      2512.0917
 EELEC  =    -21934.4574  EHBOND  =         0.0000  RESTRAINT  =         0.0000
 EKCMT  =         0.0000  VIRIAL  =         0.0000  VOLUME     =     57963.3118
                                                    Density    =         1.0036
 ------------------------------------------------------------------------------

| Attempting MC barostat change: Failed
| Attempting MC barostat change: Succeeded
| Attempting MC barostat change: Failed
| Attempting MC barostat change: Failed
| Attempting MC barostat change: Failed
| Attempting MC barostat change: Succeeded
| Attempting MC barostat change: Failed
| Attempting MC barostat change: Failed
| Attempting MC barostat change: Failed
| Attempting MC barostat change: Succeeded

 NSTEP =    28000   TIME(PS) =    1356.000  TEMP(K) =   304.37  PRESS =     0.0
 Etot   =    -14561.7022  EKtot   =      3537.4429  EPtot      =    -18099.1450
 BOND   =        66.3436  ANGLE   =       158.1446  DIHED      =       251.6738
 1-4 NB =        68.6041  1-4 EEL =       874.5947  VDWAALS    =      2534.9783
 EELEC  =    -22053.4842  EHBOND  =         0.0000  RESTRAINT  =         0.0000
 EKCMT  =         0.0000  VIRIAL  =         0.0000  VOLUME     =     57827.1414
                                                    Density    =         1.0060
 ------------------------------------------------------------------------------

| Attempting MC barostat change: Succeeded
| Attempting MC barostat change: Succeeded
| Attempting MC barostat change: Succeeded
| Attempting MC barostat change: Failed
| Attempting MC barostat change: Failed
| Attempting MC barostat change: Succeeded
| Attempting MC barostat change: Succeeded
| Attempting MC barostat change: Failed
| Attempting MC barostat change: Succeeded
| Attempting MC barostat change: Failed

 NSTEP =    29000   TIME(PS) =    1358.000  TEMP(K) =   298.62  PRESS =     0.0
 Etot   =    -14612.9915  EKtot   =      3470.6089  EPtot      =    -18083.6004
 BOND   =        51.1421  ANGLE   =       168.4089  DIHED      =       248.1052
 1-4 NB =        68.5639  1-4 EEL =       878.4931  VDWAALS    =      2324.8541
 EELEC  =    -21823.1678  EHBOND  =         0.0000  RESTRAINT  =         0.0000
 EKCMT  =         0.0000  VIRIAL  =         0.0000  VOLUME     =     57816.7682
                                                    Density    =         1.0061
 ------------------------------------------------------------------------------

| Attempting MC barostat change: Succeeded
| Attempting MC barostat change: Failed
| Attempting MC barostat change: Succeeded
| Attempting MC barostat change: Failed
| Attempting MC barostat change: Failed
| Attempting MC barostat change: Failed
| Attempting MC barostat change: Failed
| Attempting MC barostat change: Failed
| Attempting MC barostat change: Failed
| Attempting MC barostat change: Succeeded

 NSTEP =    30000   TIME(PS) =    1360.000  TEMP(K) =   303.64  PRESS =     0.0
 Etot   =    -14529.4862  EKtot   =      3528.9768  EPtot      =    -18058.4630
 BOND   =        49.1280  ANGLE   =       159.1804  DIHED      =       249.1287
 1-4 NB =        71.1549  1-4 EEL =       886.2112  VDWAALS    =      2537.2575
 EELEC  =    -22010.5236  EHBOND  =         0.0000  RESTRAINT  =         0.0000
 EKCMT  =         0.0000  VIRIAL  =         0.0000  VOLUME     =     57582.2653
                                                    Density    =         1.0102
 ------------------------------------------------------------------------------

| Attempting MC barostat change: Failed
| Attempting MC barostat change: Failed
| Attempting MC barostat change: Failed
| Attempting MC barostat change: Succeeded
| Attempting MC barostat change: Succeeded
| Attempting MC barostat change: Failed
| Attempting MC barostat change: Succeeded
| Attempting MC barostat change: Failed
| Attempting MC barostat change: Succeeded
| Attempting MC barostat change: Failed

 NSTEP =    31000   TIME(PS) =    1362.000  TEMP(K) =   289.66  PRESS =     0.0
 Etot   =    -14571.3739  EKtot   =      3366.4526  EPtot      =    -17937.8265
 BOND   =        60.5142  ANGLE   =       166.8115  DIHED      =       236.0571
 1-4 NB =        66.2020  1-4 EEL =       882.9267  VDWAALS    =      2356.5071
 EELEC  =    -21706.8450  EHBOND  =         0.0000  RESTRAINT  =         0.0000
 EKCMT  =         0.0000  VIRIAL  =         0.0000  VOLUME     =     57771.1699
                                                    Density    =         1.0069
 ------------------------------------------------------------------------------

| Attempting MC barostat change: Succeeded
| Attempting MC barostat change: Failed
| Attempting MC barostat change: Succeeded
| Attempting MC barostat change: Failed
| Attempting MC barostat change: Failed
| Attempting MC barostat change: Failed
| Attempting MC barostat change: Succeeded
| Attempting MC barostat change: Succeeded
| Attempting MC barostat change: Succeeded
| Attempting MC barostat change: Failed

 NSTEP =    32000   TIME(PS) =    1364.000  TEMP(K) =   301.23  PRESS =     0.0
 Etot   =    -14501.7939  EKtot   =      3500.9666  EPtot      =    -18002.7605
 BOND   =        58.2198  ANGLE   =       164.3534  DIHED      =       251.5114
 1-4 NB =        60.6178  1-4 EEL =       859.7556  VDWAALS    =      2423.4416
 EELEC  =    -21820.6600  EHBOND  =         0.0000  RESTRAINT  =         0.0000
 EKCMT  =         0.0000  VIRIAL  =         0.0000  VOLUME     =     58146.1658
                                                    Density    =         1.0004
 ------------------------------------------------------------------------------

| Attempting MC barostat change: Succeeded
| Attempting MC barostat change: Failed
| Attempting MC barostat change: Failed
| Attempting MC barostat change: Succeeded
| Attempting MC barostat change: Succeeded
| Attempting MC barostat change: Failed
| Attempting MC barostat change: Failed
| Attempting MC barostat change: Succeeded
| Attempting MC barostat change: Failed
| Attempting MC barostat change: Failed

 NSTEP =    33000   TIME(PS) =    1366.000  TEMP(K) =   296.07  PRESS =     0.0
 Etot   =    -14477.3774  EKtot   =      3440.9124  EPtot      =    -17918.2897
 BOND   =        53.8694  ANGLE   =       160.2727  DIHED      =       256.3384
 1-4 NB =        64.2020  1-4 EEL =       886.6579  VDWAALS    =      2395.2028
 EELEC  =    -21734.8329  EHBOND  =         0.0000  RESTRAINT  =         0.0000
 EKCMT  =         0.0000  VIRIAL  =         0.0000  VOLUME     =     57896.1526
                                                    Density    =         1.0048
 ------------------------------------------------------------------------------

| Attempting MC barostat change: Succeeded
| Attempting MC barostat change: Failed
| Attempting MC barostat change: Succeeded
| Attempting MC barostat change: Failed
| Attempting MC barostat change: Succeeded
| Attempting MC barostat change: Succeeded
| Attempting MC barostat change: Failed
| Attempting MC barostat change: Failed
| Attempting MC barostat change: Succeeded
| Attempting MC barostat change: Failed

 NSTEP =    34000   TIME(PS) =    1368.000  TEMP(K) =   297.66  PRESS =     0.0
 Etot   =    -14596.5233  EKtot   =      3459.4409  EPtot      =    -18055.9642
 BOND   =        59.8495  ANGLE   =       171.1364  DIHED      =       247.4225
 1-4 NB =        64.6456  1-4 EEL =       877.4499  VDWAALS    =      2387.8833
 EELEC  =    -21864.3513  EHBOND  =         0.0000  RESTRAINT  =         0.0000
 EKCMT  =         0.0000  VIRIAL  =         0.0000  VOLUME     =     57640.1305
                                                    Density    =         1.0092
 ------------------------------------------------------------------------------

| Attempting MC barostat change: Failed
| Attempting MC barostat change: Failed
| Attempting MC barostat change: Failed
| Attempting MC barostat change: Failed
| Attempting MC barostat change: Failed
| Attempting MC barostat change: Failed
| Attempting MC barostat change: Failed
| Attempting MC barostat change: Succeeded
| Attempting MC barostat change: Failed
| Attempting MC barostat change: Failed

 NSTEP =    35000   TIME(PS) =    1370.000  TEMP(K) =   297.42  PRESS =     0.0
 Etot   =    -14584.4202  EKtot   =      3456.6919  EPtot      =    -18041.1121
 BOND   =        56.4155  ANGLE   =       158.8392  DIHED      =       257.9000
 1-4 NB =        61.1677  1-4 EEL =       874.6960  VDWAALS    =      2419.8177
 EELEC  =    -21869.9483  EHBOND  =         0.0000  RESTRAINT  =         0.0000
 EKCMT  =         0.0000  VIRIAL  =         0.0000  VOLUME     =     57680.8740
                                                    Density    =         1.0085
 ------------------------------------------------------------------------------

| Attempting MC barostat change: Failed
| Attempting MC barostat change: Failed
| Attempting MC barostat change: Failed
| Attempting MC barostat change: Succeeded
| Attempting MC barostat change: Failed
| Attempting MC barostat change: Succeeded
| Attempting MC barostat change: Succeeded
| Attempting MC barostat change: Failed
| Attempting MC barostat change: Succeeded
| Attempting MC barostat change: Succeeded

 NSTEP =    36000   TIME(PS) =    1372.000  TEMP(K) =   312.93  PRESS =     0.0
 Etot   =    -14421.8289  EKtot   =      3636.9023  EPtot      =    -18058.7312
 BOND   =        51.0426  ANGLE   =       147.0677  DIHED      =       252.4701
 1-4 NB =        74.2101  1-4 EEL =       884.7764  VDWAALS    =      2374.8890
 EELEC  =    -21843.1872  EHBOND  =         0.0000  RESTRAINT  =         0.0000
 EKCMT  =         0.0000  VIRIAL  =         0.0000  VOLUME     =     58062.4121
                                                    Density    =         1.0019
 ------------------------------------------------------------------------------

| Attempting MC barostat change: Failed
| Attempting MC barostat change: Succeeded
| Attempting MC barostat change: Failed
| Attempting MC barostat change: Failed
| Attempting MC barostat change: Succeeded
| Attempting MC barostat change: Failed
| Attempting MC barostat change: Succeeded
| Attempting MC barostat change: Succeeded
| Attempting MC barostat change: Succeeded
| Attempting MC barostat change: Failed

 NSTEP =    37000   TIME(PS) =    1374.000  TEMP(K) =   301.55  PRESS =     0.0
 Etot   =    -14411.1641  EKtot   =      3504.6003  EPtot      =    -17915.7645
 BOND   =        55.5010  ANGLE   =       169.9366  DIHED      =       247.9570
 1-4 NB =        66.8288  1-4 EEL =       882.8709  VDWAALS    =      2356.5446
 EELEC  =    -21695.4034  EHBOND  =         0.0000  RESTRAINT  =         0.0000
 EKCMT  =         0.0000  VIRIAL  =         0.0000  VOLUME     =     57915.3411
                                                    Density    =         1.0044
 ------------------------------------------------------------------------------

| Attempting MC barostat change: Failed
| Attempting MC barostat change: Failed
| Attempting MC barostat change: Succeeded
| Attempting MC barostat change: Failed
| Attempting MC barostat change: Succeeded
| Attempting MC barostat change: Failed
| Attempting MC barostat change: Succeeded
| Attempting MC barostat change: Failed
| Attempting MC barostat change: Failed
| Attempting MC barostat change: Failed

 NSTEP =    38000   TIME(PS) =    1376.000  TEMP(K) =   300.34  PRESS =     0.0
 Etot   =    -14450.6067  EKtot   =      3490.5669  EPtot      =    -17941.1736
 BOND   =        65.8610  ANGLE   =       155.3589  DIHED      =       248.7987
 1-4 NB =        70.4372  1-4 EEL =       882.0927  VDWAALS    =      2468.1442
 EELEC  =    -21831.8662  EHBOND  =         0.0000  RESTRAINT  =         0.0000
 EKCMT  =         0.0000  VIRIAL  =         0.0000  VOLUME     =     57906.3901
                                                    Density    =         1.0046
 ------------------------------------------------------------------------------

| Attempting MC barostat change: Failed
| Attempting MC barostat change: Succeeded
| Attempting MC barostat change: Failed
| Attempting MC barostat change: Succeeded
| Attempting MC barostat change: Failed
| Attempting MC barostat change: Failed
| Attempting MC barostat change: Succeeded
| Attempting MC barostat change: Failed
| Attempting MC barostat change: Succeeded
| Attempting MC barostat change: Succeeded

 NSTEP =    39000   TIME(PS) =    1378.000  TEMP(K) =   300.75  PRESS =     0.0
 Etot   =    -14418.2167  EKtot   =      3495.3591  EPtot      =    -17913.5758
 BOND   =        57.4855  ANGLE   =       172.3059  DIHED      =       254.3162
 1-4 NB =        61.2015  1-4 EEL =       882.5167  VDWAALS    =      2402.9965
 EELEC  =    -21744.3980  EHBOND  =         0.0000  RESTRAINT  =         0.0000
 EKCMT  =         0.0000  VIRIAL  =         0.0000  VOLUME     =     57971.9093
                                                    Density    =         1.0034
 ------------------------------------------------------------------------------

| Attempting MC barostat change: Succeeded
| Attempting MC barostat change: Failed
| Attempting MC barostat change: Succeeded
| Attempting MC barostat change: Failed
| Attempting MC barostat change: Failed
| Attempting MC barostat change: Succeeded
| Attempting MC barostat change: Failed
| Attempting MC barostat change: Failed
| Attempting MC barostat change: Failed
| Attempting MC barostat change: Failed

 NSTEP =    40000   TIME(PS) =    1380.000  TEMP(K) =   301.74  PRESS =     0.0
 Etot   =    -14487.1743  EKtot   =      3506.8162  EPtot      =    -17993.9904
 BOND   =        57.9001  ANGLE   =       143.5591  DIHED      =       256.5431
 1-4 NB =        69.4103  1-4 EEL =       890.0141  VDWAALS    =      2570.2817
 EELEC  =    -21981.6988  EHBOND  =         0.0000  RESTRAINT  =         0.0000
 EKCMT  =         0.0000  VIRIAL  =         0.0000  VOLUME     =     57538.6789
                                                    Density    =         1.0110
 ------------------------------------------------------------------------------

| Attempting MC barostat change: Succeeded
| Attempting MC barostat change: Succeeded
| Attempting MC barostat change: Failed
| Attempting MC barostat change: Failed
| Attempting MC barostat change: Succeeded
| Attempting MC barostat change: Failed
| Attempting MC barostat change: Succeeded
| Attempting MC barostat change: Failed
| Attempting MC barostat change: Failed
| Attempting MC barostat change: Failed

 NSTEP =    41000   TIME(PS) =    1382.000  TEMP(K) =   297.53  PRESS =     0.0
 Etot   =    -14419.1095  EKtot   =      3457.9734  EPtot      =    -17877.0829
 BOND   =        51.2663  ANGLE   =       152.1752  DIHED      =       254.0221
 1-4 NB =        71.0341  1-4 EEL =       887.1007  VDWAALS    =      2335.9796
 EELEC  =    -21628.6609  EHBOND  =         0.0000  RESTRAINT  =         0.0000
 EKCMT  =         0.0000  VIRIAL  =         0.0000  VOLUME     =     57801.7712
                                                    Density    =         1.0064
 ------------------------------------------------------------------------------

| Attempting MC barostat change: Succeeded
| Attempting MC barostat change: Failed
| Attempting MC barostat change: Succeeded
| Attempting MC barostat change: Failed
| Attempting MC barostat change: Failed
| Attempting MC barostat change: Succeeded
| Attempting MC barostat change: Succeeded
| Attempting MC barostat change: Failed
| Attempting MC barostat change: Failed
| Attempting MC barostat change: Failed

 NSTEP =    42000   TIME(PS) =    1384.000  TEMP(K) =   305.52  PRESS =     0.0
 Etot   =    -14431.9634  EKtot   =      3550.7275  EPtot      =    -17982.6909
 BOND   =        54.7456  ANGLE   =       170.5970  DIHED      =       253.8463
 1-4 NB =        62.8887  1-4 EEL =       877.6717  VDWAALS    =      2488.8655
 EELEC  =    -21891.3057  EHBOND  =         0.0000  RESTRAINT  =         0.0000
 EKCMT  =         0.0000  VIRIAL  =         0.0000  VOLUME     =     57796.7409
                                                    Density    =         1.0065
 ------------------------------------------------------------------------------

| Attempting MC barostat change: Succeeded
| Attempting MC barostat change: Succeeded
| Attempting MC barostat change: Failed
| Attempting MC barostat change: Failed
| Attempting MC barostat change: Failed
| Attempting MC barostat change: Failed
| Attempting MC barostat change: Failed
| Attempting MC barostat change: Failed
| Attempting MC barostat change: Succeeded
| Attempting MC barostat change: Succeeded

 NSTEP =    43000   TIME(PS) =    1386.000  TEMP(K) =   298.30  PRESS =     0.0
 Etot   =    -14614.1693  EKtot   =      3466.8540  EPtot      =    -18081.0233
 BOND   =        64.1659  ANGLE   =       144.7133  DIHED      =       254.0401
 1-4 NB =        62.4716  1-4 EEL =       867.9352  VDWAALS    =      2463.5783
 EELEC  =    -21937.9275  EHBOND  =         0.0000  RESTRAINT  =         0.0000
 EKCMT  =         0.0000  VIRIAL  =         0.0000  VOLUME     =     58237.3335
                                                    Density    =         0.9989
 ------------------------------------------------------------------------------

| Attempting MC barostat change: Failed
| Attempting MC barostat change: Failed
| Attempting MC barostat change: Succeeded
| Attempting MC barostat change: Succeeded
| Attempting MC barostat change: Failed
| Attempting MC barostat change: Failed
| Attempting MC barostat change: Succeeded
| Attempting MC barostat change: Failed
| Attempting MC barostat change: Failed
| Attempting MC barostat change: Failed

 NSTEP =    44000   TIME(PS) =    1388.000  TEMP(K) =   302.72  PRESS =     0.0
 Etot   =    -14494.0288  EKtot   =      3518.2563  EPtot      =    -18012.2851
 BOND   =        60.0475  ANGLE   =       145.4980  DIHED      =       247.8390
 1-4 NB =        67.8399  1-4 EEL =       880.1105  VDWAALS    =      2469.6920
 EELEC  =    -21883.3120  EHBOND  =         0.0000  RESTRAINT  =         0.0000
 EKCMT  =         0.0000  VIRIAL  =         0.0000  VOLUME     =     58448.5809
                                                    Density    =         0.9953
 ------------------------------------------------------------------------------

| Attempting MC barostat change: Failed
| Attempting MC barostat change: Succeeded
| Attempting MC barostat change: Succeeded
| Attempting MC barostat change: Failed
| Attempting MC barostat change: Failed
| Attempting MC barostat change: Succeeded
| Attempting MC barostat change: Succeeded
| Attempting MC barostat change: Failed
| Attempting MC barostat change: Succeeded
| Attempting MC barostat change: Succeeded

 NSTEP =    45000   TIME(PS) =    1390.000  TEMP(K) =   299.36  PRESS =     0.0
 Etot   =    -14493.0915  EKtot   =      3479.2439  EPtot      =    -17972.3354
 BOND   =        55.1201  ANGLE   =       153.5400  DIHED      =       256.0428
 1-4 NB =        67.5206  1-4 EEL =       880.2944  VDWAALS    =      2341.1243
 EELEC  =    -21725.9776  EHBOND  =         0.0000  RESTRAINT  =         0.0000
 EKCMT  =         0.0000  VIRIAL  =         0.0000  VOLUME     =     58257.9852
                                                    Density    =         0.9985
 ------------------------------------------------------------------------------

| Attempting MC barostat change: Succeeded
| Attempting MC barostat change: Failed
| Attempting MC barostat change: Failed
| Attempting MC barostat change: Succeeded
| Attempting MC barostat change: Succeeded
| Attempting MC barostat change: Failed
| Attempting MC barostat change: Failed
| Attempting MC barostat change: Failed
| Attempting MC barostat change: Failed
| Attempting MC barostat change: Failed

 NSTEP =    46000   TIME(PS) =    1392.000  TEMP(K) =   304.55  PRESS =     0.0
 Etot   =    -14500.0196  EKtot   =      3539.5398  EPtot      =    -18039.5594
 BOND   =        62.7393  ANGLE   =       141.7854  DIHED      =       254.9449
 1-4 NB =        65.4807  1-4 EEL =       884.6208  VDWAALS    =      2590.3698
 EELEC  =    -22039.5004  EHBOND  =         0.0000  RESTRAINT  =         0.0000
 EKCMT  =         0.0000  VIRIAL  =         0.0000  VOLUME     =     57505.7061
                                                    Density    =         1.0116
 ------------------------------------------------------------------------------

| Attempting MC barostat change: Succeeded
| Attempting MC barostat change: Failed
| Attempting MC barostat change: Succeeded
| Attempting MC barostat change: Failed
| Attempting MC barostat change: Failed
| Attempting MC barostat change: Failed
| Attempting MC barostat change: Failed
| Attempting MC barostat change: Failed
| Attempting MC barostat change: Failed
| Attempting MC barostat change: Succeeded

 NSTEP =    47000   TIME(PS) =    1394.000  TEMP(K) =   302.99  PRESS =     0.0
 Etot   =    -14520.3438  EKtot   =      3521.4287  EPtot      =    -18041.7725
 BOND   =        64.1718  ANGLE   =       172.0683  DIHED      =       254.3141
 1-4 NB =        65.1642  1-4 EEL =       880.8185  VDWAALS    =      2450.7006
 EELEC  =    -21929.0100  EHBOND  =         0.0000  RESTRAINT  =         0.0000
 EKCMT  =         0.0000  VIRIAL  =         0.0000  VOLUME     =     57946.3223
                                                    Density    =         1.0039
 ------------------------------------------------------------------------------

| Attempting MC barostat change: Succeeded
| Attempting MC barostat change: Succeeded
| Attempting MC barostat change: Succeeded
| Attempting MC barostat change: Failed
| Attempting MC barostat change: Succeeded
| Attempting MC barostat change: Failed
| Attempting MC barostat change: Failed
| Attempting MC barostat change: Failed
| Attempting MC barostat change: Failed
| Attempting MC barostat change: Failed

 NSTEP =    48000   TIME(PS) =    1396.000  TEMP(K) =   296.11  PRESS =     0.0
 Etot   =    -14567.5288  EKtot   =      3441.4482  EPtot      =    -18008.9770
 BOND   =        65.5841  ANGLE   =       145.0236  DIHED      =       255.0616
 1-4 NB =        68.9304  1-4 EEL =       870.7838  VDWAALS    =      2310.4300
 EELEC  =    -21724.7904  EHBOND  =         0.0000  RESTRAINT  =         0.0000
 EKCMT  =         0.0000  VIRIAL  =         0.0000  VOLUME     =     58028.6537
                                                    Density    =         1.0025
 ------------------------------------------------------------------------------

| Attempting MC barostat change: Failed
| Attempting MC barostat change: Failed
| Attempting MC barostat change: Failed
| Attempting MC barostat change: Failed
| Attempting MC barostat change: Failed
| Attempting MC barostat change: Succeeded
| Attempting MC barostat change: Failed
| Attempting MC barostat change: Failed
| Attempting MC barostat change: Succeeded
| Attempting MC barostat change: Failed

 NSTEP =    49000   TIME(PS) =    1398.000  TEMP(K) =   298.34  PRESS =     0.0
 Etot   =    -14488.6106  EKtot   =      3467.3901  EPtot      =    -17956.0008
 BOND   =        55.1286  ANGLE   =       150.6235  DIHED      =       249.3948
 1-4 NB =        62.6385  1-4 EEL =       887.1465  VDWAALS    =      2423.6461
 EELEC  =    -21784.5787  EHBOND  =         0.0000  RESTRAINT  =         0.0000
 EKCMT  =         0.0000  VIRIAL  =         0.0000  VOLUME     =     58364.0698
                                                    Density    =         0.9967
 ------------------------------------------------------------------------------

| Attempting MC barostat change: Succeeded
| Attempting MC barostat change: Failed
| Attempting MC barostat change: Succeeded
| Attempting MC barostat change: Failed
| Attempting MC barostat change: Succeeded
| Attempting MC barostat change: Succeeded
| Attempting MC barostat change: Succeeded
| Attempting MC barostat change: Succeeded
| Attempting MC barostat change: Failed
| Attempting MC barostat change: Failed

 NSTEP =    50000   TIME(PS) =    1400.000  TEMP(K) =   305.53  PRESS =     0.0
 Etot   =    -14445.4984  EKtot   =      3550.8801  EPtot      =    -17996.3785
 BOND   =        55.6696  ANGLE   =       149.8988  DIHED      =       253.4014
 1-4 NB =        71.0705  1-4 EEL =       871.2334  VDWAALS    =      2377.1904
 EELEC  =    -21774.8427  EHBOND  =         0.0000  RESTRAINT  =         0.0000
 EKCMT  =         0.0000  VIRIAL  =         0.0000  VOLUME     =     58428.3847
                                                    Density    =         0.9956
 ------------------------------------------------------------------------------


      A V E R A G E S   O V E R      50 S T E P S


 NSTEP =    50000   TIME(PS) =    1400.000  TEMP(K) =   299.94  PRESS =     0.0
 Etot   =    -14520.1343  EKtot   =      3485.9466  EPtot      =    -18006.0809
 BOND   =        58.8371  ANGLE   =       157.0559  DIHED      =       251.1300
 1-4 NB =        67.5050  1-4 EEL =       877.7046  VDWAALS    =      2427.8296
 EELEC  =    -21846.1431  EHBOND  =         0.0000  RESTRAINT  =         0.0000
 EKCMT  =         0.0000  VIRIAL  =         0.0000  VOLUME     =     57978.8532
                                                    Density    =         1.0033
 ------------------------------------------------------------------------------


      R M S  F L U C T U A T I O N S


 NSTEP =    50000   TIME(PS) =    1400.000  TEMP(K) =     4.00  PRESS =     0.0
 Etot   =        66.3538  EKtot   =        46.5101  EPtot      =        57.4410
 BOND   =         5.3238  ANGLE   =        10.1547  DIHED      =         5.6662
 1-4 NB =         3.3951  1-4 EEL =         8.2890  VDWAALS    =        69.7140
 EELEC  =       104.7342  EHBOND  =         0.0000  RESTRAINT  =         0.0000
 EKCMT  =         0.0000  VIRIAL  =         0.0000  VOLUME     =       278.9342
                                                    Density    =         0.0048
 ------------------------------------------------------------------------------

| MC Barostat:        500 volume changes attempted.
| MC Barostat:        173 changes successful ( 34.60%)
 ------------------------------------------------------------------------------

--------------------------------------------------------------------------------
   5.  TIMINGS
--------------------------------------------------------------------------------

|  NonSetup CPU Time in Major Routines:
|
|     Routine           Sec        %
|     ------------------------------
|     Nonbond           6.30   27.78
|     Bond              0.00    0.00
|     Angle             0.00    0.00
|     Dihedral          0.00    0.00
|     Shake             0.49    2.15
|     RunMD            15.74   69.39
|     Other             0.16    0.69
|     ------------------------------
|     Total            22.69

|  PME Nonbond Pairlist CPU Time:
|
|     Routine              Sec        %
|     ---------------------------------
|     Set Up Cit           0.00    0.00
|     Build List           0.00    0.00
|     ---------------------------------
|     Total                0.00    0.00

|  PME Direct Force CPU Time:
|
|     Routine              Sec        %
|     ---------------------------------
|     NonBonded Calc       0.00    0.00
|     Exclude Masked       0.00    0.00
|     Other                0.03    0.11
|     ---------------------------------
|     Total                0.03    0.11

|  PME Reciprocal Force CPU Time:
|
|     Routine              Sec        %
|     ---------------------------------
|     1D bspline           0.00    0.00
|     Grid Charges         0.00    0.00
|     Scalar Sum           0.00    0.00
|     Gradient Sum         0.00    0.00
|     FFT                  0.00    0.00
|     ---------------------------------
|     Total                0.00    0.00

|  Final Performance Info:
|     -----------------------------------------------------
|     Average timings for last   49000 steps:
|         Elapsed(s) =      22.21 Per Step(ms) =       0.45
|             ns/day =     381.30   seconds/ns =     226.59
|
|     Average timings for all steps:
|         Elapsed(s) =      22.69 Per Step(ms) =       0.45
|             ns/day =     380.81   seconds/ns =     226.89
|     -----------------------------------------------------

|  Setup CPU time:            1.62 seconds
|  NonSetup CPU time:        22.69 seconds
|  Total CPU time:           24.31 seconds     0.01 hours

|  Setup wall time:           2    seconds
|  NonSetup wall time:       23    seconds
|  Total wall time:          25    seconds     0.01 hours
