
          -------------------------------------------------------
          Amber 14 SANDER                              2014
          -------------------------------------------------------

| PMEMD implementation of SANDER, Release 14

| Run on 06/01/2016 at 12:01:26

|   Executable path: pmemd.cuda
| Working directory: /mnt/lustre_fs/users/workshop_1/joebaker/day7/day7/trpcage/runsim/prod
|          Hostname: gpu-compute2

  [-O]verwriting output

File Assignments:
|   MDIN: prod.in                                                               
|  MDOUT: prod.9.out                                                            
| INPCRD: prod.8.rst7                                                           
|   PARM: ../../tleap/trpcage.parm7                                             
| RESTRT: prod.9.rst7                                                           
|   REFC: refc                                                                  
|  MDVEL: mdvel                                                                 
|   MDEN: mden                                                                  
|  MDCRD: prod.9.nc                                                             
| MDINFO: mdinfo                                                                
|  MDFRC: mdfrc                                                                 


 Here is the input file:

NPT prod                                                                       
 &cntrl                                                                        
  imin=0, ! Not a minimization run                                             
  ntx=5, ! Read coordinates and velocities from restart file                   
  irest=1, ! Restart from previous, expecting velocities                       
  ntxo=2, ! The final coords, velocities, box size in NetCDF                   
  ioutfm=1, ! Print mdcrd to NetCDF format                                     
  ntwr=100000, ! Very high value for how often restart file is written         
  nstlim=50000 ! 100 ps of NPT equilibration                                   
  dt=0.002, ! Time step in picoseconds, so this is 2 fs                        
  ntf=2, ! Do not calc the force for SHAKE constrained bonds                   
  ntc=2, ! Use SHAKE for all hydrogen bonds                                    
  temp0=300.0, ! Thermostat temperature, Run at this temperature               
  ntpr=1000, ! How often to print                                              
  ntwx=1000, ! Write coordinates every 2 ps                                    
  cut=8.0, ! Nonbonded cutoff                                                  
  ntb=2, ! Use PBC and constant pressure                                       
  ntp=1, ! Isotropic pressure scaling                                          
  barostat=2, ! Use Monte Carlo barostat                                       
  taup=1, ! Pressure relaxation time                                           
  ntt=3, ! Use the Lengevin thermostat                                         
  gamma_ln=1.0, ! Frequency of collisions for thermostat                       
  ig=-1, ! Randomize seed for Langevin thermostat                              
 /                                                                             


Note: ig = -1. Setting random seed to   688937 based on wallclock time in 
      microseconds.
 
|--------------------- INFORMATION ----------------------
| GPU (CUDA) Version of PMEMD in use: NVIDIA GPU IN USE.
|                    Version 14.0.1
| 
|                      06/20/2014
| 
| Implementation by:
|                    Ross C. Walker     (SDSC)
|                    Scott Le Grand     (nVIDIA)
| 
| CAUTION: The CUDA code is currently experimental.
|          You use it at your own risk. Be sure to
|          check ALL results carefully.
| 
| Precision model in use:
|      [SPFP] - Mixed Single/Double/Fixed Point Precision.
|               (Default)
| 
|--------------------------------------------------------
 
|----------------- CITATION INFORMATION -----------------
|
|    When publishing work that utilized the CUDA version
|    of AMBER, please cite the following in addition to
|    the regular AMBER citations:
|
|  - Romelia Salomon-Ferrer; Andreas W. Goetz; Duncan
|    Poole; Scott Le Grand; Ross C. Walker "Routine
|    microsecond molecular dynamics simulations with
|    AMBER - Part II: Particle Mesh Ewald", J. Chem.
|    Theory Comput., 2013, 9 (9), pp3878-3888,
|    DOI: 10.1021/ct400314y.
|
|  - Andreas W. Goetz; Mark J. Williamson; Dong Xu;
|    Duncan Poole; Scott Le Grand; Ross C. Walker
|    "Routine microsecond molecular dynamics simulations
|    with AMBER - Part I: Generalized Born", J. Chem.
|    Theory Comput., 2012, 8 (5), pp1542-1555.
|
|  - Scott Le Grand; Andreas W. Goetz; Ross C. Walker
|    "SPFP: Speed without compromise - a mixed precision
|    model for GPU accelerated molecular dynamics
|    simulations.", Comp. Phys. Comm., 2013, 184
|    pp374-380, DOI: 10.1016/j.cpc.2012.09.022
|
|--------------------------------------------------------
 
|------------------- GPU DEVICE INFO --------------------
|
|            CUDA_VISIBLE_DEVICES: 0
|   CUDA Capable Devices Detected:      1
|           CUDA Device ID in use:      0
|                CUDA Device Name: GeForce GTX TITAN X
|     CUDA Device Global Mem Size:  12287 MB
| CUDA Device Num Multiprocessors:     24
|           CUDA Device Core Freq:   1.08 GHz
|
|--------------------------------------------------------
 
 
| Conditional Compilation Defines Used:
| PUBFFT
| BINTRAJ
| CUDA
| EMIL

| Largest sphere to fit in unit cell has radius =    17.222

| New format PARM file being parsed.
| Version =    1.000 Date = 06/01/16 Time = 08:32:47

| Note: 1-4 EEL scale factors are being read from the topology file.

| Note: 1-4 VDW scale factors are being read from the topology file.
| Duplicated    0 dihedrals

| Duplicated    0 dihedrals

--------------------------------------------------------------------------------
   1.  RESOURCE   USE: 
--------------------------------------------------------------------------------

 getting box info from netcdf restart file
 NATOM  =    5771 NTYPES =      15 NBONH =    5616 MBONA  =     160
 NTHETH =     346 MTHETA =     219 NPHIH =     700 MPHIA  =     653
 NHPARM =       0 NPARM  =       0 NNB   =    8990 NRES   =    1843
 NBONA  =     160 NTHETA =     219 NPHIA =     653 NUMBND =      55
 NUMANG =     124 NPTRA  =     137 NATYP =      29 NPHB   =       1
 IFBOX  =       2 NMXRS  =      24 IFCAP =       0 NEXTRA =       0
 NCOPY  =       0

| Coordinate Index Table dimensions:     8    8    8
| Direct force subcell size =     5.2731    5.2731    5.2731

     BOX TYPE: TRUNCATED OCTAHEDRON

--------------------------------------------------------------------------------
   2.  CONTROL  DATA  FOR  THE  RUN
--------------------------------------------------------------------------------

default_name                                                                    

General flags:
     imin    =       0, nmropt  =       0

Nature and format of input:
     ntx     =       5, irest   =       1, ntrx    =       1

Nature and format of output:
     ntxo    =       2, ntpr    =    1000, ntrx    =       1, ntwr    =  100000
     iwrap   =       0, ntwx    =    1000, ntwv    =       0, ntwe    =       0
     ioutfm  =       1, ntwprt  =       0, idecomp =       0, rbornstat=      0

Potential function:
     ntf     =       2, ntb     =       2, igb     =       0, nsnb    =      25
     ipol    =       0, gbsa    =       0, iesp    =       0
     dielc   =   1.00000, cut     =   8.00000, intdiel =   1.00000

Frozen or restrained atoms:
     ibelly  =       0, ntr     =       0

Molecular dynamics:
     nstlim  =     50000, nscm    =      1000, nrespa  =         1
     t       =   0.00000, dt      =   0.00200, vlimit  =  -1.00000

Langevin dynamics temperature regulation:
     ig      =  688937
     temp0   = 300.00000, tempi   =   0.00000, gamma_ln=   1.00000

Pressure regulation:
     ntp     =       1
     pres0   =   1.00000, comp    =  44.60000, taup    =   1.00000
     Monte-Carlo Barostat:
     mcbarint  =     100

SHAKE:
     ntc     =       2, jfastw  =       0
     tol     =   0.00001

| Intermolecular bonds treatment:
|     no_intermolecular_bonds =       1

| Energy averages sample interval:
|     ene_avg_sampling =    1000

Ewald parameters:
     verbose =       0, ew_type =       0, nbflag  =       1, use_pme =       1
     vdwmeth =       1, eedmeth =       1, netfrc  =       1
     Box X =   42.184   Box Y =   42.184   Box Z =   42.184
     Alpha =  109.471   Beta  =  109.471   Gamma =  109.471
     NFFT1 =   48       NFFT2 =   48       NFFT3 =   48
     Cutoff=    8.000   Tol   =0.100E-04
     Ewald Coefficient =  0.34864
     Interpolation order =    4

--------------------------------------------------------------------------------
   3.  ATOMIC COORDINATES AND VELOCITIES
--------------------------------------------------------------------------------

default_name                                                                    
 begin time read from input coords =  1600.000 ps

 
 Number of triangulated 3-point waters found:     1822

     Sum of charges from parm topology file =  -0.00000001
     Forcing neutrality...

| Dynamic Memory, Types Used:
| Reals              348404
| Integers           168083

| Nonbonded Pairs Initial Allocation:      963901

| GPU memory information (estimate):
| KB of GPU memory in use:     38266
| KB of CPU memory in use:     10138

--------------------------------------------------------------------------------
   4.  RESULTS
--------------------------------------------------------------------------------

 ---------------------------------------------------
 APPROXIMATING switch and d/dx switch using CUBIC SPLINE INTERPOLATION
 using   5000.0 points per unit in tabled values
 TESTING RELATIVE ERROR over r ranging from 0.0 to cutoff
| CHECK switch(x): max rel err =   0.2738E-14   at   2.422500
| CHECK d/dx switch(x): max rel err =   0.8332E-11   at   2.782960
 ---------------------------------------------------
|---------------------------------------------------
| APPROXIMATING direct energy using CUBIC SPLINE INTERPOLATION
|  with   50.0 points per unit in tabled values
| Relative Error Limit not exceeded for r .gt.   2.47
| APPROXIMATING direct force using CUBIC SPLINE INTERPOLATION
|  with   50.0 points per unit in tabled values
| Relative Error Limit not exceeded for r .gt.   2.89
|---------------------------------------------------
| Attempting MC barostat change: Failed
| Attempting MC barostat change: Failed
| Attempting MC barostat change: Succeeded
| Attempting MC barostat change: Succeeded
| Attempting MC barostat change: Failed
| Attempting MC barostat change: Failed
| Attempting MC barostat change: Failed
| Attempting MC barostat change: Failed
| Attempting MC barostat change: Failed
| Attempting MC barostat change: Succeeded

 NSTEP =     1000   TIME(PS) =    1602.000  TEMP(K) =   304.99  PRESS =     0.0
 Etot   =    -14534.9212  EKtot   =      3544.6094  EPtot      =    -18079.5306
 BOND   =        51.8801  ANGLE   =       168.1900  DIHED      =       243.7539
 1-4 NB =        63.3534  1-4 EEL =       886.9674  VDWAALS    =      2457.4221
 EELEC  =    -21951.0975  EHBOND  =         0.0000  RESTRAINT  =         0.0000
 EKCMT  =         0.0000  VIRIAL  =         0.0000  VOLUME     =     57486.4765
                                                    Density    =         1.0119
 ------------------------------------------------------------------------------

| Attempting MC barostat change: Succeeded
| Attempting MC barostat change: Failed
| Attempting MC barostat change: Failed
| Attempting MC barostat change: Succeeded
| Attempting MC barostat change: Failed
| Attempting MC barostat change: Failed
| Attempting MC barostat change: Failed
| Attempting MC barostat change: Failed
| Attempting MC barostat change: Failed
| Attempting MC barostat change: Failed
| MC Barostat: Decreasing size of volume moves

 NSTEP =     2000   TIME(PS) =    1604.000  TEMP(K) =   297.11  PRESS =     0.0
 Etot   =    -14605.6344  EKtot   =      3452.9958  EPtot      =    -18058.6302
 BOND   =        64.7046  ANGLE   =       152.8545  DIHED      =       259.9591
 1-4 NB =        65.4885  1-4 EEL =       873.7920  VDWAALS    =      2357.5629
 EELEC  =    -21832.9918  EHBOND  =         0.0000  RESTRAINT  =         0.0000
 EKCMT  =         0.0000  VIRIAL  =         0.0000  VOLUME     =     57940.3512
                                                    Density    =         1.0040
 ------------------------------------------------------------------------------

| Attempting MC barostat change: Succeeded
| Attempting MC barostat change: Failed
| Attempting MC barostat change: Succeeded
| Attempting MC barostat change: Failed
| Attempting MC barostat change: Failed
| Attempting MC barostat change: Failed
| Attempting MC barostat change: Failed
| Attempting MC barostat change: Failed
| Attempting MC barostat change: Succeeded
| Attempting MC barostat change: Failed

 NSTEP =     3000   TIME(PS) =    1606.000  TEMP(K) =   299.40  PRESS =     0.0
 Etot   =    -14505.0772  EKtot   =      3479.6541  EPtot      =    -17984.7313
 BOND   =        72.5838  ANGLE   =       149.8088  DIHED      =       256.0318
 1-4 NB =        64.8586  1-4 EEL =       874.6023  VDWAALS    =      2534.1558
 EELEC  =    -21936.7724  EHBOND  =         0.0000  RESTRAINT  =         0.0000
 EKCMT  =         0.0000  VIRIAL  =         0.0000  VOLUME     =     58665.6084
                                                    Density    =         0.9916
 ------------------------------------------------------------------------------

| Attempting MC barostat change: Succeeded
| Attempting MC barostat change: Succeeded
| Attempting MC barostat change: Succeeded
| Attempting MC barostat change: Succeeded
| Attempting MC barostat change: Failed
| Attempting MC barostat change: Succeeded
| Attempting MC barostat change: Failed
| Attempting MC barostat change: Succeeded
| Attempting MC barostat change: Failed
| Attempting MC barostat change: Failed

 NSTEP =     4000   TIME(PS) =    1608.000  TEMP(K) =   294.44  PRESS =     0.0
 Etot   =    -14637.1259  EKtot   =      3421.9824  EPtot      =    -18059.1083
 BOND   =        55.0290  ANGLE   =       173.1213  DIHED      =       258.5696
 1-4 NB =        68.8537  1-4 EEL =       875.5333  VDWAALS    =      2360.6737
 EELEC  =    -21850.8889  EHBOND  =         0.0000  RESTRAINT  =         0.0000
 EKCMT  =         0.0000  VIRIAL  =         0.0000  VOLUME     =     58020.8899
                                                    Density    =         1.0026
 ------------------------------------------------------------------------------

| Attempting MC barostat change: Failed
| Attempting MC barostat change: Succeeded
| Attempting MC barostat change: Failed
| Attempting MC barostat change: Failed
| Attempting MC barostat change: Failed
| Attempting MC barostat change: Failed
| Attempting MC barostat change: Failed
| Attempting MC barostat change: Failed
| Attempting MC barostat change: Failed
| Attempting MC barostat change: Succeeded

 NSTEP =     5000   TIME(PS) =    1610.000  TEMP(K) =   298.95  PRESS =     0.0
 Etot   =    -14428.5702  EKtot   =      3474.4700  EPtot      =    -17903.0402
 BOND   =        67.0354  ANGLE   =       171.4501  DIHED      =       247.0106
 1-4 NB =        66.6524  1-4 EEL =       878.5593  VDWAALS    =      2419.9141
 EELEC  =    -21753.6622  EHBOND  =         0.0000  RESTRAINT  =         0.0000
 EKCMT  =         0.0000  VIRIAL  =         0.0000  VOLUME     =     58244.9157
                                                    Density    =         0.9987
 ------------------------------------------------------------------------------

| Attempting MC barostat change: Succeeded
| Attempting MC barostat change: Failed
| Attempting MC barostat change: Failed
| Attempting MC barostat change: Succeeded
| Attempting MC barostat change: Failed
| Attempting MC barostat change: Succeeded
| Attempting MC barostat change: Succeeded
| Attempting MC barostat change: Failed
| Attempting MC barostat change: Failed
| Attempting MC barostat change: Failed

 NSTEP =     6000   TIME(PS) =    1612.000  TEMP(K) =   294.79  PRESS =     0.0
 Etot   =    -14553.6899  EKtot   =      3426.0708  EPtot      =    -17979.7607
 BOND   =        57.0289  ANGLE   =       155.1588  DIHED      =       242.8592
 1-4 NB =        65.3116  1-4 EEL =       885.3804  VDWAALS    =      2307.0703
 EELEC  =    -21692.5699  EHBOND  =         0.0000  RESTRAINT  =         0.0000
 EKCMT  =         0.0000  VIRIAL  =         0.0000  VOLUME     =     58077.8240
                                                    Density    =         1.0016
 ------------------------------------------------------------------------------

| Attempting MC barostat change: Succeeded
| Attempting MC barostat change: Failed
| Attempting MC barostat change: Succeeded
| Attempting MC barostat change: Failed
| Attempting MC barostat change: Failed
| Attempting MC barostat change: Succeeded
| Attempting MC barostat change: Succeeded
| Attempting MC barostat change: Succeeded
| Attempting MC barostat change: Succeeded
| Attempting MC barostat change: Failed

 NSTEP =     7000   TIME(PS) =    1614.000  TEMP(K) =   298.43  PRESS =     0.0
 Etot   =    -14542.8243  EKtot   =      3468.3872  EPtot      =    -18011.2115
 BOND   =        62.9810  ANGLE   =       137.7072  DIHED      =       261.9986
 1-4 NB =        65.7842  1-4 EEL =       872.8908  VDWAALS    =      2295.3319
 EELEC  =    -21707.9051  EHBOND  =         0.0000  RESTRAINT  =         0.0000
 EKCMT  =         0.0000  VIRIAL  =         0.0000  VOLUME     =     58053.9541
                                                    Density    =         1.0020
 ------------------------------------------------------------------------------

| Attempting MC barostat change: Failed
| Attempting MC barostat change: Succeeded
| Attempting MC barostat change: Succeeded
| Attempting MC barostat change: Failed
| Attempting MC barostat change: Succeeded
| Attempting MC barostat change: Succeeded
| Attempting MC barostat change: Succeeded
| Attempting MC barostat change: Failed
| Attempting MC barostat change: Succeeded
| Attempting MC barostat change: Failed

 NSTEP =     8000   TIME(PS) =    1616.000  TEMP(K) =   300.33  PRESS =     0.0
 Etot   =    -14520.2395  EKtot   =      3490.4878  EPtot      =    -18010.7273
 BOND   =        57.4971  ANGLE   =       160.9125  DIHED      =       250.2439
 1-4 NB =        68.3790  1-4 EEL =       882.0085  VDWAALS    =      2442.7395
 EELEC  =    -21872.5077  EHBOND  =         0.0000  RESTRAINT  =         0.0000
 EKCMT  =         0.0000  VIRIAL  =         0.0000  VOLUME     =     57978.4045
                                                    Density    =         1.0033
 ------------------------------------------------------------------------------

| Attempting MC barostat change: Failed
| Attempting MC barostat change: Succeeded
| Attempting MC barostat change: Failed
| Attempting MC barostat change: Succeeded
| Attempting MC barostat change: Failed
| Attempting MC barostat change: Failed
| Attempting MC barostat change: Failed
| Attempting MC barostat change: Failed
| Attempting MC barostat change: Failed
| Attempting MC barostat change: Failed

 NSTEP =     9000   TIME(PS) =    1618.000  TEMP(K) =   293.80  PRESS =     0.0
 Etot   =    -14630.7103  EKtot   =      3414.5750  EPtot      =    -18045.2852
 BOND   =        61.1465  ANGLE   =       155.5609  DIHED      =       241.1350
 1-4 NB =        63.0117  1-4 EEL =       890.3000  VDWAALS    =      2312.7112
 EELEC  =    -21769.1505  EHBOND  =         0.0000  RESTRAINT  =         0.0000
 EKCMT  =         0.0000  VIRIAL  =         0.0000  VOLUME     =     58017.4071
                                                    Density    =         1.0027
 ------------------------------------------------------------------------------

| Attempting MC barostat change: Succeeded
| Attempting MC barostat change: Succeeded
| Attempting MC barostat change: Failed
| Attempting MC barostat change: Succeeded
| Attempting MC barostat change: Succeeded
| Attempting MC barostat change: Failed
| Attempting MC barostat change: Succeeded
| Attempting MC barostat change: Failed
| Attempting MC barostat change: Succeeded
| Attempting MC barostat change: Failed

 NSTEP =    10000   TIME(PS) =    1620.000  TEMP(K) =   298.17  PRESS =     0.0
 Etot   =    -14536.3113  EKtot   =      3465.4043  EPtot      =    -18001.7156
 BOND   =        59.2262  ANGLE   =       166.5943  DIHED      =       251.4494
 1-4 NB =        66.8794  1-4 EEL =       877.1096  VDWAALS    =      2363.0658
 EELEC  =    -21786.0403  EHBOND  =         0.0000  RESTRAINT  =         0.0000
 EKCMT  =         0.0000  VIRIAL  =         0.0000  VOLUME     =     58116.0218
                                                    Density    =         1.0010
 ------------------------------------------------------------------------------

| Attempting MC barostat change: Failed
| Attempting MC barostat change: Failed
| Attempting MC barostat change: Succeeded
| Attempting MC barostat change: Failed
| Attempting MC barostat change: Succeeded
| Attempting MC barostat change: Succeeded
| Attempting MC barostat change: Failed
| Attempting MC barostat change: Succeeded
| Attempting MC barostat change: Succeeded
| Attempting MC barostat change: Succeeded

 NSTEP =    11000   TIME(PS) =    1622.000  TEMP(K) =   296.61  PRESS =     0.0
 Etot   =    -14672.6412  EKtot   =      3447.1909  EPtot      =    -18119.8321
 BOND   =        59.3426  ANGLE   =       154.3565  DIHED      =       253.8791
 1-4 NB =        64.5576  1-4 EEL =       877.8077  VDWAALS    =      2491.3592
 EELEC  =    -22021.1347  EHBOND  =         0.0000  RESTRAINT  =         0.0000
 EKCMT  =         0.0000  VIRIAL  =         0.0000  VOLUME     =     58048.3105
                                                    Density    =         1.0021
 ------------------------------------------------------------------------------

| Attempting MC barostat change: Failed
| Attempting MC barostat change: Failed
| Attempting MC barostat change: Succeeded
| Attempting MC barostat change: Failed
| Attempting MC barostat change: Failed
| Attempting MC barostat change: Succeeded
| Attempting MC barostat change: Failed
| Attempting MC barostat change: Failed
| Attempting MC barostat change: Succeeded
| Attempting MC barostat change: Succeeded

 NSTEP =    12000   TIME(PS) =    1624.000  TEMP(K) =   293.45  PRESS =     0.0
 Etot   =    -14585.9868  EKtot   =      3410.4580  EPtot      =    -17996.4448
 BOND   =        62.5586  ANGLE   =       155.3713  DIHED      =       254.2448
 1-4 NB =        61.2394  1-4 EEL =       878.7405  VDWAALS    =      2440.6869
 EELEC  =    -21849.2864  EHBOND  =         0.0000  RESTRAINT  =         0.0000
 EKCMT  =         0.0000  VIRIAL  =         0.0000  VOLUME     =     58147.7361
                                                    Density    =         1.0004
 ------------------------------------------------------------------------------

| Attempting MC barostat change: Failed
| Attempting MC barostat change: Failed
| Attempting MC barostat change: Failed
| Attempting MC barostat change: Succeeded
| Attempting MC barostat change: Succeeded
| Attempting MC barostat change: Failed
| Attempting MC barostat change: Succeeded
| Attempting MC barostat change: Failed
| Attempting MC barostat change: Succeeded
| Attempting MC barostat change: Failed

 NSTEP =    13000   TIME(PS) =    1626.000  TEMP(K) =   301.98  PRESS =     0.0
 Etot   =    -14451.6616  EKtot   =      3509.6848  EPtot      =    -17961.3464
 BOND   =        46.7709  ANGLE   =       152.6409  DIHED      =       253.8959
 1-4 NB =        67.8195  1-4 EEL =       872.1419  VDWAALS    =      2351.1523
 EELEC  =    -21705.7678  EHBOND  =         0.0000  RESTRAINT  =         0.0000
 EKCMT  =         0.0000  VIRIAL  =         0.0000  VOLUME     =     58451.2698
                                                    Density    =         0.9952
 ------------------------------------------------------------------------------

| Attempting MC barostat change: Failed
| Attempting MC barostat change: Succeeded
| Attempting MC barostat change: Failed
| Attempting MC barostat change: Failed
| Attempting MC barostat change: Failed
| Attempting MC barostat change: Failed
| Attempting MC barostat change: Failed
| Attempting MC barostat change: Failed
| Attempting MC barostat change: Succeeded
| Attempting MC barostat change: Succeeded

 NSTEP =    14000   TIME(PS) =    1628.000  TEMP(K) =   297.74  PRESS =     0.0
 Etot   =    -14551.7570  EKtot   =      3460.4084  EPtot      =    -18012.1655
 BOND   =        58.8011  ANGLE   =       162.8331  DIHED      =       258.1463
 1-4 NB =        72.3169  1-4 EEL =       888.2354  VDWAALS    =      2406.5449
 EELEC  =    -21859.0432  EHBOND  =         0.0000  RESTRAINT  =         0.0000
 EKCMT  =         0.0000  VIRIAL  =         0.0000  VOLUME     =     58329.3880
                                                    Density    =         0.9973
 ------------------------------------------------------------------------------

| Attempting MC barostat change: Failed
| Attempting MC barostat change: Succeeded
| Attempting MC barostat change: Failed
| Attempting MC barostat change: Failed
| Attempting MC barostat change: Succeeded
| Attempting MC barostat change: Succeeded
| Attempting MC barostat change: Failed
| Attempting MC barostat change: Succeeded
| Attempting MC barostat change: Failed
| Attempting MC barostat change: Failed

 NSTEP =    15000   TIME(PS) =    1630.000  TEMP(K) =   297.97  PRESS =     0.0
 Etot   =    -14628.3525  EKtot   =      3463.0732  EPtot      =    -18091.4257
 BOND   =        63.3732  ANGLE   =       147.8463  DIHED      =       245.3577
 1-4 NB =        66.2770  1-4 EEL =       880.9621  VDWAALS    =      2477.2471
 EELEC  =    -21972.4892  EHBOND  =         0.0000  RESTRAINT  =         0.0000
 EKCMT  =         0.0000  VIRIAL  =         0.0000  VOLUME     =     57755.0785
                                                    Density    =         1.0072
 ------------------------------------------------------------------------------

| Attempting MC barostat change: Succeeded
| Attempting MC barostat change: Failed
| Attempting MC barostat change: Failed
| Attempting MC barostat change: Succeeded
| Attempting MC barostat change: Failed
| Attempting MC barostat change: Succeeded
| Attempting MC barostat change: Failed
| Attempting MC barostat change: Succeeded
| Attempting MC barostat change: Failed
| Attempting MC barostat change: Succeeded

 NSTEP =    16000   TIME(PS) =    1632.000  TEMP(K) =   303.40  PRESS =     0.0
 Etot   =    -14554.2538  EKtot   =      3526.1580  EPtot      =    -18080.4118
 BOND   =        55.9517  ANGLE   =       144.1932  DIHED      =       263.7335
 1-4 NB =        68.4573  1-4 EEL =       885.0939  VDWAALS    =      2545.1808
 EELEC  =    -22043.0222  EHBOND  =         0.0000  RESTRAINT  =         0.0000
 EKCMT  =         0.0000  VIRIAL  =         0.0000  VOLUME     =     57825.1945
                                                    Density    =         1.0060
 ------------------------------------------------------------------------------

| Attempting MC barostat change: Failed
| Attempting MC barostat change: Failed
| Attempting MC barostat change: Failed
| Attempting MC barostat change: Failed
| Attempting MC barostat change: Failed
| Attempting MC barostat change: Failed
| Attempting MC barostat change: Failed
| Attempting MC barostat change: Failed
| Attempting MC barostat change: Succeeded
| Attempting MC barostat change: Failed

 NSTEP =    17000   TIME(PS) =    1634.000  TEMP(K) =   310.15  PRESS =     0.0
 Etot   =    -14478.6731  EKtot   =      3604.5906  EPtot      =    -18083.2636
 BOND   =        60.2458  ANGLE   =       170.1595  DIHED      =       255.9147
 1-4 NB =        66.3532  1-4 EEL =       857.3051  VDWAALS    =      2439.0311
 EELEC  =    -21932.2729  EHBOND  =         0.0000  RESTRAINT  =         0.0000
 EKCMT  =         0.0000  VIRIAL  =         0.0000  VOLUME     =     57461.3581
                                                    Density    =         1.0124
 ------------------------------------------------------------------------------

| Attempting MC barostat change: Failed
| Attempting MC barostat change: Succeeded
| Attempting MC barostat change: Failed
| Attempting MC barostat change: Succeeded
| Attempting MC barostat change: Succeeded
| Attempting MC barostat change: Failed
| Attempting MC barostat change: Succeeded
| Attempting MC barostat change: Succeeded
| Attempting MC barostat change: Succeeded
| Attempting MC barostat change: Failed

 NSTEP =    18000   TIME(PS) =    1636.000  TEMP(K) =   298.22  PRESS =     0.0
 Etot   =    -14533.7630  EKtot   =      3465.9873  EPtot      =    -17999.7503
 BOND   =        66.0602  ANGLE   =       154.9625  DIHED      =       260.1266
 1-4 NB =        62.9172  1-4 EEL =       871.9762  VDWAALS    =      2429.4635
 EELEC  =    -21845.2564  EHBOND  =         0.0000  RESTRAINT  =         0.0000
 EKCMT  =         0.0000  VIRIAL  =         0.0000  VOLUME     =     57361.3595
                                                    Density    =         1.0141
 ------------------------------------------------------------------------------

| Attempting MC barostat change: Succeeded
| Attempting MC barostat change: Succeeded
| Attempting MC barostat change: Failed
| Attempting MC barostat change: Failed
| Attempting MC barostat change: Failed
| Attempting MC barostat change: Succeeded
| Attempting MC barostat change: Failed
| Attempting MC barostat change: Succeeded
| Attempting MC barostat change: Failed
| Attempting MC barostat change: Failed

 NSTEP =    19000   TIME(PS) =    1638.000  TEMP(K) =   299.39  PRESS =     0.0
 Etot   =    -14546.5515  EKtot   =      3479.5889  EPtot      =    -18026.1404
 BOND   =        59.0655  ANGLE   =       178.0551  DIHED      =       258.0610
 1-4 NB =        66.2790  1-4 EEL =       883.0218  VDWAALS    =      2438.9735
 EELEC  =    -21909.5963  EHBOND  =         0.0000  RESTRAINT  =         0.0000
 EKCMT  =         0.0000  VIRIAL  =         0.0000  VOLUME     =     57741.1034
                                                    Density    =         1.0075
 ------------------------------------------------------------------------------

| Attempting MC barostat change: Succeeded
| Attempting MC barostat change: Failed
| Attempting MC barostat change: Succeeded
| Attempting MC barostat change: Succeeded
| Attempting MC barostat change: Succeeded
| Attempting MC barostat change: Succeeded
| Attempting MC barostat change: Failed
| Attempting MC barostat change: Failed
| Attempting MC barostat change: Failed
| Attempting MC barostat change: Failed

 NSTEP =    20000   TIME(PS) =    1640.000  TEMP(K) =   306.39  PRESS =     0.0
 Etot   =    -14527.3509  EKtot   =      3560.9180  EPtot      =    -18088.2689
 BOND   =        56.9640  ANGLE   =       149.7047  DIHED      =       248.9285
 1-4 NB =        61.9417  1-4 EEL =       878.3416  VDWAALS    =      2429.0881
 EELEC  =    -21913.2375  EHBOND  =         0.0000  RESTRAINT  =         0.0000
 EKCMT  =         0.0000  VIRIAL  =         0.0000  VOLUME     =     57727.4118
                                                    Density    =         1.0077
 ------------------------------------------------------------------------------

| Attempting MC barostat change: Succeeded
| Attempting MC barostat change: Failed
| Attempting MC barostat change: Succeeded
| Attempting MC barostat change: Failed
| Attempting MC barostat change: Succeeded
| Attempting MC barostat change: Failed
| Attempting MC barostat change: Failed
| Attempting MC barostat change: Succeeded
| Attempting MC barostat change: Failed
| Attempting MC barostat change: Succeeded

 NSTEP =    21000   TIME(PS) =    1642.000  TEMP(K) =   299.66  PRESS =     0.0
 Etot   =    -14559.4489  EKtot   =      3482.7312  EPtot      =    -18042.1801
 BOND   =        61.0132  ANGLE   =       165.2794  DIHED      =       249.0364
 1-4 NB =        66.9439  1-4 EEL =       889.9206  VDWAALS    =      2393.8695
 EELEC  =    -21868.2430  EHBOND  =         0.0000  RESTRAINT  =         0.0000
 EKCMT  =         0.0000  VIRIAL  =         0.0000  VOLUME     =     58246.2632
                                                    Density    =         0.9987
 ------------------------------------------------------------------------------

| Attempting MC barostat change: Failed
| Attempting MC barostat change: Failed
| Attempting MC barostat change: Failed
| Attempting MC barostat change: Failed
| Attempting MC barostat change: Succeeded
| Attempting MC barostat change: Failed
| Attempting MC barostat change: Succeeded
| Attempting MC barostat change: Failed
| Attempting MC barostat change: Succeeded
| Attempting MC barostat change: Failed

 NSTEP =    22000   TIME(PS) =    1644.000  TEMP(K) =   294.26  PRESS =     0.0
 Etot   =    -14589.0659  EKtot   =      3419.9080  EPtot      =    -18008.9738
 BOND   =        58.7212  ANGLE   =       167.4784  DIHED      =       245.1484
 1-4 NB =        72.4961  1-4 EEL =       883.7302  VDWAALS    =      2403.7728
 EELEC  =    -21840.3208  EHBOND  =         0.0000  RESTRAINT  =         0.0000
 EKCMT  =         0.0000  VIRIAL  =         0.0000  VOLUME     =     57941.1747
                                                    Density    =         1.0040
 ------------------------------------------------------------------------------

| Attempting MC barostat change: Failed
| Attempting MC barostat change: Succeeded
| Attempting MC barostat change: Succeeded
| Attempting MC barostat change: Failed
| Attempting MC barostat change: Failed
| Attempting MC barostat change: Failed
| Attempting MC barostat change: Failed
| Attempting MC barostat change: Failed
| Attempting MC barostat change: Failed
| Attempting MC barostat change: Succeeded

 NSTEP =    23000   TIME(PS) =    1646.000  TEMP(K) =   303.18  PRESS =     0.0
 Etot   =    -14580.1796  EKtot   =      3523.5474  EPtot      =    -18103.7269
 BOND   =        48.8054  ANGLE   =       157.9633  DIHED      =       247.1431
 1-4 NB =        70.2061  1-4 EEL =       882.0591  VDWAALS    =      2453.0970
 EELEC  =    -21963.0009  EHBOND  =         0.0000  RESTRAINT  =         0.0000
 EKCMT  =         0.0000  VIRIAL  =         0.0000  VOLUME     =     58036.1420
                                                    Density    =         1.0023
 ------------------------------------------------------------------------------

| Attempting MC barostat change: Failed
| Attempting MC barostat change: Failed
| Attempting MC barostat change: Failed
| Attempting MC barostat change: Succeeded
| Attempting MC barostat change: Failed
| Attempting MC barostat change: Failed
| Attempting MC barostat change: Succeeded
| Attempting MC barostat change: Failed
| Attempting MC barostat change: Succeeded
| Attempting MC barostat change: Succeeded

 NSTEP =    24000   TIME(PS) =    1648.000  TEMP(K) =   301.36  PRESS =     0.0
 Etot   =    -14524.7052  EKtot   =      3502.4170  EPtot      =    -18027.1222
 BOND   =        69.2441  ANGLE   =       143.4390  DIHED      =       247.4764
 1-4 NB =        68.7250  1-4 EEL =       872.7056  VDWAALS    =      2491.0384
 EELEC  =    -21919.7507  EHBOND  =         0.0000  RESTRAINT  =         0.0000
 EKCMT  =         0.0000  VIRIAL  =         0.0000  VOLUME     =     58220.6721
                                                    Density    =         0.9992
 ------------------------------------------------------------------------------

| Attempting MC barostat change: Succeeded
| Attempting MC barostat change: Failed
| Attempting MC barostat change: Succeeded
| Attempting MC barostat change: Succeeded
| Attempting MC barostat change: Succeeded
| Attempting MC barostat change: Succeeded
| Attempting MC barostat change: Failed
| Attempting MC barostat change: Failed
| Attempting MC barostat change: Failed
| Attempting MC barostat change: Failed

 NSTEP =    25000   TIME(PS) =    1650.000  TEMP(K) =   299.66  PRESS =     0.0
 Etot   =    -14649.9150  EKtot   =      3482.7017  EPtot      =    -18132.6167
 BOND   =        60.2290  ANGLE   =       163.3847  DIHED      =       255.6607
 1-4 NB =        62.1357  1-4 EEL =       877.0364  VDWAALS    =      2436.3348
 EELEC  =    -21987.3981  EHBOND  =         0.0000  RESTRAINT  =         0.0000
 EKCMT  =         0.0000  VIRIAL  =         0.0000  VOLUME     =     57812.2776
                                                    Density    =         1.0062
 ------------------------------------------------------------------------------

| Attempting MC barostat change: Failed
| Attempting MC barostat change: Failed
| Attempting MC barostat change: Succeeded
| Attempting MC barostat change: Failed
| Attempting MC barostat change: Failed
| Attempting MC barostat change: Failed
| Attempting MC barostat change: Succeeded
| Attempting MC barostat change: Failed
| Attempting MC barostat change: Succeeded
| Attempting MC barostat change: Succeeded

 NSTEP =    26000   TIME(PS) =    1652.000  TEMP(K) =   295.25  PRESS =     0.0
 Etot   =    -14561.5885  EKtot   =      3431.4160  EPtot      =    -17993.0045
 BOND   =        64.6366  ANGLE   =       174.4082  DIHED      =       252.1680
 1-4 NB =        66.5402  1-4 EEL =       874.8000  VDWAALS    =      2329.0487
 EELEC  =    -21754.6062  EHBOND  =         0.0000  RESTRAINT  =         0.0000
 EKCMT  =         0.0000  VIRIAL  =         0.0000  VOLUME     =     57841.6018
                                                    Density    =         1.0057
 ------------------------------------------------------------------------------

| Attempting MC barostat change: Failed
| Attempting MC barostat change: Succeeded
| Attempting MC barostat change: Succeeded
| Attempting MC barostat change: Succeeded
| Attempting MC barostat change: Failed
| Attempting MC barostat change: Failed
| Attempting MC barostat change: Succeeded
| Attempting MC barostat change: Failed
| Attempting MC barostat change: Failed
| Attempting MC barostat change: Succeeded

 NSTEP =    27000   TIME(PS) =    1654.000  TEMP(K) =   303.06  PRESS =     0.0
 Etot   =    -14626.8382  EKtot   =      3522.1982  EPtot      =    -18149.0364
 BOND   =        46.3939  ANGLE   =       140.8748  DIHED      =       261.2661
 1-4 NB =        63.5246  1-4 EEL =       876.4237  VDWAALS    =      2424.8589
 EELEC  =    -21962.3784  EHBOND  =         0.0000  RESTRAINT  =         0.0000
 EKCMT  =         0.0000  VIRIAL  =         0.0000  VOLUME     =     57654.7226
                                                    Density    =         1.0090
 ------------------------------------------------------------------------------

| Attempting MC barostat change: Failed
| Attempting MC barostat change: Failed
| Attempting MC barostat change: Failed
| Attempting MC barostat change: Failed
| Attempting MC barostat change: Failed
| Attempting MC barostat change: Succeeded
| Attempting MC barostat change: Failed
| Attempting MC barostat change: Succeeded
| Attempting MC barostat change: Failed
| Attempting MC barostat change: Failed

 NSTEP =    28000   TIME(PS) =    1656.000  TEMP(K) =   301.90  PRESS =     0.0
 Etot   =    -14435.5819  EKtot   =      3508.6997  EPtot      =    -17944.2816
 BOND   =        54.3026  ANGLE   =       153.4274  DIHED      =       254.3530
 1-4 NB =        69.8880  1-4 EEL =       882.2287  VDWAALS    =      2368.2525
 EELEC  =    -21726.7337  EHBOND  =         0.0000  RESTRAINT  =         0.0000
 EKCMT  =         0.0000  VIRIAL  =         0.0000  VOLUME     =     57837.7460
                                                    Density    =         1.0058
 ------------------------------------------------------------------------------

| Attempting MC barostat change: Failed
| Attempting MC barostat change: Succeeded
| Attempting MC barostat change: Failed
| Attempting MC barostat change: Succeeded
| Attempting MC barostat change: Succeeded
| Attempting MC barostat change: Succeeded
| Attempting MC barostat change: Failed
| Attempting MC barostat change: Succeeded
| Attempting MC barostat change: Succeeded
| Attempting MC barostat change: Failed

 NSTEP =    29000   TIME(PS) =    1658.000  TEMP(K) =   305.21  PRESS =     0.0
 Etot   =    -14512.9267  EKtot   =      3547.1204  EPtot      =    -18060.0471
 BOND   =        70.9663  ANGLE   =       156.2313  DIHED      =       250.7365
 1-4 NB =        64.1976  1-4 EEL =       888.8370  VDWAALS    =      2423.9358
 EELEC  =    -21914.9515  EHBOND  =         0.0000  RESTRAINT  =         0.0000
 EKCMT  =         0.0000  VIRIAL  =         0.0000  VOLUME     =     57408.3218
                                                    Density    =         1.0133
 ------------------------------------------------------------------------------

| Attempting MC barostat change: Failed
| Attempting MC barostat change: Failed
| Attempting MC barostat change: Failed
| Attempting MC barostat change: Failed
| Attempting MC barostat change: Failed
| Attempting MC barostat change: Failed
| Attempting MC barostat change: Failed
| Attempting MC barostat change: Failed
| Attempting MC barostat change: Failed
| Attempting MC barostat change: Failed

 NSTEP =    30000   TIME(PS) =    1660.000  TEMP(K) =   299.34  PRESS =     0.0
 Etot   =    -14629.9516  EKtot   =      3478.9595  EPtot      =    -18108.9111
 BOND   =        52.0149  ANGLE   =       154.0670  DIHED      =       244.2737
 1-4 NB =        64.3582  1-4 EEL =       888.8959  VDWAALS    =      2611.8485
 EELEC  =    -22124.3693  EHBOND  =         0.0000  RESTRAINT  =         0.0000
 EKCMT  =         0.0000  VIRIAL  =         0.0000  VOLUME     =     57408.3218
                                                    Density    =         1.0133
 ------------------------------------------------------------------------------

| Attempting MC barostat change: Failed
| Attempting MC barostat change: Succeeded
| Attempting MC barostat change: Failed
| Attempting MC barostat change: Failed
| Attempting MC barostat change: Succeeded
| Attempting MC barostat change: Succeeded
| Attempting MC barostat change: Failed
| Attempting MC barostat change: Failed
| Attempting MC barostat change: Failed
| Attempting MC barostat change: Failed

 NSTEP =    31000   TIME(PS) =    1662.000  TEMP(K) =   304.73  PRESS =     0.0
 Etot   =    -14501.0532  EKtot   =      3541.6545  EPtot      =    -18042.7077
 BOND   =        53.2647  ANGLE   =       159.8365  DIHED      =       246.0273
 1-4 NB =        65.6062  1-4 EEL =       883.6103  VDWAALS    =      2432.1419
 EELEC  =    -21883.1947  EHBOND  =         0.0000  RESTRAINT  =         0.0000
 EKCMT  =         0.0000  VIRIAL  =         0.0000  VOLUME     =     57662.4673
                                                    Density    =         1.0088
 ------------------------------------------------------------------------------

| Attempting MC barostat change: Failed
| Attempting MC barostat change: Succeeded
| Attempting MC barostat change: Succeeded
| Attempting MC barostat change: Succeeded
| Attempting MC barostat change: Succeeded
| Attempting MC barostat change: Failed
| Attempting MC barostat change: Failed
| Attempting MC barostat change: Failed
| Attempting MC barostat change: Failed
| Attempting MC barostat change: Failed

 NSTEP =    32000   TIME(PS) =    1664.000  TEMP(K) =   308.02  PRESS =     0.0
 Etot   =    -14436.6599  EKtot   =      3579.8254  EPtot      =    -18016.4854
 BOND   =        55.5297  ANGLE   =       170.8245  DIHED      =       261.2291
 1-4 NB =        65.3122  1-4 EEL =       878.4257  VDWAALS    =      2407.6155
 EELEC  =    -21855.4221  EHBOND  =         0.0000  RESTRAINT  =         0.0000
 EKCMT  =         0.0000  VIRIAL  =         0.0000  VOLUME     =     58011.3152
                                                    Density    =         1.0028
 ------------------------------------------------------------------------------

| Attempting MC barostat change: Failed
| Attempting MC barostat change: Succeeded
| Attempting MC barostat change: Succeeded
| Attempting MC barostat change: Failed
| Attempting MC barostat change: Failed
| Attempting MC barostat change: Succeeded
| Attempting MC barostat change: Succeeded
| Attempting MC barostat change: Succeeded
| Attempting MC barostat change: Succeeded
| Attempting MC barostat change: Succeeded

 NSTEP =    33000   TIME(PS) =    1666.000  TEMP(K) =   296.41  PRESS =     0.0
 Etot   =    -14523.1973  EKtot   =      3444.8472  EPtot      =    -17968.0445
 BOND   =        59.6718  ANGLE   =       161.3351  DIHED      =       251.5527
 1-4 NB =        65.7456  1-4 EEL =       885.7096  VDWAALS    =      2403.0157
 EELEC  =    -21795.0750  EHBOND  =         0.0000  RESTRAINT  =         0.0000
 EKCMT  =         0.0000  VIRIAL  =         0.0000  VOLUME     =     57821.5937
                                                    Density    =         1.0060
 ------------------------------------------------------------------------------

| Attempting MC barostat change: Succeeded
| Attempting MC barostat change: Failed
| Attempting MC barostat change: Failed
| Attempting MC barostat change: Failed
| Attempting MC barostat change: Failed
| Attempting MC barostat change: Failed
| Attempting MC barostat change: Succeeded
| Attempting MC barostat change: Succeeded
| Attempting MC barostat change: Failed
| Attempting MC barostat change: Succeeded

 NSTEP =    34000   TIME(PS) =    1668.000  TEMP(K) =   304.03  PRESS =     0.0
 Etot   =    -14403.8130  EKtot   =      3533.4299  EPtot      =    -17937.2429
 BOND   =        55.1533  ANGLE   =       154.5331  DIHED      =       244.0934
 1-4 NB =        66.6038  1-4 EEL =       871.8695  VDWAALS    =      2467.3005
 EELEC  =    -21796.7965  EHBOND  =         0.0000  RESTRAINT  =         0.0000
 EKCMT  =         0.0000  VIRIAL  =         0.0000  VOLUME     =     57532.4496
                                                    Density    =         1.0111
 ------------------------------------------------------------------------------

| Attempting MC barostat change: Succeeded
| Attempting MC barostat change: Failed
| Attempting MC barostat change: Succeeded
| Attempting MC barostat change: Failed
| Attempting MC barostat change: Succeeded
| Attempting MC barostat change: Failed
| Attempting MC barostat change: Failed
| Attempting MC barostat change: Failed
| Attempting MC barostat change: Succeeded
| Attempting MC barostat change: Failed

 NSTEP =    35000   TIME(PS) =    1670.000  TEMP(K) =   307.80  PRESS =     0.0
 Etot   =    -14408.9851  EKtot   =      3577.2622  EPtot      =    -17986.2473
 BOND   =        57.2887  ANGLE   =       143.3872  DIHED      =       252.7470
 1-4 NB =        71.3790  1-4 EEL =       882.6971  VDWAALS    =      2355.8621
 EELEC  =    -21749.6084  EHBOND  =         0.0000  RESTRAINT  =         0.0000
 EKCMT  =         0.0000  VIRIAL  =         0.0000  VOLUME     =     58048.4563
                                                    Density    =         1.0021
 ------------------------------------------------------------------------------

| Attempting MC barostat change: Failed
| Attempting MC barostat change: Failed
| Attempting MC barostat change: Failed
| Attempting MC barostat change: Succeeded
| Attempting MC barostat change: Succeeded
| Attempting MC barostat change: Failed
| Attempting MC barostat change: Succeeded
| Attempting MC barostat change: Succeeded
| Attempting MC barostat change: Failed
| Attempting MC barostat change: Failed

 NSTEP =    36000   TIME(PS) =    1672.000  TEMP(K) =   297.25  PRESS =     0.0
 Etot   =    -14483.3644  EKtot   =      3454.7117  EPtot      =    -17938.0761
 BOND   =        62.4034  ANGLE   =       164.5783  DIHED      =       242.5512
 1-4 NB =        66.0715  1-4 EEL =       890.8373  VDWAALS    =      2438.0916
 EELEC  =    -21802.6095  EHBOND  =         0.0000  RESTRAINT  =         0.0000
 EKCMT  =         0.0000  VIRIAL  =         0.0000  VOLUME     =     58136.6783
                                                    Density    =         1.0006
 ------------------------------------------------------------------------------

| Attempting MC barostat change: Failed
| Attempting MC barostat change: Failed
| Attempting MC barostat change: Failed
| Attempting MC barostat change: Succeeded
| Attempting MC barostat change: Failed
| Attempting MC barostat change: Succeeded
| Attempting MC barostat change: Succeeded
| Attempting MC barostat change: Succeeded
| Attempting MC barostat change: Succeeded
| Attempting MC barostat change: Failed

 NSTEP =    37000   TIME(PS) =    1674.000  TEMP(K) =   292.74  PRESS =     0.0
 Etot   =    -14654.2313  EKtot   =      3402.2493  EPtot      =    -18056.4805
 BOND   =        64.0239  ANGLE   =       144.2816  DIHED      =       242.2197
 1-4 NB =        61.5896  1-4 EEL =       873.4113  VDWAALS    =      2491.8667
 EELEC  =    -21933.8733  EHBOND  =         0.0000  RESTRAINT  =         0.0000
 EKCMT  =         0.0000  VIRIAL  =         0.0000  VOLUME     =     58218.0063
                                                    Density    =         0.9992
 ------------------------------------------------------------------------------

| Attempting MC barostat change: Succeeded
| Attempting MC barostat change: Failed
| Attempting MC barostat change: Failed
| Attempting MC barostat change: Failed
| Attempting MC barostat change: Succeeded
| Attempting MC barostat change: Succeeded
| Attempting MC barostat change: Failed
| Attempting MC barostat change: Failed
| Attempting MC barostat change: Succeeded
| Attempting MC barostat change: Succeeded

 NSTEP =    38000   TIME(PS) =    1676.000  TEMP(K) =   296.15  PRESS =     0.0
 Etot   =    -14641.2148  EKtot   =      3441.9087  EPtot      =    -18083.1235
 BOND   =        66.1133  ANGLE   =       149.5571  DIHED      =       255.7579
 1-4 NB =        66.8624  1-4 EEL =       870.8112  VDWAALS    =      2384.1994
 EELEC  =    -21876.4248  EHBOND  =         0.0000  RESTRAINT  =         0.0000
 EKCMT  =         0.0000  VIRIAL  =         0.0000  VOLUME     =     57986.1433
                                                    Density    =         1.0032
 ------------------------------------------------------------------------------

| Attempting MC barostat change: Succeeded
| Attempting MC barostat change: Failed
| Attempting MC barostat change: Failed
| Attempting MC barostat change: Succeeded
| Attempting MC barostat change: Failed
| Attempting MC barostat change: Failed
| Attempting MC barostat change: Failed
| Attempting MC barostat change: Succeeded
| Attempting MC barostat change: Failed
| Attempting MC barostat change: Succeeded

 NSTEP =    39000   TIME(PS) =    1678.000  TEMP(K) =   302.66  PRESS =     0.0
 Etot   =    -14624.8631  EKtot   =      3517.5745  EPtot      =    -18142.4375
 BOND   =        59.7538  ANGLE   =       149.3418  DIHED      =       246.9543
 1-4 NB =        67.0213  1-4 EEL =       878.4080  VDWAALS    =      2539.3688
 EELEC  =    -22083.2854  EHBOND  =         0.0000  RESTRAINT  =         0.0000
 EKCMT  =         0.0000  VIRIAL  =         0.0000  VOLUME     =     58070.1838
                                                    Density    =         1.0017
 ------------------------------------------------------------------------------

| Attempting MC barostat change: Succeeded
| Attempting MC barostat change: Failed
| Attempting MC barostat change: Succeeded
| Attempting MC barostat change: Failed
| Attempting MC barostat change: Succeeded
| Attempting MC barostat change: Failed
| Attempting MC barostat change: Succeeded
| Attempting MC barostat change: Failed
| Attempting MC barostat change: Succeeded
| Attempting MC barostat change: Failed

 NSTEP =    40000   TIME(PS) =    1680.000  TEMP(K) =   298.59  PRESS =     0.0
 Etot   =    -14555.4022  EKtot   =      3470.2085  EPtot      =    -18025.6107
 BOND   =        53.1330  ANGLE   =       151.4007  DIHED      =       242.0726
 1-4 NB =        75.5145  1-4 EEL =       893.7232  VDWAALS    =      2437.2352
 EELEC  =    -21878.6899  EHBOND  =         0.0000  RESTRAINT  =         0.0000
 EKCMT  =         0.0000  VIRIAL  =         0.0000  VOLUME     =     57388.2592
                                                    Density    =         1.0136
 ------------------------------------------------------------------------------

| Attempting MC barostat change: Succeeded
| Attempting MC barostat change: Succeeded
| Attempting MC barostat change: Failed
| Attempting MC barostat change: Succeeded
| Attempting MC barostat change: Failed
| Attempting MC barostat change: Succeeded
| Attempting MC barostat change: Succeeded
| Attempting MC barostat change: Failed
| Attempting MC barostat change: Failed
| Attempting MC barostat change: Succeeded

 NSTEP =    41000   TIME(PS) =    1682.000  TEMP(K) =   296.35  PRESS =     0.0
 Etot   =    -14471.7321  EKtot   =      3444.2388  EPtot      =    -17915.9709
 BOND   =        62.9537  ANGLE   =       177.8705  DIHED      =       255.9960
 1-4 NB =        66.3845  1-4 EEL =       876.3717  VDWAALS    =      2383.8977
 EELEC  =    -21739.4449  EHBOND  =         0.0000  RESTRAINT  =         0.0000
 EKCMT  =         0.0000  VIRIAL  =         0.0000  VOLUME     =     58293.5199
                                                    Density    =         0.9979
 ------------------------------------------------------------------------------

| Attempting MC barostat change: Succeeded
| Attempting MC barostat change: Succeeded
| Attempting MC barostat change: Failed
| Attempting MC barostat change: Succeeded
| Attempting MC barostat change: Succeeded
| Attempting MC barostat change: Failed
| Attempting MC barostat change: Failed
| Attempting MC barostat change: Succeeded
| Attempting MC barostat change: Failed
| Attempting MC barostat change: Failed

 NSTEP =    42000   TIME(PS) =    1684.000  TEMP(K) =   295.34  PRESS =     0.0
 Etot   =    -14416.3592  EKtot   =      3432.4370  EPtot      =    -17848.7962
 BOND   =        58.0999  ANGLE   =       154.6346  DIHED      =       245.8190
 1-4 NB =        69.4964  1-4 EEL =       891.3135  VDWAALS    =      2479.5289
 EELEC  =    -21747.6885  EHBOND  =         0.0000  RESTRAINT  =         0.0000
 EKCMT  =         0.0000  VIRIAL  =         0.0000  VOLUME     =     58419.4130
                                                    Density    =         0.9958
 ------------------------------------------------------------------------------

| Attempting MC barostat change: Failed
| Attempting MC barostat change: Succeeded
| Attempting MC barostat change: Succeeded
| Attempting MC barostat change: Succeeded
| Attempting MC barostat change: Failed
| Attempting MC barostat change: Failed
| Attempting MC barostat change: Succeeded
| Attempting MC barostat change: Failed
| Attempting MC barostat change: Succeeded
| Attempting MC barostat change: Failed

 NSTEP =    43000   TIME(PS) =    1686.000  TEMP(K) =   303.07  PRESS =     0.0
 Etot   =    -14516.1111  EKtot   =      3522.3574  EPtot      =    -18038.4685
 BOND   =        61.0013  ANGLE   =       140.7248  DIHED      =       257.2753
 1-4 NB =        67.0978  1-4 EEL =       891.1636  VDWAALS    =      2394.7088
 EELEC  =    -21850.4401  EHBOND  =         0.0000  RESTRAINT  =         0.0000
 EKCMT  =         0.0000  VIRIAL  =         0.0000  VOLUME     =     58044.9971
                                                    Density    =         1.0022
 ------------------------------------------------------------------------------

| Attempting MC barostat change: Failed
| Attempting MC barostat change: Failed
| Attempting MC barostat change: Failed
| Attempting MC barostat change: Failed
| Attempting MC barostat change: Failed
| Attempting MC barostat change: Failed
| Attempting MC barostat change: Failed
| Attempting MC barostat change: Failed
| Attempting MC barostat change: Failed
| Attempting MC barostat change: Failed

 NSTEP =    44000   TIME(PS) =    1688.000  TEMP(K) =   300.04  PRESS =     0.0
 Etot   =    -14508.5710  EKtot   =      3487.1445  EPtot      =    -17995.7156
 BOND   =        54.8465  ANGLE   =       140.4631  DIHED      =       250.2397
 1-4 NB =        69.7384  1-4 EEL =       875.0536  VDWAALS    =      2375.4803
 EELEC  =    -21761.5371  EHBOND  =         0.0000  RESTRAINT  =         0.0000
 EKCMT  =         0.0000  VIRIAL  =         0.0000  VOLUME     =     58044.9971
                                                    Density    =         1.0022
 ------------------------------------------------------------------------------

| Attempting MC barostat change: Failed
| Attempting MC barostat change: Succeeded
| Attempting MC barostat change: Failed
| Attempting MC barostat change: Failed
| Attempting MC barostat change: Succeeded
| Attempting MC barostat change: Succeeded
| Attempting MC barostat change: Succeeded
| Attempting MC barostat change: Succeeded
| Attempting MC barostat change: Failed
| Attempting MC barostat change: Failed

 NSTEP =    45000   TIME(PS) =    1690.000  TEMP(K) =   303.21  PRESS =     0.0
 Etot   =    -14559.9472  EKtot   =      3523.9729  EPtot      =    -18083.9201
 BOND   =        60.9687  ANGLE   =       155.9013  DIHED      =       255.3983
 1-4 NB =        68.7450  1-4 EEL =       878.0673  VDWAALS    =      2382.7127
 EELEC  =    -21885.7134  EHBOND  =         0.0000  RESTRAINT  =         0.0000
 EKCMT  =         0.0000  VIRIAL  =         0.0000  VOLUME     =     57902.2868
                                                    Density    =         1.0046
 ------------------------------------------------------------------------------

| Attempting MC barostat change: Failed
| Attempting MC barostat change: Succeeded
| Attempting MC barostat change: Failed
| Attempting MC barostat change: Failed
| Attempting MC barostat change: Succeeded
| Attempting MC barostat change: Failed
| Attempting MC barostat change: Succeeded
| Attempting MC barostat change: Failed
| Attempting MC barostat change: Failed
| Attempting MC barostat change: Failed

 NSTEP =    46000   TIME(PS) =    1692.000  TEMP(K) =   292.80  PRESS =     0.0
 Etot   =    -14567.0962  EKtot   =      3402.9565  EPtot      =    -17970.0527
 BOND   =        57.6477  ANGLE   =       147.8235  DIHED      =       262.8100
 1-4 NB =        65.6385  1-4 EEL =       891.0812  VDWAALS    =      2373.2301
 EELEC  =    -21768.2836  EHBOND  =         0.0000  RESTRAINT  =         0.0000
 EKCMT  =         0.0000  VIRIAL  =         0.0000  VOLUME     =     57749.2705
                                                    Density    =         1.0073
 ------------------------------------------------------------------------------

| Attempting MC barostat change: Failed
| Attempting MC barostat change: Failed
| Attempting MC barostat change: Failed
| Attempting MC barostat change: Failed
| Attempting MC barostat change: Failed
| Attempting MC barostat change: Succeeded
| Attempting MC barostat change: Failed
| Attempting MC barostat change: Failed
| Attempting MC barostat change: Succeeded
| Attempting MC barostat change: Failed

 NSTEP =    47000   TIME(PS) =    1694.000  TEMP(K) =   305.90  PRESS =     0.0
 Etot   =    -14544.8168  EKtot   =      3555.1619  EPtot      =    -18099.9787
 BOND   =        63.7473  ANGLE   =       175.2941  DIHED      =       260.7467
 1-4 NB =        67.1500  1-4 EEL =       882.4355  VDWAALS    =      2409.3413
 EELEC  =    -21958.6935  EHBOND  =         0.0000  RESTRAINT  =         0.0000
 EKCMT  =         0.0000  VIRIAL  =         0.0000  VOLUME     =     57555.2655
                                                    Density    =         1.0107
 ------------------------------------------------------------------------------

| Attempting MC barostat change: Failed
| Attempting MC barostat change: Succeeded
| Attempting MC barostat change: Succeeded
| Attempting MC barostat change: Succeeded
| Attempting MC barostat change: Failed
| Attempting MC barostat change: Failed
| Attempting MC barostat change: Failed
| Attempting MC barostat change: Succeeded
| Attempting MC barostat change: Succeeded
| Attempting MC barostat change: Succeeded

 NSTEP =    48000   TIME(PS) =    1696.000  TEMP(K) =   300.30  PRESS =     0.0
 Etot   =    -14541.3684  EKtot   =      3490.1125  EPtot      =    -18031.4810
 BOND   =        60.6196  ANGLE   =       155.8084  DIHED      =       256.6321
 1-4 NB =        65.3444  1-4 EEL =       872.8157  VDWAALS    =      2379.4047
 EELEC  =    -21822.1060  EHBOND  =         0.0000  RESTRAINT  =         0.0000
 EKCMT  =         0.0000  VIRIAL  =         0.0000  VOLUME     =     57802.7682
                                                    Density    =         1.0064
 ------------------------------------------------------------------------------

| Attempting MC barostat change: Failed
| Attempting MC barostat change: Failed
| Attempting MC barostat change: Failed
| Attempting MC barostat change: Failed
| Attempting MC barostat change: Failed
| Attempting MC barostat change: Failed
| Attempting MC barostat change: Failed
| Attempting MC barostat change: Failed
| Attempting MC barostat change: Failed
| Attempting MC barostat change: Failed

 NSTEP =    49000   TIME(PS) =    1698.000  TEMP(K) =   301.34  PRESS =     0.0
 Etot   =    -14564.8827  EKtot   =      3502.2542  EPtot      =    -18067.1368
 BOND   =        57.2222  ANGLE   =       148.4275  DIHED      =       261.0253
 1-4 NB =        59.7957  1-4 EEL =       868.4034  VDWAALS    =      2361.8042
 EELEC  =    -21823.8152  EHBOND  =         0.0000  RESTRAINT  =         0.0000
 EKCMT  =         0.0000  VIRIAL  =         0.0000  VOLUME     =     57802.7682
                                                    Density    =         1.0064
 ------------------------------------------------------------------------------

| Attempting MC barostat change: Failed
| Attempting MC barostat change: Succeeded
| Attempting MC barostat change: Failed
| Attempting MC barostat change: Failed
| Attempting MC barostat change: Failed
| Attempting MC barostat change: Succeeded
| Attempting MC barostat change: Failed
| Attempting MC barostat change: Succeeded
| Attempting MC barostat change: Succeeded
| Attempting MC barostat change: Failed

 NSTEP =    50000   TIME(PS) =    1700.000  TEMP(K) =   301.63  PRESS =     0.0
 Etot   =    -14509.9772  EKtot   =      3505.6228  EPtot      =    -18015.6000
 BOND   =        59.5289  ANGLE   =       161.8740  DIHED      =       261.4855
 1-4 NB =        65.6353  1-4 EEL =       865.0376  VDWAALS    =      2344.6392
 EELEC  =    -21773.8005  EHBOND  =         0.0000  RESTRAINT  =         0.0000
 EKCMT  =         0.0000  VIRIAL  =         0.0000  VOLUME     =     57367.0261
                                                    Density    =         1.0140
 ------------------------------------------------------------------------------


      A V E R A G E S   O V E R      50 S T E P S


 NSTEP =    50000   TIME(PS) =    1700.000  TEMP(K) =   299.94  PRESS =     0.0
 Etot   =    -14542.5989  EKtot   =      3485.9265  EPtot      =    -18028.5254
 BOND   =        59.3509  ANGLE   =       156.9187  DIHED      =       252.5039
 1-4 NB =        66.4496  1-4 EEL =       879.7731  VDWAALS    =      2417.5375
 EELEC  =    -21861.0590  EHBOND  =         0.0000  RESTRAINT  =         0.0000
 EKCMT  =         0.0000  VIRIAL  =         0.0000  VOLUME     =     57914.3034
                                                    Density    =         1.0045
 ------------------------------------------------------------------------------


      R M S  F L U C T U A T I O N S


 NSTEP =    50000   TIME(PS) =    1700.000  TEMP(K) =     4.19  PRESS =     0.0
 Etot   =        67.2784  EKtot   =        48.7170  EPtot      =        63.2697
 BOND   =         5.4620  ANGLE   =        10.3856  DIHED      =         6.5164
 1-4 NB =         3.0038  1-4 EEL =         7.5614  VDWAALS    =        63.3527
 EELEC  =        98.7203  EHBOND  =         0.0000  RESTRAINT  =         0.0000
 EKCMT  =         0.0000  VIRIAL  =         0.0000  VOLUME     =       301.3370
                                                    Density    =         0.0052
 ------------------------------------------------------------------------------

| MC Barostat:        500 volume changes attempted.
| MC Barostat:        200 changes successful ( 40.00%)
 ------------------------------------------------------------------------------

--------------------------------------------------------------------------------
   5.  TIMINGS
--------------------------------------------------------------------------------

|  NonSetup CPU Time in Major Routines:
|
|     Routine           Sec        %
|     ------------------------------
|     Nonbond           6.13   27.10
|     Bond              0.00    0.00
|     Angle             0.00    0.00
|     Dihedral          0.00    0.00
|     Shake             0.46    2.02
|     RunMD            15.85   70.03
|     Other             0.19    0.84
|     ------------------------------
|     Total            22.63

|  PME Nonbond Pairlist CPU Time:
|
|     Routine              Sec        %
|     ---------------------------------
|     Set Up Cit           0.00    0.00
|     Build List           0.00    0.00
|     ---------------------------------
|     Total                0.00    0.00

|  PME Direct Force CPU Time:
|
|     Routine              Sec        %
|     ---------------------------------
|     NonBonded Calc       0.00    0.00
|     Exclude Masked       0.00    0.00
|     Other                0.02    0.11
|     ---------------------------------
|     Total                0.02    0.11

|  PME Reciprocal Force CPU Time:
|
|     Routine              Sec        %
|     ---------------------------------
|     1D bspline           0.00    0.00
|     Grid Charges         0.00    0.00
|     Scalar Sum           0.00    0.00
|     Gradient Sum         0.00    0.00
|     FFT                  0.00    0.00
|     ---------------------------------
|     Total                0.00    0.00

|  Final Performance Info:
|     -----------------------------------------------------
|     Average timings for last   49000 steps:
|         Elapsed(s) =      22.14 Per Step(ms) =       0.45
|             ns/day =     382.46   seconds/ns =     225.91
|
|     Average timings for all steps:
|         Elapsed(s) =      22.62 Per Step(ms) =       0.45
|             ns/day =     381.96   seconds/ns =     226.20
|     -----------------------------------------------------

|  Setup CPU time:            1.60 seconds
|  NonSetup CPU time:        22.63 seconds
|  Total CPU time:           24.23 seconds     0.01 hours

|  Setup wall time:           1    seconds
|  NonSetup wall time:       23    seconds
|  Total wall time:          24    seconds     0.01 hours
