
          -------------------------------------------------------
          Amber 14 SANDER                              2014
          -------------------------------------------------------

| PMEMD implementation of SANDER, Release 14

| Run on 06/01/2016 at 12:01:01

|   Executable path: pmemd.cuda
| Working directory: /mnt/lustre_fs/users/workshop_1/joebaker/day7/day7/trpcage/runsim/prod
|          Hostname: gpu-compute2

  [-O]verwriting output

File Assignments:
|   MDIN: prod.in                                                               
|  MDOUT: prod.8.out                                                            
| INPCRD: prod.7.rst7                                                           
|   PARM: ../../tleap/trpcage.parm7                                             
| RESTRT: prod.8.rst7                                                           
|   REFC: refc                                                                  
|  MDVEL: mdvel                                                                 
|   MDEN: mden                                                                  
|  MDCRD: prod.8.nc                                                             
| MDINFO: mdinfo                                                                
|  MDFRC: mdfrc                                                                 


 Here is the input file:

NPT prod                                                                       
 &cntrl                                                                        
  imin=0, ! Not a minimization run                                             
  ntx=5, ! Read coordinates and velocities from restart file                   
  irest=1, ! Restart from previous, expecting velocities                       
  ntxo=2, ! The final coords, velocities, box size in NetCDF                   
  ioutfm=1, ! Print mdcrd to NetCDF format                                     
  ntwr=100000, ! Very high value for how often restart file is written         
  nstlim=50000 ! 100 ps of NPT equilibration                                   
  dt=0.002, ! Time step in picoseconds, so this is 2 fs                        
  ntf=2, ! Do not calc the force for SHAKE constrained bonds                   
  ntc=2, ! Use SHAKE for all hydrogen bonds                                    
  temp0=300.0, ! Thermostat temperature, Run at this temperature               
  ntpr=1000, ! How often to print                                              
  ntwx=1000, ! Write coordinates every 2 ps                                    
  cut=8.0, ! Nonbonded cutoff                                                  
  ntb=2, ! Use PBC and constant pressure                                       
  ntp=1, ! Isotropic pressure scaling                                          
  barostat=2, ! Use Monte Carlo barostat                                       
  taup=1, ! Pressure relaxation time                                           
  ntt=3, ! Use the Lengevin thermostat                                         
  gamma_ln=1.0, ! Frequency of collisions for thermostat                       
  ig=-1, ! Randomize seed for Langevin thermostat                              
 /                                                                             


Note: ig = -1. Setting random seed to   920501 based on wallclock time in 
      microseconds.
 
|--------------------- INFORMATION ----------------------
| GPU (CUDA) Version of PMEMD in use: NVIDIA GPU IN USE.
|                    Version 14.0.1
| 
|                      06/20/2014
| 
| Implementation by:
|                    Ross C. Walker     (SDSC)
|                    Scott Le Grand     (nVIDIA)
| 
| CAUTION: The CUDA code is currently experimental.
|          You use it at your own risk. Be sure to
|          check ALL results carefully.
| 
| Precision model in use:
|      [SPFP] - Mixed Single/Double/Fixed Point Precision.
|               (Default)
| 
|--------------------------------------------------------
 
|----------------- CITATION INFORMATION -----------------
|
|    When publishing work that utilized the CUDA version
|    of AMBER, please cite the following in addition to
|    the regular AMBER citations:
|
|  - Romelia Salomon-Ferrer; Andreas W. Goetz; Duncan
|    Poole; Scott Le Grand; Ross C. Walker "Routine
|    microsecond molecular dynamics simulations with
|    AMBER - Part II: Particle Mesh Ewald", J. Chem.
|    Theory Comput., 2013, 9 (9), pp3878-3888,
|    DOI: 10.1021/ct400314y.
|
|  - Andreas W. Goetz; Mark J. Williamson; Dong Xu;
|    Duncan Poole; Scott Le Grand; Ross C. Walker
|    "Routine microsecond molecular dynamics simulations
|    with AMBER - Part I: Generalized Born", J. Chem.
|    Theory Comput., 2012, 8 (5), pp1542-1555.
|
|  - Scott Le Grand; Andreas W. Goetz; Ross C. Walker
|    "SPFP: Speed without compromise - a mixed precision
|    model for GPU accelerated molecular dynamics
|    simulations.", Comp. Phys. Comm., 2013, 184
|    pp374-380, DOI: 10.1016/j.cpc.2012.09.022
|
|--------------------------------------------------------
 
|------------------- GPU DEVICE INFO --------------------
|
|            CUDA_VISIBLE_DEVICES: 0
|   CUDA Capable Devices Detected:      1
|           CUDA Device ID in use:      0
|                CUDA Device Name: GeForce GTX TITAN X
|     CUDA Device Global Mem Size:  12287 MB
| CUDA Device Num Multiprocessors:     24
|           CUDA Device Core Freq:   1.08 GHz
|
|--------------------------------------------------------
 
 
| Conditional Compilation Defines Used:
| PUBFFT
| BINTRAJ
| CUDA
| EMIL

| Largest sphere to fit in unit cell has radius =    17.250

| New format PARM file being parsed.
| Version =    1.000 Date = 06/01/16 Time = 08:32:47

| Note: 1-4 EEL scale factors are being read from the topology file.

| Note: 1-4 VDW scale factors are being read from the topology file.
| Duplicated    0 dihedrals

| Duplicated    0 dihedrals

--------------------------------------------------------------------------------
   1.  RESOURCE   USE: 
--------------------------------------------------------------------------------

 getting box info from netcdf restart file
 NATOM  =    5771 NTYPES =      15 NBONH =    5616 MBONA  =     160
 NTHETH =     346 MTHETA =     219 NPHIH =     700 MPHIA  =     653
 NHPARM =       0 NPARM  =       0 NNB   =    8990 NRES   =    1843
 NBONA  =     160 NTHETA =     219 NPHIA =     653 NUMBND =      55
 NUMANG =     124 NPTRA  =     137 NATYP =      29 NPHB   =       1
 IFBOX  =       2 NMXRS  =      24 IFCAP =       0 NEXTRA =       0
 NCOPY  =       0

| Coordinate Index Table dimensions:     8    8    8
| Direct force subcell size =     5.2818    5.2818    5.2818

     BOX TYPE: TRUNCATED OCTAHEDRON

--------------------------------------------------------------------------------
   2.  CONTROL  DATA  FOR  THE  RUN
--------------------------------------------------------------------------------

default_name                                                                    

General flags:
     imin    =       0, nmropt  =       0

Nature and format of input:
     ntx     =       5, irest   =       1, ntrx    =       1

Nature and format of output:
     ntxo    =       2, ntpr    =    1000, ntrx    =       1, ntwr    =  100000
     iwrap   =       0, ntwx    =    1000, ntwv    =       0, ntwe    =       0
     ioutfm  =       1, ntwprt  =       0, idecomp =       0, rbornstat=      0

Potential function:
     ntf     =       2, ntb     =       2, igb     =       0, nsnb    =      25
     ipol    =       0, gbsa    =       0, iesp    =       0
     dielc   =   1.00000, cut     =   8.00000, intdiel =   1.00000

Frozen or restrained atoms:
     ibelly  =       0, ntr     =       0

Molecular dynamics:
     nstlim  =     50000, nscm    =      1000, nrespa  =         1
     t       =   0.00000, dt      =   0.00200, vlimit  =  -1.00000

Langevin dynamics temperature regulation:
     ig      =  920501
     temp0   = 300.00000, tempi   =   0.00000, gamma_ln=   1.00000

Pressure regulation:
     ntp     =       1
     pres0   =   1.00000, comp    =  44.60000, taup    =   1.00000
     Monte-Carlo Barostat:
     mcbarint  =     100

SHAKE:
     ntc     =       2, jfastw  =       0
     tol     =   0.00001

| Intermolecular bonds treatment:
|     no_intermolecular_bonds =       1

| Energy averages sample interval:
|     ene_avg_sampling =    1000

Ewald parameters:
     verbose =       0, ew_type =       0, nbflag  =       1, use_pme =       1
     vdwmeth =       1, eedmeth =       1, netfrc  =       1
     Box X =   42.255   Box Y =   42.255   Box Z =   42.255
     Alpha =  109.471   Beta  =  109.471   Gamma =  109.471
     NFFT1 =   48       NFFT2 =   48       NFFT3 =   48
     Cutoff=    8.000   Tol   =0.100E-04
     Ewald Coefficient =  0.34864
     Interpolation order =    4

--------------------------------------------------------------------------------
   3.  ATOMIC COORDINATES AND VELOCITIES
--------------------------------------------------------------------------------

default_name                                                                    
 begin time read from input coords =  1500.000 ps

 
 Number of triangulated 3-point waters found:     1822

     Sum of charges from parm topology file =  -0.00000001
     Forcing neutrality...

| Dynamic Memory, Types Used:
| Reals              348404
| Integers           168083

| Nonbonded Pairs Initial Allocation:      963901

| GPU memory information (estimate):
| KB of GPU memory in use:     38266
| KB of CPU memory in use:     10138

--------------------------------------------------------------------------------
   4.  RESULTS
--------------------------------------------------------------------------------

 ---------------------------------------------------
 APPROXIMATING switch and d/dx switch using CUBIC SPLINE INTERPOLATION
 using   5000.0 points per unit in tabled values
 TESTING RELATIVE ERROR over r ranging from 0.0 to cutoff
| CHECK switch(x): max rel err =   0.2738E-14   at   2.422500
| CHECK d/dx switch(x): max rel err =   0.8332E-11   at   2.782960
 ---------------------------------------------------
|---------------------------------------------------
| APPROXIMATING direct energy using CUBIC SPLINE INTERPOLATION
|  with   50.0 points per unit in tabled values
| Relative Error Limit not exceeded for r .gt.   2.47
| APPROXIMATING direct force using CUBIC SPLINE INTERPOLATION
|  with   50.0 points per unit in tabled values
| Relative Error Limit not exceeded for r .gt.   2.89
|---------------------------------------------------
| Attempting MC barostat change: Succeeded
| Attempting MC barostat change: Failed
| Attempting MC barostat change: Succeeded
| Attempting MC barostat change: Succeeded
| Attempting MC barostat change: Succeeded
| Attempting MC barostat change: Failed
| Attempting MC barostat change: Succeeded
| Attempting MC barostat change: Failed
| Attempting MC barostat change: Succeeded
| Attempting MC barostat change: Failed

 NSTEP =     1000   TIME(PS) =    1502.000  TEMP(K) =   304.92  PRESS =     0.0
 Etot   =    -14584.6128  EKtot   =      3543.7720  EPtot      =    -18128.3848
 BOND   =        64.9409  ANGLE   =       161.8464  DIHED      =       256.9725
 1-4 NB =        58.9325  1-4 EEL =       859.7778  VDWAALS    =      2486.1173
 EELEC  =    -22016.9723  EHBOND  =         0.0000  RESTRAINT  =         0.0000
 EKCMT  =         0.0000  VIRIAL  =         0.0000  VOLUME     =     56957.0558
                                                    Density    =         1.0213
 ------------------------------------------------------------------------------

| Attempting MC barostat change: Succeeded
| Attempting MC barostat change: Failed
| Attempting MC barostat change: Failed
| Attempting MC barostat change: Succeeded
| Attempting MC barostat change: Failed
| Attempting MC barostat change: Succeeded
| Attempting MC barostat change: Failed
| Attempting MC barostat change: Failed
| Attempting MC barostat change: Succeeded
| Attempting MC barostat change: Succeeded

 NSTEP =     2000   TIME(PS) =    1504.000  TEMP(K) =   307.09  PRESS =     0.0
 Etot   =    -14551.1437  EKtot   =      3568.9983  EPtot      =    -18120.1420
 BOND   =        60.2768  ANGLE   =       161.4003  DIHED      =       253.7915
 1-4 NB =        64.1225  1-4 EEL =       873.3608  VDWAALS    =      2352.7650
 EELEC  =    -21885.8590  EHBOND  =         0.0000  RESTRAINT  =         0.0000
 EKCMT  =         0.0000  VIRIAL  =         0.0000  VOLUME     =     57361.6224
                                                    Density    =         1.0141
 ------------------------------------------------------------------------------

| Attempting MC barostat change: Failed
| Attempting MC barostat change: Failed
| Attempting MC barostat change: Succeeded
| Attempting MC barostat change: Failed
| Attempting MC barostat change: Succeeded
| Attempting MC barostat change: Succeeded
| Attempting MC barostat change: Failed
| Attempting MC barostat change: Succeeded
| Attempting MC barostat change: Failed
| Attempting MC barostat change: Succeeded

 NSTEP =     3000   TIME(PS) =    1506.000  TEMP(K) =   301.49  PRESS =     0.0
 Etot   =    -14515.4800  EKtot   =      3503.9131  EPtot      =    -18019.3931
 BOND   =        65.8698  ANGLE   =       159.9244  DIHED      =       249.3223
 1-4 NB =        63.4366  1-4 EEL =       873.9887  VDWAALS    =      2448.2340
 EELEC  =    -21880.1689  EHBOND  =         0.0000  RESTRAINT  =         0.0000
 EKCMT  =         0.0000  VIRIAL  =         0.0000  VOLUME     =     57650.1931
                                                    Density    =         1.0090
 ------------------------------------------------------------------------------

| Attempting MC barostat change: Succeeded
| Attempting MC barostat change: Failed
| Attempting MC barostat change: Succeeded
| Attempting MC barostat change: Failed
| Attempting MC barostat change: Failed
| Attempting MC barostat change: Failed
| Attempting MC barostat change: Failed
| Attempting MC barostat change: Failed
| Attempting MC barostat change: Failed
| Attempting MC barostat change: Succeeded

 NSTEP =     4000   TIME(PS) =    1508.000  TEMP(K) =   294.89  PRESS =     0.0
 Etot   =    -14615.3983  EKtot   =      3427.2266  EPtot      =    -18042.6249
 BOND   =        63.5888  ANGLE   =       155.8231  DIHED      =       247.2032
 1-4 NB =        65.9650  1-4 EEL =       883.4193  VDWAALS    =      2393.9452
 EELEC  =    -21852.5696  EHBOND  =         0.0000  RESTRAINT  =         0.0000
 EKCMT  =         0.0000  VIRIAL  =         0.0000  VOLUME     =     57488.5680
                                                    Density    =         1.0119
 ------------------------------------------------------------------------------

| Attempting MC barostat change: Succeeded
| Attempting MC barostat change: Failed
| Attempting MC barostat change: Succeeded
| Attempting MC barostat change: Failed
| Attempting MC barostat change: Succeeded
| Attempting MC barostat change: Failed
| Attempting MC barostat change: Failed
| Attempting MC barostat change: Failed
| Attempting MC barostat change: Failed
| Attempting MC barostat change: Failed

 NSTEP =     5000   TIME(PS) =    1510.000  TEMP(K) =   301.45  PRESS =     0.0
 Etot   =    -14630.3164  EKtot   =      3503.4819  EPtot      =    -18133.7983
 BOND   =        56.7371  ANGLE   =       171.7769  DIHED      =       254.1694
 1-4 NB =        71.9443  1-4 EEL =       880.9294  VDWAALS    =      2425.7543
 EELEC  =    -21995.1097  EHBOND  =         0.0000  RESTRAINT  =         0.0000
 EKCMT  =         0.0000  VIRIAL  =         0.0000  VOLUME     =     58157.1737
                                                    Density    =         1.0002
 ------------------------------------------------------------------------------

| Attempting MC barostat change: Failed
| Attempting MC barostat change: Failed
| Attempting MC barostat change: Failed
| Attempting MC barostat change: Failed
| Attempting MC barostat change: Failed
| Attempting MC barostat change: Failed
| Attempting MC barostat change: Failed
| Attempting MC barostat change: Succeeded
| Attempting MC barostat change: Failed
| Attempting MC barostat change: Failed

 NSTEP =     6000   TIME(PS) =    1512.000  TEMP(K) =   304.91  PRESS =     0.0
 Etot   =    -14483.5872  EKtot   =      3543.6846  EPtot      =    -18027.2718
 BOND   =        55.4146  ANGLE   =       169.5787  DIHED      =       259.9072
 1-4 NB =        68.8997  1-4 EEL =       873.3196  VDWAALS    =      2428.5049
 EELEC  =    -21882.8964  EHBOND  =         0.0000  RESTRAINT  =         0.0000
 EKCMT  =         0.0000  VIRIAL  =         0.0000  VOLUME     =     58177.4497
                                                    Density    =         0.9999
 ------------------------------------------------------------------------------

| Attempting MC barostat change: Succeeded
| Attempting MC barostat change: Failed
| Attempting MC barostat change: Failed
| Attempting MC barostat change: Failed
| Attempting MC barostat change: Failed
| Attempting MC barostat change: Succeeded
| Attempting MC barostat change: Succeeded
| Attempting MC barostat change: Failed
| Attempting MC barostat change: Failed
| Attempting MC barostat change: Failed

 NSTEP =     7000   TIME(PS) =    1514.000  TEMP(K) =   299.68  PRESS =     0.0
 Etot   =    -14477.3578  EKtot   =      3482.8997  EPtot      =    -17960.2575
 BOND   =        72.4391  ANGLE   =       151.0369  DIHED      =       243.8043
 1-4 NB =        63.4891  1-4 EEL =       884.4376  VDWAALS    =      2280.0925
 EELEC  =    -21655.5569  EHBOND  =         0.0000  RESTRAINT  =         0.0000
 EKCMT  =         0.0000  VIRIAL  =         0.0000  VOLUME     =     57424.2460
                                                    Density    =         1.0130
 ------------------------------------------------------------------------------

| Attempting MC barostat change: Failed
| Attempting MC barostat change: Succeeded
| Attempting MC barostat change: Failed
| Attempting MC barostat change: Failed
| Attempting MC barostat change: Succeeded
| Attempting MC barostat change: Succeeded
| Attempting MC barostat change: Succeeded
| Attempting MC barostat change: Succeeded
| Attempting MC barostat change: Succeeded
| Attempting MC barostat change: Succeeded

 NSTEP =     8000   TIME(PS) =    1516.000  TEMP(K) =   299.51  PRESS =     0.0
 Etot   =    -14478.9803  EKtot   =      3480.9871  EPtot      =    -17959.9674
 BOND   =        63.0163  ANGLE   =       161.1737  DIHED      =       254.1670
 1-4 NB =        70.9937  1-4 EEL =       888.0702  VDWAALS    =      2451.2174
 EELEC  =    -21848.6057  EHBOND  =         0.0000  RESTRAINT  =         0.0000
 EKCMT  =         0.0000  VIRIAL  =         0.0000  VOLUME     =     58360.1889
                                                    Density    =         0.9968
 ------------------------------------------------------------------------------

| Attempting MC barostat change: Failed
| Attempting MC barostat change: Failed
| Attempting MC barostat change: Failed
| Attempting MC barostat change: Failed
| Attempting MC barostat change: Failed
| Attempting MC barostat change: Failed
| Attempting MC barostat change: Succeeded
| Attempting MC barostat change: Failed
| Attempting MC barostat change: Failed
| Attempting MC barostat change: Failed

 NSTEP =     9000   TIME(PS) =    1518.000  TEMP(K) =   305.50  PRESS =     0.0
 Etot   =    -14490.5635  EKtot   =      3550.5012  EPtot      =    -18041.0647
 BOND   =        52.8730  ANGLE   =       146.5899  DIHED      =       249.1243
 1-4 NB =        66.6885  1-4 EEL =       892.7718  VDWAALS    =      2434.4494
 EELEC  =    -21883.5617  EHBOND  =         0.0000  RESTRAINT  =         0.0000
 EKCMT  =         0.0000  VIRIAL  =         0.0000  VOLUME     =     58596.4248
                                                    Density    =         0.9927
 ------------------------------------------------------------------------------

| Attempting MC barostat change: Failed
| Attempting MC barostat change: Failed
| Attempting MC barostat change: Failed
| Attempting MC barostat change: Succeeded
| Attempting MC barostat change: Failed
| Attempting MC barostat change: Succeeded
| Attempting MC barostat change: Failed
| Attempting MC barostat change: Succeeded
| Attempting MC barostat change: Failed
| Attempting MC barostat change: Succeeded

 NSTEP =    10000   TIME(PS) =    1520.000  TEMP(K) =   303.43  PRESS =     0.0
 Etot   =    -14462.9618  EKtot   =      3526.5210  EPtot      =    -17989.4828
 BOND   =        50.2496  ANGLE   =       153.3912  DIHED      =       250.8206
 1-4 NB =        62.4726  1-4 EEL =       887.6954  VDWAALS    =      2415.1305
 EELEC  =    -21809.2428  EHBOND  =         0.0000  RESTRAINT  =         0.0000
 EKCMT  =         0.0000  VIRIAL  =         0.0000  VOLUME     =     58455.0960
                                                    Density    =         0.9951
 ------------------------------------------------------------------------------

| Attempting MC barostat change: Succeeded
| Attempting MC barostat change: Failed
| Attempting MC barostat change: Succeeded
| Attempting MC barostat change: Succeeded
| Attempting MC barostat change: Succeeded
| Attempting MC barostat change: Failed
| Attempting MC barostat change: Succeeded
| Attempting MC barostat change: Failed
| Attempting MC barostat change: Failed
| Attempting MC barostat change: Failed

 NSTEP =    11000   TIME(PS) =    1522.000  TEMP(K) =   302.60  PRESS =     0.0
 Etot   =    -14467.3646  EKtot   =      3516.8821  EPtot      =    -17984.2466
 BOND   =        67.6293  ANGLE   =       177.0620  DIHED      =       257.5461
 1-4 NB =        63.6347  1-4 EEL =       877.2030  VDWAALS    =      2264.7456
 EELEC  =    -21692.0673  EHBOND  =         0.0000  RESTRAINT  =         0.0000
 EKCMT  =         0.0000  VIRIAL  =         0.0000  VOLUME     =     58261.1208
                                                    Density    =         0.9985
 ------------------------------------------------------------------------------

| Attempting MC barostat change: Succeeded
| Attempting MC barostat change: Failed
| Attempting MC barostat change: Failed
| Attempting MC barostat change: Succeeded
| Attempting MC barostat change: Failed
| Attempting MC barostat change: Succeeded
| Attempting MC barostat change: Failed
| Attempting MC barostat change: Failed
| Attempting MC barostat change: Succeeded
| Attempting MC barostat change: Failed

 NSTEP =    12000   TIME(PS) =    1524.000  TEMP(K) =   293.35  PRESS =     0.0
 Etot   =    -14578.6227  EKtot   =      3409.3618  EPtot      =    -17987.9846
 BOND   =        62.4093  ANGLE   =       159.2273  DIHED      =       255.3434
 1-4 NB =        64.4299  1-4 EEL =       879.9393  VDWAALS    =      2583.5839
 EELEC  =    -21992.9177  EHBOND  =         0.0000  RESTRAINT  =         0.0000
 EKCMT  =         0.0000  VIRIAL  =         0.0000  VOLUME     =     58104.6721
                                                    Density    =         1.0011
 ------------------------------------------------------------------------------

| Attempting MC barostat change: Failed
| Attempting MC barostat change: Failed
| Attempting MC barostat change: Failed
| Attempting MC barostat change: Failed
| Attempting MC barostat change: Failed
| Attempting MC barostat change: Succeeded
| Attempting MC barostat change: Succeeded
| Attempting MC barostat change: Failed
| Attempting MC barostat change: Failed
| Attempting MC barostat change: Failed

 NSTEP =    13000   TIME(PS) =    1526.000  TEMP(K) =   303.56  PRESS =     0.0
 Etot   =    -14380.2291  EKtot   =      3528.0217  EPtot      =    -17908.2508
 BOND   =        62.4020  ANGLE   =       157.7115  DIHED      =       246.8526
 1-4 NB =        70.9971  1-4 EEL =       879.2442  VDWAALS    =      2367.1675
 EELEC  =    -21692.6256  EHBOND  =         0.0000  RESTRAINT  =         0.0000
 EKCMT  =         0.0000  VIRIAL  =         0.0000  VOLUME     =     58206.6460
                                                    Density    =         0.9994
 ------------------------------------------------------------------------------

| Attempting MC barostat change: Failed
| Attempting MC barostat change: Failed
| Attempting MC barostat change: Failed
| Attempting MC barostat change: Failed
| Attempting MC barostat change: Failed
| Attempting MC barostat change: Succeeded
| Attempting MC barostat change: Failed
| Attempting MC barostat change: Failed
| Attempting MC barostat change: Succeeded
| Attempting MC barostat change: Succeeded

 NSTEP =    14000   TIME(PS) =    1528.000  TEMP(K) =   302.70  PRESS =     0.0
 Etot   =    -14538.2002  EKtot   =      3517.9746  EPtot      =    -18056.1748
 BOND   =        55.0388  ANGLE   =       141.1332  DIHED      =       255.8387
 1-4 NB =        68.6052  1-4 EEL =       885.7383  VDWAALS    =      2459.1607
 EELEC  =    -21921.6897  EHBOND  =         0.0000  RESTRAINT  =         0.0000
 EKCMT  =         0.0000  VIRIAL  =         0.0000  VOLUME     =     57818.6416
                                                    Density    =         1.0061
 ------------------------------------------------------------------------------

| Attempting MC barostat change: Failed
| Attempting MC barostat change: Succeeded
| Attempting MC barostat change: Failed
| Attempting MC barostat change: Succeeded
| Attempting MC barostat change: Failed
| Attempting MC barostat change: Failed
| Attempting MC barostat change: Succeeded
| Attempting MC barostat change: Succeeded
| Attempting MC barostat change: Failed
| Attempting MC barostat change: Failed

 NSTEP =    15000   TIME(PS) =    1530.000  TEMP(K) =   298.51  PRESS =     0.0
 Etot   =    -14499.2922  EKtot   =      3469.2910  EPtot      =    -17968.5832
 BOND   =        62.5613  ANGLE   =       152.5299  DIHED      =       245.8869
 1-4 NB =        65.8701  1-4 EEL =       868.7312  VDWAALS    =      2421.1282
 EELEC  =    -21785.2908  EHBOND  =         0.0000  RESTRAINT  =         0.0000
 EKCMT  =         0.0000  VIRIAL  =         0.0000  VOLUME     =     58061.6797
                                                    Density    =         1.0019
 ------------------------------------------------------------------------------

| Attempting MC barostat change: Failed
| Attempting MC barostat change: Succeeded
| Attempting MC barostat change: Failed
| Attempting MC barostat change: Failed
| Attempting MC barostat change: Failed
| Attempting MC barostat change: Failed
| Attempting MC barostat change: Failed
| Attempting MC barostat change: Succeeded
| Attempting MC barostat change: Failed
| Attempting MC barostat change: Succeeded

 NSTEP =    16000   TIME(PS) =    1532.000  TEMP(K) =   294.08  PRESS =     0.0
 Etot   =    -14589.5505  EKtot   =      3417.8154  EPtot      =    -18007.3659
 BOND   =        55.0892  ANGLE   =       165.3673  DIHED      =       249.9611
 1-4 NB =        69.3413  1-4 EEL =       880.4616  VDWAALS    =      2495.8476
 EELEC  =    -21923.4338  EHBOND  =         0.0000  RESTRAINT  =         0.0000
 EKCMT  =         0.0000  VIRIAL  =         0.0000  VOLUME     =     57844.7564
                                                    Density    =         1.0056
 ------------------------------------------------------------------------------

| Attempting MC barostat change: Succeeded
| Attempting MC barostat change: Failed
| Attempting MC barostat change: Succeeded
| Attempting MC barostat change: Failed
| Attempting MC barostat change: Failed
| Attempting MC barostat change: Failed
| Attempting MC barostat change: Failed
| Attempting MC barostat change: Failed
| Attempting MC barostat change: Succeeded
| Attempting MC barostat change: Failed

 NSTEP =    17000   TIME(PS) =    1534.000  TEMP(K) =   303.84  PRESS =     0.0
 Etot   =    -14574.5233  EKtot   =      3531.2883  EPtot      =    -18105.8116
 BOND   =        62.1996  ANGLE   =       139.3158  DIHED      =       248.6490
 1-4 NB =        65.7943  1-4 EEL =       876.1999  VDWAALS    =      2443.1622
 EELEC  =    -21941.1324  EHBOND  =         0.0000  RESTRAINT  =         0.0000
 EKCMT  =         0.0000  VIRIAL  =         0.0000  VOLUME     =     58140.0378
                                                    Density    =         1.0005
 ------------------------------------------------------------------------------

| Attempting MC barostat change: Succeeded
| Attempting MC barostat change: Failed
| Attempting MC barostat change: Succeeded
| Attempting MC barostat change: Failed
| Attempting MC barostat change: Failed
| Attempting MC barostat change: Succeeded
| Attempting MC barostat change: Succeeded
| Attempting MC barostat change: Failed
| Attempting MC barostat change: Failed
| Attempting MC barostat change: Succeeded

 NSTEP =    18000   TIME(PS) =    1536.000  TEMP(K) =   299.90  PRESS =     0.0
 Etot   =    -14545.1487  EKtot   =      3485.4214  EPtot      =    -18030.5701
 BOND   =        56.9287  ANGLE   =       154.8119  DIHED      =       253.7730
 1-4 NB =        66.8401  1-4 EEL =       874.7503  VDWAALS    =      2448.4214
 EELEC  =    -21886.0955  EHBOND  =         0.0000  RESTRAINT  =         0.0000
 EKCMT  =         0.0000  VIRIAL  =         0.0000  VOLUME     =     58532.6942
                                                    Density    =         0.9938
 ------------------------------------------------------------------------------

| Attempting MC barostat change: Succeeded
| Attempting MC barostat change: Failed
| Attempting MC barostat change: Failed
| Attempting MC barostat change: Failed
| Attempting MC barostat change: Succeeded
| Attempting MC barostat change: Failed
| Attempting MC barostat change: Succeeded
| Attempting MC barostat change: Succeeded
| Attempting MC barostat change: Failed
| Attempting MC barostat change: Failed

 NSTEP =    19000   TIME(PS) =    1538.000  TEMP(K) =   304.31  PRESS =     0.0
 Etot   =    -14402.8478  EKtot   =      3536.7539  EPtot      =    -17939.6017
 BOND   =        67.9830  ANGLE   =       164.2517  DIHED      =       249.6017
 1-4 NB =        67.3157  1-4 EEL =       886.4355  VDWAALS    =      2472.4409
 EELEC  =    -21847.6302  EHBOND  =         0.0000  RESTRAINT  =         0.0000
 EKCMT  =         0.0000  VIRIAL  =         0.0000  VOLUME     =     58508.7653
                                                    Density    =         0.9942
 ------------------------------------------------------------------------------

| Attempting MC barostat change: Failed
| Attempting MC barostat change: Succeeded
| Attempting MC barostat change: Failed
| Attempting MC barostat change: Succeeded
| Attempting MC barostat change: Failed
| Attempting MC barostat change: Failed
| Attempting MC barostat change: Failed
| Attempting MC barostat change: Failed
| Attempting MC barostat change: Succeeded
| Attempting MC barostat change: Succeeded

 NSTEP =    20000   TIME(PS) =    1540.000  TEMP(K) =   301.90  PRESS =     0.0
 Etot   =    -14408.8104  EKtot   =      3508.6609  EPtot      =    -17917.4713
 BOND   =        48.1231  ANGLE   =       165.7193  DIHED      =       247.7789
 1-4 NB =        76.1401  1-4 EEL =       884.2480  VDWAALS    =      2453.1025
 EELEC  =    -21792.5831  EHBOND  =         0.0000  RESTRAINT  =         0.0000
 EKCMT  =         0.0000  VIRIAL  =         0.0000  VOLUME     =     58243.1935
                                                    Density    =         0.9988
 ------------------------------------------------------------------------------

| Attempting MC barostat change: Failed
| Attempting MC barostat change: Failed
| Attempting MC barostat change: Failed
| Attempting MC barostat change: Failed
| Attempting MC barostat change: Failed
| Attempting MC barostat change: Succeeded
| Attempting MC barostat change: Succeeded
| Attempting MC barostat change: Failed
| Attempting MC barostat change: Failed
| Attempting MC barostat change: Failed

 NSTEP =    21000   TIME(PS) =    1542.000  TEMP(K) =   291.57  PRESS =     0.0
 Etot   =    -14610.1820  EKtot   =      3388.6011  EPtot      =    -17998.7831
 BOND   =        51.8716  ANGLE   =       160.4407  DIHED      =       248.2964
 1-4 NB =        68.0496  1-4 EEL =       870.3747  VDWAALS    =      2405.0304
 EELEC  =    -21802.8466  EHBOND  =         0.0000  RESTRAINT  =         0.0000
 EKCMT  =         0.0000  VIRIAL  =         0.0000  VOLUME     =     58357.5395
                                                    Density    =         0.9968
 ------------------------------------------------------------------------------

| Attempting MC barostat change: Succeeded
| Attempting MC barostat change: Succeeded
| Attempting MC barostat change: Failed
| Attempting MC barostat change: Failed
| Attempting MC barostat change: Succeeded
| Attempting MC barostat change: Failed
| Attempting MC barostat change: Failed
| Attempting MC barostat change: Succeeded
| Attempting MC barostat change: Failed
| Attempting MC barostat change: Failed

 NSTEP =    22000   TIME(PS) =    1544.000  TEMP(K) =   293.86  PRESS =     0.0
 Etot   =    -14605.9792  EKtot   =      3415.3152  EPtot      =    -18021.2943
 BOND   =        60.4973  ANGLE   =       157.2388  DIHED      =       247.0784
 1-4 NB =        62.8974  1-4 EEL =       890.5658  VDWAALS    =      2416.5923
 EELEC  =    -21856.1643  EHBOND  =         0.0000  RESTRAINT  =         0.0000
 EKCMT  =         0.0000  VIRIAL  =         0.0000  VOLUME     =     57869.4842
                                                    Density    =         1.0052
 ------------------------------------------------------------------------------

| Attempting MC barostat change: Failed
| Attempting MC barostat change: Failed
| Attempting MC barostat change: Failed
| Attempting MC barostat change: Failed
| Attempting MC barostat change: Succeeded
| Attempting MC barostat change: Failed
| Attempting MC barostat change: Failed
| Attempting MC barostat change: Failed
| Attempting MC barostat change: Failed
| Attempting MC barostat change: Succeeded

 NSTEP =    23000   TIME(PS) =    1546.000  TEMP(K) =   297.76  PRESS =     0.0
 Etot   =    -14409.7078  EKtot   =      3460.5876  EPtot      =    -17870.2955
 BOND   =        50.2952  ANGLE   =       164.6115  DIHED      =       255.4695
 1-4 NB =        72.5296  1-4 EEL =       882.7190  VDWAALS    =      2476.6516
 EELEC  =    -21772.5719  EHBOND  =         0.0000  RESTRAINT  =         0.0000
 EKCMT  =         0.0000  VIRIAL  =         0.0000  VOLUME     =     58105.1304
                                                    Density    =         1.0011
 ------------------------------------------------------------------------------

| Attempting MC barostat change: Succeeded
| Attempting MC barostat change: Failed
| Attempting MC barostat change: Succeeded
| Attempting MC barostat change: Failed
| Attempting MC barostat change: Succeeded
| Attempting MC barostat change: Failed
| Attempting MC barostat change: Succeeded
| Attempting MC barostat change: Succeeded
| Attempting MC barostat change: Succeeded
| Attempting MC barostat change: Failed

 NSTEP =    24000   TIME(PS) =    1548.000  TEMP(K) =   294.31  PRESS =     0.0
 Etot   =    -14531.5919  EKtot   =      3420.5322  EPtot      =    -17952.1241
 BOND   =        65.0216  ANGLE   =       180.6382  DIHED      =       252.3146
 1-4 NB =        62.4744  1-4 EEL =       877.9922  VDWAALS    =      2446.3759
 EELEC  =    -21836.9411  EHBOND  =         0.0000  RESTRAINT  =         0.0000
 EKCMT  =         0.0000  VIRIAL  =         0.0000  VOLUME     =     58335.9560
                                                    Density    =         0.9972
 ------------------------------------------------------------------------------

| Attempting MC barostat change: Succeeded
| Attempting MC barostat change: Failed
| Attempting MC barostat change: Failed
| Attempting MC barostat change: Succeeded
| Attempting MC barostat change: Failed
| Attempting MC barostat change: Failed
| Attempting MC barostat change: Failed
| Attempting MC barostat change: Failed
| Attempting MC barostat change: Succeeded
| Attempting MC barostat change: Failed

 NSTEP =    25000   TIME(PS) =    1550.000  TEMP(K) =   298.53  PRESS =     0.0
 Etot   =    -14705.0250  EKtot   =      3469.5647  EPtot      =    -18174.5897
 BOND   =        49.4770  ANGLE   =       164.9118  DIHED      =       252.0272
 1-4 NB =        74.0370  1-4 EEL =       900.1651  VDWAALS    =      2500.9560
 EELEC  =    -22116.1638  EHBOND  =         0.0000  RESTRAINT  =         0.0000
 EKCMT  =         0.0000  VIRIAL  =         0.0000  VOLUME     =     58176.9110
                                                    Density    =         0.9999
 ------------------------------------------------------------------------------

| Attempting MC barostat change: Failed
| Attempting MC barostat change: Failed
| Attempting MC barostat change: Succeeded
| Attempting MC barostat change: Failed
| Attempting MC barostat change: Succeeded
| Attempting MC barostat change: Failed
| Attempting MC barostat change: Succeeded
| Attempting MC barostat change: Succeeded
| Attempting MC barostat change: Failed
| Attempting MC barostat change: Failed

 NSTEP =    26000   TIME(PS) =    1552.000  TEMP(K) =   290.90  PRESS =     0.0
 Etot   =    -14702.6408  EKtot   =      3380.8228  EPtot      =    -18083.4636
 BOND   =        59.6035  ANGLE   =       145.3521  DIHED      =       256.5474
 1-4 NB =        66.6803  1-4 EEL =       880.9283  VDWAALS    =      2402.1841
 EELEC  =    -21894.7593  EHBOND  =         0.0000  RESTRAINT  =         0.0000
 EKCMT  =         0.0000  VIRIAL  =         0.0000  VOLUME     =     58242.8962
                                                    Density    =         0.9988
 ------------------------------------------------------------------------------

| Attempting MC barostat change: Succeeded
| Attempting MC barostat change: Succeeded
| Attempting MC barostat change: Failed
| Attempting MC barostat change: Failed
| Attempting MC barostat change: Failed
| Attempting MC barostat change: Failed
| Attempting MC barostat change: Succeeded
| Attempting MC barostat change: Failed
| Attempting MC barostat change: Succeeded
| Attempting MC barostat change: Failed

 NSTEP =    27000   TIME(PS) =    1554.000  TEMP(K) =   293.41  PRESS =     0.0
 Etot   =    -14706.4388  EKtot   =      3409.9834  EPtot      =    -18116.4222
 BOND   =        58.9605  ANGLE   =       156.0400  DIHED      =       243.1509
 1-4 NB =        68.2808  1-4 EEL =       868.8073  VDWAALS    =      2413.6669
 EELEC  =    -21925.3285  EHBOND  =         0.0000  RESTRAINT  =         0.0000
 EKCMT  =         0.0000  VIRIAL  =         0.0000  VOLUME     =     57975.3998
                                                    Density    =         1.0034
 ------------------------------------------------------------------------------

| Attempting MC barostat change: Failed
| Attempting MC barostat change: Succeeded
| Attempting MC barostat change: Succeeded
| Attempting MC barostat change: Failed
| Attempting MC barostat change: Failed
| Attempting MC barostat change: Failed
| Attempting MC barostat change: Failed
| Attempting MC barostat change: Failed
| Attempting MC barostat change: Failed
| Attempting MC barostat change: Failed

 NSTEP =    28000   TIME(PS) =    1556.000  TEMP(K) =   298.83  PRESS =     0.0
 Etot   =    -14451.3819  EKtot   =      3472.9766  EPtot      =    -17924.3585
 BOND   =        60.6641  ANGLE   =       147.2630  DIHED      =       253.5454
 1-4 NB =        69.5225  1-4 EEL =       886.3462  VDWAALS    =      2388.6148
 EELEC  =    -21730.3145  EHBOND  =         0.0000  RESTRAINT  =         0.0000
 EKCMT  =         0.0000  VIRIAL  =         0.0000  VOLUME     =     58156.1445
                                                    Density    =         1.0003
 ------------------------------------------------------------------------------

| Attempting MC barostat change: Failed
| Attempting MC barostat change: Succeeded
| Attempting MC barostat change: Succeeded
| Attempting MC barostat change: Succeeded
| Attempting MC barostat change: Failed
| Attempting MC barostat change: Failed
| Attempting MC barostat change: Succeeded
| Attempting MC barostat change: Succeeded
| Attempting MC barostat change: Failed
| Attempting MC barostat change: Failed

 NSTEP =    29000   TIME(PS) =    1558.000  TEMP(K) =   303.15  PRESS =     0.0
 Etot   =    -14452.6869  EKtot   =      3523.2729  EPtot      =    -17975.9598
 BOND   =        58.9926  ANGLE   =       153.9178  DIHED      =       247.8565
 1-4 NB =        65.8967  1-4 EEL =       877.9154  VDWAALS    =      2411.4377
 EELEC  =    -21791.9765  EHBOND  =         0.0000  RESTRAINT  =         0.0000
 EKCMT  =         0.0000  VIRIAL  =         0.0000  VOLUME     =     58032.7557
                                                    Density    =         1.0024
 ------------------------------------------------------------------------------

| Attempting MC barostat change: Failed
| Attempting MC barostat change: Failed
| Attempting MC barostat change: Succeeded
| Attempting MC barostat change: Succeeded
| Attempting MC barostat change: Failed
| Attempting MC barostat change: Succeeded
| Attempting MC barostat change: Failed
| Attempting MC barostat change: Succeeded
| Attempting MC barostat change: Succeeded
| Attempting MC barostat change: Failed

 NSTEP =    30000   TIME(PS) =    1560.000  TEMP(K) =   302.19  PRESS =     0.0
 Etot   =    -14551.6506  EKtot   =      3512.1084  EPtot      =    -18063.7590
 BOND   =        49.8332  ANGLE   =       133.3202  DIHED      =       254.7645
 1-4 NB =        74.6960  1-4 EEL =       900.0750  VDWAALS    =      2530.6689
 EELEC  =    -22007.1169  EHBOND  =         0.0000  RESTRAINT  =         0.0000
 EKCMT  =         0.0000  VIRIAL  =         0.0000  VOLUME     =     57509.1961
                                                    Density    =         1.0115
 ------------------------------------------------------------------------------

| Attempting MC barostat change: Failed
| Attempting MC barostat change: Failed
| Attempting MC barostat change: Failed
| Attempting MC barostat change: Failed
| Attempting MC barostat change: Failed
| Attempting MC barostat change: Succeeded
| Attempting MC barostat change: Failed
| Attempting MC barostat change: Succeeded
| Attempting MC barostat change: Succeeded
| Attempting MC barostat change: Failed

 NSTEP =    31000   TIME(PS) =    1562.000  TEMP(K) =   295.73  PRESS =     0.0
 Etot   =    -14666.0444  EKtot   =      3436.9604  EPtot      =    -18103.0049
 BOND   =        61.7635  ANGLE   =       153.6444  DIHED      =       256.1783
 1-4 NB =        68.3275  1-4 EEL =       878.6957  VDWAALS    =      2363.2390
 EELEC  =    -21884.8532  EHBOND  =         0.0000  RESTRAINT  =         0.0000
 EKCMT  =         0.0000  VIRIAL  =         0.0000  VOLUME     =     57277.9639
                                                    Density    =         1.0156
 ------------------------------------------------------------------------------

| Attempting MC barostat change: Succeeded
| Attempting MC barostat change: Failed
| Attempting MC barostat change: Succeeded
| Attempting MC barostat change: Failed
| Attempting MC barostat change: Failed
| Attempting MC barostat change: Failed
| Attempting MC barostat change: Failed
| Attempting MC barostat change: Failed
| Attempting MC barostat change: Failed
| Attempting MC barostat change: Succeeded

 NSTEP =    32000   TIME(PS) =    1564.000  TEMP(K) =   297.68  PRESS =     0.0
 Etot   =    -14692.5038  EKtot   =      3459.7080  EPtot      =    -18152.2118
 BOND   =        50.9246  ANGLE   =       165.1995  DIHED      =       260.7843
 1-4 NB =        63.2482  1-4 EEL =       883.9147  VDWAALS    =      2453.8857
 EELEC  =    -22030.1689  EHBOND  =         0.0000  RESTRAINT  =         0.0000
 EKCMT  =         0.0000  VIRIAL  =         0.0000  VOLUME     =     57191.6997
                                                    Density    =         1.0171
 ------------------------------------------------------------------------------

| Attempting MC barostat change: Succeeded
| Attempting MC barostat change: Succeeded
| Attempting MC barostat change: Failed
| Attempting MC barostat change: Succeeded
| Attempting MC barostat change: Failed
| Attempting MC barostat change: Succeeded
| Attempting MC barostat change: Succeeded
| Attempting MC barostat change: Failed
| Attempting MC barostat change: Succeeded
| Attempting MC barostat change: Failed

 NSTEP =    33000   TIME(PS) =    1566.000  TEMP(K) =   293.64  PRESS =     0.0
 Etot   =    -14712.0311  EKtot   =      3412.6960  EPtot      =    -18124.7272
 BOND   =        53.3608  ANGLE   =       142.0742  DIHED      =       253.0383
 1-4 NB =        66.5133  1-4 EEL =       875.9798  VDWAALS    =      2491.1152
 EELEC  =    -22006.8088  EHBOND  =         0.0000  RESTRAINT  =         0.0000
 EKCMT  =         0.0000  VIRIAL  =         0.0000  VOLUME     =     57702.3884
                                                    Density    =         1.0081
 ------------------------------------------------------------------------------

| Attempting MC barostat change: Failed
| Attempting MC barostat change: Failed
| Attempting MC barostat change: Succeeded
| Attempting MC barostat change: Succeeded
| Attempting MC barostat change: Failed
| Attempting MC barostat change: Failed
| Attempting MC barostat change: Failed
| Attempting MC barostat change: Failed
| Attempting MC barostat change: Failed
| Attempting MC barostat change: Failed

 NSTEP =    34000   TIME(PS) =    1568.000  TEMP(K) =   298.20  PRESS =     0.0
 Etot   =    -14615.3909  EKtot   =      3465.6501  EPtot      =    -18081.0411
 BOND   =        64.0653  ANGLE   =       171.5606  DIHED      =       253.3443
 1-4 NB =        68.1576  1-4 EEL =       887.6224  VDWAALS    =      2487.1418
 EELEC  =    -22012.9329  EHBOND  =         0.0000  RESTRAINT  =         0.0000
 EKCMT  =         0.0000  VIRIAL  =         0.0000  VOLUME     =     57805.0791
                                                    Density    =         1.0063
 ------------------------------------------------------------------------------

| Attempting MC barostat change: Failed
| Attempting MC barostat change: Failed
| Attempting MC barostat change: Succeeded
| Attempting MC barostat change: Failed
| Attempting MC barostat change: Failed
| Attempting MC barostat change: Failed
| Attempting MC barostat change: Failed
| Attempting MC barostat change: Succeeded
| Attempting MC barostat change: Succeeded
| Attempting MC barostat change: Failed

 NSTEP =    35000   TIME(PS) =    1570.000  TEMP(K) =   300.73  PRESS =     0.0
 Etot   =    -14534.5708  EKtot   =      3495.1160  EPtot      =    -18029.6867
 BOND   =        54.2744  ANGLE   =       154.0801  DIHED      =       258.3063
 1-4 NB =        64.7764  1-4 EEL =       883.6274  VDWAALS    =      2393.5731
 EELEC  =    -21838.3245  EHBOND  =         0.0000  RESTRAINT  =         0.0000
 EKCMT  =         0.0000  VIRIAL  =         0.0000  VOLUME     =     57658.3353
                                                    Density    =         1.0089
 ------------------------------------------------------------------------------

| Attempting MC barostat change: Succeeded
| Attempting MC barostat change: Succeeded
| Attempting MC barostat change: Failed
| Attempting MC barostat change: Succeeded
| Attempting MC barostat change: Failed
| Attempting MC barostat change: Failed
| Attempting MC barostat change: Failed
| Attempting MC barostat change: Succeeded
| Attempting MC barostat change: Failed
| Attempting MC barostat change: Failed

 NSTEP =    36000   TIME(PS) =    1572.000  TEMP(K) =   299.42  PRESS =     0.0
 Etot   =    -14506.7652  EKtot   =      3479.8340  EPtot      =    -17986.5992
 BOND   =        53.0572  ANGLE   =       152.8885  DIHED      =       253.6071
 1-4 NB =        68.1866  1-4 EEL =       881.5195  VDWAALS    =      2310.3701
 EELEC  =    -21706.2282  EHBOND  =         0.0000  RESTRAINT  =         0.0000
 EKCMT  =         0.0000  VIRIAL  =         0.0000  VOLUME     =     58346.5924
                                                    Density    =         0.9970
 ------------------------------------------------------------------------------

| Attempting MC barostat change: Failed
| Attempting MC barostat change: Succeeded
| Attempting MC barostat change: Failed
| Attempting MC barostat change: Failed
| Attempting MC barostat change: Succeeded
| Attempting MC barostat change: Failed
| Attempting MC barostat change: Failed
| Attempting MC barostat change: Succeeded
| Attempting MC barostat change: Failed
| Attempting MC barostat change: Succeeded

 NSTEP =    37000   TIME(PS) =    1574.000  TEMP(K) =   296.30  PRESS =     0.0
 Etot   =    -14626.0709  EKtot   =      3443.6455  EPtot      =    -18069.7164
 BOND   =        66.5262  ANGLE   =       160.8803  DIHED      =       269.8106
 1-4 NB =        62.6680  1-4 EEL =       887.4564  VDWAALS    =      2488.7459
 EELEC  =    -22005.8038  EHBOND  =         0.0000  RESTRAINT  =         0.0000
 EKCMT  =         0.0000  VIRIAL  =         0.0000  VOLUME     =     57796.6108
                                                    Density    =         1.0065
 ------------------------------------------------------------------------------

| Attempting MC barostat change: Failed
| Attempting MC barostat change: Failed
| Attempting MC barostat change: Failed
| Attempting MC barostat change: Failed
| Attempting MC barostat change: Failed
| Attempting MC barostat change: Succeeded
| Attempting MC barostat change: Succeeded
| Attempting MC barostat change: Succeeded
| Attempting MC barostat change: Failed
| Attempting MC barostat change: Failed

 NSTEP =    38000   TIME(PS) =    1576.000  TEMP(K) =   296.21  PRESS =     0.0
 Etot   =    -14562.3300  EKtot   =      3442.6057  EPtot      =    -18004.9357
 BOND   =        71.2651  ANGLE   =       165.5024  DIHED      =       247.1621
 1-4 NB =        63.9094  1-4 EEL =       871.1774  VDWAALS    =      2438.2300
 EELEC  =    -21862.1820  EHBOND  =         0.0000  RESTRAINT  =         0.0000
 EKCMT  =         0.0000  VIRIAL  =         0.0000  VOLUME     =     57634.3400
                                                    Density    =         1.0093
 ------------------------------------------------------------------------------

| Attempting MC barostat change: Failed
| Attempting MC barostat change: Succeeded
| Attempting MC barostat change: Failed
| Attempting MC barostat change: Failed
| Attempting MC barostat change: Succeeded
| Attempting MC barostat change: Failed
| Attempting MC barostat change: Succeeded
| Attempting MC barostat change: Failed
| Attempting MC barostat change: Succeeded
| Attempting MC barostat change: Failed

 NSTEP =    39000   TIME(PS) =    1578.000  TEMP(K) =   304.73  PRESS =     0.0
 Etot   =    -14400.8285  EKtot   =      3541.6016  EPtot      =    -17942.4301
 BOND   =        55.2084  ANGLE   =       160.7528  DIHED      =       248.6035
 1-4 NB =        72.1913  1-4 EEL =       890.2511  VDWAALS    =      2305.6793
 EELEC  =    -21675.1166  EHBOND  =         0.0000  RESTRAINT  =         0.0000
 EKCMT  =         0.0000  VIRIAL  =         0.0000  VOLUME     =     58048.1344
                                                    Density    =         1.0021
 ------------------------------------------------------------------------------

| Attempting MC barostat change: Succeeded
| Attempting MC barostat change: Failed
| Attempting MC barostat change: Failed
| Attempting MC barostat change: Failed
| Attempting MC barostat change: Failed
| Attempting MC barostat change: Failed
| Attempting MC barostat change: Succeeded
| Attempting MC barostat change: Failed
| Attempting MC barostat change: Failed
| Attempting MC barostat change: Succeeded

 NSTEP =    40000   TIME(PS) =    1580.000  TEMP(K) =   299.14  PRESS =     0.0
 Etot   =    -14398.0220  EKtot   =      3476.6482  EPtot      =    -17874.6702
 BOND   =        60.2885  ANGLE   =       156.0426  DIHED      =       257.3416
 1-4 NB =        68.6237  1-4 EEL =       883.7731  VDWAALS    =      2345.0073
 EELEC  =    -21645.7470  EHBOND  =         0.0000  RESTRAINT  =         0.0000
 EKCMT  =         0.0000  VIRIAL  =         0.0000  VOLUME     =     57790.0535
                                                    Density    =         1.0066
 ------------------------------------------------------------------------------

| Attempting MC barostat change: Succeeded
| Attempting MC barostat change: Succeeded
| Attempting MC barostat change: Failed
| Attempting MC barostat change: Failed
| Attempting MC barostat change: Failed
| Attempting MC barostat change: Failed
| Attempting MC barostat change: Failed
| Attempting MC barostat change: Failed
| Attempting MC barostat change: Failed
| Attempting MC barostat change: Succeeded

 NSTEP =    41000   TIME(PS) =    1582.000  TEMP(K) =   304.63  PRESS =     0.0
 Etot   =    -14554.0692  EKtot   =      3540.4253  EPtot      =    -18094.4945
 BOND   =        49.5135  ANGLE   =       150.7183  DIHED      =       250.3254
 1-4 NB =        70.0153  1-4 EEL =       897.8334  VDWAALS    =      2515.3797
 EELEC  =    -22028.2802  EHBOND  =         0.0000  RESTRAINT  =         0.0000
 EKCMT  =         0.0000  VIRIAL  =         0.0000  VOLUME     =     58066.1758
                                                    Density    =         1.0018
 ------------------------------------------------------------------------------

| Attempting MC barostat change: Failed
| Attempting MC barostat change: Failed
| Attempting MC barostat change: Failed
| Attempting MC barostat change: Failed
| Attempting MC barostat change: Succeeded
| Attempting MC barostat change: Succeeded
| Attempting MC barostat change: Failed
| Attempting MC barostat change: Succeeded
| Attempting MC barostat change: Succeeded
| Attempting MC barostat change: Failed

 NSTEP =    42000   TIME(PS) =    1584.000  TEMP(K) =   296.61  PRESS =     0.0
 Etot   =    -14432.5675  EKtot   =      3447.2686  EPtot      =    -17879.8361
 BOND   =        52.0546  ANGLE   =       170.5922  DIHED      =       243.2108
 1-4 NB =        68.6192  1-4 EEL =       889.5739  VDWAALS    =      2418.6930
 EELEC  =    -21722.5798  EHBOND  =         0.0000  RESTRAINT  =         0.0000
 EKCMT  =         0.0000  VIRIAL  =         0.0000  VOLUME     =     58504.6179
                                                    Density    =         0.9943
 ------------------------------------------------------------------------------

| Attempting MC barostat change: Failed
| Attempting MC barostat change: Failed
| Attempting MC barostat change: Failed
| Attempting MC barostat change: Failed
| Attempting MC barostat change: Succeeded
| Attempting MC barostat change: Succeeded
| Attempting MC barostat change: Failed
| Attempting MC barostat change: Succeeded
| Attempting MC barostat change: Failed
| Attempting MC barostat change: Succeeded

 NSTEP =    43000   TIME(PS) =    1586.000  TEMP(K) =   301.18  PRESS =     0.0
 Etot   =    -14508.2738  EKtot   =      3500.3560  EPtot      =    -18008.6298
 BOND   =        58.1136  ANGLE   =       157.4746  DIHED      =       246.8460
 1-4 NB =        69.3823  1-4 EEL =       888.1891  VDWAALS    =      2420.4343
 EELEC  =    -21849.0698  EHBOND  =         0.0000  RESTRAINT  =         0.0000
 EKCMT  =         0.0000  VIRIAL  =         0.0000  VOLUME     =     58133.3368
                                                    Density    =         1.0007
 ------------------------------------------------------------------------------

| Attempting MC barostat change: Failed
| Attempting MC barostat change: Succeeded
| Attempting MC barostat change: Failed
| Attempting MC barostat change: Failed
| Attempting MC barostat change: Succeeded
| Attempting MC barostat change: Succeeded
| Attempting MC barostat change: Failed
| Attempting MC barostat change: Succeeded
| Attempting MC barostat change: Succeeded
| Attempting MC barostat change: Failed

 NSTEP =    44000   TIME(PS) =    1588.000  TEMP(K) =   297.06  PRESS =     0.0
 Etot   =    -14480.0594  EKtot   =      3452.4580  EPtot      =    -17932.5174
 BOND   =        49.4307  ANGLE   =       164.1068  DIHED      =       246.8030
 1-4 NB =        70.6531  1-4 EEL =       889.7266  VDWAALS    =      2385.3209
 EELEC  =    -21738.5585  EHBOND  =         0.0000  RESTRAINT  =         0.0000
 EKCMT  =         0.0000  VIRIAL  =         0.0000  VOLUME     =     58262.7449
                                                    Density    =         0.9984
 ------------------------------------------------------------------------------

| Attempting MC barostat change: Failed
| Attempting MC barostat change: Succeeded
| Attempting MC barostat change: Failed
| Attempting MC barostat change: Succeeded
| Attempting MC barostat change: Failed
| Attempting MC barostat change: Failed
| Attempting MC barostat change: Failed
| Attempting MC barostat change: Succeeded
| Attempting MC barostat change: Succeeded
| Attempting MC barostat change: Failed

 NSTEP =    45000   TIME(PS) =    1590.000  TEMP(K) =   297.97  PRESS =     0.0
 Etot   =    -14571.9375  EKtot   =      3463.0908  EPtot      =    -18035.0283
 BOND   =        50.7771  ANGLE   =       157.3231  DIHED      =       255.9820
 1-4 NB =        63.6900  1-4 EEL =       896.0121  VDWAALS    =      2417.8287
 EELEC  =    -21876.6413  EHBOND  =         0.0000  RESTRAINT  =         0.0000
 EKCMT  =         0.0000  VIRIAL  =         0.0000  VOLUME     =     58086.3003
                                                    Density    =         1.0015
 ------------------------------------------------------------------------------

| Attempting MC barostat change: Succeeded
| Attempting MC barostat change: Succeeded
| Attempting MC barostat change: Failed
| Attempting MC barostat change: Failed
| Attempting MC barostat change: Succeeded
| Attempting MC barostat change: Succeeded
| Attempting MC barostat change: Failed
| Attempting MC barostat change: Succeeded
| Attempting MC barostat change: Failed
| Attempting MC barostat change: Failed

 NSTEP =    46000   TIME(PS) =    1592.000  TEMP(K) =   298.50  PRESS =     0.0
 Etot   =    -14482.7518  EKtot   =      3469.2048  EPtot      =    -17951.9567
 BOND   =        61.0963  ANGLE   =       148.1360  DIHED      =       249.6576
 1-4 NB =        68.7265  1-4 EEL =       869.2840  VDWAALS    =      2459.8560
 EELEC  =    -21808.7131  EHBOND  =         0.0000  RESTRAINT  =         0.0000
 EKCMT  =         0.0000  VIRIAL  =         0.0000  VOLUME     =     58188.3239
                                                    Density    =         0.9997
 ------------------------------------------------------------------------------

| Attempting MC barostat change: Failed
| Attempting MC barostat change: Failed
| Attempting MC barostat change: Failed
| Attempting MC barostat change: Failed
| Attempting MC barostat change: Failed
| Attempting MC barostat change: Failed
| Attempting MC barostat change: Failed
| Attempting MC barostat change: Succeeded
| Attempting MC barostat change: Failed
| Attempting MC barostat change: Succeeded

 NSTEP =    47000   TIME(PS) =    1594.000  TEMP(K) =   299.79  PRESS =     0.0
 Etot   =    -14599.4657  EKtot   =      3484.2422  EPtot      =    -18083.7079
 BOND   =        59.1106  ANGLE   =       144.6801  DIHED      =       253.4540
 1-4 NB =        66.6809  1-4 EEL =       876.0533  VDWAALS    =      2515.4777
 EELEC  =    -21999.1644  EHBOND  =         0.0000  RESTRAINT  =         0.0000
 EKCMT  =         0.0000  VIRIAL  =         0.0000  VOLUME     =     58062.6106
                                                    Density    =         1.0019
 ------------------------------------------------------------------------------

| Attempting MC barostat change: Failed
| Attempting MC barostat change: Failed
| Attempting MC barostat change: Failed
| Attempting MC barostat change: Failed
| Attempting MC barostat change: Failed
| Attempting MC barostat change: Failed
| Attempting MC barostat change: Failed
| Attempting MC barostat change: Failed
| Attempting MC barostat change: Succeeded
| Attempting MC barostat change: Failed

 NSTEP =    48000   TIME(PS) =    1596.000  TEMP(K) =   293.42  PRESS =     0.0
 Etot   =    -14705.4871  EKtot   =      3410.2058  EPtot      =    -18115.6929
 BOND   =        54.2216  ANGLE   =       184.0299  DIHED      =       246.8843
 1-4 NB =        63.7017  1-4 EEL =       879.6562  VDWAALS    =      2472.1878
 EELEC  =    -22016.3745  EHBOND  =         0.0000  RESTRAINT  =         0.0000
 EKCMT  =         0.0000  VIRIAL  =         0.0000  VOLUME     =     58149.1375
                                                    Density    =         1.0004
 ------------------------------------------------------------------------------

| Attempting MC barostat change: Failed
| Attempting MC barostat change: Succeeded
| Attempting MC barostat change: Succeeded
| Attempting MC barostat change: Failed
| Attempting MC barostat change: Failed
| Attempting MC barostat change: Failed
| Attempting MC barostat change: Succeeded
| Attempting MC barostat change: Failed
| Attempting MC barostat change: Failed
| Attempting MC barostat change: Failed

 NSTEP =    49000   TIME(PS) =    1598.000  TEMP(K) =   300.21  PRESS =     0.0
 Etot   =    -14527.9060  EKtot   =      3489.0493  EPtot      =    -18016.9553
 BOND   =        53.5378  ANGLE   =       164.9365  DIHED      =       251.4275
 1-4 NB =        68.0341  1-4 EEL =       885.9999  VDWAALS    =      2425.1653
 EELEC  =    -21866.0565  EHBOND  =         0.0000  RESTRAINT  =         0.0000
 EKCMT  =         0.0000  VIRIAL  =         0.0000  VOLUME     =     58270.0719
                                                    Density    =         0.9983
 ------------------------------------------------------------------------------

| Attempting MC barostat change: Failed
| Attempting MC barostat change: Failed
| Attempting MC barostat change: Succeeded
| Attempting MC barostat change: Succeeded
| Attempting MC barostat change: Succeeded
| Attempting MC barostat change: Succeeded
| Attempting MC barostat change: Succeeded
| Attempting MC barostat change: Failed
| Attempting MC barostat change: Failed
| Attempting MC barostat change: Succeeded

 NSTEP =    50000   TIME(PS) =    1600.000  TEMP(K) =   301.15  PRESS =     0.0
 Etot   =    -14542.2965  EKtot   =      3499.9475  EPtot      =    -18042.2440
 BOND   =        61.7752  ANGLE   =       153.4181  DIHED      =       248.9604
 1-4 NB =        64.8174  1-4 EEL =       882.5379  VDWAALS    =      2351.9839
 EELEC  =    -21805.7370  EHBOND  =         0.0000  RESTRAINT  =         0.0000
 EKCMT  =         0.0000  VIRIAL  =         0.0000  VOLUME     =     57787.8055
                                                    Density    =         1.0066
 ------------------------------------------------------------------------------


      A V E R A G E S   O V E R      50 S T E P S


 NSTEP =    50000   TIME(PS) =    1600.000  TEMP(K) =   299.29  PRESS =     0.0
 Etot   =    -14542.4330  EKtot   =      3478.3587  EPtot      =    -18020.7917
 BOND   =        58.2270  ANGLE   =       158.2289  DIHED      =       251.8658
 1-4 NB =        67.2380  1-4 EEL =       882.1099  VDWAALS    =      2427.5293
 EELEC  =    -21865.9907  EHBOND  =         0.0000  RESTRAINT  =         0.0000
 EKCMT  =         0.0000  VIRIAL  =         0.0000  VOLUME     =     57997.4792
                                                    Density    =         1.0030
 ------------------------------------------------------------------------------


      R M S  F L U C T U A T I O N S


 NSTEP =    50000   TIME(PS) =    1600.000  TEMP(K) =     3.99  PRESS =     0.0
 Etot   =        90.2381  EKtot   =        46.3499  EPtot      =        75.6994
 BOND   =         6.1253  ANGLE   =        10.1684  DIHED      =         5.0165
 1-4 NB =         3.5208  1-4 EEL =         8.3153  VDWAALS    =        62.8812
 EELEC  =       111.7560  EHBOND  =         0.0000  RESTRAINT  =         0.0000
 EKCMT  =         0.0000  VIRIAL  =         0.0000  VOLUME     =       365.5573
                                                    Density    =         0.0064
 ------------------------------------------------------------------------------

| MC Barostat:        500 volume changes attempted.
| MC Barostat:        184 changes successful ( 36.80%)
 ------------------------------------------------------------------------------

--------------------------------------------------------------------------------
   5.  TIMINGS
--------------------------------------------------------------------------------

|  NonSetup CPU Time in Major Routines:
|
|     Routine           Sec        %
|     ------------------------------
|     Nonbond           6.34   27.94
|     Bond              0.00    0.00
|     Angle             0.00    0.00
|     Dihedral          0.00    0.00
|     Shake             0.49    2.18
|     RunMD            15.72   69.22
|     Other             0.15    0.66
|     ------------------------------
|     Total            22.70

|  PME Nonbond Pairlist CPU Time:
|
|     Routine              Sec        %
|     ---------------------------------
|     Set Up Cit           0.00    0.00
|     Build List           0.00    0.00
|     ---------------------------------
|     Total                0.00    0.00

|  PME Direct Force CPU Time:
|
|     Routine              Sec        %
|     ---------------------------------
|     NonBonded Calc       0.00    0.00
|     Exclude Masked       0.00    0.00
|     Other                0.03    0.11
|     ---------------------------------
|     Total                0.03    0.11

|  PME Reciprocal Force CPU Time:
|
|     Routine              Sec        %
|     ---------------------------------
|     1D bspline           0.00    0.00
|     Grid Charges         0.00    0.00
|     Scalar Sum           0.00    0.00
|     Gradient Sum         0.00    0.00
|     FFT                  0.00    0.00
|     ---------------------------------
|     Total                0.00    0.00

|  Final Performance Info:
|     -----------------------------------------------------
|     Average timings for last   49000 steps:
|         Elapsed(s) =      22.20 Per Step(ms) =       0.45
|             ns/day =     381.40   seconds/ns =     226.54
|
|     Average timings for all steps:
|         Elapsed(s) =      22.69 Per Step(ms) =       0.45
|             ns/day =     380.73   seconds/ns =     226.93
|     -----------------------------------------------------

|  Setup CPU time:            1.58 seconds
|  NonSetup CPU time:        22.70 seconds
|  Total CPU time:           24.29 seconds     0.01 hours

|  Setup wall time:           2    seconds
|  NonSetup wall time:       22    seconds
|  Total wall time:          24    seconds     0.01 hours
