
          -------------------------------------------------------
          Amber 14 SANDER                              2014
          -------------------------------------------------------

| PMEMD implementation of SANDER, Release 14

| Run on 06/01/2016 at 11:59:47

|   Executable path: pmemd.cuda
| Working directory: /mnt/lustre_fs/users/workshop_1/joebaker/day7/day7/trpcage/runsim/prod
|          Hostname: gpu-compute2

  [-O]verwriting output

File Assignments:
|   MDIN: prod.in                                                               
|  MDOUT: prod.5.out                                                            
| INPCRD: prod.4.rst7                                                           
|   PARM: ../../tleap/trpcage.parm7                                             
| RESTRT: prod.5.rst7                                                           
|   REFC: refc                                                                  
|  MDVEL: mdvel                                                                 
|   MDEN: mden                                                                  
|  MDCRD: prod.5.nc                                                             
| MDINFO: mdinfo                                                                
|  MDFRC: mdfrc                                                                 


 Here is the input file:

NPT prod                                                                       
 &cntrl                                                                        
  imin=0, ! Not a minimization run                                             
  ntx=5, ! Read coordinates and velocities from restart file                   
  irest=1, ! Restart from previous, expecting velocities                       
  ntxo=2, ! The final coords, velocities, box size in NetCDF                   
  ioutfm=1, ! Print mdcrd to NetCDF format                                     
  ntwr=100000, ! Very high value for how often restart file is written         
  nstlim=50000 ! 100 ps of NPT equilibration                                   
  dt=0.002, ! Time step in picoseconds, so this is 2 fs                        
  ntf=2, ! Do not calc the force for SHAKE constrained bonds                   
  ntc=2, ! Use SHAKE for all hydrogen bonds                                    
  temp0=300.0, ! Thermostat temperature, Run at this temperature               
  ntpr=1000, ! How often to print                                              
  ntwx=1000, ! Write coordinates every 2 ps                                    
  cut=8.0, ! Nonbonded cutoff                                                  
  ntb=2, ! Use PBC and constant pressure                                       
  ntp=1, ! Isotropic pressure scaling                                          
  barostat=2, ! Use Monte Carlo barostat                                       
  taup=1, ! Pressure relaxation time                                           
  ntt=3, ! Use the Lengevin thermostat                                         
  gamma_ln=1.0, ! Frequency of collisions for thermostat                       
  ig=-1, ! Randomize seed for Langevin thermostat                              
 /                                                                             


Note: ig = -1. Setting random seed to   760115 based on wallclock time in 
      microseconds.
 
|--------------------- INFORMATION ----------------------
| GPU (CUDA) Version of PMEMD in use: NVIDIA GPU IN USE.
|                    Version 14.0.1
| 
|                      06/20/2014
| 
| Implementation by:
|                    Ross C. Walker     (SDSC)
|                    Scott Le Grand     (nVIDIA)
| 
| CAUTION: The CUDA code is currently experimental.
|          You use it at your own risk. Be sure to
|          check ALL results carefully.
| 
| Precision model in use:
|      [SPFP] - Mixed Single/Double/Fixed Point Precision.
|               (Default)
| 
|--------------------------------------------------------
 
|----------------- CITATION INFORMATION -----------------
|
|    When publishing work that utilized the CUDA version
|    of AMBER, please cite the following in addition to
|    the regular AMBER citations:
|
|  - Romelia Salomon-Ferrer; Andreas W. Goetz; Duncan
|    Poole; Scott Le Grand; Ross C. Walker "Routine
|    microsecond molecular dynamics simulations with
|    AMBER - Part II: Particle Mesh Ewald", J. Chem.
|    Theory Comput., 2013, 9 (9), pp3878-3888,
|    DOI: 10.1021/ct400314y.
|
|  - Andreas W. Goetz; Mark J. Williamson; Dong Xu;
|    Duncan Poole; Scott Le Grand; Ross C. Walker
|    "Routine microsecond molecular dynamics simulations
|    with AMBER - Part I: Generalized Born", J. Chem.
|    Theory Comput., 2012, 8 (5), pp1542-1555.
|
|  - Scott Le Grand; Andreas W. Goetz; Ross C. Walker
|    "SPFP: Speed without compromise - a mixed precision
|    model for GPU accelerated molecular dynamics
|    simulations.", Comp. Phys. Comm., 2013, 184
|    pp374-380, DOI: 10.1016/j.cpc.2012.09.022
|
|--------------------------------------------------------
 
|------------------- GPU DEVICE INFO --------------------
|
|            CUDA_VISIBLE_DEVICES: 0
|   CUDA Capable Devices Detected:      1
|           CUDA Device ID in use:      0
|                CUDA Device Name: GeForce GTX TITAN X
|     CUDA Device Global Mem Size:  12287 MB
| CUDA Device Num Multiprocessors:     24
|           CUDA Device Core Freq:   1.08 GHz
|
|--------------------------------------------------------
 
 
| Conditional Compilation Defines Used:
| PUBFFT
| BINTRAJ
| CUDA
| EMIL

| Largest sphere to fit in unit cell has radius =    17.218

| New format PARM file being parsed.
| Version =    1.000 Date = 06/01/16 Time = 08:32:47

| Note: 1-4 EEL scale factors are being read from the topology file.

| Note: 1-4 VDW scale factors are being read from the topology file.
| Duplicated    0 dihedrals

| Duplicated    0 dihedrals

--------------------------------------------------------------------------------
   1.  RESOURCE   USE: 
--------------------------------------------------------------------------------

 getting box info from netcdf restart file
 NATOM  =    5771 NTYPES =      15 NBONH =    5616 MBONA  =     160
 NTHETH =     346 MTHETA =     219 NPHIH =     700 MPHIA  =     653
 NHPARM =       0 NPARM  =       0 NNB   =    8990 NRES   =    1843
 NBONA  =     160 NTHETA =     219 NPHIA =     653 NUMBND =      55
 NUMANG =     124 NPTRA  =     137 NATYP =      29 NPHB   =       1
 IFBOX  =       2 NMXRS  =      24 IFCAP =       0 NEXTRA =       0
 NCOPY  =       0

| Coordinate Index Table dimensions:     8    8    8
| Direct force subcell size =     5.2718    5.2718    5.2718

     BOX TYPE: TRUNCATED OCTAHEDRON

--------------------------------------------------------------------------------
   2.  CONTROL  DATA  FOR  THE  RUN
--------------------------------------------------------------------------------

default_name                                                                    

General flags:
     imin    =       0, nmropt  =       0

Nature and format of input:
     ntx     =       5, irest   =       1, ntrx    =       1

Nature and format of output:
     ntxo    =       2, ntpr    =    1000, ntrx    =       1, ntwr    =  100000
     iwrap   =       0, ntwx    =    1000, ntwv    =       0, ntwe    =       0
     ioutfm  =       1, ntwprt  =       0, idecomp =       0, rbornstat=      0

Potential function:
     ntf     =       2, ntb     =       2, igb     =       0, nsnb    =      25
     ipol    =       0, gbsa    =       0, iesp    =       0
     dielc   =   1.00000, cut     =   8.00000, intdiel =   1.00000

Frozen or restrained atoms:
     ibelly  =       0, ntr     =       0

Molecular dynamics:
     nstlim  =     50000, nscm    =      1000, nrespa  =         1
     t       =   0.00000, dt      =   0.00200, vlimit  =  -1.00000

Langevin dynamics temperature regulation:
     ig      =  760115
     temp0   = 300.00000, tempi   =   0.00000, gamma_ln=   1.00000

Pressure regulation:
     ntp     =       1
     pres0   =   1.00000, comp    =  44.60000, taup    =   1.00000
     Monte-Carlo Barostat:
     mcbarint  =     100

SHAKE:
     ntc     =       2, jfastw  =       0
     tol     =   0.00001

| Intermolecular bonds treatment:
|     no_intermolecular_bonds =       1

| Energy averages sample interval:
|     ene_avg_sampling =    1000

Ewald parameters:
     verbose =       0, ew_type =       0, nbflag  =       1, use_pme =       1
     vdwmeth =       1, eedmeth =       1, netfrc  =       1
     Box X =   42.175   Box Y =   42.175   Box Z =   42.175
     Alpha =  109.471   Beta  =  109.471   Gamma =  109.471
     NFFT1 =   48       NFFT2 =   48       NFFT3 =   48
     Cutoff=    8.000   Tol   =0.100E-04
     Ewald Coefficient =  0.34864
     Interpolation order =    4

--------------------------------------------------------------------------------
   3.  ATOMIC COORDINATES AND VELOCITIES
--------------------------------------------------------------------------------

default_name                                                                    
 begin time read from input coords =  1200.000 ps

 
 Number of triangulated 3-point waters found:     1822

     Sum of charges from parm topology file =  -0.00000001
     Forcing neutrality...

| Dynamic Memory, Types Used:
| Reals              348404
| Integers           168083

| Nonbonded Pairs Initial Allocation:      963901

| GPU memory information (estimate):
| KB of GPU memory in use:     38266
| KB of CPU memory in use:     10138

--------------------------------------------------------------------------------
   4.  RESULTS
--------------------------------------------------------------------------------

 ---------------------------------------------------
 APPROXIMATING switch and d/dx switch using CUBIC SPLINE INTERPOLATION
 using   5000.0 points per unit in tabled values
 TESTING RELATIVE ERROR over r ranging from 0.0 to cutoff
| CHECK switch(x): max rel err =   0.2738E-14   at   2.422500
| CHECK d/dx switch(x): max rel err =   0.8332E-11   at   2.782960
 ---------------------------------------------------
|---------------------------------------------------
| APPROXIMATING direct energy using CUBIC SPLINE INTERPOLATION
|  with   50.0 points per unit in tabled values
| Relative Error Limit not exceeded for r .gt.   2.47
| APPROXIMATING direct force using CUBIC SPLINE INTERPOLATION
|  with   50.0 points per unit in tabled values
| Relative Error Limit not exceeded for r .gt.   2.89
|---------------------------------------------------
| Attempting MC barostat change: Failed
| Attempting MC barostat change: Succeeded
| Attempting MC barostat change: Failed
| Attempting MC barostat change: Failed
| Attempting MC barostat change: Succeeded
| Attempting MC barostat change: Failed
| Attempting MC barostat change: Failed
| Attempting MC barostat change: Failed
| Attempting MC barostat change: Failed
| Attempting MC barostat change: Failed
| MC Barostat: Decreasing size of volume moves

 NSTEP =     1000   TIME(PS) =    1202.000  TEMP(K) =   297.03  PRESS =     0.0
 Etot   =    -14606.4588  EKtot   =      3452.0566  EPtot      =    -18058.5154
 BOND   =        54.9424  ANGLE   =       159.2962  DIHED      =       245.8776
 1-4 NB =        66.5278  1-4 EEL =       863.3350  VDWAALS    =      2436.6788
 EELEC  =    -21885.1732  EHBOND  =         0.0000  RESTRAINT  =         0.0000
 EKCMT  =         0.0000  VIRIAL  =         0.0000  VOLUME     =     57826.1177
                                                    Density    =         1.0060
 ------------------------------------------------------------------------------

| Attempting MC barostat change: Succeeded
| Attempting MC barostat change: Failed
| Attempting MC barostat change: Succeeded
| Attempting MC barostat change: Failed
| Attempting MC barostat change: Failed
| Attempting MC barostat change: Failed
| Attempting MC barostat change: Succeeded
| Attempting MC barostat change: Failed
| Attempting MC barostat change: Succeeded
| Attempting MC barostat change: Succeeded

 NSTEP =     2000   TIME(PS) =    1204.000  TEMP(K) =   296.58  PRESS =     0.0
 Etot   =    -14571.3836  EKtot   =      3446.8828  EPtot      =    -18018.2664
 BOND   =        51.0693  ANGLE   =       148.6606  DIHED      =       245.1616
 1-4 NB =        69.5428  1-4 EEL =       879.8763  VDWAALS    =      2371.6509
 EELEC  =    -21784.2278  EHBOND  =         0.0000  RESTRAINT  =         0.0000
 EKCMT  =         0.0000  VIRIAL  =         0.0000  VOLUME     =     58303.1646
                                                    Density    =         0.9977
 ------------------------------------------------------------------------------

| Attempting MC barostat change: Succeeded
| Attempting MC barostat change: Failed
| Attempting MC barostat change: Failed
| Attempting MC barostat change: Failed
| Attempting MC barostat change: Failed
| Attempting MC barostat change: Failed
| Attempting MC barostat change: Failed
| Attempting MC barostat change: Failed
| Attempting MC barostat change: Failed
| Attempting MC barostat change: Failed

 NSTEP =     3000   TIME(PS) =    1206.000  TEMP(K) =   291.41  PRESS =     0.0
 Etot   =    -14619.9487  EKtot   =      3386.7402  EPtot      =    -18006.6889
 BOND   =        62.8489  ANGLE   =       162.1914  DIHED      =       253.9047
 1-4 NB =        68.2649  1-4 EEL =       861.2466  VDWAALS    =      2392.4104
 EELEC  =    -21807.5559  EHBOND  =         0.0000  RESTRAINT  =         0.0000
 EKCMT  =         0.0000  VIRIAL  =         0.0000  VOLUME     =     58179.3618
                                                    Density    =         0.9999
 ------------------------------------------------------------------------------

| Attempting MC barostat change: Succeeded
| Attempting MC barostat change: Succeeded
| Attempting MC barostat change: Succeeded
| Attempting MC barostat change: Succeeded
| Attempting MC barostat change: Succeeded
| Attempting MC barostat change: Failed
| Attempting MC barostat change: Succeeded
| Attempting MC barostat change: Failed
| Attempting MC barostat change: Failed
| Attempting MC barostat change: Failed

 NSTEP =     4000   TIME(PS) =    1208.000  TEMP(K) =   302.32  PRESS =     0.0
 Etot   =    -14399.6612  EKtot   =      3513.5874  EPtot      =    -17913.2486
 BOND   =        70.8159  ANGLE   =       167.8524  DIHED      =       244.1967
 1-4 NB =        66.0403  1-4 EEL =       874.9499  VDWAALS    =      2363.0618
 EELEC  =    -21700.1656  EHBOND  =         0.0000  RESTRAINT  =         0.0000
 EKCMT  =         0.0000  VIRIAL  =         0.0000  VOLUME     =     58749.1191
                                                    Density    =         0.9902
 ------------------------------------------------------------------------------

| Attempting MC barostat change: Succeeded
| Attempting MC barostat change: Succeeded
| Attempting MC barostat change: Succeeded
| Attempting MC barostat change: Succeeded
| Attempting MC barostat change: Succeeded
| Attempting MC barostat change: Succeeded
| Attempting MC barostat change: Failed
| Attempting MC barostat change: Failed
| Attempting MC barostat change: Succeeded
| Attempting MC barostat change: Failed

 NSTEP =     5000   TIME(PS) =    1210.000  TEMP(K) =   298.69  PRESS =     0.0
 Etot   =    -14560.9211  EKtot   =      3471.3757  EPtot      =    -18032.2968
 BOND   =        61.9111  ANGLE   =       155.6866  DIHED      =       261.0634
 1-4 NB =        66.9873  1-4 EEL =       874.8832  VDWAALS    =      2484.1778
 EELEC  =    -21937.0063  EHBOND  =         0.0000  RESTRAINT  =         0.0000
 EKCMT  =         0.0000  VIRIAL  =         0.0000  VOLUME     =     58092.1220
                                                    Density    =         1.0014
 ------------------------------------------------------------------------------

| Attempting MC barostat change: Succeeded
| Attempting MC barostat change: Failed
| Attempting MC barostat change: Succeeded
| Attempting MC barostat change: Failed
| Attempting MC barostat change: Failed
| Attempting MC barostat change: Failed
| Attempting MC barostat change: Failed
| Attempting MC barostat change: Succeeded
| Attempting MC barostat change: Failed
| Attempting MC barostat change: Failed

 NSTEP =     6000   TIME(PS) =    1212.000  TEMP(K) =   302.76  PRESS =     0.0
 Etot   =    -14534.6387  EKtot   =      3518.6768  EPtot      =    -18053.3155
 BOND   =        56.3144  ANGLE   =       159.7360  DIHED      =       243.4042
 1-4 NB =        68.7258  1-4 EEL =       870.7190  VDWAALS    =      2384.4295
 EELEC  =    -21836.6444  EHBOND  =         0.0000  RESTRAINT  =         0.0000
 EKCMT  =         0.0000  VIRIAL  =         0.0000  VOLUME     =     58716.0977
                                                    Density    =         0.9907
 ------------------------------------------------------------------------------

| Attempting MC barostat change: Failed
| Attempting MC barostat change: Failed
| Attempting MC barostat change: Succeeded
| Attempting MC barostat change: Failed
| Attempting MC barostat change: Failed
| Attempting MC barostat change: Failed
| Attempting MC barostat change: Failed
| Attempting MC barostat change: Failed
| Attempting MC barostat change: Failed
| Attempting MC barostat change: Succeeded

 NSTEP =     7000   TIME(PS) =    1214.000  TEMP(K) =   297.52  PRESS =     0.0
 Etot   =    -14403.0283  EKtot   =      3457.8320  EPtot      =    -17860.8603
 BOND   =        58.8052  ANGLE   =       166.3684  DIHED      =       237.1945
 1-4 NB =        71.1844  1-4 EEL =       867.2173  VDWAALS    =      2349.9627
 EELEC  =    -21611.5929  EHBOND  =         0.0000  RESTRAINT  =         0.0000
 EKCMT  =         0.0000  VIRIAL  =         0.0000  VOLUME     =     58761.7874
                                                    Density    =         0.9900
 ------------------------------------------------------------------------------

| Attempting MC barostat change: Succeeded
| Attempting MC barostat change: Failed
| Attempting MC barostat change: Failed
| Attempting MC barostat change: Succeeded
| Attempting MC barostat change: Succeeded
| Attempting MC barostat change: Succeeded
| Attempting MC barostat change: Succeeded
| Attempting MC barostat change: Succeeded
| Attempting MC barostat change: Failed
| Attempting MC barostat change: Succeeded

 NSTEP =     8000   TIME(PS) =    1216.000  TEMP(K) =   301.34  PRESS =     0.0
 Etot   =    -14460.7153  EKtot   =      3502.2246  EPtot      =    -17962.9399
 BOND   =        64.2644  ANGLE   =       143.0213  DIHED      =       239.0963
 1-4 NB =        66.7993  1-4 EEL =       882.2042  VDWAALS    =      2437.6482
 EELEC  =    -21795.9736  EHBOND  =         0.0000  RESTRAINT  =         0.0000
 EKCMT  =         0.0000  VIRIAL  =         0.0000  VOLUME     =     58309.6603
                                                    Density    =         0.9976
 ------------------------------------------------------------------------------

| Attempting MC barostat change: Succeeded
| Attempting MC barostat change: Succeeded
| Attempting MC barostat change: Failed
| Attempting MC barostat change: Failed
| Attempting MC barostat change: Succeeded
| Attempting MC barostat change: Succeeded
| Attempting MC barostat change: Failed
| Attempting MC barostat change: Succeeded
| Attempting MC barostat change: Failed
| Attempting MC barostat change: Failed

 NSTEP =     9000   TIME(PS) =    1218.000  TEMP(K) =   295.37  PRESS =     0.0
 Etot   =    -14487.4106  EKtot   =      3432.8154  EPtot      =    -17920.2260
 BOND   =        61.4927  ANGLE   =       162.5963  DIHED      =       242.7431
 1-4 NB =        68.6521  1-4 EEL =       870.8821  VDWAALS    =      2261.3526
 EELEC  =    -21587.9450  EHBOND  =         0.0000  RESTRAINT  =         0.0000
 EKCMT  =         0.0000  VIRIAL  =         0.0000  VOLUME     =     57971.2656
                                                    Density    =         1.0035
 ------------------------------------------------------------------------------

| Attempting MC barostat change: Failed
| Attempting MC barostat change: Succeeded
| Attempting MC barostat change: Failed
| Attempting MC barostat change: Succeeded
| Attempting MC barostat change: Failed
| Attempting MC barostat change: Failed
| Attempting MC barostat change: Failed
| Attempting MC barostat change: Failed
| Attempting MC barostat change: Failed
| Attempting MC barostat change: Succeeded

 NSTEP =    10000   TIME(PS) =    1220.000  TEMP(K) =   298.31  PRESS =     0.0
 Etot   =    -14506.7356  EKtot   =      3467.0090  EPtot      =    -17973.7446
 BOND   =        69.9736  ANGLE   =       162.2136  DIHED      =       264.0311
 1-4 NB =        67.2314  1-4 EEL =       874.7906  VDWAALS    =      2413.1852
 EELEC  =    -21825.1700  EHBOND  =         0.0000  RESTRAINT  =         0.0000
 EKCMT  =         0.0000  VIRIAL  =         0.0000  VOLUME     =     58203.7210
                                                    Density    =         0.9994
 ------------------------------------------------------------------------------

| Attempting MC barostat change: Failed
| Attempting MC barostat change: Failed
| Attempting MC barostat change: Succeeded
| Attempting MC barostat change: Failed
| Attempting MC barostat change: Succeeded
| Attempting MC barostat change: Succeeded
| Attempting MC barostat change: Failed
| Attempting MC barostat change: Failed
| Attempting MC barostat change: Failed
| Attempting MC barostat change: Failed

 NSTEP =    11000   TIME(PS) =    1222.000  TEMP(K) =   301.40  PRESS =     0.0
 Etot   =    -14546.3701  EKtot   =      3502.8516  EPtot      =    -18049.2216
 BOND   =        63.2034  ANGLE   =       162.7836  DIHED      =       245.1418
 1-4 NB =        65.1489  1-4 EEL =       873.3477  VDWAALS    =      2493.9325
 EELEC  =    -21952.7795  EHBOND  =         0.0000  RESTRAINT  =         0.0000
 EKCMT  =         0.0000  VIRIAL  =         0.0000  VOLUME     =     57558.3741
                                                    Density    =         1.0107
 ------------------------------------------------------------------------------

| Attempting MC barostat change: Failed
| Attempting MC barostat change: Failed
| Attempting MC barostat change: Succeeded
| Attempting MC barostat change: Failed
| Attempting MC barostat change: Succeeded
| Attempting MC barostat change: Succeeded
| Attempting MC barostat change: Succeeded
| Attempting MC barostat change: Failed
| Attempting MC barostat change: Failed
| Attempting MC barostat change: Succeeded

 NSTEP =    12000   TIME(PS) =    1224.000  TEMP(K) =   304.87  PRESS =     0.0
 Etot   =    -14516.2148  EKtot   =      3543.2041  EPtot      =    -18059.4189
 BOND   =        59.8817  ANGLE   =       163.6844  DIHED      =       251.4729
 1-4 NB =        66.5257  1-4 EEL =       869.4168  VDWAALS    =      2373.1396
 EELEC  =    -21843.5401  EHBOND  =         0.0000  RESTRAINT  =         0.0000
 EKCMT  =         0.0000  VIRIAL  =         0.0000  VOLUME     =     58017.2809
                                                    Density    =         1.0027
 ------------------------------------------------------------------------------

| Attempting MC barostat change: Failed
| Attempting MC barostat change: Failed
| Attempting MC barostat change: Succeeded
| Attempting MC barostat change: Failed
| Attempting MC barostat change: Failed
| Attempting MC barostat change: Failed
| Attempting MC barostat change: Failed
| Attempting MC barostat change: Failed
| Attempting MC barostat change: Failed
| Attempting MC barostat change: Succeeded

 NSTEP =    13000   TIME(PS) =    1226.000  TEMP(K) =   298.86  PRESS =     0.0
 Etot   =    -14598.3666  EKtot   =      3473.4229  EPtot      =    -18071.7895
 BOND   =        60.9866  ANGLE   =       163.4915  DIHED      =       247.1992
 1-4 NB =        69.8791  1-4 EEL =       872.1995  VDWAALS    =      2422.1356
 EELEC  =    -21907.6811  EHBOND  =         0.0000  RESTRAINT  =         0.0000
 EKCMT  =         0.0000  VIRIAL  =         0.0000  VOLUME     =     57655.1287
                                                    Density    =         1.0090
 ------------------------------------------------------------------------------

| Attempting MC barostat change: Failed
| Attempting MC barostat change: Succeeded
| Attempting MC barostat change: Failed
| Attempting MC barostat change: Succeeded
| Attempting MC barostat change: Failed
| Attempting MC barostat change: Succeeded
| Attempting MC barostat change: Succeeded
| Attempting MC barostat change: Failed
| Attempting MC barostat change: Failed
| Attempting MC barostat change: Failed

 NSTEP =    14000   TIME(PS) =    1228.000  TEMP(K) =   302.51  PRESS =     0.0
 Etot   =    -14464.1298  EKtot   =      3515.8250  EPtot      =    -17979.9548
 BOND   =        65.9777  ANGLE   =       153.8421  DIHED      =       251.9682
 1-4 NB =        65.7201  1-4 EEL =       870.5085  VDWAALS    =      2383.7887
 EELEC  =    -21771.7600  EHBOND  =         0.0000  RESTRAINT  =         0.0000
 EKCMT  =         0.0000  VIRIAL  =         0.0000  VOLUME     =     58550.8950
                                                    Density    =         0.9935
 ------------------------------------------------------------------------------

| Attempting MC barostat change: Succeeded
| Attempting MC barostat change: Succeeded
| Attempting MC barostat change: Failed
| Attempting MC barostat change: Failed
| Attempting MC barostat change: Failed
| Attempting MC barostat change: Failed
| Attempting MC barostat change: Succeeded
| Attempting MC barostat change: Failed
| Attempting MC barostat change: Failed
| Attempting MC barostat change: Failed

 NSTEP =    15000   TIME(PS) =    1230.000  TEMP(K) =   301.60  PRESS =     0.0
 Etot   =    -14506.9922  EKtot   =      3505.1765  EPtot      =    -18012.1687
 BOND   =        57.3484  ANGLE   =       167.1185  DIHED      =       259.6696
 1-4 NB =        63.7209  1-4 EEL =       864.0650  VDWAALS    =      2428.1304
 EELEC  =    -21852.2215  EHBOND  =         0.0000  RESTRAINT  =         0.0000
 EKCMT  =         0.0000  VIRIAL  =         0.0000  VOLUME     =     58691.9345
                                                    Density    =         0.9911
 ------------------------------------------------------------------------------

| Attempting MC barostat change: Failed
| Attempting MC barostat change: Succeeded
| Attempting MC barostat change: Failed
| Attempting MC barostat change: Failed
| Attempting MC barostat change: Failed
| Attempting MC barostat change: Failed
| Attempting MC barostat change: Failed
| Attempting MC barostat change: Succeeded
| Attempting MC barostat change: Failed
| Attempting MC barostat change: Failed

 NSTEP =    16000   TIME(PS) =    1232.000  TEMP(K) =   299.61  PRESS =     0.0
 Etot   =    -14608.7805  EKtot   =      3482.1023  EPtot      =    -18090.8828
 BOND   =        53.4315  ANGLE   =       150.9959  DIHED      =       251.5903
 1-4 NB =        66.0416  1-4 EEL =       874.8691  VDWAALS    =      2500.9857
 EELEC  =    -21988.7968  EHBOND  =         0.0000  RESTRAINT  =         0.0000
 EKCMT  =         0.0000  VIRIAL  =         0.0000  VOLUME     =     57979.6492
                                                    Density    =         1.0033
 ------------------------------------------------------------------------------

| Attempting MC barostat change: Succeeded
| Attempting MC barostat change: Succeeded
| Attempting MC barostat change: Succeeded
| Attempting MC barostat change: Failed
| Attempting MC barostat change: Succeeded
| Attempting MC barostat change: Succeeded
| Attempting MC barostat change: Failed
| Attempting MC barostat change: Succeeded
| Attempting MC barostat change: Failed
| Attempting MC barostat change: Failed

 NSTEP =    17000   TIME(PS) =    1234.000  TEMP(K) =   303.76  PRESS =     0.0
 Etot   =    -14502.6507  EKtot   =      3530.3394  EPtot      =    -18032.9901
 BOND   =        60.1652  ANGLE   =       174.4821  DIHED      =       246.2130
 1-4 NB =        66.1247  1-4 EEL =       862.8028  VDWAALS    =      2313.7705
 EELEC  =    -21756.5484  EHBOND  =         0.0000  RESTRAINT  =         0.0000
 EKCMT  =         0.0000  VIRIAL  =         0.0000  VOLUME     =     58280.6139
                                                    Density    =         0.9981
 ------------------------------------------------------------------------------

| Attempting MC barostat change: Succeeded
| Attempting MC barostat change: Failed
| Attempting MC barostat change: Failed
| Attempting MC barostat change: Failed
| Attempting MC barostat change: Failed
| Attempting MC barostat change: Succeeded
| Attempting MC barostat change: Failed
| Attempting MC barostat change: Failed
| Attempting MC barostat change: Succeeded
| Attempting MC barostat change: Failed

 NSTEP =    18000   TIME(PS) =    1236.000  TEMP(K) =   302.29  PRESS =     0.0
 Etot   =    -14431.9379  EKtot   =      3513.2051  EPtot      =    -17945.1430
 BOND   =        67.5665  ANGLE   =       160.0596  DIHED      =       257.6125
 1-4 NB =        66.3063  1-4 EEL =       861.8482  VDWAALS    =      2299.6963
 EELEC  =    -21658.2325  EHBOND  =         0.0000  RESTRAINT  =         0.0000
 EKCMT  =         0.0000  VIRIAL  =         0.0000  VOLUME     =     58018.1523
                                                    Density    =         1.0026
 ------------------------------------------------------------------------------

| Attempting MC barostat change: Failed
| Attempting MC barostat change: Failed
| Attempting MC barostat change: Failed
| Attempting MC barostat change: Succeeded
| Attempting MC barostat change: Failed
| Attempting MC barostat change: Succeeded
| Attempting MC barostat change: Failed
| Attempting MC barostat change: Failed
| Attempting MC barostat change: Succeeded
| Attempting MC barostat change: Succeeded

 NSTEP =    19000   TIME(PS) =    1238.000  TEMP(K) =   296.19  PRESS =     0.0
 Etot   =    -14536.5873  EKtot   =      3442.3384  EPtot      =    -17978.9257
 BOND   =        69.1243  ANGLE   =       162.8942  DIHED      =       242.5210
 1-4 NB =        68.1116  1-4 EEL =       870.7147  VDWAALS    =      2297.8852
 EELEC  =    -21690.1768  EHBOND  =         0.0000  RESTRAINT  =         0.0000
 EKCMT  =         0.0000  VIRIAL  =         0.0000  VOLUME     =     58679.0267
                                                    Density    =         0.9913
 ------------------------------------------------------------------------------

| Attempting MC barostat change: Succeeded
| Attempting MC barostat change: Succeeded
| Attempting MC barostat change: Succeeded
| Attempting MC barostat change: Succeeded
| Attempting MC barostat change: Failed
| Attempting MC barostat change: Failed
| Attempting MC barostat change: Succeeded
| Attempting MC barostat change: Failed
| Attempting MC barostat change: Succeeded
| Attempting MC barostat change: Failed

 NSTEP =    20000   TIME(PS) =    1240.000  TEMP(K) =   299.19  PRESS =     0.0
 Etot   =    -14568.4691  EKtot   =      3477.1646  EPtot      =    -18045.6337
 BOND   =        56.4545  ANGLE   =       163.3149  DIHED      =       253.9560
 1-4 NB =        67.0447  1-4 EEL =       862.6878  VDWAALS    =      2380.0803
 EELEC  =    -21829.1719  EHBOND  =         0.0000  RESTRAINT  =         0.0000
 EKCMT  =         0.0000  VIRIAL  =         0.0000  VOLUME     =     57965.3293
                                                    Density    =         1.0036
 ------------------------------------------------------------------------------

| Attempting MC barostat change: Failed
| Attempting MC barostat change: Succeeded
| Attempting MC barostat change: Failed
| Attempting MC barostat change: Succeeded
| Attempting MC barostat change: Failed
| Attempting MC barostat change: Succeeded
| Attempting MC barostat change: Failed
| Attempting MC barostat change: Failed
| Attempting MC barostat change: Failed
| Attempting MC barostat change: Failed

 NSTEP =    21000   TIME(PS) =    1242.000  TEMP(K) =   299.11  PRESS =     0.0
 Etot   =    -14584.4913  EKtot   =      3476.3240  EPtot      =    -18060.8153
 BOND   =        57.1074  ANGLE   =       164.6733  DIHED      =       252.7778
 1-4 NB =        64.0949  1-4 EEL =       864.3544  VDWAALS    =      2390.3952
 EELEC  =    -21854.2183  EHBOND  =         0.0000  RESTRAINT  =         0.0000
 EKCMT  =         0.0000  VIRIAL  =         0.0000  VOLUME     =     57920.0212
                                                    Density    =         1.0043
 ------------------------------------------------------------------------------

| Attempting MC barostat change: Succeeded
| Attempting MC barostat change: Failed
| Attempting MC barostat change: Succeeded
| Attempting MC barostat change: Failed
| Attempting MC barostat change: Succeeded
| Attempting MC barostat change: Succeeded
| Attempting MC barostat change: Failed
| Attempting MC barostat change: Failed
| Attempting MC barostat change: Failed
| Attempting MC barostat change: Succeeded

 NSTEP =    22000   TIME(PS) =    1244.000  TEMP(K) =   308.92  PRESS =     0.0
 Etot   =    -14391.2937  EKtot   =      3590.3333  EPtot      =    -17981.6270
 BOND   =        49.4012  ANGLE   =       157.6763  DIHED      =       251.5799
 1-4 NB =        71.1159  1-4 EEL =       863.5255  VDWAALS    =      2397.9380
 EELEC  =    -21772.8638  EHBOND  =         0.0000  RESTRAINT  =         0.0000
 EKCMT  =         0.0000  VIRIAL  =         0.0000  VOLUME     =     58425.7669
                                                    Density    =         0.9956
 ------------------------------------------------------------------------------

| Attempting MC barostat change: Failed
| Attempting MC barostat change: Failed
| Attempting MC barostat change: Succeeded
| Attempting MC barostat change: Succeeded
| Attempting MC barostat change: Succeeded
| Attempting MC barostat change: Failed
| Attempting MC barostat change: Succeeded
| Attempting MC barostat change: Succeeded
| Attempting MC barostat change: Succeeded
| Attempting MC barostat change: Failed

 NSTEP =    23000   TIME(PS) =    1246.000  TEMP(K) =   304.69  PRESS =     0.0
 Etot   =    -14438.3459  EKtot   =      3541.1628  EPtot      =    -17979.5088
 BOND   =        51.6156  ANGLE   =       168.5361  DIHED      =       260.7286
 1-4 NB =        69.4623  1-4 EEL =       865.8206  VDWAALS    =      2397.1296
 EELEC  =    -21792.8016  EHBOND  =         0.0000  RESTRAINT  =         0.0000
 EKCMT  =         0.0000  VIRIAL  =         0.0000  VOLUME     =     57876.1910
                                                    Density    =         1.0051
 ------------------------------------------------------------------------------

| Attempting MC barostat change: Failed
| Attempting MC barostat change: Failed
| Attempting MC barostat change: Failed
| Attempting MC barostat change: Succeeded
| Attempting MC barostat change: Failed
| Attempting MC barostat change: Succeeded
| Attempting MC barostat change: Failed
| Attempting MC barostat change: Failed
| Attempting MC barostat change: Succeeded
| Attempting MC barostat change: Failed

 NSTEP =    24000   TIME(PS) =    1248.000  TEMP(K) =   300.51  PRESS =     0.0
 Etot   =    -14485.6834  EKtot   =      3492.6003  EPtot      =    -17978.2837
 BOND   =        55.9964  ANGLE   =       157.6421  DIHED      =       251.3691
 1-4 NB =        65.3993  1-4 EEL =       878.6954  VDWAALS    =      2524.7779
 EELEC  =    -21912.1640  EHBOND  =         0.0000  RESTRAINT  =         0.0000
 EKCMT  =         0.0000  VIRIAL  =         0.0000  VOLUME     =     58047.9153
                                                    Density    =         1.0021
 ------------------------------------------------------------------------------

| Attempting MC barostat change: Failed
| Attempting MC barostat change: Failed
| Attempting MC barostat change: Failed
| Attempting MC barostat change: Succeeded
| Attempting MC barostat change: Succeeded
| Attempting MC barostat change: Succeeded
| Attempting MC barostat change: Failed
| Attempting MC barostat change: Failed
| Attempting MC barostat change: Failed
| Attempting MC barostat change: Failed

 NSTEP =    25000   TIME(PS) =    1250.000  TEMP(K) =   305.51  PRESS =     0.0
 Etot   =    -14400.3493  EKtot   =      3550.6978  EPtot      =    -17951.0471
 BOND   =        63.2131  ANGLE   =       156.2925  DIHED      =       245.9192
 1-4 NB =        60.9733  1-4 EEL =       861.2761  VDWAALS    =      2416.3863
 EELEC  =    -21755.1076  EHBOND  =         0.0000  RESTRAINT  =         0.0000
 EKCMT  =         0.0000  VIRIAL  =         0.0000  VOLUME     =     58009.3112
                                                    Density    =         1.0028
 ------------------------------------------------------------------------------

| Attempting MC barostat change: Succeeded
| Attempting MC barostat change: Succeeded
| Attempting MC barostat change: Failed
| Attempting MC barostat change: Failed
| Attempting MC barostat change: Failed
| Attempting MC barostat change: Succeeded
| Attempting MC barostat change: Succeeded
| Attempting MC barostat change: Succeeded
| Attempting MC barostat change: Failed
| Attempting MC barostat change: Failed

 NSTEP =    26000   TIME(PS) =    1252.000  TEMP(K) =   301.67  PRESS =     0.0
 Etot   =    -14441.1694  EKtot   =      3506.0447  EPtot      =    -17947.2141
 BOND   =        50.4548  ANGLE   =       157.0282  DIHED      =       246.7600
 1-4 NB =        72.6440  1-4 EEL =       879.3517  VDWAALS    =      2410.0232
 EELEC  =    -21763.4759  EHBOND  =         0.0000  RESTRAINT  =         0.0000
 EKCMT  =         0.0000  VIRIAL  =         0.0000  VOLUME     =     57680.6162
                                                    Density    =         1.0085
 ------------------------------------------------------------------------------

| Attempting MC barostat change: Succeeded
| Attempting MC barostat change: Succeeded
| Attempting MC barostat change: Failed
| Attempting MC barostat change: Succeeded
| Attempting MC barostat change: Succeeded
| Attempting MC barostat change: Failed
| Attempting MC barostat change: Failed
| Attempting MC barostat change: Failed
| Attempting MC barostat change: Succeeded
| Attempting MC barostat change: Failed

 NSTEP =    27000   TIME(PS) =    1254.000  TEMP(K) =   295.89  PRESS =     0.0
 Etot   =    -14572.3301  EKtot   =      3438.9023  EPtot      =    -18011.2325
 BOND   =        59.2506  ANGLE   =       161.5766  DIHED      =       248.5914
 1-4 NB =        64.5551  1-4 EEL =       859.6522  VDWAALS    =      2359.9431
 EELEC  =    -21764.8014  EHBOND  =         0.0000  RESTRAINT  =         0.0000
 EKCMT  =         0.0000  VIRIAL  =         0.0000  VOLUME     =     57769.9834
                                                    Density    =         1.0069
 ------------------------------------------------------------------------------

| Attempting MC barostat change: Succeeded
| Attempting MC barostat change: Succeeded
| Attempting MC barostat change: Succeeded
| Attempting MC barostat change: Succeeded
| Attempting MC barostat change: Succeeded
| Attempting MC barostat change: Failed
| Attempting MC barostat change: Failed
| Attempting MC barostat change: Failed
| Attempting MC barostat change: Succeeded
| Attempting MC barostat change: Succeeded

 NSTEP =    28000   TIME(PS) =    1256.000  TEMP(K) =   307.70  PRESS =     0.0
 Etot   =    -14568.5708  EKtot   =      3576.1067  EPtot      =    -18144.6775
 BOND   =        54.1271  ANGLE   =       140.4226  DIHED      =       237.5015
 1-4 NB =        65.4177  1-4 EEL =       867.0059  VDWAALS    =      2346.7043
 EELEC  =    -21855.8565  EHBOND  =         0.0000  RESTRAINT  =         0.0000
 EKCMT  =         0.0000  VIRIAL  =         0.0000  VOLUME     =     57715.5250
                                                    Density    =         1.0079
 ------------------------------------------------------------------------------

| Attempting MC barostat change: Failed
| Attempting MC barostat change: Failed
| Attempting MC barostat change: Failed
| Attempting MC barostat change: Succeeded
| Attempting MC barostat change: Failed
| Attempting MC barostat change: Succeeded
| Attempting MC barostat change: Succeeded
| Attempting MC barostat change: Failed
| Attempting MC barostat change: Failed
| Attempting MC barostat change: Failed

 NSTEP =    29000   TIME(PS) =    1258.000  TEMP(K) =   290.39  PRESS =     0.0
 Etot   =    -14717.2051  EKtot   =      3374.9470  EPtot      =    -18092.1522
 BOND   =        49.1655  ANGLE   =       175.7472  DIHED      =       242.5936
 1-4 NB =        61.5250  1-4 EEL =       866.8651  VDWAALS    =      2452.1448
 EELEC  =    -21940.1933  EHBOND  =         0.0000  RESTRAINT  =         0.0000
 EKCMT  =         0.0000  VIRIAL  =         0.0000  VOLUME     =     57490.0790
                                                    Density    =         1.0119
 ------------------------------------------------------------------------------

| Attempting MC barostat change: Failed
| Attempting MC barostat change: Failed
| Attempting MC barostat change: Succeeded
| Attempting MC barostat change: Failed
| Attempting MC barostat change: Failed
| Attempting MC barostat change: Failed
| Attempting MC barostat change: Failed
| Attempting MC barostat change: Failed
| Attempting MC barostat change: Failed
| Attempting MC barostat change: Failed

 NSTEP =    30000   TIME(PS) =    1260.000  TEMP(K) =   298.49  PRESS =     0.0
 Etot   =    -14542.7005  EKtot   =      3469.0210  EPtot      =    -18011.7215
 BOND   =        64.5903  ANGLE   =       164.8187  DIHED      =       251.2578
 1-4 NB =        69.0729  1-4 EEL =       874.1837  VDWAALS    =      2464.8072
 EELEC  =    -21900.4521  EHBOND  =         0.0000  RESTRAINT  =         0.0000
 EKCMT  =         0.0000  VIRIAL  =         0.0000  VOLUME     =     57470.2365
                                                    Density    =         1.0122
 ------------------------------------------------------------------------------

| Attempting MC barostat change: Failed
| Attempting MC barostat change: Succeeded
| Attempting MC barostat change: Failed
| Attempting MC barostat change: Succeeded
| Attempting MC barostat change: Failed
| Attempting MC barostat change: Succeeded
| Attempting MC barostat change: Succeeded
| Attempting MC barostat change: Succeeded
| Attempting MC barostat change: Failed
| Attempting MC barostat change: Failed

 NSTEP =    31000   TIME(PS) =    1262.000  TEMP(K) =   304.37  PRESS =     0.0
 Etot   =    -14504.0342  EKtot   =      3537.4460  EPtot      =    -18041.4803
 BOND   =        69.3922  ANGLE   =       158.3056  DIHED      =       252.7424
 1-4 NB =        69.3012  1-4 EEL =       883.3097  VDWAALS    =      2358.6992
 EELEC  =    -21833.2307  EHBOND  =         0.0000  RESTRAINT  =         0.0000
 EKCMT  =         0.0000  VIRIAL  =         0.0000  VOLUME     =     57369.9288
                                                    Density    =         1.0140
 ------------------------------------------------------------------------------

| Attempting MC barostat change: Failed
| Attempting MC barostat change: Succeeded
| Attempting MC barostat change: Succeeded
| Attempting MC barostat change: Failed
| Attempting MC barostat change: Succeeded
| Attempting MC barostat change: Succeeded
| Attempting MC barostat change: Failed
| Attempting MC barostat change: Failed
| Attempting MC barostat change: Succeeded
| Attempting MC barostat change: Succeeded

 NSTEP =    32000   TIME(PS) =    1264.000  TEMP(K) =   306.07  PRESS =     0.0
 Etot   =    -14427.3651  EKtot   =      3557.2129  EPtot      =    -17984.5780
 BOND   =        65.9844  ANGLE   =       147.3578  DIHED      =       261.7689
 1-4 NB =        67.6436  1-4 EEL =       869.8930  VDWAALS    =      2426.4088
 EELEC  =    -21823.6344  EHBOND  =         0.0000  RESTRAINT  =         0.0000
 EKCMT  =         0.0000  VIRIAL  =         0.0000  VOLUME     =     58079.7443
                                                    Density    =         1.0016
 ------------------------------------------------------------------------------

| Attempting MC barostat change: Succeeded
| Attempting MC barostat change: Failed
| Attempting MC barostat change: Succeeded
| Attempting MC barostat change: Failed
| Attempting MC barostat change: Failed
| Attempting MC barostat change: Succeeded
| Attempting MC barostat change: Failed
| Attempting MC barostat change: Failed
| Attempting MC barostat change: Failed
| Attempting MC barostat change: Failed

 NSTEP =    33000   TIME(PS) =    1266.000  TEMP(K) =   300.74  PRESS =     0.0
 Etot   =    -14496.8659  EKtot   =      3495.2441  EPtot      =    -17992.1101
 BOND   =        56.5142  ANGLE   =       185.9818  DIHED      =       240.4517
 1-4 NB =        70.2894  1-4 EEL =       874.2999  VDWAALS    =      2345.7556
 EELEC  =    -21765.4026  EHBOND  =         0.0000  RESTRAINT  =         0.0000
 EKCMT  =         0.0000  VIRIAL  =         0.0000  VOLUME     =     57946.5952
                                                    Density    =         1.0039
 ------------------------------------------------------------------------------

| Attempting MC barostat change: Failed
| Attempting MC barostat change: Failed
| Attempting MC barostat change: Failed
| Attempting MC barostat change: Succeeded
| Attempting MC barostat change: Succeeded
| Attempting MC barostat change: Failed
| Attempting MC barostat change: Failed
| Attempting MC barostat change: Succeeded
| Attempting MC barostat change: Failed
| Attempting MC barostat change: Succeeded

 NSTEP =    34000   TIME(PS) =    1268.000  TEMP(K) =   297.99  PRESS =     0.0
 Etot   =    -14658.7846  EKtot   =      3463.2808  EPtot      =    -18122.0653
 BOND   =        69.1478  ANGLE   =       160.4829  DIHED      =       239.8454
 1-4 NB =        61.6752  1-4 EEL =       866.0202  VDWAALS    =      2393.6066
 EELEC  =    -21912.8434  EHBOND  =         0.0000  RESTRAINT  =         0.0000
 EKCMT  =         0.0000  VIRIAL  =         0.0000  VOLUME     =     57860.8158
                                                    Density    =         1.0054
 ------------------------------------------------------------------------------

| Attempting MC barostat change: Failed
| Attempting MC barostat change: Failed
| Attempting MC barostat change: Failed
| Attempting MC barostat change: Failed
| Attempting MC barostat change: Succeeded
| Attempting MC barostat change: Succeeded
| Attempting MC barostat change: Succeeded
| Attempting MC barostat change: Failed
| Attempting MC barostat change: Succeeded
| Attempting MC barostat change: Failed

 NSTEP =    35000   TIME(PS) =    1270.000  TEMP(K) =   304.44  PRESS =     0.0
 Etot   =    -14473.9980  EKtot   =      3538.2434  EPtot      =    -18012.2414
 BOND   =        53.7983  ANGLE   =       154.1167  DIHED      =       250.7983
 1-4 NB =        66.7803  1-4 EEL =       873.5023  VDWAALS    =      2537.6528
 EELEC  =    -21948.8901  EHBOND  =         0.0000  RESTRAINT  =         0.0000
 EKCMT  =         0.0000  VIRIAL  =         0.0000  VOLUME     =     57783.2888
                                                    Density    =         1.0067
 ------------------------------------------------------------------------------

| Attempting MC barostat change: Failed
| Attempting MC barostat change: Failed
| Attempting MC barostat change: Succeeded
| Attempting MC barostat change: Failed
| Attempting MC barostat change: Failed
| Attempting MC barostat change: Succeeded
| Attempting MC barostat change: Failed
| Attempting MC barostat change: Succeeded
| Attempting MC barostat change: Succeeded
| Attempting MC barostat change: Failed

 NSTEP =    36000   TIME(PS) =    1272.000  TEMP(K) =   305.76  PRESS =     0.0
 Etot   =    -14481.5860  EKtot   =      3553.5767  EPtot      =    -18035.1627
 BOND   =        50.5352  ANGLE   =       157.5739  DIHED      =       245.5326
 1-4 NB =        67.6628  1-4 EEL =       877.5727  VDWAALS    =      2413.4950
 EELEC  =    -21847.5348  EHBOND  =         0.0000  RESTRAINT  =         0.0000
 EKCMT  =         0.0000  VIRIAL  =         0.0000  VOLUME     =     58039.9514
                                                    Density    =         1.0023
 ------------------------------------------------------------------------------

| Attempting MC barostat change: Failed
| Attempting MC barostat change: Failed
| Attempting MC barostat change: Succeeded
| Attempting MC barostat change: Succeeded
| Attempting MC barostat change: Succeeded
| Attempting MC barostat change: Succeeded
| Attempting MC barostat change: Succeeded
| Attempting MC barostat change: Failed
| Attempting MC barostat change: Failed
| Attempting MC barostat change: Failed

 NSTEP =    37000   TIME(PS) =    1274.000  TEMP(K) =   301.81  PRESS =     0.0
 Etot   =    -14541.3262  EKtot   =      3507.6472  EPtot      =    -18048.9735
 BOND   =        77.4956  ANGLE   =       182.8321  DIHED      =       244.0576
 1-4 NB =        67.5765  1-4 EEL =       862.4119  VDWAALS    =      2423.9007
 EELEC  =    -21907.2480  EHBOND  =         0.0000  RESTRAINT  =         0.0000
 EKCMT  =         0.0000  VIRIAL  =         0.0000  VOLUME     =     58167.6211
                                                    Density    =         1.0001
 ------------------------------------------------------------------------------

| Attempting MC barostat change: Failed
| Attempting MC barostat change: Failed
| Attempting MC barostat change: Failed
| Attempting MC barostat change: Failed
| Attempting MC barostat change: Succeeded
| Attempting MC barostat change: Succeeded
| Attempting MC barostat change: Succeeded
| Attempting MC barostat change: Failed
| Attempting MC barostat change: Failed
| Attempting MC barostat change: Failed

 NSTEP =    38000   TIME(PS) =    1276.000  TEMP(K) =   305.51  PRESS =     0.0
 Etot   =    -14536.4515  EKtot   =      3550.6997  EPtot      =    -18087.1512
 BOND   =        51.1290  ANGLE   =       159.0348  DIHED      =       250.6037
 1-4 NB =        71.2681  1-4 EEL =       875.6109  VDWAALS    =      2441.5289
 EELEC  =    -21936.3266  EHBOND  =         0.0000  RESTRAINT  =         0.0000
 EKCMT  =         0.0000  VIRIAL  =         0.0000  VOLUME     =     58276.6858
                                                    Density    =         0.9982
 ------------------------------------------------------------------------------

| Attempting MC barostat change: Failed
| Attempting MC barostat change: Succeeded
| Attempting MC barostat change: Succeeded
| Attempting MC barostat change: Succeeded
| Attempting MC barostat change: Failed
| Attempting MC barostat change: Succeeded
| Attempting MC barostat change: Failed
| Attempting MC barostat change: Succeeded
| Attempting MC barostat change: Failed
| Attempting MC barostat change: Failed

 NSTEP =    39000   TIME(PS) =    1278.000  TEMP(K) =   300.90  PRESS =     0.0
 Etot   =    -14416.7194  EKtot   =      3497.1333  EPtot      =    -17913.8527
 BOND   =        60.1565  ANGLE   =       170.0848  DIHED      =       252.9414
 1-4 NB =        72.1440  1-4 EEL =       871.1392  VDWAALS    =      2295.2632
 EELEC  =    -21635.5817  EHBOND  =         0.0000  RESTRAINT  =         0.0000
 EKCMT  =         0.0000  VIRIAL  =         0.0000  VOLUME     =     58048.1762
                                                    Density    =         1.0021
 ------------------------------------------------------------------------------

| Attempting MC barostat change: Succeeded
| Attempting MC barostat change: Failed
| Attempting MC barostat change: Failed
| Attempting MC barostat change: Failed
| Attempting MC barostat change: Failed
| Attempting MC barostat change: Succeeded
| Attempting MC barostat change: Failed
| Attempting MC barostat change: Failed
| Attempting MC barostat change: Succeeded
| Attempting MC barostat change: Succeeded

 NSTEP =    40000   TIME(PS) =    1280.000  TEMP(K) =   294.19  PRESS =     0.0
 Etot   =    -14507.0624  EKtot   =      3419.0457  EPtot      =    -17926.1081
 BOND   =        62.6586  ANGLE   =       159.3306  DIHED      =       253.8664
 1-4 NB =        68.5351  1-4 EEL =       849.1121  VDWAALS    =      2420.3103
 EELEC  =    -21739.9210  EHBOND  =         0.0000  RESTRAINT  =         0.0000
 EKCMT  =         0.0000  VIRIAL  =         0.0000  VOLUME     =     57740.5872
                                                    Density    =         1.0075
 ------------------------------------------------------------------------------

| Attempting MC barostat change: Failed
| Attempting MC barostat change: Failed
| Attempting MC barostat change: Succeeded
| Attempting MC barostat change: Succeeded
| Attempting MC barostat change: Failed
| Attempting MC barostat change: Succeeded
| Attempting MC barostat change: Failed
| Attempting MC barostat change: Succeeded
| Attempting MC barostat change: Succeeded
| Attempting MC barostat change: Failed

 NSTEP =    41000   TIME(PS) =    1282.000  TEMP(K) =   305.94  PRESS =     0.0
 Etot   =    -14279.4287  EKtot   =      3555.6604  EPtot      =    -17835.0891
 BOND   =        75.5146  ANGLE   =       154.3603  DIHED      =       253.8985
 1-4 NB =        60.3346  1-4 EEL =       839.5550  VDWAALS    =      2330.1094
 EELEC  =    -21548.8615  EHBOND  =         0.0000  RESTRAINT  =         0.0000
 EKCMT  =         0.0000  VIRIAL  =         0.0000  VOLUME     =     58376.7321
                                                    Density    =         0.9965
 ------------------------------------------------------------------------------

| Attempting MC barostat change: Failed
| Attempting MC barostat change: Succeeded
| Attempting MC barostat change: Failed
| Attempting MC barostat change: Succeeded
| Attempting MC barostat change: Succeeded
| Attempting MC barostat change: Failed
| Attempting MC barostat change: Succeeded
| Attempting MC barostat change: Failed
| Attempting MC barostat change: Succeeded
| Attempting MC barostat change: Failed

 NSTEP =    42000   TIME(PS) =    1284.000  TEMP(K) =   299.21  PRESS =     0.0
 Etot   =    -14466.6132  EKtot   =      3477.4719  EPtot      =    -17944.0851
 BOND   =        57.0855  ANGLE   =       146.3968  DIHED      =       249.8399
 1-4 NB =        70.2042  1-4 EEL =       880.4866  VDWAALS    =      2486.1932
 EELEC  =    -21834.2914  EHBOND  =         0.0000  RESTRAINT  =         0.0000
 EKCMT  =         0.0000  VIRIAL  =         0.0000  VOLUME     =     58683.8072
                                                    Density    =         0.9913
 ------------------------------------------------------------------------------

| Attempting MC barostat change: Failed
| Attempting MC barostat change: Succeeded
| Attempting MC barostat change: Succeeded
| Attempting MC barostat change: Failed
| Attempting MC barostat change: Failed
| Attempting MC barostat change: Failed
| Attempting MC barostat change: Succeeded
| Attempting MC barostat change: Failed
| Attempting MC barostat change: Failed
| Attempting MC barostat change: Failed

 NSTEP =    43000   TIME(PS) =    1286.000  TEMP(K) =   298.03  PRESS =     0.0
 Etot   =    -14512.4251  EKtot   =      3463.7026  EPtot      =    -17976.1277
 BOND   =        69.1658  ANGLE   =       164.8618  DIHED      =       243.8473
 1-4 NB =        66.5825  1-4 EEL =       875.8132  VDWAALS    =      2296.8845
 EELEC  =    -21693.2828  EHBOND  =         0.0000  RESTRAINT  =         0.0000
 EKCMT  =         0.0000  VIRIAL  =         0.0000  VOLUME     =     58493.6428
                                                    Density    =         0.9945
 ------------------------------------------------------------------------------

| Attempting MC barostat change: Succeeded
| Attempting MC barostat change: Failed
| Attempting MC barostat change: Failed
| Attempting MC barostat change: Failed
| Attempting MC barostat change: Failed
| Attempting MC barostat change: Failed
| Attempting MC barostat change: Failed
| Attempting MC barostat change: Failed
| Attempting MC barostat change: Failed
| Attempting MC barostat change: Failed

 NSTEP =    44000   TIME(PS) =    1288.000  TEMP(K) =   301.49  PRESS =     0.0
 Etot   =    -14550.5996  EKtot   =      3503.8933  EPtot      =    -18054.4929
 BOND   =        54.1103  ANGLE   =       166.0332  DIHED      =       257.1426
 1-4 NB =        63.1403  1-4 EEL =       876.6835  VDWAALS    =      2456.8340
 EELEC  =    -21928.4369  EHBOND  =         0.0000  RESTRAINT  =         0.0000
 EKCMT  =         0.0000  VIRIAL  =         0.0000  VOLUME     =     58448.3936
                                                    Density    =         0.9953
 ------------------------------------------------------------------------------

| Attempting MC barostat change: Succeeded
| Attempting MC barostat change: Failed
| Attempting MC barostat change: Succeeded
| Attempting MC barostat change: Failed
| Attempting MC barostat change: Succeeded
| Attempting MC barostat change: Failed
| Attempting MC barostat change: Succeeded
| Attempting MC barostat change: Succeeded
| Attempting MC barostat change: Failed
| Attempting MC barostat change: Failed

 NSTEP =    45000   TIME(PS) =    1290.000  TEMP(K) =   299.70  PRESS =     0.0
 Etot   =    -14524.3219  EKtot   =      3483.0869  EPtot      =    -18007.4088
 BOND   =        58.1120  ANGLE   =       161.8422  DIHED      =       237.7311
 1-4 NB =        64.9424  1-4 EEL =       883.8936  VDWAALS    =      2445.4503
 EELEC  =    -21859.3805  EHBOND  =         0.0000  RESTRAINT  =         0.0000
 EKCMT  =         0.0000  VIRIAL  =         0.0000  VOLUME     =     58530.7366
                                                    Density    =         0.9939
 ------------------------------------------------------------------------------

| Attempting MC barostat change: Failed
| Attempting MC barostat change: Failed
| Attempting MC barostat change: Failed
| Attempting MC barostat change: Succeeded
| Attempting MC barostat change: Failed
| Attempting MC barostat change: Failed
| Attempting MC barostat change: Succeeded
| Attempting MC barostat change: Succeeded
| Attempting MC barostat change: Succeeded
| Attempting MC barostat change: Failed

 NSTEP =    46000   TIME(PS) =    1292.000  TEMP(K) =   300.63  PRESS =     0.0
 Etot   =    -14457.6929  EKtot   =      3493.9929  EPtot      =    -17951.6858
 BOND   =        65.4971  ANGLE   =       144.7761  DIHED      =       256.5621
 1-4 NB =        67.4856  1-4 EEL =       871.8291  VDWAALS    =      2454.6154
 EELEC  =    -21812.4513  EHBOND  =         0.0000  RESTRAINT  =         0.0000
 EKCMT  =         0.0000  VIRIAL  =         0.0000  VOLUME     =     58027.1226
                                                    Density    =         1.0025
 ------------------------------------------------------------------------------

| Attempting MC barostat change: Failed
| Attempting MC barostat change: Succeeded
| Attempting MC barostat change: Failed
| Attempting MC barostat change: Failed
| Attempting MC barostat change: Failed
| Attempting MC barostat change: Succeeded
| Attempting MC barostat change: Failed
| Attempting MC barostat change: Succeeded
| Attempting MC barostat change: Failed
| Attempting MC barostat change: Succeeded

 NSTEP =    47000   TIME(PS) =    1294.000  TEMP(K) =   292.35  PRESS =     0.0
 Etot   =    -14467.4330  EKtot   =      3397.7549  EPtot      =    -17865.1879
 BOND   =        55.2740  ANGLE   =       160.6470  DIHED      =       253.5328
 1-4 NB =        68.3243  1-4 EEL =       865.1169  VDWAALS    =      2327.4345
 EELEC  =    -21595.5174  EHBOND  =         0.0000  RESTRAINT  =         0.0000
 EKCMT  =         0.0000  VIRIAL  =         0.0000  VOLUME     =     58253.5704
                                                    Density    =         0.9986
 ------------------------------------------------------------------------------

| Attempting MC barostat change: Failed
| Attempting MC barostat change: Failed
| Attempting MC barostat change: Failed
| Attempting MC barostat change: Failed
| Attempting MC barostat change: Failed
| Attempting MC barostat change: Failed
| Attempting MC barostat change: Failed
| Attempting MC barostat change: Failed
| Attempting MC barostat change: Failed
| Attempting MC barostat change: Succeeded

 NSTEP =    48000   TIME(PS) =    1296.000  TEMP(K) =   296.55  PRESS =     0.0
 Etot   =    -14420.6143  EKtot   =      3446.5098  EPtot      =    -17867.1241
 BOND   =        52.6918  ANGLE   =       153.7450  DIHED      =       250.4887
 1-4 NB =        68.9304  1-4 EEL =       866.7909  VDWAALS    =      2327.4358
 EELEC  =    -21587.2067  EHBOND  =         0.0000  RESTRAINT  =         0.0000
 EKCMT  =         0.0000  VIRIAL  =         0.0000  VOLUME     =     58456.4029
                                                    Density    =         0.9951
 ------------------------------------------------------------------------------

| Attempting MC barostat change: Failed
| Attempting MC barostat change: Failed
| Attempting MC barostat change: Succeeded
| Attempting MC barostat change: Succeeded
| Attempting MC barostat change: Failed
| Attempting MC barostat change: Failed
| Attempting MC barostat change: Failed
| Attempting MC barostat change: Failed
| Attempting MC barostat change: Succeeded
| Attempting MC barostat change: Succeeded

 NSTEP =    49000   TIME(PS) =    1298.000  TEMP(K) =   298.24  PRESS =     0.0
 Etot   =    -14668.4764  EKtot   =      3466.1636  EPtot      =    -18134.6400
 BOND   =        59.8998  ANGLE   =       161.6779  DIHED      =       243.0239
 1-4 NB =        60.8816  1-4 EEL =       880.9827  VDWAALS    =      2363.5691
 EELEC  =    -21904.6748  EHBOND  =         0.0000  RESTRAINT  =         0.0000
 EKCMT  =         0.0000  VIRIAL  =         0.0000  VOLUME     =     57838.6510
                                                    Density    =         1.0058
 ------------------------------------------------------------------------------

| Attempting MC barostat change: Succeeded
| Attempting MC barostat change: Succeeded
| Attempting MC barostat change: Succeeded
| Attempting MC barostat change: Failed
| Attempting MC barostat change: Succeeded
| Attempting MC barostat change: Failed
| Attempting MC barostat change: Succeeded
| Attempting MC barostat change: Failed
| Attempting MC barostat change: Failed
| Attempting MC barostat change: Failed

 NSTEP =    50000   TIME(PS) =    1300.000  TEMP(K) =   303.49  PRESS =     0.0
 Etot   =    -14474.9431  EKtot   =      3527.2139  EPtot      =    -18002.1569
 BOND   =        56.8202  ANGLE   =       171.9859  DIHED      =       250.4161
 1-4 NB =        67.0805  1-4 EEL =       862.7114  VDWAALS    =      2396.4481
 EELEC  =    -21807.6193  EHBOND  =         0.0000  RESTRAINT  =         0.0000
 EKCMT  =         0.0000  VIRIAL  =         0.0000  VOLUME     =     57664.9639
                                                    Density    =         1.0088
 ------------------------------------------------------------------------------


      A V E R A G E S   O V E R      50 S T E P S


 NSTEP =    50000   TIME(PS) =    1300.000  TEMP(K) =   300.44  PRESS =     0.0
 Etot   =    -14508.8056  EKtot   =      3491.7190  EPtot      =    -18000.5246
 BOND   =        60.0497  ANGLE   =       160.7226  DIHED      =       249.2438
 1-4 NB =        66.9925  1-4 EEL =       869.8006  VDWAALS    =      2397.7990
 EELEC  =    -21805.1327  EHBOND  =         0.0000  RESTRAINT  =         0.0000
 EKCMT  =         0.0000  VIRIAL  =         0.0000  VOLUME     =     58100.0373
                                                    Density    =         1.0013
 ------------------------------------------------------------------------------


      R M S  F L U C T U A T I O N S


 NSTEP =    50000   TIME(PS) =    1300.000  TEMP(K) =     4.05  PRESS =     0.0
 Etot   =        79.6330  EKtot   =        47.0336  EPtot      =        69.3859
 BOND   =         6.8241  ANGLE   =         8.8848  DIHED      =         6.6104
 1-4 NB =         2.8813  1-4 EEL =         8.3604  VDWAALS    =        62.0132
 EELEC  =       107.4031  EHBOND  =         0.0000  RESTRAINT  =         0.0000
 EKCMT  =         0.0000  VIRIAL  =         0.0000  VOLUME     =       359.7524
                                                    Density    =         0.0062
 ------------------------------------------------------------------------------

| MC Barostat:        500 volume changes attempted.
| MC Barostat:        200 changes successful ( 40.00%)
 ------------------------------------------------------------------------------

--------------------------------------------------------------------------------
   5.  TIMINGS
--------------------------------------------------------------------------------

|  NonSetup CPU Time in Major Routines:
|
|     Routine           Sec        %
|     ------------------------------
|     Nonbond           6.05   26.92
|     Bond              0.00    0.00
|     Angle             0.00    0.00
|     Dihedral          0.00    0.00
|     Shake             0.45    2.02
|     RunMD            15.81   70.30
|     Other             0.17    0.75
|     ------------------------------
|     Total            22.48

|  PME Nonbond Pairlist CPU Time:
|
|     Routine              Sec        %
|     ---------------------------------
|     Set Up Cit           0.00    0.00
|     Build List           0.00    0.00
|     ---------------------------------
|     Total                0.00    0.00

|  PME Direct Force CPU Time:
|
|     Routine              Sec        %
|     ---------------------------------
|     NonBonded Calc       0.00    0.00
|     Exclude Masked       0.00    0.00
|     Other                0.02    0.10
|     ---------------------------------
|     Total                0.02    0.10

|  PME Reciprocal Force CPU Time:
|
|     Routine              Sec        %
|     ---------------------------------
|     1D bspline           0.00    0.00
|     Grid Charges         0.00    0.00
|     Scalar Sum           0.00    0.00
|     Gradient Sum         0.00    0.00
|     FFT                  0.00    0.00
|     ---------------------------------
|     Total                0.00    0.00

|  Final Performance Info:
|     -----------------------------------------------------
|     Average timings for last   49000 steps:
|         Elapsed(s) =      22.00 Per Step(ms) =       0.45
|             ns/day =     384.91   seconds/ns =     224.47
|
|     Average timings for all steps:
|         Elapsed(s) =      22.48 Per Step(ms) =       0.45
|             ns/day =     384.42   seconds/ns =     224.76
|     -----------------------------------------------------

|  Setup CPU time:            1.62 seconds
|  NonSetup CPU time:        22.48 seconds
|  Total CPU time:           24.10 seconds     0.01 hours

|  Setup wall time:           2    seconds
|  NonSetup wall time:       22    seconds
|  Total wall time:          24    seconds     0.01 hours
