
          -------------------------------------------------------
          Amber 14 SANDER                              2014
          -------------------------------------------------------

| PMEMD implementation of SANDER, Release 14

| Run on 06/01/2016 at 11:35:01

|   Executable path: pmemd.cuda
| Working directory: /mnt/lustre_fs/users/workshop_1/joebaker/day7/day7/trpcage/runsim/equil
|          Hostname: gpu-compute2

  [-O]verwriting output

File Assignments:
|   MDIN: equil.6.in                                                            
|  MDOUT: equil.6.out                                                           
| INPCRD: equil.5.rst7                                                          
|   PARM: ../../tleap/trpcage.parm7                                             
| RESTRT: equil.6.rst7                                                          
|   REFC: equil.5.rst7                                                          
|  MDVEL: mdvel                                                                 
|   MDEN: mden                                                                  
|  MDCRD: equil.6.nc                                                            
| MDINFO: mdinfo                                                                
|  MDFRC: mdfrc                                                                 


 Here is the input file:

NPT equilibration                                                              
 &cntrl                                                                        
  imin=0, ! Not a minimization run                                             
  ntx=5, ! Read coordinates and velocities from restart file                   
  irest=1, ! Restart from previous, expecting velocities                       
  ntxo=2, ! The final coords, velocities, box size in NetCDF                   
  ioutfm=1, ! Print mdcrd to NetCDF format                                     
  ntwr=100000, ! Very high value for how often restart file is written         
  nstlim=50000, ! 100 ps of NPT equilibration                                  
  dt=0.002, ! Time step in picoseconds, so this is 2 fs                        
  ntf=2, ! Do not calc the force for SHAKE constrained bonds                   
  ntc=2, ! Use SHAKE for all hydrogen bonds                                    
  temp0=300.0, ! Thermostat temperature, Run at this temperature               
  ntpr=1000, ! How often to print                                              
  ntwx=1000, ! Write coordinates every 2 ps                                    
  cut=8.0, ! Nonbonded cutoff                                                  
  ntb=2, ! Use PBC and constant pressure                                       
  ntp=1, ! Isotropic pressure scaling                                          
  barostat=2, ! Use Monte Carlo barostat                                       
  taup=1, ! Pressure relaxation time                                           
  ntt=3, ! Use the Lengevin thermostat                                         
  gamma_ln=1.0, ! Frequency of collisions for thermostat                       
  ig=-1, ! Randomize seed for Langevin thermostat                              
  ntr=1, ! turn on restraints                                                  
  restraint_wt=0.1, ! force constant for restraints                            
  restraintmask=':1-20,@CA,C,O,N', ! restrained atoms                          
 /                                                                             


Note: ig = -1. Setting random seed to   958024 based on wallclock time in 
      microseconds.
 
|--------------------- INFORMATION ----------------------
| GPU (CUDA) Version of PMEMD in use: NVIDIA GPU IN USE.
|                    Version 14.0.1
| 
|                      06/20/2014
| 
| Implementation by:
|                    Ross C. Walker     (SDSC)
|                    Scott Le Grand     (nVIDIA)
| 
| CAUTION: The CUDA code is currently experimental.
|          You use it at your own risk. Be sure to
|          check ALL results carefully.
| 
| Precision model in use:
|      [SPFP] - Mixed Single/Double/Fixed Point Precision.
|               (Default)
| 
|--------------------------------------------------------
 
|----------------- CITATION INFORMATION -----------------
|
|    When publishing work that utilized the CUDA version
|    of AMBER, please cite the following in addition to
|    the regular AMBER citations:
|
|  - Romelia Salomon-Ferrer; Andreas W. Goetz; Duncan
|    Poole; Scott Le Grand; Ross C. Walker "Routine
|    microsecond molecular dynamics simulations with
|    AMBER - Part II: Particle Mesh Ewald", J. Chem.
|    Theory Comput., 2013, 9 (9), pp3878-3888,
|    DOI: 10.1021/ct400314y.
|
|  - Andreas W. Goetz; Mark J. Williamson; Dong Xu;
|    Duncan Poole; Scott Le Grand; Ross C. Walker
|    "Routine microsecond molecular dynamics simulations
|    with AMBER - Part I: Generalized Born", J. Chem.
|    Theory Comput., 2012, 8 (5), pp1542-1555.
|
|  - Scott Le Grand; Andreas W. Goetz; Ross C. Walker
|    "SPFP: Speed without compromise - a mixed precision
|    model for GPU accelerated molecular dynamics
|    simulations.", Comp. Phys. Comm., 2013, 184
|    pp374-380, DOI: 10.1016/j.cpc.2012.09.022
|
|--------------------------------------------------------
 
|------------------- GPU DEVICE INFO --------------------
|
|            CUDA_VISIBLE_DEVICES: 0
|   CUDA Capable Devices Detected:      1
|           CUDA Device ID in use:      0
|                CUDA Device Name: GeForce GTX TITAN X
|     CUDA Device Global Mem Size:  12287 MB
| CUDA Device Num Multiprocessors:     24
|           CUDA Device Core Freq:   1.08 GHz
|
|--------------------------------------------------------
 
 
| Conditional Compilation Defines Used:
| PUBFFT
| BINTRAJ
| CUDA
| EMIL

| Largest sphere to fit in unit cell has radius =    17.202

| New format PARM file being parsed.
| Version =    1.000 Date = 06/01/16 Time = 08:32:47

| Note: 1-4 EEL scale factors are being read from the topology file.

| Note: 1-4 VDW scale factors are being read from the topology file.
| Duplicated    0 dihedrals

| Duplicated    0 dihedrals

--------------------------------------------------------------------------------
   1.  RESOURCE   USE: 
--------------------------------------------------------------------------------

 getting box info from netcdf restart file
 NATOM  =    5771 NTYPES =      15 NBONH =    5616 MBONA  =     160
 NTHETH =     346 MTHETA =     219 NPHIH =     700 MPHIA  =     653
 NHPARM =       0 NPARM  =       0 NNB   =    8990 NRES   =    1843
 NBONA  =     160 NTHETA =     219 NPHIA =     653 NUMBND =      55
 NUMANG =     124 NPTRA  =     137 NATYP =      29 NPHB   =       1
 IFBOX  =       2 NMXRS  =      24 IFCAP =       0 NEXTRA =       0
 NCOPY  =       0

| Coordinate Index Table dimensions:     8    8    8
| Direct force subcell size =     5.2670    5.2670    5.2670

     BOX TYPE: TRUNCATED OCTAHEDRON

--------------------------------------------------------------------------------
   2.  CONTROL  DATA  FOR  THE  RUN
--------------------------------------------------------------------------------

default_name                                                                    

General flags:
     imin    =       0, nmropt  =       0

Nature and format of input:
     ntx     =       5, irest   =       1, ntrx    =       1

Nature and format of output:
     ntxo    =       2, ntpr    =    1000, ntrx    =       1, ntwr    =  100000
     iwrap   =       0, ntwx    =    1000, ntwv    =       0, ntwe    =       0
     ioutfm  =       1, ntwprt  =       0, idecomp =       0, rbornstat=      0

Potential function:
     ntf     =       2, ntb     =       2, igb     =       0, nsnb    =      25
     ipol    =       0, gbsa    =       0, iesp    =       0
     dielc   =   1.00000, cut     =   8.00000, intdiel =   1.00000

Frozen or restrained atoms:
     ibelly  =       0, ntr     =       1
     restraint_wt =   0.10000

Molecular dynamics:
     nstlim  =     50000, nscm    =         0, nrespa  =         1
     t       =   0.00000, dt      =   0.00200, vlimit  =  -1.00000

Langevin dynamics temperature regulation:
     ig      =  958024
     temp0   = 300.00000, tempi   =   0.00000, gamma_ln=   1.00000

Pressure regulation:
     ntp     =       1
     pres0   =   1.00000, comp    =  44.60000, taup    =   1.00000
     Monte-Carlo Barostat:
     mcbarint  =     100

SHAKE:
     ntc     =       2, jfastw  =       0
     tol     =   0.00001

| Intermolecular bonds treatment:
|     no_intermolecular_bonds =       1

| Energy averages sample interval:
|     ene_avg_sampling =    1000

Ewald parameters:
     verbose =       0, ew_type =       0, nbflag  =       1, use_pme =       1
     vdwmeth =       1, eedmeth =       1, netfrc  =       1
     Box X =   42.136   Box Y =   42.136   Box Z =   42.136
     Alpha =  109.471   Beta  =  109.471   Gamma =  109.471
     NFFT1 =   48       NFFT2 =   48       NFFT3 =   48
     Cutoff=    8.000   Tol   =0.100E-04
     Ewald Coefficient =  0.34864
     Interpolation order =    4

    LOADING THE CONSTRAINED ATOMS AS GROUPS


   5.  REFERENCE ATOM COORDINATES

  default_name                                                                    
     Mask :1-20,@CA,C,O,N; matches    80 atoms

--------------------------------------------------------------------------------
   3.  ATOMIC COORDINATES AND VELOCITIES
--------------------------------------------------------------------------------

default_name                                                                    
 begin time read from input coords =   700.000 ps

 
 Number of triangulated 3-point waters found:     1822

     Sum of charges from parm topology file =  -0.00000001
     Forcing neutrality...

| Dynamic Memory, Types Used:
| Reals              371488
| Integers           173854

| Nonbonded Pairs Initial Allocation:      963901

| GPU memory information (estimate):
| KB of GPU memory in use:     38273
| KB of CPU memory in use:     10145

--------------------------------------------------------------------------------
   4.  RESULTS
--------------------------------------------------------------------------------

 ---------------------------------------------------
 APPROXIMATING switch and d/dx switch using CUBIC SPLINE INTERPOLATION
 using   5000.0 points per unit in tabled values
 TESTING RELATIVE ERROR over r ranging from 0.0 to cutoff
| CHECK switch(x): max rel err =   0.2738E-14   at   2.422500
| CHECK d/dx switch(x): max rel err =   0.8332E-11   at   2.782960
 ---------------------------------------------------
|---------------------------------------------------
| APPROXIMATING direct energy using CUBIC SPLINE INTERPOLATION
|  with   50.0 points per unit in tabled values
| Relative Error Limit not exceeded for r .gt.   2.47
| APPROXIMATING direct force using CUBIC SPLINE INTERPOLATION
|  with   50.0 points per unit in tabled values
| Relative Error Limit not exceeded for r .gt.   2.89
|---------------------------------------------------
| Attempting MC barostat change: Failed
| Attempting MC barostat change: Failed
| Attempting MC barostat change: Failed
| Attempting MC barostat change: Failed
| Attempting MC barostat change: Failed
| Attempting MC barostat change: Failed
| Attempting MC barostat change: Failed
| Attempting MC barostat change: Failed
| Attempting MC barostat change: Failed
| Attempting MC barostat change: Failed
| MC Barostat: Decreasing size of volume moves

 NSTEP =     1000   TIME(PS) =     702.000  TEMP(K) =   302.06  PRESS =     0.0
 Etot   =    -14503.8291  EKtot   =      3510.5383  EPtot      =    -18014.3674
 BOND   =        61.8203  ANGLE   =       149.4438  DIHED      =       249.1440
 1-4 NB =        68.2326  1-4 EEL =       857.9287  VDWAALS    =      2362.0835
 EELEC  =    -21766.0638  EHBOND  =         0.0000  RESTRAINT  =         3.0435
 EAMBER (non-restraint)  =    -18017.4109
 EKCMT  =         0.0000  VIRIAL  =         0.0000  VOLUME     =     57588.5550
                                                    Density    =         1.0101
 ------------------------------------------------------------------------------

| Attempting MC barostat change: Failed
| Attempting MC barostat change: Failed
| Attempting MC barostat change: Succeeded
| Attempting MC barostat change: Succeeded
| Attempting MC barostat change: Failed
| Attempting MC barostat change: Failed
| Attempting MC barostat change: Failed
| Attempting MC barostat change: Failed
| Attempting MC barostat change: Failed
| Attempting MC barostat change: Failed
| MC Barostat: Decreasing size of volume moves

 NSTEP =     2000   TIME(PS) =     704.000  TEMP(K) =   304.23  PRESS =     0.0
 Etot   =    -14369.2626  EKtot   =      3535.7661  EPtot      =    -17905.0288
 BOND   =        64.5869  ANGLE   =       150.2506  DIHED      =       258.5593
 1-4 NB =        69.5926  1-4 EEL =       864.4895  VDWAALS    =      2375.7209
 EELEC  =    -21691.1017  EHBOND  =         0.0000  RESTRAINT  =         2.8731
 EAMBER (non-restraint)  =    -17907.9019
 EKCMT  =         0.0000  VIRIAL  =         0.0000  VOLUME     =     57377.8606
                                                    Density    =         1.0138
 ------------------------------------------------------------------------------

| Attempting MC barostat change: Failed
| Attempting MC barostat change: Failed
| Attempting MC barostat change: Failed
| Attempting MC barostat change: Succeeded
| Attempting MC barostat change: Succeeded
| Attempting MC barostat change: Failed
| Attempting MC barostat change: Succeeded
| Attempting MC barostat change: Succeeded
| Attempting MC barostat change: Succeeded
| Attempting MC barostat change: Failed

 NSTEP =     3000   TIME(PS) =     706.000  TEMP(K) =   305.26  PRESS =     0.0
 Etot   =    -14400.9484  EKtot   =      3547.8076  EPtot      =    -17948.7560
 BOND   =        62.3223  ANGLE   =       166.2554  DIHED      =       245.1647
 1-4 NB =        64.4648  1-4 EEL =       863.3396  VDWAALS    =      2363.8916
 EELEC  =    -21717.3443  EHBOND  =         0.0000  RESTRAINT  =         3.1501
 EAMBER (non-restraint)  =    -17951.9060
 EKCMT  =         0.0000  VIRIAL  =         0.0000  VOLUME     =     57732.2242
                                                    Density    =         1.0076
 ------------------------------------------------------------------------------

| Attempting MC barostat change: Failed
| Attempting MC barostat change: Succeeded
| Attempting MC barostat change: Succeeded
| Attempting MC barostat change: Succeeded
| Attempting MC barostat change: Failed
| Attempting MC barostat change: Failed
| Attempting MC barostat change: Failed
| Attempting MC barostat change: Succeeded
| Attempting MC barostat change: Failed
| Attempting MC barostat change: Succeeded

 NSTEP =     4000   TIME(PS) =     708.000  TEMP(K) =   299.31  PRESS =     0.0
 Etot   =    -14498.6636  EKtot   =      3478.6003  EPtot      =    -17977.2640
 BOND   =        63.4736  ANGLE   =       147.2904  DIHED      =       244.2146
 1-4 NB =        68.3332  1-4 EEL =       878.8444  VDWAALS    =      2439.2628
 EELEC  =    -21822.5964  EHBOND  =         0.0000  RESTRAINT  =         3.9135
 EAMBER (non-restraint)  =    -17981.1775
 EKCMT  =         0.0000  VIRIAL  =         0.0000  VOLUME     =     58115.7213
                                                    Density    =         1.0010
 ------------------------------------------------------------------------------

| Attempting MC barostat change: Failed
| Attempting MC barostat change: Succeeded
| Attempting MC barostat change: Succeeded
| Attempting MC barostat change: Failed
| Attempting MC barostat change: Failed
| Attempting MC barostat change: Failed
| Attempting MC barostat change: Succeeded
| Attempting MC barostat change: Failed
| Attempting MC barostat change: Failed
| Attempting MC barostat change: Succeeded

 NSTEP =     5000   TIME(PS) =     710.000  TEMP(K) =   297.81  PRESS =     0.0
 Etot   =    -14662.2953  EKtot   =      3461.1541  EPtot      =    -18123.4494
 BOND   =        60.5598  ANGLE   =       162.7472  DIHED      =       250.9118
 1-4 NB =        61.5979  1-4 EEL =       866.6571  VDWAALS    =      2456.6753
 EELEC  =    -21985.9977  EHBOND  =         0.0000  RESTRAINT  =         3.3994
 EAMBER (non-restraint)  =    -18126.8488
 EKCMT  =         0.0000  VIRIAL  =         0.0000  VOLUME     =     57547.4649
                                                    Density    =         1.0108
 ------------------------------------------------------------------------------

| Attempting MC barostat change: Failed
| Attempting MC barostat change: Failed
| Attempting MC barostat change: Failed
| Attempting MC barostat change: Failed
| Attempting MC barostat change: Succeeded
| Attempting MC barostat change: Failed
| Attempting MC barostat change: Succeeded
| Attempting MC barostat change: Failed
| Attempting MC barostat change: Failed
| Attempting MC barostat change: Failed

 NSTEP =     6000   TIME(PS) =     712.000  TEMP(K) =   297.56  PRESS =     0.0
 Etot   =    -14538.4712  EKtot   =      3458.2644  EPtot      =    -17996.7356
 BOND   =        67.9096  ANGLE   =       164.1549  DIHED      =       250.6823
 1-4 NB =        64.3873  1-4 EEL =       859.3183  VDWAALS    =      2454.0610
 EELEC  =    -21861.1991  EHBOND  =         0.0000  RESTRAINT  =         3.9501
 EAMBER (non-restraint)  =    -18000.6856
 EKCMT  =         0.0000  VIRIAL  =         0.0000  VOLUME     =     57881.4862
                                                    Density    =         1.0050
 ------------------------------------------------------------------------------

| Attempting MC barostat change: Succeeded
| Attempting MC barostat change: Succeeded
| Attempting MC barostat change: Failed
| Attempting MC barostat change: Failed
| Attempting MC barostat change: Succeeded
| Attempting MC barostat change: Succeeded
| Attempting MC barostat change: Failed
| Attempting MC barostat change: Failed
| Attempting MC barostat change: Succeeded
| Attempting MC barostat change: Failed

 NSTEP =     7000   TIME(PS) =     714.000  TEMP(K) =   301.47  PRESS =     0.0
 Etot   =    -14509.4621  EKtot   =      3503.7678  EPtot      =    -18013.2299
 BOND   =        55.9103  ANGLE   =       174.9975  DIHED      =       242.9225
 1-4 NB =        76.1947  1-4 EEL =       870.0232  VDWAALS    =      2376.4191
 EELEC  =    -21811.8329  EHBOND  =         0.0000  RESTRAINT  =         2.1356
 EAMBER (non-restraint)  =    -18015.3655
 EKCMT  =         0.0000  VIRIAL  =         0.0000  VOLUME     =     57313.1689
                                                    Density    =         1.0150
 ------------------------------------------------------------------------------

| Attempting MC barostat change: Succeeded
| Attempting MC barostat change: Succeeded
| Attempting MC barostat change: Failed
| Attempting MC barostat change: Failed
| Attempting MC barostat change: Succeeded
| Attempting MC barostat change: Failed
| Attempting MC barostat change: Failed
| Attempting MC barostat change: Failed
| Attempting MC barostat change: Failed
| Attempting MC barostat change: Failed

 NSTEP =     8000   TIME(PS) =     716.000  TEMP(K) =   301.33  PRESS =     0.0
 Etot   =    -14589.4294  EKtot   =      3502.0288  EPtot      =    -18091.4582
 BOND   =        69.8221  ANGLE   =       149.8401  DIHED      =       247.0815
 1-4 NB =        67.6816  1-4 EEL =       877.6398  VDWAALS    =      2428.9282
 EELEC  =    -21934.9313  EHBOND  =         0.0000  RESTRAINT  =         2.4798
 EAMBER (non-restraint)  =    -18093.9380
 EKCMT  =         0.0000  VIRIAL  =         0.0000  VOLUME     =     57923.1419
                                                    Density    =         1.0043
 ------------------------------------------------------------------------------

| Attempting MC barostat change: Failed
| Attempting MC barostat change: Succeeded
| Attempting MC barostat change: Succeeded
| Attempting MC barostat change: Succeeded
| Attempting MC barostat change: Succeeded
| Attempting MC barostat change: Failed
| Attempting MC barostat change: Succeeded
| Attempting MC barostat change: Failed
| Attempting MC barostat change: Succeeded
| Attempting MC barostat change: Failed

 NSTEP =     9000   TIME(PS) =     718.000  TEMP(K) =   299.23  PRESS =     0.0
 Etot   =    -14513.1982  EKtot   =      3477.6680  EPtot      =    -17990.8662
 BOND   =        51.4189  ANGLE   =       163.7410  DIHED      =       255.1934
 1-4 NB =        71.2804  1-4 EEL =       867.3424  VDWAALS    =      2361.3943
 EELEC  =    -21763.8311  EHBOND  =         0.0000  RESTRAINT  =         2.5945
 EAMBER (non-restraint)  =    -17993.4607
 EKCMT  =         0.0000  VIRIAL  =         0.0000  VOLUME     =     57717.7929
                                                    Density    =         1.0079
 ------------------------------------------------------------------------------

| Attempting MC barostat change: Succeeded
| Attempting MC barostat change: Failed
| Attempting MC barostat change: Failed
| Attempting MC barostat change: Failed
| Attempting MC barostat change: Failed
| Attempting MC barostat change: Failed
| Attempting MC barostat change: Succeeded
| Attempting MC barostat change: Failed
| Attempting MC barostat change: Failed
| Attempting MC barostat change: Failed

 NSTEP =    10000   TIME(PS) =     720.000  TEMP(K) =   298.50  PRESS =     0.0
 Etot   =    -14455.9761  EKtot   =      3469.1470  EPtot      =    -17925.1231
 BOND   =        53.5973  ANGLE   =       151.4336  DIHED      =       254.5829
 1-4 NB =        74.5889  1-4 EEL =       885.7772  VDWAALS    =      2398.5954
 EELEC  =    -21747.6077  EHBOND  =         0.0000  RESTRAINT  =         3.9093
 EAMBER (non-restraint)  =    -17929.0324
 EKCMT  =         0.0000  VIRIAL  =         0.0000  VOLUME     =     58370.2873
                                                    Density    =         0.9966
 ------------------------------------------------------------------------------

| Attempting MC barostat change: Succeeded
| Attempting MC barostat change: Failed
| Attempting MC barostat change: Succeeded
| Attempting MC barostat change: Succeeded
| Attempting MC barostat change: Failed
| Attempting MC barostat change: Succeeded
| Attempting MC barostat change: Succeeded
| Attempting MC barostat change: Failed
| Attempting MC barostat change: Succeeded
| Attempting MC barostat change: Succeeded

 NSTEP =    11000   TIME(PS) =     722.000  TEMP(K) =   305.09  PRESS =     0.0
 Etot   =    -14381.4137  EKtot   =      3545.8149  EPtot      =    -17927.2286
 BOND   =        58.6075  ANGLE   =       150.5320  DIHED      =       242.0183
 1-4 NB =        70.1450  1-4 EEL =       860.4240  VDWAALS    =      2513.4023
 EELEC  =    -21824.7384  EHBOND  =         0.0000  RESTRAINT  =         2.3807
 EAMBER (non-restraint)  =    -17929.6093
 EKCMT  =         0.0000  VIRIAL  =         0.0000  VOLUME     =     58425.8887
                                                    Density    =         0.9956
 ------------------------------------------------------------------------------

| Attempting MC barostat change: Failed
| Attempting MC barostat change: Succeeded
| Attempting MC barostat change: Failed
| Attempting MC barostat change: Failed
| Attempting MC barostat change: Failed
| Attempting MC barostat change: Succeeded
| Attempting MC barostat change: Failed
| Attempting MC barostat change: Succeeded
| Attempting MC barostat change: Succeeded
| Attempting MC barostat change: Succeeded

 NSTEP =    12000   TIME(PS) =     724.000  TEMP(K) =   309.83  PRESS =     0.0
 Etot   =    -14235.7651  EKtot   =      3600.8774  EPtot      =    -17836.6425
 BOND   =        64.9511  ANGLE   =       183.5854  DIHED      =       247.9024
 1-4 NB =        72.8667  1-4 EEL =       870.8691  VDWAALS    =      2442.7435
 EELEC  =    -21723.2500  EHBOND  =         0.0000  RESTRAINT  =         3.6892
 EAMBER (non-restraint)  =    -17840.3318
 EKCMT  =         0.0000  VIRIAL  =         0.0000  VOLUME     =     58059.2804
                                                    Density    =         1.0019
 ------------------------------------------------------------------------------

| Attempting MC barostat change: Failed
| Attempting MC barostat change: Failed
| Attempting MC barostat change: Succeeded
| Attempting MC barostat change: Failed
| Attempting MC barostat change: Failed
| Attempting MC barostat change: Succeeded
| Attempting MC barostat change: Succeeded
| Attempting MC barostat change: Failed
| Attempting MC barostat change: Succeeded
| Attempting MC barostat change: Succeeded

 NSTEP =    13000   TIME(PS) =     726.000  TEMP(K) =   310.31  PRESS =     0.0
 Etot   =    -14263.3077  EKtot   =      3606.4951  EPtot      =    -17869.8029
 BOND   =        57.9518  ANGLE   =       168.7042  DIHED      =       254.4014
 1-4 NB =        64.0198  1-4 EEL =       869.7880  VDWAALS    =      2296.5909
 EELEC  =    -21584.8260  EHBOND  =         0.0000  RESTRAINT  =         3.5671
 EAMBER (non-restraint)  =    -17873.3699
 EKCMT  =         0.0000  VIRIAL  =         0.0000  VOLUME     =     58374.9726
                                                    Density    =         0.9965
 ------------------------------------------------------------------------------

| Attempting MC barostat change: Succeeded
| Attempting MC barostat change: Failed
| Attempting MC barostat change: Failed
| Attempting MC barostat change: Failed
| Attempting MC barostat change: Succeeded
| Attempting MC barostat change: Succeeded
| Attempting MC barostat change: Failed
| Attempting MC barostat change: Succeeded
| Attempting MC barostat change: Succeeded
| Attempting MC barostat change: Failed

 NSTEP =    14000   TIME(PS) =     728.000  TEMP(K) =   297.20  PRESS =     0.0
 Etot   =    -14495.7644  EKtot   =      3454.1055  EPtot      =    -17949.8698
 BOND   =        50.1952  ANGLE   =       190.9512  DIHED      =       243.0738
 1-4 NB =        68.0297  1-4 EEL =       867.3021  VDWAALS    =      2478.9271
 EELEC  =    -21851.0814  EHBOND  =         0.0000  RESTRAINT  =         2.7324
 EAMBER (non-restraint)  =    -17952.6023
 EKCMT  =         0.0000  VIRIAL  =         0.0000  VOLUME     =     58600.6003
                                                    Density    =         0.9927
 ------------------------------------------------------------------------------

| Attempting MC barostat change: Succeeded
| Attempting MC barostat change: Succeeded
| Attempting MC barostat change: Failed
| Attempting MC barostat change: Succeeded
| Attempting MC barostat change: Succeeded
| Attempting MC barostat change: Succeeded
| Attempting MC barostat change: Succeeded
| Attempting MC barostat change: Succeeded
| Attempting MC barostat change: Failed
| Attempting MC barostat change: Failed

 NSTEP =    15000   TIME(PS) =     730.000  TEMP(K) =   300.57  PRESS =     0.0
 Etot   =    -14566.1631  EKtot   =      3493.2908  EPtot      =    -18059.4539
 BOND   =        52.9816  ANGLE   =       158.9424  DIHED      =       246.0055
 1-4 NB =        69.8911  1-4 EEL =       877.0980  VDWAALS    =      2433.4256
 EELEC  =    -21900.3939  EHBOND  =         0.0000  RESTRAINT  =         2.5958
 EAMBER (non-restraint)  =    -18062.0497
 EKCMT  =         0.0000  VIRIAL  =         0.0000  VOLUME     =     57937.3289
                                                    Density    =         1.0040
 ------------------------------------------------------------------------------

| Attempting MC barostat change: Failed
| Attempting MC barostat change: Failed
| Attempting MC barostat change: Succeeded
| Attempting MC barostat change: Failed
| Attempting MC barostat change: Failed
| Attempting MC barostat change: Succeeded
| Attempting MC barostat change: Failed
| Attempting MC barostat change: Failed
| Attempting MC barostat change: Succeeded
| Attempting MC barostat change: Succeeded

 NSTEP =    16000   TIME(PS) =     732.000  TEMP(K) =   293.68  PRESS =     0.0
 Etot   =    -14663.7572  EKtot   =      3413.1790  EPtot      =    -18076.9362
 BOND   =        58.5016  ANGLE   =       166.3658  DIHED      =       257.5039
 1-4 NB =        72.3399  1-4 EEL =       874.7964  VDWAALS    =      2495.9542
 EELEC  =    -22005.2970  EHBOND  =         0.0000  RESTRAINT  =         2.8991
 EAMBER (non-restraint)  =    -18079.8353
 EKCMT  =         0.0000  VIRIAL  =         0.0000  VOLUME     =     58107.1130
                                                    Density    =         1.0011
 ------------------------------------------------------------------------------

| Attempting MC barostat change: Failed
| Attempting MC barostat change: Failed
| Attempting MC barostat change: Succeeded
| Attempting MC barostat change: Succeeded
| Attempting MC barostat change: Succeeded
| Attempting MC barostat change: Succeeded
| Attempting MC barostat change: Failed
| Attempting MC barostat change: Succeeded
| Attempting MC barostat change: Failed
| Attempting MC barostat change: Failed

 NSTEP =    17000   TIME(PS) =     734.000  TEMP(K) =   296.43  PRESS =     0.0
 Etot   =    -14525.1558  EKtot   =      3445.1038  EPtot      =    -17970.2596
 BOND   =        58.3951  ANGLE   =       174.4544  DIHED      =       246.8906
 1-4 NB =        63.5611  1-4 EEL =       866.3129  VDWAALS    =      2398.9438
 EELEC  =    -21784.6722  EHBOND  =         0.0000  RESTRAINT  =         5.8547
 EAMBER (non-restraint)  =    -17976.1142
 EKCMT  =         0.0000  VIRIAL  =         0.0000  VOLUME     =     58090.7604
                                                    Density    =         1.0014
 ------------------------------------------------------------------------------

| Attempting MC barostat change: Succeeded
| Attempting MC barostat change: Succeeded
| Attempting MC barostat change: Failed
| Attempting MC barostat change: Failed
| Attempting MC barostat change: Failed
| Attempting MC barostat change: Succeeded
| Attempting MC barostat change: Succeeded
| Attempting MC barostat change: Succeeded
| Attempting MC barostat change: Failed
| Attempting MC barostat change: Failed

 NSTEP =    18000   TIME(PS) =     736.000  TEMP(K) =   297.72  PRESS =     0.0
 Etot   =    -14519.0189  EKtot   =      3460.0979  EPtot      =    -17979.1168
 BOND   =        56.1299  ANGLE   =       137.7668  DIHED      =       252.8888
 1-4 NB =        62.3494  1-4 EEL =       877.7155  VDWAALS    =      2498.2048
 EELEC  =    -21868.5943  EHBOND  =         0.0000  RESTRAINT  =         4.4222
 EAMBER (non-restraint)  =    -17983.5390
 EKCMT  =         0.0000  VIRIAL  =         0.0000  VOLUME     =     58541.2751
                                                    Density    =         0.9937
 ------------------------------------------------------------------------------

| Attempting MC barostat change: Succeeded
| Attempting MC barostat change: Succeeded
| Attempting MC barostat change: Failed
| Attempting MC barostat change: Failed
| Attempting MC barostat change: Failed
| Attempting MC barostat change: Failed
| Attempting MC barostat change: Failed
| Attempting MC barostat change: Failed
| Attempting MC barostat change: Failed
| Attempting MC barostat change: Succeeded

 NSTEP =    19000   TIME(PS) =     738.000  TEMP(K) =   293.43  PRESS =     0.0
 Etot   =    -14612.8380  EKtot   =      3410.2925  EPtot      =    -18023.1305
 BOND   =        62.8307  ANGLE   =       159.5093  DIHED      =       246.4874
 1-4 NB =        69.6491  1-4 EEL =       872.6288  VDWAALS    =      2372.7388
 EELEC  =    -21810.4004  EHBOND  =         0.0000  RESTRAINT  =         3.4258
 EAMBER (non-restraint)  =    -18026.5563
 EKCMT  =         0.0000  VIRIAL  =         0.0000  VOLUME     =     58619.7066
                                                    Density    =         0.9924
 ------------------------------------------------------------------------------

| Attempting MC barostat change: Failed
| Attempting MC barostat change: Failed
| Attempting MC barostat change: Failed
| Attempting MC barostat change: Failed
| Attempting MC barostat change: Failed
| Attempting MC barostat change: Succeeded
| Attempting MC barostat change: Failed
| Attempting MC barostat change: Failed
| Attempting MC barostat change: Failed
| Attempting MC barostat change: Succeeded

 NSTEP =    20000   TIME(PS) =     740.000  TEMP(K) =   296.75  PRESS =     0.0
 Etot   =    -14519.9338  EKtot   =      3448.8965  EPtot      =    -17968.8303
 BOND   =        70.6309  ANGLE   =       161.7110  DIHED      =       244.7412
 1-4 NB =        69.0165  1-4 EEL =       865.5640  VDWAALS    =      2480.7041
 EELEC  =    -21865.8203  EHBOND  =         0.0000  RESTRAINT  =         4.6223
 EAMBER (non-restraint)  =    -17973.4526
 EKCMT  =         0.0000  VIRIAL  =         0.0000  VOLUME     =     58636.8977
                                                    Density    =         0.9921
 ------------------------------------------------------------------------------

| Attempting MC barostat change: Succeeded
| Attempting MC barostat change: Failed
| Attempting MC barostat change: Succeeded
| Attempting MC barostat change: Failed
| Attempting MC barostat change: Succeeded
| Attempting MC barostat change: Failed
| Attempting MC barostat change: Succeeded
| Attempting MC barostat change: Failed
| Attempting MC barostat change: Failed
| Attempting MC barostat change: Succeeded

 NSTEP =    21000   TIME(PS) =     742.000  TEMP(K) =   302.70  PRESS =     0.0
 Etot   =    -14471.8717  EKtot   =      3517.9858  EPtot      =    -17989.8575
 BOND   =        66.3716  ANGLE   =       166.2019  DIHED      =       248.9098
 1-4 NB =        65.1214  1-4 EEL =       882.1954  VDWAALS    =      2425.3012
 EELEC  =    -21847.7822  EHBOND  =         0.0000  RESTRAINT  =         3.8235
 EAMBER (non-restraint)  =    -17993.6810
 EKCMT  =         0.0000  VIRIAL  =         0.0000  VOLUME     =     58221.9376
                                                    Density    =         0.9991
 ------------------------------------------------------------------------------

| Attempting MC barostat change: Succeeded
| Attempting MC barostat change: Failed
| Attempting MC barostat change: Succeeded
| Attempting MC barostat change: Failed
| Attempting MC barostat change: Failed
| Attempting MC barostat change: Failed
| Attempting MC barostat change: Failed
| Attempting MC barostat change: Failed
| Attempting MC barostat change: Failed
| Attempting MC barostat change: Failed

 NSTEP =    22000   TIME(PS) =     744.000  TEMP(K) =   305.10  PRESS =     0.0
 Etot   =    -14460.2442  EKtot   =      3545.8940  EPtot      =    -18006.1383
 BOND   =        55.8163  ANGLE   =       162.0050  DIHED      =       244.4768
 1-4 NB =        63.8588  1-4 EEL =       859.0974  VDWAALS    =      2483.8140
 EELEC  =    -21880.2536  EHBOND  =         0.0000  RESTRAINT  =         5.0471
 EAMBER (non-restraint)  =    -18011.1853
 EKCMT  =         0.0000  VIRIAL  =         0.0000  VOLUME     =     58155.8773
                                                    Density    =         1.0003
 ------------------------------------------------------------------------------

| Attempting MC barostat change: Failed
| Attempting MC barostat change: Succeeded
| Attempting MC barostat change: Failed
| Attempting MC barostat change: Succeeded
| Attempting MC barostat change: Failed
| Attempting MC barostat change: Succeeded
| Attempting MC barostat change: Succeeded
| Attempting MC barostat change: Succeeded
| Attempting MC barostat change: Failed
| Attempting MC barostat change: Succeeded

 NSTEP =    23000   TIME(PS) =     746.000  TEMP(K) =   302.47  PRESS =     0.0
 Etot   =    -14524.1160  EKtot   =      3515.3799  EPtot      =    -18039.4959
 BOND   =        54.9408  ANGLE   =       160.6450  DIHED      =       251.7788
 1-4 NB =        63.8695  1-4 EEL =       860.9149  VDWAALS    =      2432.0659
 EELEC  =    -21870.5746  EHBOND  =         0.0000  RESTRAINT  =         6.8638
 EAMBER (non-restraint)  =    -18046.3597
 EKCMT  =         0.0000  VIRIAL  =         0.0000  VOLUME     =     58091.8595
                                                    Density    =         1.0014
 ------------------------------------------------------------------------------

| Attempting MC barostat change: Succeeded
| Attempting MC barostat change: Succeeded
| Attempting MC barostat change: Failed
| Attempting MC barostat change: Failed
| Attempting MC barostat change: Succeeded
| Attempting MC barostat change: Failed
| Attempting MC barostat change: Failed
| Attempting MC barostat change: Failed
| Attempting MC barostat change: Failed
| Attempting MC barostat change: Succeeded

 NSTEP =    24000   TIME(PS) =     748.000  TEMP(K) =   299.58  PRESS =     0.0
 Etot   =    -14544.0981  EKtot   =      3481.6885  EPtot      =    -18025.7866
 BOND   =        58.0101  ANGLE   =       158.1922  DIHED      =       258.1314
 1-4 NB =        66.3560  1-4 EEL =       870.0494  VDWAALS    =      2431.1310
 EELEC  =    -21871.3158  EHBOND  =         0.0000  RESTRAINT  =         3.6593
 EAMBER (non-restraint)  =    -18029.4459
 EKCMT  =         0.0000  VIRIAL  =         0.0000  VOLUME     =     58335.3057
                                                    Density    =         0.9972
 ------------------------------------------------------------------------------

| Attempting MC barostat change: Succeeded
| Attempting MC barostat change: Succeeded
| Attempting MC barostat change: Succeeded
| Attempting MC barostat change: Failed
| Attempting MC barostat change: Failed
| Attempting MC barostat change: Succeeded
| Attempting MC barostat change: Failed
| Attempting MC barostat change: Succeeded
| Attempting MC barostat change: Succeeded
| Attempting MC barostat change: Failed

 NSTEP =    25000   TIME(PS) =     750.000  TEMP(K) =   303.35  PRESS =     0.0
 Etot   =    -14507.4411  EKtot   =      3525.6074  EPtot      =    -18033.0486
 BOND   =        60.9012  ANGLE   =       166.7308  DIHED      =       251.7599
 1-4 NB =        67.7512  1-4 EEL =       853.0143  VDWAALS    =      2328.3517
 EELEC  =    -21766.3574  EHBOND  =         0.0000  RESTRAINT  =         4.7997
 EAMBER (non-restraint)  =    -18037.8482
 EKCMT  =         0.0000  VIRIAL  =         0.0000  VOLUME     =     57610.7005
                                                    Density    =         1.0097
 ------------------------------------------------------------------------------

| Attempting MC barostat change: Failed
| Attempting MC barostat change: Failed
| Attempting MC barostat change: Failed
| Attempting MC barostat change: Succeeded
| Attempting MC barostat change: Succeeded
| Attempting MC barostat change: Succeeded
| Attempting MC barostat change: Failed
| Attempting MC barostat change: Succeeded
| Attempting MC barostat change: Failed
| Attempting MC barostat change: Succeeded

 NSTEP =    26000   TIME(PS) =     752.000  TEMP(K) =   301.88  PRESS =     0.0
 Etot   =    -14503.9387  EKtot   =      3508.4409  EPtot      =    -18012.3796
 BOND   =        56.0971  ANGLE   =       147.8390  DIHED      =       250.1286
 1-4 NB =        67.6969  1-4 EEL =       873.9066  VDWAALS    =      2469.6180
 EELEC  =    -21883.6422  EHBOND  =         0.0000  RESTRAINT  =         5.9763
 EAMBER (non-restraint)  =    -18018.3559
 EKCMT  =         0.0000  VIRIAL  =         0.0000  VOLUME     =     57957.4749
                                                    Density    =         1.0037
 ------------------------------------------------------------------------------

| Attempting MC barostat change: Succeeded
| Attempting MC barostat change: Succeeded
| Attempting MC barostat change: Failed
| Attempting MC barostat change: Failed
| Attempting MC barostat change: Succeeded
| Attempting MC barostat change: Failed
| Attempting MC barostat change: Succeeded
| Attempting MC barostat change: Succeeded
| Attempting MC barostat change: Succeeded
| Attempting MC barostat change: Succeeded

 NSTEP =    27000   TIME(PS) =     754.000  TEMP(K) =   299.53  PRESS =     0.0
 Etot   =    -14552.5208  EKtot   =      3481.1331  EPtot      =    -18033.6539
 BOND   =        62.0065  ANGLE   =       168.5546  DIHED      =       248.0175
 1-4 NB =        68.2900  1-4 EEL =       860.1199  VDWAALS    =      2310.8334
 EELEC  =    -21760.3439  EHBOND  =         0.0000  RESTRAINT  =         8.8681
 EAMBER (non-restraint)  =    -18042.5220
 EKCMT  =         0.0000  VIRIAL  =         0.0000  VOLUME     =     58045.6755
                                                    Density    =         1.0022
 ------------------------------------------------------------------------------

| Attempting MC barostat change: Succeeded
| Attempting MC barostat change: Failed
| Attempting MC barostat change: Succeeded
| Attempting MC barostat change: Succeeded
| Attempting MC barostat change: Succeeded
| Attempting MC barostat change: Failed
| Attempting MC barostat change: Failed
| Attempting MC barostat change: Succeeded
| Attempting MC barostat change: Succeeded
| Attempting MC barostat change: Failed

 NSTEP =    28000   TIME(PS) =     756.000  TEMP(K) =   299.34  PRESS =     0.0
 Etot   =    -14538.0754  EKtot   =      3478.9700  EPtot      =    -18017.0453
 BOND   =        57.5320  ANGLE   =       149.7808  DIHED      =       242.9266
 1-4 NB =        64.3805  1-4 EEL =       867.6261  VDWAALS    =      2513.3173
 EELEC  =    -21918.2538  EHBOND  =         0.0000  RESTRAINT  =         5.6452
 EAMBER (non-restraint)  =    -18022.6905
 EKCMT  =         0.0000  VIRIAL  =         0.0000  VOLUME     =     58336.7049
                                                    Density    =         0.9972
 ------------------------------------------------------------------------------

| Attempting MC barostat change: Succeeded
| Attempting MC barostat change: Failed
| Attempting MC barostat change: Succeeded
| Attempting MC barostat change: Failed
| Attempting MC barostat change: Succeeded
| Attempting MC barostat change: Failed
| Attempting MC barostat change: Succeeded
| Attempting MC barostat change: Failed
| Attempting MC barostat change: Failed
| Attempting MC barostat change: Failed

 NSTEP =    29000   TIME(PS) =     758.000  TEMP(K) =   301.91  PRESS =     0.0
 Etot   =    -14523.0949  EKtot   =      3508.7827  EPtot      =    -18031.8776
 BOND   =        67.8683  ANGLE   =       150.5566  DIHED      =       241.8318
 1-4 NB =        67.6486  1-4 EEL =       879.7165  VDWAALS    =      2435.1090
 EELEC  =    -21877.6113  EHBOND  =         0.0000  RESTRAINT  =         3.0029
 EAMBER (non-restraint)  =    -18034.8805
 EKCMT  =         0.0000  VIRIAL  =         0.0000  VOLUME     =     58055.6562
                                                    Density    =         1.0020
 ------------------------------------------------------------------------------

| Attempting MC barostat change: Succeeded
| Attempting MC barostat change: Succeeded
| Attempting MC barostat change: Succeeded
| Attempting MC barostat change: Failed
| Attempting MC barostat change: Succeeded
| Attempting MC barostat change: Succeeded
| Attempting MC barostat change: Succeeded
| Attempting MC barostat change: Failed
| Attempting MC barostat change: Succeeded
| Attempting MC barostat change: Failed

 NSTEP =    30000   TIME(PS) =     760.000  TEMP(K) =   297.25  PRESS =     0.0
 Etot   =    -14622.3087  EKtot   =      3454.6094  EPtot      =    -18076.9180
 BOND   =        51.0858  ANGLE   =       181.6350  DIHED      =       246.4635
 1-4 NB =        74.1785  1-4 EEL =       864.6391  VDWAALS    =      2382.1730
 EELEC  =    -21882.9607  EHBOND  =         0.0000  RESTRAINT  =         5.8680
 EAMBER (non-restraint)  =    -18082.7861
 EKCMT  =         0.0000  VIRIAL  =         0.0000  VOLUME     =     57448.2405
                                                    Density    =         1.0126
 ------------------------------------------------------------------------------

| Attempting MC barostat change: Failed
| Attempting MC barostat change: Succeeded
| Attempting MC barostat change: Failed
| Attempting MC barostat change: Succeeded
| Attempting MC barostat change: Failed
| Attempting MC barostat change: Failed
| Attempting MC barostat change: Failed
| Attempting MC barostat change: Succeeded
| Attempting MC barostat change: Failed
| Attempting MC barostat change: Succeeded

 NSTEP =    31000   TIME(PS) =     762.000  TEMP(K) =   301.19  PRESS =     0.0
 Etot   =    -14564.7472  EKtot   =      3500.4441  EPtot      =    -18065.1913
 BOND   =        57.4406  ANGLE   =       168.0550  DIHED      =       255.8152
 1-4 NB =        64.4301  1-4 EEL =       869.3775  VDWAALS    =      2422.0307
 EELEC  =    -21906.1434  EHBOND  =         0.0000  RESTRAINT  =         3.8030
 EAMBER (non-restraint)  =    -18068.9943
 EKCMT  =         0.0000  VIRIAL  =         0.0000  VOLUME     =     57183.1469
                                                    Density    =         1.0173
 ------------------------------------------------------------------------------

| Attempting MC barostat change: Succeeded
| Attempting MC barostat change: Succeeded
| Attempting MC barostat change: Succeeded
| Attempting MC barostat change: Succeeded
| Attempting MC barostat change: Succeeded
| Attempting MC barostat change: Failed
| Attempting MC barostat change: Succeeded
| Attempting MC barostat change: Succeeded
| Attempting MC barostat change: Succeeded
| Attempting MC barostat change: Succeeded

 NSTEP =    32000   TIME(PS) =     764.000  TEMP(K) =   293.69  PRESS =     0.0
 Etot   =    -14531.8479  EKtot   =      3413.2583  EPtot      =    -17945.1062
 BOND   =        54.8467  ANGLE   =       150.4386  DIHED      =       249.7674
 1-4 NB =        64.6116  1-4 EEL =       879.3219  VDWAALS    =      2326.6350
 EELEC  =    -21674.6617  EHBOND  =         0.0000  RESTRAINT  =         3.9342
 EAMBER (non-restraint)  =    -17949.0404
 EKCMT  =         0.0000  VIRIAL  =         0.0000  VOLUME     =     58224.2368
                                                    Density    =         0.9991
 ------------------------------------------------------------------------------

| Attempting MC barostat change: Succeeded
| Attempting MC barostat change: Failed
| Attempting MC barostat change: Failed
| Attempting MC barostat change: Succeeded
| Attempting MC barostat change: Failed
| Attempting MC barostat change: Failed
| Attempting MC barostat change: Failed
| Attempting MC barostat change: Failed
| Attempting MC barostat change: Failed
| Attempting MC barostat change: Failed

 NSTEP =    33000   TIME(PS) =     766.000  TEMP(K) =   292.53  PRESS =     0.0
 Etot   =    -14521.2528  EKtot   =      3399.8140  EPtot      =    -17921.0668
 BOND   =        59.6072  ANGLE   =       159.7961  DIHED      =       257.1552
 1-4 NB =        69.5037  1-4 EEL =       868.3026  VDWAALS    =      2329.2471
 EELEC  =    -21667.9927  EHBOND  =         0.0000  RESTRAINT  =         3.3141
 EAMBER (non-restraint)  =    -17924.3809
 EKCMT  =         0.0000  VIRIAL  =         0.0000  VOLUME     =     58012.7453
                                                    Density    =         1.0027
 ------------------------------------------------------------------------------

| Attempting MC barostat change: Failed
| Attempting MC barostat change: Failed
| Attempting MC barostat change: Failed
| Attempting MC barostat change: Failed
| Attempting MC barostat change: Succeeded
| Attempting MC barostat change: Failed
| Attempting MC barostat change: Failed
| Attempting MC barostat change: Failed
| Attempting MC barostat change: Failed
| Attempting MC barostat change: Failed

 NSTEP =    34000   TIME(PS) =     768.000  TEMP(K) =   302.16  PRESS =     0.0
 Etot   =    -14564.3093  EKtot   =      3511.7246  EPtot      =    -18076.0339
 BOND   =        62.0322  ANGLE   =       156.4032  DIHED      =       245.7075
 1-4 NB =        64.5737  1-4 EEL =       856.4654  VDWAALS    =      2383.3576
 EELEC  =    -21847.0433  EHBOND  =         0.0000  RESTRAINT  =         2.4698
 EAMBER (non-restraint)  =    -18078.5037
 EKCMT  =         0.0000  VIRIAL  =         0.0000  VOLUME     =     57936.6094
                                                    Density    =         1.0041
 ------------------------------------------------------------------------------

| Attempting MC barostat change: Succeeded
| Attempting MC barostat change: Succeeded
| Attempting MC barostat change: Failed
| Attempting MC barostat change: Succeeded
| Attempting MC barostat change: Failed
| Attempting MC barostat change: Succeeded
| Attempting MC barostat change: Succeeded
| Attempting MC barostat change: Failed
| Attempting MC barostat change: Succeeded
| Attempting MC barostat change: Succeeded

 NSTEP =    35000   TIME(PS) =     770.000  TEMP(K) =   298.11  PRESS =     0.0
 Etot   =    -14505.6579  EKtot   =      3464.6470  EPtot      =    -17970.3049
 BOND   =        50.4520  ANGLE   =       164.6856  DIHED      =       238.2745
 1-4 NB =        68.3421  1-4 EEL =       875.2849  VDWAALS    =      2512.4283
 EELEC  =    -21885.3710  EHBOND  =         0.0000  RESTRAINT  =         5.5987
 EAMBER (non-restraint)  =    -17975.9036
 EKCMT  =         0.0000  VIRIAL  =         0.0000  VOLUME     =     58165.2485
                                                    Density    =         1.0001
 ------------------------------------------------------------------------------

| Attempting MC barostat change: Failed
| Attempting MC barostat change: Succeeded
| Attempting MC barostat change: Succeeded
| Attempting MC barostat change: Failed
| Attempting MC barostat change: Failed
| Attempting MC barostat change: Succeeded
| Attempting MC barostat change: Succeeded
| Attempting MC barostat change: Failed
| Attempting MC barostat change: Succeeded
| Attempting MC barostat change: Failed

 NSTEP =    36000   TIME(PS) =     772.000  TEMP(K) =   300.87  PRESS =     0.0
 Etot   =    -14534.2735  EKtot   =      3496.7449  EPtot      =    -18031.0184
 BOND   =        62.7368  ANGLE   =       158.3633  DIHED      =       237.4604
 1-4 NB =        71.6546  1-4 EEL =       879.2984  VDWAALS    =      2450.6675
 EELEC  =    -21894.7302  EHBOND  =         0.0000  RESTRAINT  =         3.5308
 EAMBER (non-restraint)  =    -18034.5492
 EKCMT  =         0.0000  VIRIAL  =         0.0000  VOLUME     =     58521.3810
                                                    Density    =         0.9940
 ------------------------------------------------------------------------------

| Attempting MC barostat change: Failed
| Attempting MC barostat change: Failed
| Attempting MC barostat change: Succeeded
| Attempting MC barostat change: Failed
| Attempting MC barostat change: Failed
| Attempting MC barostat change: Succeeded
| Attempting MC barostat change: Failed
| Attempting MC barostat change: Succeeded
| Attempting MC barostat change: Failed
| Attempting MC barostat change: Succeeded

 NSTEP =    37000   TIME(PS) =     774.000  TEMP(K) =   304.76  PRESS =     0.0
 Etot   =    -14441.0446  EKtot   =      3541.9868  EPtot      =    -17983.0314
 BOND   =        54.3475  ANGLE   =       153.1258  DIHED      =       247.9274
 1-4 NB =        64.0775  1-4 EEL =       863.4537  VDWAALS    =      2428.9056
 EELEC  =    -21798.2112  EHBOND  =         0.0000  RESTRAINT  =         3.3422
 EAMBER (non-restraint)  =    -17986.3736
 EKCMT  =         0.0000  VIRIAL  =         0.0000  VOLUME     =     58253.9891
                                                    Density    =         0.9986
 ------------------------------------------------------------------------------

| Attempting MC barostat change: Failed
| Attempting MC barostat change: Succeeded
| Attempting MC barostat change: Failed
| Attempting MC barostat change: Failed
| Attempting MC barostat change: Succeeded
| Attempting MC barostat change: Succeeded
| Attempting MC barostat change: Failed
| Attempting MC barostat change: Failed
| Attempting MC barostat change: Failed
| Attempting MC barostat change: Failed

 NSTEP =    38000   TIME(PS) =     776.000  TEMP(K) =   299.40  PRESS =     0.0
 Etot   =    -14495.8111  EKtot   =      3479.6665  EPtot      =    -17975.4776
 BOND   =        65.3991  ANGLE   =       160.3211  DIHED      =       241.4602
 1-4 NB =        73.7523  1-4 EEL =       859.3387  VDWAALS    =      2439.5260
 EELEC  =    -21820.6954  EHBOND  =         0.0000  RESTRAINT  =         5.4204
 EAMBER (non-restraint)  =    -17980.8980
 EKCMT  =         0.0000  VIRIAL  =         0.0000  VOLUME     =     58583.4027
                                                    Density    =         0.9930
 ------------------------------------------------------------------------------

| Attempting MC barostat change: Succeeded
| Attempting MC barostat change: Failed
| Attempting MC barostat change: Succeeded
| Attempting MC barostat change: Succeeded
| Attempting MC barostat change: Succeeded
| Attempting MC barostat change: Succeeded
| Attempting MC barostat change: Failed
| Attempting MC barostat change: Succeeded
| Attempting MC barostat change: Failed
| Attempting MC barostat change: Failed

 NSTEP =    39000   TIME(PS) =     778.000  TEMP(K) =   305.74  PRESS =     0.0
 Etot   =    -14405.1458  EKtot   =      3553.3518  EPtot      =    -17958.4976
 BOND   =        61.1436  ANGLE   =       171.3500  DIHED      =       245.4154
 1-4 NB =        60.6833  1-4 EEL =       851.3658  VDWAALS    =      2382.9600
 EELEC  =    -21736.4711  EHBOND  =         0.0000  RESTRAINT  =         5.0553
 EAMBER (non-restraint)  =    -17963.5530
 EKCMT  =         0.0000  VIRIAL  =         0.0000  VOLUME     =     58021.6110
                                                    Density    =         1.0026
 ------------------------------------------------------------------------------

| Attempting MC barostat change: Succeeded
| Attempting MC barostat change: Succeeded
| Attempting MC barostat change: Succeeded
| Attempting MC barostat change: Succeeded
| Attempting MC barostat change: Failed
| Attempting MC barostat change: Succeeded
| Attempting MC barostat change: Failed
| Attempting MC barostat change: Failed
| Attempting MC barostat change: Failed
| Attempting MC barostat change: Succeeded

 NSTEP =    40000   TIME(PS) =     780.000  TEMP(K) =   302.42  PRESS =     0.0
 Etot   =    -14527.6988  EKtot   =      3514.6963  EPtot      =    -18042.3951
 BOND   =        56.2039  ANGLE   =       154.6087  DIHED      =       259.1144
 1-4 NB =        70.5925  1-4 EEL =       878.8515  VDWAALS    =      2336.4550
 EELEC  =    -21801.8499  EHBOND  =         0.0000  RESTRAINT  =         3.6289
 EAMBER (non-restraint)  =    -18046.0239
 EKCMT  =         0.0000  VIRIAL  =         0.0000  VOLUME     =     57885.5909
                                                    Density    =         1.0049
 ------------------------------------------------------------------------------

| Attempting MC barostat change: Succeeded
| Attempting MC barostat change: Failed
| Attempting MC barostat change: Failed
| Attempting MC barostat change: Failed
| Attempting MC barostat change: Failed
| Attempting MC barostat change: Succeeded
| Attempting MC barostat change: Failed
| Attempting MC barostat change: Failed
| Attempting MC barostat change: Failed
| Attempting MC barostat change: Failed

 NSTEP =    41000   TIME(PS) =     782.000  TEMP(K) =   297.89  PRESS =     0.0
 Etot   =    -14639.0773  EKtot   =      3462.1606  EPtot      =    -18101.2380
 BOND   =        58.8626  ANGLE   =       164.8877  DIHED      =       242.8204
 1-4 NB =        69.5977  1-4 EEL =       879.9366  VDWAALS    =      2449.8010
 EELEC  =    -21971.2990  EHBOND  =         0.0000  RESTRAINT  =         4.1550
 EAMBER (non-restraint)  =    -18105.3930
 EKCMT  =         0.0000  VIRIAL  =         0.0000  VOLUME     =     57962.3720
                                                    Density    =         1.0036
 ------------------------------------------------------------------------------

| Attempting MC barostat change: Failed
| Attempting MC barostat change: Failed
| Attempting MC barostat change: Failed
| Attempting MC barostat change: Succeeded
| Attempting MC barostat change: Failed
| Attempting MC barostat change: Failed
| Attempting MC barostat change: Failed
| Attempting MC barostat change: Failed
| Attempting MC barostat change: Failed
| Attempting MC barostat change: Failed

 NSTEP =    42000   TIME(PS) =     784.000  TEMP(K) =   301.26  PRESS =     0.0
 Etot   =    -14498.0726  EKtot   =      3501.2725  EPtot      =    -17999.3451
 BOND   =        64.8688  ANGLE   =       146.7654  DIHED      =       250.9438
 1-4 NB =        64.9372  1-4 EEL =       847.3234  VDWAALS    =      2456.0002
 EELEC  =    -21834.9218  EHBOND  =         0.0000  RESTRAINT  =         4.7379
 EAMBER (non-restraint)  =    -18004.0830
 EKCMT  =         0.0000  VIRIAL  =         0.0000  VOLUME     =     57771.2768
                                                    Density    =         1.0069
 ------------------------------------------------------------------------------

| Attempting MC barostat change: Succeeded
| Attempting MC barostat change: Failed
| Attempting MC barostat change: Failed
| Attempting MC barostat change: Failed
| Attempting MC barostat change: Failed
| Attempting MC barostat change: Failed
| Attempting MC barostat change: Failed
| Attempting MC barostat change: Failed
| Attempting MC barostat change: Succeeded
| Attempting MC barostat change: Failed

 NSTEP =    43000   TIME(PS) =     786.000  TEMP(K) =   299.26  PRESS =     0.0
 Etot   =    -14611.3446  EKtot   =      3478.0825  EPtot      =    -18089.4271
 BOND   =        58.8181  ANGLE   =       158.3674  DIHED      =       247.4067
 1-4 NB =        67.8383  1-4 EEL =       868.2676  VDWAALS    =      2361.1027
 EELEC  =    -21857.1952  EHBOND  =         0.0000  RESTRAINT  =         5.9673
 EAMBER (non-restraint)  =    -18095.3944
 EKCMT  =         0.0000  VIRIAL  =         0.0000  VOLUME     =     57880.3336
                                                    Density    =         1.0050
 ------------------------------------------------------------------------------

| Attempting MC barostat change: Succeeded
| Attempting MC barostat change: Failed
| Attempting MC barostat change: Failed
| Attempting MC barostat change: Succeeded
| Attempting MC barostat change: Failed
| Attempting MC barostat change: Succeeded
| Attempting MC barostat change: Succeeded
| Attempting MC barostat change: Succeeded
| Attempting MC barostat change: Failed
| Attempting MC barostat change: Succeeded

 NSTEP =    44000   TIME(PS) =     788.000  TEMP(K) =   297.16  PRESS =     0.0
 Etot   =    -14618.5785  EKtot   =      3453.5884  EPtot      =    -18072.1669
 BOND   =        66.9760  ANGLE   =       135.5418  DIHED      =       252.5269
 1-4 NB =        62.7445  1-4 EEL =       868.8368  VDWAALS    =      2503.7225
 EELEC  =    -21972.2666  EHBOND  =         0.0000  RESTRAINT  =         9.7513
 EAMBER (non-restraint)  =    -18081.9181
 EKCMT  =         0.0000  VIRIAL  =         0.0000  VOLUME     =     58177.1577
                                                    Density    =         0.9999
 ------------------------------------------------------------------------------

| Attempting MC barostat change: Failed
| Attempting MC barostat change: Failed
| Attempting MC barostat change: Failed
| Attempting MC barostat change: Failed
| Attempting MC barostat change: Succeeded
| Attempting MC barostat change: Succeeded
| Attempting MC barostat change: Failed
| Attempting MC barostat change: Succeeded
| Attempting MC barostat change: Succeeded
| Attempting MC barostat change: Failed

 NSTEP =    45000   TIME(PS) =     790.000  TEMP(K) =   302.81  PRESS =     0.0
 Etot   =    -14559.8614  EKtot   =      3519.2417  EPtot      =    -18079.1031
 BOND   =        55.5823  ANGLE   =       145.7808  DIHED      =       247.6712
 1-4 NB =        70.9342  1-4 EEL =       885.9380  VDWAALS    =      2334.3071
 EELEC  =    -21822.0432  EHBOND  =         0.0000  RESTRAINT  =         2.7264
 EAMBER (non-restraint)  =    -18081.8295
 EKCMT  =         0.0000  VIRIAL  =         0.0000  VOLUME     =     58222.1242
                                                    Density    =         0.9991
 ------------------------------------------------------------------------------

| Attempting MC barostat change: Succeeded
| Attempting MC barostat change: Failed
| Attempting MC barostat change: Failed
| Attempting MC barostat change: Succeeded
| Attempting MC barostat change: Succeeded
| Attempting MC barostat change: Succeeded
| Attempting MC barostat change: Failed
| Attempting MC barostat change: Failed
| Attempting MC barostat change: Failed
| Attempting MC barostat change: Failed

 NSTEP =    46000   TIME(PS) =     792.000  TEMP(K) =   298.83  PRESS =     0.0
 Etot   =    -14580.7305  EKtot   =      3473.0171  EPtot      =    -18053.7476
 BOND   =        71.5305  ANGLE   =       149.7935  DIHED      =       251.9750
 1-4 NB =        58.4410  1-4 EEL =       860.7794  VDWAALS    =      2429.3129
 EELEC  =    -21879.0067  EHBOND  =         0.0000  RESTRAINT  =         3.4268
 EAMBER (non-restraint)  =    -18057.1744
 EKCMT  =         0.0000  VIRIAL  =         0.0000  VOLUME     =     57803.7321
                                                    Density    =         1.0064
 ------------------------------------------------------------------------------

| Attempting MC barostat change: Succeeded
| Attempting MC barostat change: Succeeded
| Attempting MC barostat change: Failed
| Attempting MC barostat change: Failed
| Attempting MC barostat change: Failed
| Attempting MC barostat change: Failed
| Attempting MC barostat change: Succeeded
| Attempting MC barostat change: Succeeded
| Attempting MC barostat change: Succeeded
| Attempting MC barostat change: Failed

 NSTEP =    47000   TIME(PS) =     794.000  TEMP(K) =   293.23  PRESS =     0.0
 Etot   =    -14585.1703  EKtot   =      3407.9106  EPtot      =    -17993.0809
 BOND   =        67.8194  ANGLE   =       173.2499  DIHED      =       249.0141
 1-4 NB =        68.1748  1-4 EEL =       844.1775  VDWAALS    =      2421.0273
 EELEC  =    -21820.3079  EHBOND  =         0.0000  RESTRAINT  =         3.7640
 EAMBER (non-restraint)  =    -17996.8449
 EKCMT  =         0.0000  VIRIAL  =         0.0000  VOLUME     =     58111.0688
                                                    Density    =         1.0010
 ------------------------------------------------------------------------------

| Attempting MC barostat change: Succeeded
| Attempting MC barostat change: Succeeded
| Attempting MC barostat change: Failed
| Attempting MC barostat change: Failed
| Attempting MC barostat change: Failed
| Attempting MC barostat change: Failed
| Attempting MC barostat change: Failed
| Attempting MC barostat change: Succeeded
| Attempting MC barostat change: Failed
| Attempting MC barostat change: Failed

 NSTEP =    48000   TIME(PS) =     796.000  TEMP(K) =   299.93  PRESS =     0.0
 Etot   =    -14475.4395  EKtot   =      3485.7764  EPtot      =    -17961.2159
 BOND   =        67.0198  ANGLE   =       178.1774  DIHED      =       251.1825
 1-4 NB =        65.2817  1-4 EEL =       856.9116  VDWAALS    =      2441.9074
 EELEC  =    -21823.5420  EHBOND  =         0.0000  RESTRAINT  =         1.8456
 EAMBER (non-restraint)  =    -17963.0615
 EKCMT  =         0.0000  VIRIAL  =         0.0000  VOLUME     =     57769.9815
                                                    Density    =         1.0069
 ------------------------------------------------------------------------------

| Attempting MC barostat change: Failed
| Attempting MC barostat change: Failed
| Attempting MC barostat change: Succeeded
| Attempting MC barostat change: Succeeded
| Attempting MC barostat change: Succeeded
| Attempting MC barostat change: Failed
| Attempting MC barostat change: Succeeded
| Attempting MC barostat change: Succeeded
| Attempting MC barostat change: Succeeded
| Attempting MC barostat change: Failed

 NSTEP =    49000   TIME(PS) =     798.000  TEMP(K) =   296.61  PRESS =     0.0
 Etot   =    -14628.6714  EKtot   =      3447.2393  EPtot      =    -18075.9106
 BOND   =        49.4912  ANGLE   =       156.3667  DIHED      =       245.4037
 1-4 NB =        65.9462  1-4 EEL =       872.7815  VDWAALS    =      2475.2175
 EELEC  =    -21944.5398  EHBOND  =         0.0000  RESTRAINT  =         3.4223
 EAMBER (non-restraint)  =    -18079.3330
 EKCMT  =         0.0000  VIRIAL  =         0.0000  VOLUME     =     58119.6635
                                                    Density    =         1.0009
 ------------------------------------------------------------------------------

| Attempting MC barostat change: Failed
| Attempting MC barostat change: Failed
| Attempting MC barostat change: Failed
| Attempting MC barostat change: Failed
| Attempting MC barostat change: Succeeded
| Attempting MC barostat change: Failed
| Attempting MC barostat change: Succeeded
| Attempting MC barostat change: Succeeded
| Attempting MC barostat change: Succeeded
| Attempting MC barostat change: Failed

 NSTEP =    50000   TIME(PS) =     800.000  TEMP(K) =   295.25  PRESS =     0.0
 Etot   =    -14454.7608  EKtot   =      3431.4609  EPtot      =    -17886.2217
 BOND   =        53.8600  ANGLE   =       161.9129  DIHED      =       239.5868
 1-4 NB =        69.1878  1-4 EEL =       865.5615  VDWAALS    =      2490.8735
 EELEC  =    -21769.4810  EHBOND  =         0.0000  RESTRAINT  =         2.2768
 EAMBER (non-restraint)  =    -17888.4984
 EKCMT  =         0.0000  VIRIAL  =         0.0000  VOLUME     =     58555.8109
                                                    Density    =         0.9934
 ------------------------------------------------------------------------------


      A V E R A G E S   O V E R      50 S T E P S


 NSTEP =    50000   TIME(PS) =     800.000  TEMP(K) =   300.08  PRESS =     0.0
 Etot   =    -14516.3172  EKtot   =      3487.5494  EPtot      =    -18003.8666
 BOND   =        59.8453  ANGLE   =       160.2562  DIHED      =       248.4285
 1-4 NB =        67.4536  1-4 EEL =       867.9342  VDWAALS    =      2420.3173
 EELEC  =    -21832.1690  EHBOND  =         0.0000  RESTRAINT  =         4.0673
 EAMBER (non-restraint)  =    -18007.9339
 EKCMT  =         0.0000  VIRIAL  =         0.0000  VOLUME     =     58047.6488
                                                    Density    =         1.0022
 ------------------------------------------------------------------------------


      R M S  F L U C T U A T I O N S


 NSTEP =    50000   TIME(PS) =     800.000  TEMP(K) =     3.88  PRESS =     0.0
 Etot   =        85.8094  EKtot   =        45.1367  EPtot      =        62.4793
 BOND   =         5.6610  ANGLE   =        11.2022  DIHED      =         5.3002
 1-4 NB =         3.7618  1-4 EEL =         9.4550  VDWAALS    =        57.6774
 EELEC  =        85.1030  EHBOND  =         0.0000  RESTRAINT  =         1.5782
 EAMBER (non-restraint)  =        60.9012
 EKCMT  =         0.0000  VIRIAL  =         0.0000  VOLUME     =       346.9729
                                                    Density    =         0.0060
 ------------------------------------------------------------------------------

| MC Barostat:        500 volume changes attempted.
| MC Barostat:        218 changes successful ( 43.60%)
 ------------------------------------------------------------------------------

--------------------------------------------------------------------------------
   5.  TIMINGS
--------------------------------------------------------------------------------

|  NonSetup CPU Time in Major Routines:
|
|     Routine           Sec        %
|     ------------------------------
|     Nonbond           6.24   27.59
|     Bond              0.00    0.00
|     Angle             0.00    0.00
|     Dihedral          0.00    0.00
|     Shake             0.44    1.94
|     RunMD            15.73   69.59
|     Other             0.20    0.89
|     ------------------------------
|     Total            22.60

|  PME Nonbond Pairlist CPU Time:
|
|     Routine              Sec        %
|     ---------------------------------
|     Set Up Cit           0.00    0.00
|     Build List           0.00    0.00
|     ---------------------------------
|     Total                0.00    0.00

|  PME Direct Force CPU Time:
|
|     Routine              Sec        %
|     ---------------------------------
|     NonBonded Calc       0.00    0.00
|     Exclude Masked       0.00    0.00
|     Other                0.03    0.11
|     ---------------------------------
|     Total                0.03    0.11

|  PME Reciprocal Force CPU Time:
|
|     Routine              Sec        %
|     ---------------------------------
|     1D bspline           0.00    0.00
|     Grid Charges         0.00    0.00
|     Scalar Sum           0.00    0.00
|     Gradient Sum         0.00    0.00
|     FFT                  0.00    0.00
|     ---------------------------------
|     Total                0.00    0.00

|  Final Performance Info:
|     -----------------------------------------------------
|     Average timings for last   49000 steps:
|         Elapsed(s) =      22.12 Per Step(ms) =       0.45
|             ns/day =     382.82   seconds/ns =     225.69
|
|     Average timings for all steps:
|         Elapsed(s) =      22.60 Per Step(ms) =       0.45
|             ns/day =     382.36   seconds/ns =     225.97
|     -----------------------------------------------------

|  Setup CPU time:            1.55 seconds
|  NonSetup CPU time:        22.60 seconds
|  Total CPU time:           24.15 seconds     0.01 hours

|  Setup wall time:           2    seconds
|  NonSetup wall time:       22    seconds
|  Total wall time:          24    seconds     0.01 hours
