
          -------------------------------------------------------
          Amber 14 SANDER                              2014
          -------------------------------------------------------

| PMEMD implementation of SANDER, Release 14

| Run on 06/01/2016 at 11:33:24

|   Executable path: pmemd.cuda
| Working directory: /mnt/lustre_fs/users/workshop_1/joebaker/day7/day7/trpcage/runsim/equil
|          Hostname: gpu-compute2

  [-O]verwriting output

File Assignments:
|   MDIN: equil.2.in                                                            
|  MDOUT: equil.2.out                                                           
| INPCRD: equil.1.rst7                                                          
|   PARM: ../../tleap/trpcage.parm7                                             
| RESTRT: equil.2.rst7                                                          
|   REFC: equil.1.rst7                                                          
|  MDVEL: mdvel                                                                 
|   MDEN: mden                                                                  
|  MDCRD: equil.2.nc                                                            
| MDINFO: mdinfo                                                                
|  MDFRC: mdfrc                                                                 


 Here is the input file:

NPT equilibration                                                              
 &cntrl                                                                        
  imin=0, ! Not a minimization run                                             
  ntx=5, ! Read coordinates and velocities from restart file                   
  irest=1, ! Restart from previous, expecting velocities                       
  ntxo=2, ! The final coords, velocities, box size in NetCDF                   
  ioutfm=1, ! Print mdcrd to NetCDF format                                     
  ntwr=100000, ! Very high value for how often restart file is written         
  nstlim=50000, ! 100 ps of NPT equilibration                                  
  dt=0.002, ! Time step in picoseconds, so this is 2 fs                        
  ntf=2, ! Do not calc the force for SHAKE constrained bonds                   
  ntc=2, ! Use SHAKE for all hydrogen bonds                                    
  temp0=300.0, ! Thermostat temperature, Run at this temperature               
  ntpr=1000, ! How often to print                                              
  ntwx=1000, ! Write coordinates every 2 ps                                    
  cut=8.0, ! Nonbonded cutoff                                                  
  ntb=2, ! Use PBC and constant pressure                                       
  ntp=1, ! Isotropic pressure scaling                                          
  barostat=2, ! Use Monte Carlo barostat                                       
  taup=1, ! Pressure relaxation time                                           
  ntt=3, ! Use the Lengevin thermostat                                         
  gamma_ln=1.0, ! Frequency of collisions for thermostat                       
  ig=-1, ! Randomize seed for Langevin thermostat                              
  ntr=1, ! turn on restraints                                                  
  restraint_wt=5.0, ! force constant for restraints                            
  restraintmask=':1-20,@CA,C,O,N', ! restrained atoms                          
 /                                                                             


Note: ig = -1. Setting random seed to   236275 based on wallclock time in 
      microseconds.
 
|--------------------- INFORMATION ----------------------
| GPU (CUDA) Version of PMEMD in use: NVIDIA GPU IN USE.
|                    Version 14.0.1
| 
|                      06/20/2014
| 
| Implementation by:
|                    Ross C. Walker     (SDSC)
|                    Scott Le Grand     (nVIDIA)
| 
| CAUTION: The CUDA code is currently experimental.
|          You use it at your own risk. Be sure to
|          check ALL results carefully.
| 
| Precision model in use:
|      [SPFP] - Mixed Single/Double/Fixed Point Precision.
|               (Default)
| 
|--------------------------------------------------------
 
|----------------- CITATION INFORMATION -----------------
|
|    When publishing work that utilized the CUDA version
|    of AMBER, please cite the following in addition to
|    the regular AMBER citations:
|
|  - Romelia Salomon-Ferrer; Andreas W. Goetz; Duncan
|    Poole; Scott Le Grand; Ross C. Walker "Routine
|    microsecond molecular dynamics simulations with
|    AMBER - Part II: Particle Mesh Ewald", J. Chem.
|    Theory Comput., 2013, 9 (9), pp3878-3888,
|    DOI: 10.1021/ct400314y.
|
|  - Andreas W. Goetz; Mark J. Williamson; Dong Xu;
|    Duncan Poole; Scott Le Grand; Ross C. Walker
|    "Routine microsecond molecular dynamics simulations
|    with AMBER - Part I: Generalized Born", J. Chem.
|    Theory Comput., 2012, 8 (5), pp1542-1555.
|
|  - Scott Le Grand; Andreas W. Goetz; Ross C. Walker
|    "SPFP: Speed without compromise - a mixed precision
|    model for GPU accelerated molecular dynamics
|    simulations.", Comp. Phys. Comm., 2013, 184
|    pp374-380, DOI: 10.1016/j.cpc.2012.09.022
|
|--------------------------------------------------------
 
|------------------- GPU DEVICE INFO --------------------
|
|            CUDA_VISIBLE_DEVICES: 0
|   CUDA Capable Devices Detected:      1
|           CUDA Device ID in use:      0
|                CUDA Device Name: GeForce GTX TITAN X
|     CUDA Device Global Mem Size:  12287 MB
| CUDA Device Num Multiprocessors:     24
|           CUDA Device Core Freq:   1.08 GHz
|
|--------------------------------------------------------
 
 
| Conditional Compilation Defines Used:
| PUBFFT
| BINTRAJ
| CUDA
| EMIL

| Largest sphere to fit in unit cell has radius =    17.254

| New format PARM file being parsed.
| Version =    1.000 Date = 06/01/16 Time = 08:32:47

| Note: 1-4 EEL scale factors are being read from the topology file.

| Note: 1-4 VDW scale factors are being read from the topology file.
| Duplicated    0 dihedrals

| Duplicated    0 dihedrals

--------------------------------------------------------------------------------
   1.  RESOURCE   USE: 
--------------------------------------------------------------------------------

 getting box info from netcdf restart file
 NATOM  =    5771 NTYPES =      15 NBONH =    5616 MBONA  =     160
 NTHETH =     346 MTHETA =     219 NPHIH =     700 MPHIA  =     653
 NHPARM =       0 NPARM  =       0 NNB   =    8990 NRES   =    1843
 NBONA  =     160 NTHETA =     219 NPHIA =     653 NUMBND =      55
 NUMANG =     124 NPTRA  =     137 NATYP =      29 NPHB   =       1
 IFBOX  =       2 NMXRS  =      24 IFCAP =       0 NEXTRA =       0
 NCOPY  =       0

| Coordinate Index Table dimensions:     8    8    8
| Direct force subcell size =     5.2830    5.2830    5.2830

     BOX TYPE: TRUNCATED OCTAHEDRON

--------------------------------------------------------------------------------
   2.  CONTROL  DATA  FOR  THE  RUN
--------------------------------------------------------------------------------

default_name                                                                    

General flags:
     imin    =       0, nmropt  =       0

Nature and format of input:
     ntx     =       5, irest   =       1, ntrx    =       1

Nature and format of output:
     ntxo    =       2, ntpr    =    1000, ntrx    =       1, ntwr    =  100000
     iwrap   =       0, ntwx    =    1000, ntwv    =       0, ntwe    =       0
     ioutfm  =       1, ntwprt  =       0, idecomp =       0, rbornstat=      0

Potential function:
     ntf     =       2, ntb     =       2, igb     =       0, nsnb    =      25
     ipol    =       0, gbsa    =       0, iesp    =       0
     dielc   =   1.00000, cut     =   8.00000, intdiel =   1.00000

Frozen or restrained atoms:
     ibelly  =       0, ntr     =       1
     restraint_wt =   5.00000

Molecular dynamics:
     nstlim  =     50000, nscm    =         0, nrespa  =         1
     t       =   0.00000, dt      =   0.00200, vlimit  =  -1.00000

Langevin dynamics temperature regulation:
     ig      =  236275
     temp0   = 300.00000, tempi   =   0.00000, gamma_ln=   1.00000

Pressure regulation:
     ntp     =       1
     pres0   =   1.00000, comp    =  44.60000, taup    =   1.00000
     Monte-Carlo Barostat:
     mcbarint  =     100

SHAKE:
     ntc     =       2, jfastw  =       0
     tol     =   0.00001

| Intermolecular bonds treatment:
|     no_intermolecular_bonds =       1

| Energy averages sample interval:
|     ene_avg_sampling =    1000

Ewald parameters:
     verbose =       0, ew_type =       0, nbflag  =       1, use_pme =       1
     vdwmeth =       1, eedmeth =       1, netfrc  =       1
     Box X =   42.264   Box Y =   42.264   Box Z =   42.264
     Alpha =  109.471   Beta  =  109.471   Gamma =  109.471
     NFFT1 =   48       NFFT2 =   48       NFFT3 =   48
     Cutoff=    8.000   Tol   =0.100E-04
     Ewald Coefficient =  0.34864
     Interpolation order =    4

    LOADING THE CONSTRAINED ATOMS AS GROUPS


   5.  REFERENCE ATOM COORDINATES

  default_name                                                                    
     Mask :1-20,@CA,C,O,N; matches    80 atoms

--------------------------------------------------------------------------------
   3.  ATOMIC COORDINATES AND VELOCITIES
--------------------------------------------------------------------------------

default_name                                                                    
 begin time read from input coords =   300.000 ps

 
 Number of triangulated 3-point waters found:     1822

     Sum of charges from parm topology file =  -0.00000001
     Forcing neutrality...

| Dynamic Memory, Types Used:
| Reals              371488
| Integers           173854

| Nonbonded Pairs Initial Allocation:      963901

| GPU memory information (estimate):
| KB of GPU memory in use:     38273
| KB of CPU memory in use:     10145

--------------------------------------------------------------------------------
   4.  RESULTS
--------------------------------------------------------------------------------

 ---------------------------------------------------
 APPROXIMATING switch and d/dx switch using CUBIC SPLINE INTERPOLATION
 using   5000.0 points per unit in tabled values
 TESTING RELATIVE ERROR over r ranging from 0.0 to cutoff
| CHECK switch(x): max rel err =   0.2738E-14   at   2.422500
| CHECK d/dx switch(x): max rel err =   0.8332E-11   at   2.782960
 ---------------------------------------------------
|---------------------------------------------------
| APPROXIMATING direct energy using CUBIC SPLINE INTERPOLATION
|  with   50.0 points per unit in tabled values
| Relative Error Limit not exceeded for r .gt.   2.47
| APPROXIMATING direct force using CUBIC SPLINE INTERPOLATION
|  with   50.0 points per unit in tabled values
| Relative Error Limit not exceeded for r .gt.   2.89
|---------------------------------------------------
| Attempting MC barostat change: Failed
| Attempting MC barostat change: Failed
| Attempting MC barostat change: Succeeded
| Attempting MC barostat change: Succeeded
| Attempting MC barostat change: Succeeded
| Attempting MC barostat change: Failed
| Attempting MC barostat change: Failed
| Attempting MC barostat change: Failed
| Attempting MC barostat change: Failed
| Attempting MC barostat change: Succeeded

 NSTEP =     1000   TIME(PS) =     302.000  TEMP(K) =   295.66  PRESS =     0.0
 Etot   =    -14457.2581  EKtot   =      3436.1855  EPtot      =    -17893.4437
 BOND   =        64.0786  ANGLE   =       165.3328  DIHED      =       247.9403
 1-4 NB =        73.1585  1-4 EEL =       859.4943  VDWAALS    =      2474.8668
 EELEC  =    -21794.7635  EHBOND  =         0.0000  RESTRAINT  =        16.4485
 EAMBER (non-restraint)  =    -17909.8922
 EKCMT  =         0.0000  VIRIAL  =         0.0000  VOLUME     =     58124.7377
                                                    Density    =         1.0008
 ------------------------------------------------------------------------------

| Attempting MC barostat change: Failed
| Attempting MC barostat change: Failed
| Attempting MC barostat change: Failed
| Attempting MC barostat change: Failed
| Attempting MC barostat change: Failed
| Attempting MC barostat change: Failed
| Attempting MC barostat change: Succeeded
| Attempting MC barostat change: Succeeded
| Attempting MC barostat change: Failed
| Attempting MC barostat change: Succeeded

 NSTEP =     2000   TIME(PS) =     304.000  TEMP(K) =   296.12  PRESS =     0.0
 Etot   =    -14539.6389  EKtot   =      3441.4971  EPtot      =    -17981.1360
 BOND   =        50.4991  ANGLE   =       166.5894  DIHED      =       245.6431
 1-4 NB =        69.3100  1-4 EEL =       869.9901  VDWAALS    =      2492.8166
 EELEC  =    -21897.7701  EHBOND  =         0.0000  RESTRAINT  =        21.7858
 EAMBER (non-restraint)  =    -18002.9217
 EKCMT  =         0.0000  VIRIAL  =         0.0000  VOLUME     =     57538.0887
                                                    Density    =         1.0110
 ------------------------------------------------------------------------------

| Attempting MC barostat change: Succeeded
| Attempting MC barostat change: Failed
| Attempting MC barostat change: Failed
| Attempting MC barostat change: Succeeded
| Attempting MC barostat change: Failed
| Attempting MC barostat change: Failed
| Attempting MC barostat change: Failed
| Attempting MC barostat change: Failed
| Attempting MC barostat change: Failed
| Attempting MC barostat change: Failed

 NSTEP =     3000   TIME(PS) =     306.000  TEMP(K) =   298.78  PRESS =     0.0
 Etot   =    -14383.8432  EKtot   =      3472.4585  EPtot      =    -17856.3017
 BOND   =        53.8270  ANGLE   =       155.8771  DIHED      =       250.0379
 1-4 NB =        66.2909  1-4 EEL =       863.7005  VDWAALS    =      2402.7696
 EELEC  =    -21668.9261  EHBOND  =         0.0000  RESTRAINT  =        20.1215
 EAMBER (non-restraint)  =    -17876.4232
 EKCMT  =         0.0000  VIRIAL  =         0.0000  VOLUME     =     57366.6459
                                                    Density    =         1.0140
 ------------------------------------------------------------------------------

| Attempting MC barostat change: Succeeded
| Attempting MC barostat change: Failed
| Attempting MC barostat change: Failed
| Attempting MC barostat change: Failed
| Attempting MC barostat change: Failed
| Attempting MC barostat change: Failed
| Attempting MC barostat change: Succeeded
| Attempting MC barostat change: Failed
| Attempting MC barostat change: Failed
| Attempting MC barostat change: Failed

 NSTEP =     4000   TIME(PS) =     308.000  TEMP(K) =   298.98  PRESS =     0.0
 Etot   =    -14511.1623  EKtot   =      3474.7998  EPtot      =    -17985.9621
 BOND   =        74.8609  ANGLE   =       158.6348  DIHED      =       250.6065
 1-4 NB =        67.8333  1-4 EEL =       858.5228  VDWAALS    =      2443.8290
 EELEC  =    -21856.8877  EHBOND  =         0.0000  RESTRAINT  =        16.6383
 EAMBER (non-restraint)  =    -18002.6004
 EKCMT  =         0.0000  VIRIAL  =         0.0000  VOLUME     =     57937.0439
                                                    Density    =         1.0040
 ------------------------------------------------------------------------------

| Attempting MC barostat change: Failed
| Attempting MC barostat change: Succeeded
| Attempting MC barostat change: Succeeded
| Attempting MC barostat change: Succeeded
| Attempting MC barostat change: Failed
| Attempting MC barostat change: Failed
| Attempting MC barostat change: Failed
| Attempting MC barostat change: Succeeded
| Attempting MC barostat change: Failed
| Attempting MC barostat change: Failed

 NSTEP =     5000   TIME(PS) =     310.000  TEMP(K) =   296.43  PRESS =     0.0
 Etot   =    -14564.4042  EKtot   =      3445.1831  EPtot      =    -18009.5873
 BOND   =        71.1677  ANGLE   =       169.2791  DIHED      =       253.0035
 1-4 NB =        69.1679  1-4 EEL =       861.0276  VDWAALS    =      2401.7977
 EELEC  =    -21850.9798  EHBOND  =         0.0000  RESTRAINT  =        15.9491
 EAMBER (non-restraint)  =    -18025.5364
 EKCMT  =         0.0000  VIRIAL  =         0.0000  VOLUME     =     58098.8830
                                                    Density    =         1.0012
 ------------------------------------------------------------------------------

| Attempting MC barostat change: Failed
| Attempting MC barostat change: Succeeded
| Attempting MC barostat change: Succeeded
| Attempting MC barostat change: Succeeded
| Attempting MC barostat change: Succeeded
| Attempting MC barostat change: Succeeded
| Attempting MC barostat change: Succeeded
| Attempting MC barostat change: Failed
| Attempting MC barostat change: Failed
| Attempting MC barostat change: Succeeded

 NSTEP =     6000   TIME(PS) =     312.000  TEMP(K) =   304.23  PRESS =     0.0
 Etot   =    -14437.7789  EKtot   =      3535.7798  EPtot      =    -17973.5587
 BOND   =        57.7049  ANGLE   =       159.0895  DIHED      =       258.9353
 1-4 NB =        67.8913  1-4 EEL =       870.4558  VDWAALS    =      2472.7841
 EELEC  =    -21876.4311  EHBOND  =         0.0000  RESTRAINT  =        16.0115
 EAMBER (non-restraint)  =    -17989.5702
 EKCMT  =         0.0000  VIRIAL  =         0.0000  VOLUME     =     57874.0611
                                                    Density    =         1.0051
 ------------------------------------------------------------------------------

| Attempting MC barostat change: Succeeded
| Attempting MC barostat change: Failed
| Attempting MC barostat change: Succeeded
| Attempting MC barostat change: Failed
| Attempting MC barostat change: Failed
| Attempting MC barostat change: Failed
| Attempting MC barostat change: Failed
| Attempting MC barostat change: Succeeded
| Attempting MC barostat change: Failed
| Attempting MC barostat change: Succeeded

 NSTEP =     7000   TIME(PS) =     314.000  TEMP(K) =   299.27  PRESS =     0.0
 Etot   =    -14466.2244  EKtot   =      3478.0864  EPtot      =    -17944.3108
 BOND   =        53.6670  ANGLE   =       158.0982  DIHED      =       254.7010
 1-4 NB =        71.4850  1-4 EEL =       866.5642  VDWAALS    =      2436.8366
 EELEC  =    -21802.3498  EHBOND  =         0.0000  RESTRAINT  =        16.6868
 EAMBER (non-restraint)  =    -17960.9977
 EKCMT  =         0.0000  VIRIAL  =         0.0000  VOLUME     =     57760.3498
                                                    Density    =         1.0071
 ------------------------------------------------------------------------------

| Attempting MC barostat change: Failed
| Attempting MC barostat change: Failed
| Attempting MC barostat change: Failed
| Attempting MC barostat change: Succeeded
| Attempting MC barostat change: Succeeded
| Attempting MC barostat change: Succeeded
| Attempting MC barostat change: Succeeded
| Attempting MC barostat change: Succeeded
| Attempting MC barostat change: Succeeded
| Attempting MC barostat change: Succeeded

 NSTEP =     8000   TIME(PS) =     316.000  TEMP(K) =   295.35  PRESS =     0.0
 Etot   =    -14551.8297  EKtot   =      3432.5613  EPtot      =    -17984.3910
 BOND   =        58.1356  ANGLE   =       152.4730  DIHED      =       250.5154
 1-4 NB =        66.0249  1-4 EEL =       870.8137  VDWAALS    =      2438.5476
 EELEC  =    -21837.9089  EHBOND  =         0.0000  RESTRAINT  =        17.0077
 EAMBER (non-restraint)  =    -18001.3987
 EKCMT  =         0.0000  VIRIAL  =         0.0000  VOLUME     =     57595.0513
                                                    Density    =         1.0100
 ------------------------------------------------------------------------------

| Attempting MC barostat change: Failed
| Attempting MC barostat change: Succeeded
| Attempting MC barostat change: Succeeded
| Attempting MC barostat change: Succeeded
| Attempting MC barostat change: Succeeded
| Attempting MC barostat change: Failed
| Attempting MC barostat change: Failed
| Attempting MC barostat change: Failed
| Attempting MC barostat change: Succeeded
| Attempting MC barostat change: Failed

 NSTEP =     9000   TIME(PS) =     318.000  TEMP(K) =   296.42  PRESS =     0.0
 Etot   =    -14591.0076  EKtot   =      3445.0703  EPtot      =    -18036.0779
 BOND   =        65.6187  ANGLE   =       154.7847  DIHED      =       245.2816
 1-4 NB =        61.5608  1-4 EEL =       861.8980  VDWAALS    =      2451.4491
 EELEC  =    -21893.9937  EHBOND  =         0.0000  RESTRAINT  =        17.3228
 EAMBER (non-restraint)  =    -18053.4007
 EKCMT  =         0.0000  VIRIAL  =         0.0000  VOLUME     =     57705.0947
                                                    Density    =         1.0081
 ------------------------------------------------------------------------------

| Attempting MC barostat change: Succeeded
| Attempting MC barostat change: Succeeded
| Attempting MC barostat change: Failed
| Attempting MC barostat change: Failed
| Attempting MC barostat change: Failed
| Attempting MC barostat change: Failed
| Attempting MC barostat change: Failed
| Attempting MC barostat change: Succeeded
| Attempting MC barostat change: Failed
| Attempting MC barostat change: Succeeded

 NSTEP =    10000   TIME(PS) =     320.000  TEMP(K) =   302.32  PRESS =     0.0
 Etot   =    -14466.1453  EKtot   =      3513.5811  EPtot      =    -17979.7264
 BOND   =        62.2188  ANGLE   =       160.1811  DIHED      =       252.4084
 1-4 NB =        65.9497  1-4 EEL =       867.8978  VDWAALS    =      2331.7701
 EELEC  =    -21738.6315  EHBOND  =         0.0000  RESTRAINT  =        18.4793
 EAMBER (non-restraint)  =    -17998.2057
 EKCMT  =         0.0000  VIRIAL  =         0.0000  VOLUME     =     57711.0008
                                                    Density    =         1.0080
 ------------------------------------------------------------------------------

| Attempting MC barostat change: Failed
| Attempting MC barostat change: Failed
| Attempting MC barostat change: Failed
| Attempting MC barostat change: Failed
| Attempting MC barostat change: Succeeded
| Attempting MC barostat change: Succeeded
| Attempting MC barostat change: Failed
| Attempting MC barostat change: Succeeded
| Attempting MC barostat change: Succeeded
| Attempting MC barostat change: Succeeded

 NSTEP =    11000   TIME(PS) =     322.000  TEMP(K) =   302.17  PRESS =     0.0
 Etot   =    -14603.0950  EKtot   =      3511.8728  EPtot      =    -18114.9678
 BOND   =        60.4615  ANGLE   =       163.0281  DIHED      =       251.5849
 1-4 NB =        64.2685  1-4 EEL =       872.6346  VDWAALS    =      2508.9983
 EELEC  =    -22050.8592  EHBOND  =         0.0000  RESTRAINT  =        14.9156
 EAMBER (non-restraint)  =    -18129.8833
 EKCMT  =         0.0000  VIRIAL  =         0.0000  VOLUME     =     57266.2458
                                                    Density    =         1.0158
 ------------------------------------------------------------------------------

| Attempting MC barostat change: Failed
| Attempting MC barostat change: Failed
| Attempting MC barostat change: Failed
| Attempting MC barostat change: Failed
| Attempting MC barostat change: Succeeded
| Attempting MC barostat change: Failed
| Attempting MC barostat change: Succeeded
| Attempting MC barostat change: Failed
| Attempting MC barostat change: Failed
| Attempting MC barostat change: Failed

 NSTEP =    12000   TIME(PS) =     324.000  TEMP(K) =   299.68  PRESS =     0.0
 Etot   =    -14530.0389  EKtot   =      3482.9260  EPtot      =    -18012.9649
 BOND   =        54.4896  ANGLE   =       160.7771  DIHED      =       252.0387
 1-4 NB =        68.6282  1-4 EEL =       863.3038  VDWAALS    =      2461.1836
 EELEC  =    -21885.3765  EHBOND  =         0.0000  RESTRAINT  =        11.9905
 EAMBER (non-restraint)  =    -18024.9555
 EKCMT  =         0.0000  VIRIAL  =         0.0000  VOLUME     =     57337.3537
                                                    Density    =         1.0145
 ------------------------------------------------------------------------------

| Attempting MC barostat change: Failed
| Attempting MC barostat change: Failed
| Attempting MC barostat change: Succeeded
| Attempting MC barostat change: Failed
| Attempting MC barostat change: Succeeded
| Attempting MC barostat change: Failed
| Attempting MC barostat change: Failed
| Attempting MC barostat change: Failed
| Attempting MC barostat change: Failed
| Attempting MC barostat change: Failed

 NSTEP =    13000   TIME(PS) =     326.000  TEMP(K) =   299.69  PRESS =     0.0
 Etot   =    -14671.7632  EKtot   =      3482.9707  EPtot      =    -18154.7339
 BOND   =        55.9406  ANGLE   =       142.1056  DIHED      =       247.9947
 1-4 NB =        65.3711  1-4 EEL =       845.6655  VDWAALS    =      2440.8383
 EELEC  =    -21967.7087  EHBOND  =         0.0000  RESTRAINT  =        15.0591
 EAMBER (non-restraint)  =    -18169.7929
 EKCMT  =         0.0000  VIRIAL  =         0.0000  VOLUME     =     57388.9635
                                                    Density    =         1.0136
 ------------------------------------------------------------------------------

| Attempting MC barostat change: Failed
| Attempting MC barostat change: Failed
| Attempting MC barostat change: Succeeded
| Attempting MC barostat change: Failed
| Attempting MC barostat change: Succeeded
| Attempting MC barostat change: Failed
| Attempting MC barostat change: Failed
| Attempting MC barostat change: Failed
| Attempting MC barostat change: Failed
| Attempting MC barostat change: Failed

 NSTEP =    14000   TIME(PS) =     328.000  TEMP(K) =   302.28  PRESS =     0.0
 Etot   =    -14539.2572  EKtot   =      3513.1218  EPtot      =    -18052.3791
 BOND   =        60.8150  ANGLE   =       159.8353  DIHED      =       247.6487
 1-4 NB =        64.4369  1-4 EEL =       863.8919  VDWAALS    =      2443.6520
 EELEC  =    -21905.4755  EHBOND  =         0.0000  RESTRAINT  =        12.8167
 EAMBER (non-restraint)  =    -18065.1958
 EKCMT  =         0.0000  VIRIAL  =         0.0000  VOLUME     =     57922.9937
                                                    Density    =         1.0043
 ------------------------------------------------------------------------------

| Attempting MC barostat change: Succeeded
| Attempting MC barostat change: Succeeded
| Attempting MC barostat change: Failed
| Attempting MC barostat change: Succeeded
| Attempting MC barostat change: Succeeded
| Attempting MC barostat change: Failed
| Attempting MC barostat change: Succeeded
| Attempting MC barostat change: Failed
| Attempting MC barostat change: Failed
| Attempting MC barostat change: Failed

 NSTEP =    15000   TIME(PS) =     330.000  TEMP(K) =   305.15  PRESS =     0.0
 Etot   =    -14399.3116  EKtot   =      3546.5342  EPtot      =    -17945.8457
 BOND   =        64.0094  ANGLE   =       165.6307  DIHED      =       248.9630
 1-4 NB =        64.4665  1-4 EEL =       859.1797  VDWAALS    =      2369.1879
 EELEC  =    -21731.6170  EHBOND  =         0.0000  RESTRAINT  =        14.3340
 EAMBER (non-restraint)  =    -17960.1798
 EKCMT  =         0.0000  VIRIAL  =         0.0000  VOLUME     =     57720.7676
                                                    Density    =         1.0078
 ------------------------------------------------------------------------------

| Attempting MC barostat change: Failed
| Attempting MC barostat change: Failed
| Attempting MC barostat change: Failed
| Attempting MC barostat change: Failed
| Attempting MC barostat change: Succeeded
| Attempting MC barostat change: Failed
| Attempting MC barostat change: Failed
| Attempting MC barostat change: Succeeded
| Attempting MC barostat change: Succeeded
| Attempting MC barostat change: Succeeded

 NSTEP =    16000   TIME(PS) =     332.000  TEMP(K) =   304.47  PRESS =     0.0
 Etot   =    -14477.5571  EKtot   =      3538.5911  EPtot      =    -18016.1481
 BOND   =        53.2046  ANGLE   =       144.5024  DIHED      =       254.7417
 1-4 NB =        68.1038  1-4 EEL =       877.6980  VDWAALS    =      2514.2374
 EELEC  =    -21942.6335  EHBOND  =         0.0000  RESTRAINT  =        13.9976
 EAMBER (non-restraint)  =    -18030.1457
 EKCMT  =         0.0000  VIRIAL  =         0.0000  VOLUME     =     57640.3923
                                                    Density    =         1.0092
 ------------------------------------------------------------------------------

| Attempting MC barostat change: Failed
| Attempting MC barostat change: Succeeded
| Attempting MC barostat change: Failed
| Attempting MC barostat change: Succeeded
| Attempting MC barostat change: Succeeded
| Attempting MC barostat change: Failed
| Attempting MC barostat change: Failed
| Attempting MC barostat change: Failed
| Attempting MC barostat change: Succeeded
| Attempting MC barostat change: Failed

 NSTEP =    17000   TIME(PS) =     334.000  TEMP(K) =   294.47  PRESS =     0.0
 Etot   =    -14754.5552  EKtot   =      3422.3667  EPtot      =    -18176.9219
 BOND   =        59.8553  ANGLE   =       144.6891  DIHED      =       236.5991
 1-4 NB =        68.4289  1-4 EEL =       876.6706  VDWAALS    =      2412.7538
 EELEC  =    -21989.5642  EHBOND  =         0.0000  RESTRAINT  =        13.6456
 EAMBER (non-restraint)  =    -18190.5675
 EKCMT  =         0.0000  VIRIAL  =         0.0000  VOLUME     =     57128.7758
                                                    Density    =         1.0183
 ------------------------------------------------------------------------------

| Attempting MC barostat change: Succeeded
| Attempting MC barostat change: Failed
| Attempting MC barostat change: Succeeded
| Attempting MC barostat change: Failed
| Attempting MC barostat change: Failed
| Attempting MC barostat change: Failed
| Attempting MC barostat change: Failed
| Attempting MC barostat change: Failed
| Attempting MC barostat change: Failed
| Attempting MC barostat change: Succeeded

 NSTEP =    18000   TIME(PS) =     336.000  TEMP(K) =   301.41  PRESS =     0.0
 Etot   =    -14539.4613  EKtot   =      3503.0532  EPtot      =    -18042.5145
 BOND   =        52.1857  ANGLE   =       150.9285  DIHED      =       246.9682
 1-4 NB =        74.1574  1-4 EEL =       868.7878  VDWAALS    =      2392.4472
 EELEC  =    -21846.5414  EHBOND  =         0.0000  RESTRAINT  =        18.5521
 EAMBER (non-restraint)  =    -18061.0666
 EKCMT  =         0.0000  VIRIAL  =         0.0000  VOLUME     =     57399.4848
                                                    Density    =         1.0134
 ------------------------------------------------------------------------------

| Attempting MC barostat change: Succeeded
| Attempting MC barostat change: Succeeded
| Attempting MC barostat change: Failed
| Attempting MC barostat change: Succeeded
| Attempting MC barostat change: Failed
| Attempting MC barostat change: Succeeded
| Attempting MC barostat change: Failed
| Attempting MC barostat change: Succeeded
| Attempting MC barostat change: Succeeded
| Attempting MC barostat change: Succeeded

 NSTEP =    19000   TIME(PS) =     338.000  TEMP(K) =   298.24  PRESS =     0.0
 Etot   =    -14653.6840  EKtot   =      3466.1997  EPtot      =    -18119.8837
 BOND   =        58.0452  ANGLE   =       165.3263  DIHED      =       251.6837
 1-4 NB =        68.8854  1-4 EEL =       866.0812  VDWAALS    =      2542.4972
 EELEC  =    -22084.4688  EHBOND  =         0.0000  RESTRAINT  =        12.0660
 EAMBER (non-restraint)  =    -18131.9498
 EKCMT  =         0.0000  VIRIAL  =         0.0000  VOLUME     =     57559.0275
                                                    Density    =         1.0106
 ------------------------------------------------------------------------------

| Attempting MC barostat change: Succeeded
| Attempting MC barostat change: Succeeded
| Attempting MC barostat change: Failed
| Attempting MC barostat change: Succeeded
| Attempting MC barostat change: Succeeded
| Attempting MC barostat change: Succeeded
| Attempting MC barostat change: Failed
| Attempting MC barostat change: Failed
| Attempting MC barostat change: Succeeded
| Attempting MC barostat change: Succeeded

 NSTEP =    20000   TIME(PS) =     340.000  TEMP(K) =   294.35  PRESS =     0.0
 Etot   =    -14472.1206  EKtot   =      3420.9543  EPtot      =    -17893.0749
 BOND   =        56.3590  ANGLE   =       148.0729  DIHED      =       250.9123
 1-4 NB =        73.9452  1-4 EEL =       883.5810  VDWAALS    =      2394.5752
 EELEC  =    -21717.5010  EHBOND  =         0.0000  RESTRAINT  =        16.9803
 EAMBER (non-restraint)  =    -17910.0552
 EKCMT  =         0.0000  VIRIAL  =         0.0000  VOLUME     =     58435.6873
                                                    Density    =         0.9955
 ------------------------------------------------------------------------------

| Attempting MC barostat change: Succeeded
| Attempting MC barostat change: Failed
| Attempting MC barostat change: Failed
| Attempting MC barostat change: Failed
| Attempting MC barostat change: Succeeded
| Attempting MC barostat change: Failed
| Attempting MC barostat change: Succeeded
| Attempting MC barostat change: Succeeded
| Attempting MC barostat change: Failed
| Attempting MC barostat change: Failed

 NSTEP =    21000   TIME(PS) =     342.000  TEMP(K) =   297.13  PRESS =     0.0
 Etot   =    -14551.6246  EKtot   =      3453.2979  EPtot      =    -18004.9225
 BOND   =        51.5576  ANGLE   =       143.1177  DIHED      =       245.3211
 1-4 NB =        69.4955  1-4 EEL =       878.2433  VDWAALS    =      2418.0977
 EELEC  =    -21828.8796  EHBOND  =         0.0000  RESTRAINT  =        18.1243
 EAMBER (non-restraint)  =    -18023.0468
 EKCMT  =         0.0000  VIRIAL  =         0.0000  VOLUME     =     58048.9855
                                                    Density    =         1.0021
 ------------------------------------------------------------------------------

| Attempting MC barostat change: Succeeded
| Attempting MC barostat change: Failed
| Attempting MC barostat change: Succeeded
| Attempting MC barostat change: Succeeded
| Attempting MC barostat change: Failed
| Attempting MC barostat change: Failed
| Attempting MC barostat change: Succeeded
| Attempting MC barostat change: Failed
| Attempting MC barostat change: Succeeded
| Attempting MC barostat change: Failed

 NSTEP =    22000   TIME(PS) =     344.000  TEMP(K) =   297.46  PRESS =     0.0
 Etot   =    -14578.0543  EKtot   =      3457.1450  EPtot      =    -18035.1993
 BOND   =        54.9228  ANGLE   =       138.1755  DIHED      =       255.4866
 1-4 NB =        65.2804  1-4 EEL =       845.4320  VDWAALS    =      2414.1272
 EELEC  =    -21823.3413  EHBOND  =         0.0000  RESTRAINT  =        14.7175
 EAMBER (non-restraint)  =    -18049.9168
 EKCMT  =         0.0000  VIRIAL  =         0.0000  VOLUME     =     57771.9872
                                                    Density    =         1.0069
 ------------------------------------------------------------------------------

| Attempting MC barostat change: Failed
| Attempting MC barostat change: Succeeded
| Attempting MC barostat change: Failed
| Attempting MC barostat change: Succeeded
| Attempting MC barostat change: Failed
| Attempting MC barostat change: Succeeded
| Attempting MC barostat change: Failed
| Attempting MC barostat change: Failed
| Attempting MC barostat change: Succeeded
| Attempting MC barostat change: Succeeded

 NSTEP =    23000   TIME(PS) =     346.000  TEMP(K) =   297.62  PRESS =     0.0
 Etot   =    -14552.7492  EKtot   =      3459.0195  EPtot      =    -18011.7687
 BOND   =        58.5570  ANGLE   =       167.7779  DIHED      =       250.0952
 1-4 NB =        71.6031  1-4 EEL =       862.5152  VDWAALS    =      2613.1658
 EELEC  =    -22052.9334  EHBOND  =         0.0000  RESTRAINT  =        17.4504
 EAMBER (non-restraint)  =    -18029.2191
 EKCMT  =         0.0000  VIRIAL  =         0.0000  VOLUME     =     57458.1431
                                                    Density    =         1.0124
 ------------------------------------------------------------------------------

| Attempting MC barostat change: Succeeded
| Attempting MC barostat change: Succeeded
| Attempting MC barostat change: Failed
| Attempting MC barostat change: Succeeded
| Attempting MC barostat change: Succeeded
| Attempting MC barostat change: Failed
| Attempting MC barostat change: Failed
| Attempting MC barostat change: Failed
| Attempting MC barostat change: Failed
| Attempting MC barostat change: Succeeded

 NSTEP =    24000   TIME(PS) =     348.000  TEMP(K) =   300.98  PRESS =     0.0
 Etot   =    -14562.4960  EKtot   =      3497.9685  EPtot      =    -18060.4646
 BOND   =        64.2030  ANGLE   =       156.8655  DIHED      =       262.1247
 1-4 NB =        63.8766  1-4 EEL =       845.6355  VDWAALS    =      2444.3596
 EELEC  =    -21918.7840  EHBOND  =         0.0000  RESTRAINT  =        21.2546
 EAMBER (non-restraint)  =    -18081.7191
 EKCMT  =         0.0000  VIRIAL  =         0.0000  VOLUME     =     57879.2894
                                                    Density    =         1.0050
 ------------------------------------------------------------------------------

| Attempting MC barostat change: Succeeded
| Attempting MC barostat change: Failed
| Attempting MC barostat change: Failed
| Attempting MC barostat change: Failed
| Attempting MC barostat change: Failed
| Attempting MC barostat change: Succeeded
| Attempting MC barostat change: Failed
| Attempting MC barostat change: Succeeded
| Attempting MC barostat change: Succeeded
| Attempting MC barostat change: Failed

 NSTEP =    25000   TIME(PS) =     350.000  TEMP(K) =   300.18  PRESS =     0.0
 Etot   =    -14498.2741  EKtot   =      3488.6670  EPtot      =    -17986.9411
 BOND   =        63.2831  ANGLE   =       158.6309  DIHED      =       252.1866
 1-4 NB =        74.7082  1-4 EEL =       860.9844  VDWAALS    =      2471.6836
 EELEC  =    -21888.2491  EHBOND  =         0.0000  RESTRAINT  =        19.8311
 EAMBER (non-restraint)  =    -18006.7722
 EKCMT  =         0.0000  VIRIAL  =         0.0000  VOLUME     =     57882.8054
                                                    Density    =         1.0050
 ------------------------------------------------------------------------------

| Attempting MC barostat change: Succeeded
| Attempting MC barostat change: Failed
| Attempting MC barostat change: Succeeded
| Attempting MC barostat change: Failed
| Attempting MC barostat change: Failed
| Attempting MC barostat change: Failed
| Attempting MC barostat change: Failed
| Attempting MC barostat change: Succeeded
| Attempting MC barostat change: Failed
| Attempting MC barostat change: Failed

 NSTEP =    26000   TIME(PS) =     352.000  TEMP(K) =   296.76  PRESS =     0.0
 Etot   =    -14593.9974  EKtot   =      3449.0073  EPtot      =    -18043.0047
 BOND   =        52.4941  ANGLE   =       153.3648  DIHED      =       257.2854
 1-4 NB =        70.2241  1-4 EEL =       864.4796  VDWAALS    =      2367.8128
 EELEC  =    -21824.3850  EHBOND  =         0.0000  RESTRAINT  =        15.7195
 EAMBER (non-restraint)  =    -18058.7242
 EKCMT  =         0.0000  VIRIAL  =         0.0000  VOLUME     =     57861.5514
                                                    Density    =         1.0054
 ------------------------------------------------------------------------------

| Attempting MC barostat change: Succeeded
| Attempting MC barostat change: Failed
| Attempting MC barostat change: Failed
| Attempting MC barostat change: Failed
| Attempting MC barostat change: Failed
| Attempting MC barostat change: Failed
| Attempting MC barostat change: Failed
| Attempting MC barostat change: Failed
| Attempting MC barostat change: Failed
| Attempting MC barostat change: Failed

 NSTEP =    27000   TIME(PS) =     354.000  TEMP(K) =   302.18  PRESS =     0.0
 Etot   =    -14452.1958  EKtot   =      3512.0039  EPtot      =    -17964.1998
 BOND   =        66.1634  ANGLE   =       160.7722  DIHED      =       258.5469
 1-4 NB =        69.6038  1-4 EEL =       873.2114  VDWAALS    =      2440.7031
 EELEC  =    -21854.2225  EHBOND  =         0.0000  RESTRAINT  =        21.0219
 EAMBER (non-restraint)  =    -17985.2216
 EKCMT  =         0.0000  VIRIAL  =         0.0000  VOLUME     =     57874.7325
                                                    Density    =         1.0051
 ------------------------------------------------------------------------------

| Attempting MC barostat change: Failed
| Attempting MC barostat change: Failed
| Attempting MC barostat change: Succeeded
| Attempting MC barostat change: Succeeded
| Attempting MC barostat change: Succeeded
| Attempting MC barostat change: Failed
| Attempting MC barostat change: Failed
| Attempting MC barostat change: Failed
| Attempting MC barostat change: Failed
| Attempting MC barostat change: Succeeded

 NSTEP =    28000   TIME(PS) =     356.000  TEMP(K) =   304.56  PRESS =     0.0
 Etot   =    -14511.5566  EKtot   =      3539.6648  EPtot      =    -18051.2214
 BOND   =        60.1451  ANGLE   =       156.6137  DIHED      =       248.1538
 1-4 NB =        69.4578  1-4 EEL =       863.4420  VDWAALS    =      2459.3530
 EELEC  =    -21924.6340  EHBOND  =         0.0000  RESTRAINT  =        16.2472
 EAMBER (non-restraint)  =    -18067.4685
 EKCMT  =         0.0000  VIRIAL  =         0.0000  VOLUME     =     57653.2932
                                                    Density    =         1.0090
 ------------------------------------------------------------------------------

| Attempting MC barostat change: Failed
| Attempting MC barostat change: Failed
| Attempting MC barostat change: Succeeded
| Attempting MC barostat change: Succeeded
| Attempting MC barostat change: Failed
| Attempting MC barostat change: Failed
| Attempting MC barostat change: Failed
| Attempting MC barostat change: Failed
| Attempting MC barostat change: Succeeded
| Attempting MC barostat change: Succeeded

 NSTEP =    29000   TIME(PS) =     358.000  TEMP(K) =   298.51  PRESS =     0.0
 Etot   =    -14386.4521  EKtot   =      3469.2910  EPtot      =    -17855.7431
 BOND   =        59.3635  ANGLE   =       166.1271  DIHED      =       252.9278
 1-4 NB =        71.4652  1-4 EEL =       865.9949  VDWAALS    =      2316.6986
 EELEC  =    -21603.7948  EHBOND  =         0.0000  RESTRAINT  =        15.4746
 EAMBER (non-restraint)  =    -17871.2177
 EKCMT  =         0.0000  VIRIAL  =         0.0000  VOLUME     =     57925.8343
                                                    Density    =         1.0042
 ------------------------------------------------------------------------------

| Attempting MC barostat change: Failed
| Attempting MC barostat change: Failed
| Attempting MC barostat change: Failed
| Attempting MC barostat change: Failed
| Attempting MC barostat change: Failed
| Attempting MC barostat change: Succeeded
| Attempting MC barostat change: Succeeded
| Attempting MC barostat change: Succeeded
| Attempting MC barostat change: Succeeded
| Attempting MC barostat change: Failed

 NSTEP =    30000   TIME(PS) =     360.000  TEMP(K) =   300.42  PRESS =     0.0
 Etot   =    -14484.4425  EKtot   =      3491.5535  EPtot      =    -17975.9959
 BOND   =        75.0852  ANGLE   =       157.3144  DIHED      =       249.2425
 1-4 NB =        68.4109  1-4 EEL =       858.8392  VDWAALS    =      2339.5686
 EELEC  =    -21741.5528  EHBOND  =         0.0000  RESTRAINT  =        17.0961
 EAMBER (non-restraint)  =    -17993.0920
 EKCMT  =         0.0000  VIRIAL  =         0.0000  VOLUME     =     58264.1330
                                                    Density    =         0.9984
 ------------------------------------------------------------------------------

| Attempting MC barostat change: Failed
| Attempting MC barostat change: Succeeded
| Attempting MC barostat change: Succeeded
| Attempting MC barostat change: Failed
| Attempting MC barostat change: Failed
| Attempting MC barostat change: Succeeded
| Attempting MC barostat change: Failed
| Attempting MC barostat change: Succeeded
| Attempting MC barostat change: Succeeded
| Attempting MC barostat change: Succeeded

 NSTEP =    31000   TIME(PS) =     362.000  TEMP(K) =   302.02  PRESS =     0.0
 Etot   =    -14461.9811  EKtot   =      3510.0637  EPtot      =    -17972.0449
 BOND   =        49.9772  ANGLE   =       171.2551  DIHED      =       259.5764
 1-4 NB =        73.4173  1-4 EEL =       864.5063  VDWAALS    =      2341.7970
 EELEC  =    -21748.0536  EHBOND  =         0.0000  RESTRAINT  =        15.4793
 EAMBER (non-restraint)  =    -17987.5242
 EKCMT  =         0.0000  VIRIAL  =         0.0000  VOLUME     =     57866.4746
                                                    Density    =         1.0053
 ------------------------------------------------------------------------------

| Attempting MC barostat change: Failed
| Attempting MC barostat change: Succeeded
| Attempting MC barostat change: Succeeded
| Attempting MC barostat change: Failed
| Attempting MC barostat change: Failed
| Attempting MC barostat change: Failed
| Attempting MC barostat change: Succeeded
| Attempting MC barostat change: Failed
| Attempting MC barostat change: Failed
| Attempting MC barostat change: Succeeded

 NSTEP =    32000   TIME(PS) =     364.000  TEMP(K) =   292.77  PRESS =     0.0
 Etot   =    -14578.6459  EKtot   =      3402.5530  EPtot      =    -17981.1989
 BOND   =        61.9967  ANGLE   =       166.8706  DIHED      =       253.1416
 1-4 NB =        72.8727  1-4 EEL =       863.7028  VDWAALS    =      2334.4694
 EELEC  =    -21750.4439  EHBOND  =         0.0000  RESTRAINT  =        16.1910
 EAMBER (non-restraint)  =    -17997.3900
 EKCMT  =         0.0000  VIRIAL  =         0.0000  VOLUME     =     57611.1828
                                                    Density    =         1.0097
 ------------------------------------------------------------------------------

| Attempting MC barostat change: Failed
| Attempting MC barostat change: Failed
| Attempting MC barostat change: Succeeded
| Attempting MC barostat change: Succeeded
| Attempting MC barostat change: Succeeded
| Attempting MC barostat change: Failed
| Attempting MC barostat change: Failed
| Attempting MC barostat change: Succeeded
| Attempting MC barostat change: Succeeded
| Attempting MC barostat change: Succeeded

 NSTEP =    33000   TIME(PS) =     366.000  TEMP(K) =   307.46  PRESS =     0.0
 Etot   =    -14453.5086  EKtot   =      3573.2769  EPtot      =    -18026.7854
 BOND   =        55.3843  ANGLE   =       150.3690  DIHED      =       253.2205
 1-4 NB =        66.8488  1-4 EEL =       862.4259  VDWAALS    =      2465.3889
 EELEC  =    -21897.6789  EHBOND  =         0.0000  RESTRAINT  =        17.2561
 EAMBER (non-restraint)  =    -18044.0415
 EKCMT  =         0.0000  VIRIAL  =         0.0000  VOLUME     =     58297.6540
                                                    Density    =         0.9978
 ------------------------------------------------------------------------------

| Attempting MC barostat change: Failed
| Attempting MC barostat change: Succeeded
| Attempting MC barostat change: Failed
| Attempting MC barostat change: Succeeded
| Attempting MC barostat change: Failed
| Attempting MC barostat change: Failed
| Attempting MC barostat change: Failed
| Attempting MC barostat change: Failed
| Attempting MC barostat change: Failed
| Attempting MC barostat change: Failed

 NSTEP =    34000   TIME(PS) =     368.000  TEMP(K) =   306.41  PRESS =     0.0
 Etot   =    -14476.2953  EKtot   =      3561.0947  EPtot      =    -18037.3900
 BOND   =        58.8962  ANGLE   =       175.7812  DIHED      =       255.7774
 1-4 NB =        62.6642  1-4 EEL =       853.0521  VDWAALS    =      2419.3087
 EELEC  =    -21880.9392  EHBOND  =         0.0000  RESTRAINT  =        18.0694
 EAMBER (non-restraint)  =    -18055.4594
 EKCMT  =         0.0000  VIRIAL  =         0.0000  VOLUME     =     57651.6270
                                                    Density    =         1.0090
 ------------------------------------------------------------------------------

| Attempting MC barostat change: Failed
| Attempting MC barostat change: Failed
| Attempting MC barostat change: Failed
| Attempting MC barostat change: Succeeded
| Attempting MC barostat change: Succeeded
| Attempting MC barostat change: Failed
| Attempting MC barostat change: Failed
| Attempting MC barostat change: Failed
| Attempting MC barostat change: Failed
| Attempting MC barostat change: Failed

 NSTEP =    35000   TIME(PS) =     370.000  TEMP(K) =   303.77  PRESS =     0.0
 Etot   =    -14422.0069  EKtot   =      3530.4199  EPtot      =    -17952.4268
 BOND   =        69.6123  ANGLE   =       160.9664  DIHED      =       244.3518
 1-4 NB =        60.6789  1-4 EEL =       858.9970  VDWAALS    =      2483.8657
 EELEC  =    -21845.0942  EHBOND  =         0.0000  RESTRAINT  =        14.1953
 EAMBER (non-restraint)  =    -17966.6221
 EKCMT  =         0.0000  VIRIAL  =         0.0000  VOLUME     =     58004.6645
                                                    Density    =         1.0029
 ------------------------------------------------------------------------------

| Attempting MC barostat change: Failed
| Attempting MC barostat change: Succeeded
| Attempting MC barostat change: Failed
| Attempting MC barostat change: Succeeded
| Attempting MC barostat change: Failed
| Attempting MC barostat change: Failed
| Attempting MC barostat change: Succeeded
| Attempting MC barostat change: Succeeded
| Attempting MC barostat change: Succeeded
| Attempting MC barostat change: Failed

 NSTEP =    36000   TIME(PS) =     372.000  TEMP(K) =   294.12  PRESS =     0.0
 Etot   =    -14578.2883  EKtot   =      3418.2590  EPtot      =    -17996.5473
 BOND   =        61.5324  ANGLE   =       151.6387  DIHED      =       254.3807
 1-4 NB =        65.1627  1-4 EEL =       862.5680  VDWAALS    =      2560.5521
 EELEC  =    -21969.1748  EHBOND  =         0.0000  RESTRAINT  =        16.7930
 EAMBER (non-restraint)  =    -18013.3404
 EKCMT  =         0.0000  VIRIAL  =         0.0000  VOLUME     =     57990.5502
                                                    Density    =         1.0031
 ------------------------------------------------------------------------------

| Attempting MC barostat change: Succeeded
| Attempting MC barostat change: Failed
| Attempting MC barostat change: Succeeded
| Attempting MC barostat change: Succeeded
| Attempting MC barostat change: Failed
| Attempting MC barostat change: Failed
| Attempting MC barostat change: Failed
| Attempting MC barostat change: Succeeded
| Attempting MC barostat change: Succeeded
| Attempting MC barostat change: Failed

 NSTEP =    37000   TIME(PS) =     374.000  TEMP(K) =   297.76  PRESS =     0.0
 Etot   =    -14586.4138  EKtot   =      3460.6357  EPtot      =    -18047.0495
 BOND   =        51.4162  ANGLE   =       149.6396  DIHED      =       249.2583
 1-4 NB =        70.8475  1-4 EEL =       864.8788  VDWAALS    =      2449.5200
 EELEC  =    -21904.9793  EHBOND  =         0.0000  RESTRAINT  =        22.3695
 EAMBER (non-restraint)  =    -18069.4190
 EKCMT  =         0.0000  VIRIAL  =         0.0000  VOLUME     =     57894.7573
                                                    Density    =         1.0048
 ------------------------------------------------------------------------------

| Attempting MC barostat change: Failed
| Attempting MC barostat change: Succeeded
| Attempting MC barostat change: Failed
| Attempting MC barostat change: Failed
| Attempting MC barostat change: Succeeded
| Attempting MC barostat change: Failed
| Attempting MC barostat change: Failed
| Attempting MC barostat change: Failed
| Attempting MC barostat change: Failed
| Attempting MC barostat change: Succeeded

 NSTEP =    38000   TIME(PS) =     376.000  TEMP(K) =   300.09  PRESS =     0.0
 Etot   =    -14504.7792  EKtot   =      3487.6733  EPtot      =    -17992.4526
 BOND   =        63.3222  ANGLE   =       159.1560  DIHED      =       262.3863
 1-4 NB =        66.7674  1-4 EEL =       850.5552  VDWAALS    =      2403.9875
 EELEC  =    -21816.2464  EHBOND  =         0.0000  RESTRAINT  =        17.6192
 EAMBER (non-restraint)  =    -18010.0717
 EKCMT  =         0.0000  VIRIAL  =         0.0000  VOLUME     =     58270.6480
                                                    Density    =         0.9983
 ------------------------------------------------------------------------------

| Attempting MC barostat change: Failed
| Attempting MC barostat change: Failed
| Attempting MC barostat change: Succeeded
| Attempting MC barostat change: Succeeded
| Attempting MC barostat change: Failed
| Attempting MC barostat change: Succeeded
| Attempting MC barostat change: Failed
| Attempting MC barostat change: Succeeded
| Attempting MC barostat change: Succeeded
| Attempting MC barostat change: Succeeded

 NSTEP =    39000   TIME(PS) =     378.000  TEMP(K) =   300.84  PRESS =     0.0
 Etot   =    -14453.6137  EKtot   =      3496.3916  EPtot      =    -17950.0053
 BOND   =        59.3409  ANGLE   =       160.9892  DIHED      =       255.7938
 1-4 NB =        68.8466  1-4 EEL =       866.0314  VDWAALS    =      2518.3110
 EELEC  =    -21897.1155  EHBOND  =         0.0000  RESTRAINT  =        17.7974
 EAMBER (non-restraint)  =    -17967.8027
 EKCMT  =         0.0000  VIRIAL  =         0.0000  VOLUME     =     58202.3478
                                                    Density    =         0.9995
 ------------------------------------------------------------------------------

| Attempting MC barostat change: Failed
| Attempting MC barostat change: Succeeded
| Attempting MC barostat change: Failed
| Attempting MC barostat change: Failed
| Attempting MC barostat change: Failed
| Attempting MC barostat change: Failed
| Attempting MC barostat change: Failed
| Attempting MC barostat change: Failed
| Attempting MC barostat change: Failed
| Attempting MC barostat change: Failed

 NSTEP =    40000   TIME(PS) =     380.000  TEMP(K) =   298.52  PRESS =     0.0
 Etot   =    -14590.5523  EKtot   =      3469.4292  EPtot      =    -18059.9815
 BOND   =        52.6119  ANGLE   =       138.8366  DIHED      =       245.8979
 1-4 NB =        63.7293  1-4 EEL =       864.3856  VDWAALS    =      2494.7221
 EELEC  =    -21941.3000  EHBOND  =         0.0000  RESTRAINT  =        21.1351
 EAMBER (non-restraint)  =    -18081.1167
 EKCMT  =         0.0000  VIRIAL  =         0.0000  VOLUME     =     58268.1508
                                                    Density    =         0.9983
 ------------------------------------------------------------------------------

| Attempting MC barostat change: Succeeded
| Attempting MC barostat change: Failed
| Attempting MC barostat change: Failed
| Attempting MC barostat change: Failed
| Attempting MC barostat change: Failed
| Attempting MC barostat change: Failed
| Attempting MC barostat change: Succeeded
| Attempting MC barostat change: Succeeded
| Attempting MC barostat change: Succeeded
| Attempting MC barostat change: Failed

 NSTEP =    41000   TIME(PS) =     382.000  TEMP(K) =   300.58  PRESS =     0.0
 Etot   =    -14502.8316  EKtot   =      3493.3843  EPtot      =    -17996.2159
 BOND   =        61.8204  ANGLE   =       168.0458  DIHED      =       244.5624
 1-4 NB =        63.2717  1-4 EEL =       856.6044  VDWAALS    =      2419.6850
 EELEC  =    -21826.7024  EHBOND  =         0.0000  RESTRAINT  =        16.4969
 EAMBER (non-restraint)  =    -18012.7128
 EKCMT  =         0.0000  VIRIAL  =         0.0000  VOLUME     =     57971.5161
                                                    Density    =         1.0034
 ------------------------------------------------------------------------------

| Attempting MC barostat change: Succeeded
| Attempting MC barostat change: Failed
| Attempting MC barostat change: Failed
| Attempting MC barostat change: Succeeded
| Attempting MC barostat change: Failed
| Attempting MC barostat change: Failed
| Attempting MC barostat change: Failed
| Attempting MC barostat change: Succeeded
| Attempting MC barostat change: Failed
| Attempting MC barostat change: Succeeded

 NSTEP =    42000   TIME(PS) =     384.000  TEMP(K) =   306.39  PRESS =     0.0
 Etot   =    -14370.3184  EKtot   =      3560.8491  EPtot      =    -17931.1675
 BOND   =        59.3315  ANGLE   =       158.4507  DIHED      =       253.3844
 1-4 NB =        65.3677  1-4 EEL =       857.3502  VDWAALS    =      2523.6106
 EELEC  =    -21865.5681  EHBOND  =         0.0000  RESTRAINT  =        16.9056
 EAMBER (non-restraint)  =    -17948.0730
 EKCMT  =         0.0000  VIRIAL  =         0.0000  VOLUME     =     57949.0325
                                                    Density    =         1.0038
 ------------------------------------------------------------------------------

| Attempting MC barostat change: Failed
| Attempting MC barostat change: Succeeded
| Attempting MC barostat change: Succeeded
| Attempting MC barostat change: Failed
| Attempting MC barostat change: Failed
| Attempting MC barostat change: Failed
| Attempting MC barostat change: Failed
| Attempting MC barostat change: Failed
| Attempting MC barostat change: Failed
| Attempting MC barostat change: Succeeded

 NSTEP =    43000   TIME(PS) =     386.000  TEMP(K) =   305.77  PRESS =     0.0
 Etot   =    -14376.9803  EKtot   =      3553.7166  EPtot      =    -17930.6969
 BOND   =        64.1419  ANGLE   =       148.9110  DIHED      =       251.6581
 1-4 NB =        69.7040  1-4 EEL =       864.9879  VDWAALS    =      2368.8956
 EELEC  =    -21719.3915  EHBOND  =         0.0000  RESTRAINT  =        20.3961
 EAMBER (non-restraint)  =    -17951.0930
 EKCMT  =         0.0000  VIRIAL  =         0.0000  VOLUME     =     58489.6791
                                                    Density    =         0.9946
 ------------------------------------------------------------------------------

| Attempting MC barostat change: Failed
| Attempting MC barostat change: Failed
| Attempting MC barostat change: Failed
| Attempting MC barostat change: Failed
| Attempting MC barostat change: Failed
| Attempting MC barostat change: Failed
| Attempting MC barostat change: Succeeded
| Attempting MC barostat change: Succeeded
| Attempting MC barostat change: Failed
| Attempting MC barostat change: Failed

 NSTEP =    44000   TIME(PS) =     388.000  TEMP(K) =   299.76  PRESS =     0.0
 Etot   =    -14473.4894  EKtot   =      3483.8723  EPtot      =    -17957.3617
 BOND   =        61.5099  ANGLE   =       164.6364  DIHED      =       261.7105
 1-4 NB =        64.3482  1-4 EEL =       861.1128  VDWAALS    =      2352.3272
 EELEC  =    -21739.1351  EHBOND  =         0.0000  RESTRAINT  =        16.1285
 EAMBER (non-restraint)  =    -17973.4902
 EKCMT  =         0.0000  VIRIAL  =         0.0000  VOLUME     =     58594.5083
                                                    Density    =         0.9928
 ------------------------------------------------------------------------------

| Attempting MC barostat change: Succeeded
| Attempting MC barostat change: Failed
| Attempting MC barostat change: Failed
| Attempting MC barostat change: Failed
| Attempting MC barostat change: Failed
| Attempting MC barostat change: Succeeded
| Attempting MC barostat change: Failed
| Attempting MC barostat change: Succeeded
| Attempting MC barostat change: Failed
| Attempting MC barostat change: Failed

 NSTEP =    45000   TIME(PS) =     390.000  TEMP(K) =   294.49  PRESS =     0.0
 Etot   =    -14445.4702  EKtot   =      3422.5706  EPtot      =    -17868.0407
 BOND   =        53.2667  ANGLE   =       157.1491  DIHED      =       256.6553
 1-4 NB =        69.6455  1-4 EEL =       868.3567  VDWAALS    =      2414.4747
 EELEC  =    -21709.1902  EHBOND  =         0.0000  RESTRAINT  =        21.6016
 EAMBER (non-restraint)  =    -17889.6423
 EKCMT  =         0.0000  VIRIAL  =         0.0000  VOLUME     =     58539.7772
                                                    Density    =         0.9937
 ------------------------------------------------------------------------------

| Attempting MC barostat change: Failed
| Attempting MC barostat change: Failed
| Attempting MC barostat change: Failed
| Attempting MC barostat change: Failed
| Attempting MC barostat change: Failed
| Attempting MC barostat change: Succeeded
| Attempting MC barostat change: Succeeded
| Attempting MC barostat change: Succeeded
| Attempting MC barostat change: Failed
| Attempting MC barostat change: Succeeded

 NSTEP =    46000   TIME(PS) =     392.000  TEMP(K) =   301.73  PRESS =     0.0
 Etot   =    -14382.1821  EKtot   =      3506.7817  EPtot      =    -17888.9639
 BOND   =        56.3120  ANGLE   =       160.2179  DIHED      =       254.2324
 1-4 NB =        67.1793  1-4 EEL =       857.2807  VDWAALS    =      2343.8810
 EELEC  =    -21642.5416  EHBOND  =         0.0000  RESTRAINT  =        14.4745
 EAMBER (non-restraint)  =    -17903.4384
 EKCMT  =         0.0000  VIRIAL  =         0.0000  VOLUME     =     58613.1735
                                                    Density    =         0.9925
 ------------------------------------------------------------------------------

| Attempting MC barostat change: Failed
| Attempting MC barostat change: Failed
| Attempting MC barostat change: Failed
| Attempting MC barostat change: Failed
| Attempting MC barostat change: Succeeded
| Attempting MC barostat change: Failed
| Attempting MC barostat change: Failed
| Attempting MC barostat change: Succeeded
| Attempting MC barostat change: Failed
| Attempting MC barostat change: Succeeded

 NSTEP =    47000   TIME(PS) =     394.000  TEMP(K) =   300.86  PRESS =     0.0
 Etot   =    -14456.5780  EKtot   =      3496.6519  EPtot      =    -17953.2299
 BOND   =        64.2224  ANGLE   =       172.8880  DIHED      =       248.7768
 1-4 NB =        61.6914  1-4 EEL =       853.7967  VDWAALS    =      2492.6596
 EELEC  =    -21863.2699  EHBOND  =         0.0000  RESTRAINT  =        16.0052
 EAMBER (non-restraint)  =    -17969.2350
 EKCMT  =         0.0000  VIRIAL  =         0.0000  VOLUME     =     58556.1538
                                                    Density    =         0.9934
 ------------------------------------------------------------------------------

| Attempting MC barostat change: Succeeded
| Attempting MC barostat change: Failed
| Attempting MC barostat change: Failed
| Attempting MC barostat change: Failed
| Attempting MC barostat change: Failed
| Attempting MC barostat change: Failed
| Attempting MC barostat change: Failed
| Attempting MC barostat change: Failed
| Attempting MC barostat change: Failed
| Attempting MC barostat change: Failed

 NSTEP =    48000   TIME(PS) =     396.000  TEMP(K) =   302.10  PRESS =     0.0
 Etot   =    -14459.6237  EKtot   =      3511.0398  EPtot      =    -17970.6635
 BOND   =        60.8651  ANGLE   =       143.3752  DIHED      =       258.9151
 1-4 NB =        70.2309  1-4 EEL =       859.9525  VDWAALS    =      2373.7555
 EELEC  =    -21750.4041  EHBOND  =         0.0000  RESTRAINT  =        12.6461
 EAMBER (non-restraint)  =    -17983.3096
 EKCMT  =         0.0000  VIRIAL  =         0.0000  VOLUME     =     58483.1798
                                                    Density    =         0.9947
 ------------------------------------------------------------------------------

| Attempting MC barostat change: Succeeded
| Attempting MC barostat change: Succeeded
| Attempting MC barostat change: Succeeded
| Attempting MC barostat change: Succeeded
| Attempting MC barostat change: Failed
| Attempting MC barostat change: Failed
| Attempting MC barostat change: Failed
| Attempting MC barostat change: Succeeded
| Attempting MC barostat change: Failed
| Attempting MC barostat change: Succeeded

 NSTEP =    49000   TIME(PS) =     398.000  TEMP(K) =   301.71  PRESS =     0.0
 Etot   =    -14521.2665  EKtot   =      3506.5166  EPtot      =    -18027.7831
 BOND   =        52.1532  ANGLE   =       153.8167  DIHED      =       249.5790
 1-4 NB =        67.2461  1-4 EEL =       878.7060  VDWAALS    =      2437.0603
 EELEC  =    -21883.0036  EHBOND  =         0.0000  RESTRAINT  =        16.6592
 EAMBER (non-restraint)  =    -18044.4422
 EKCMT  =         0.0000  VIRIAL  =         0.0000  VOLUME     =     58381.7489
                                                    Density    =         0.9964
 ------------------------------------------------------------------------------

| Attempting MC barostat change: Succeeded
| Attempting MC barostat change: Succeeded
| Attempting MC barostat change: Failed
| Attempting MC barostat change: Succeeded
| Attempting MC barostat change: Succeeded
| Attempting MC barostat change: Failed
| Attempting MC barostat change: Failed
| Attempting MC barostat change: Failed
| Attempting MC barostat change: Failed
| Attempting MC barostat change: Succeeded

 NSTEP =    50000   TIME(PS) =     400.000  TEMP(K) =   297.46  PRESS =     0.0
 Etot   =    -14484.9894  EKtot   =      3457.1624  EPtot      =    -17942.1517
 BOND   =        46.9400  ANGLE   =       172.5667  DIHED      =       251.5022
 1-4 NB =        66.1851  1-4 EEL =       854.2344  VDWAALS    =      2591.9583
 EELEC  =    -21943.0658  EHBOND  =         0.0000  RESTRAINT  =        17.5273
 EAMBER (non-restraint)  =    -17959.6790
 EKCMT  =         0.0000  VIRIAL  =         0.0000  VOLUME     =     58103.4940
                                                    Density    =         1.0012
 ------------------------------------------------------------------------------


      A V E R A G E S   O V E R      50 S T E P S


 NSTEP =    50000   TIME(PS) =     400.000  TEMP(K) =   299.92  PRESS =     0.0
 Etot   =    -14507.2359  EKtot   =      3485.6751  EPtot      =    -17992.9110
 BOND   =        59.1514  ANGLE   =       157.7911  DIHED      =       251.8868
 1-4 NB =        67.8039  1-4 EEL =       863.4024  VDWAALS    =      2438.0728
 EELEC  =    -21847.8893  EHBOND  =         0.0000  RESTRAINT  =        16.8698
 EAMBER (non-restraint)  =    -18009.7808
 EKCMT  =         0.0000  VIRIAL  =         0.0000  VOLUME     =     57917.4345
                                                    Density    =         1.0044
 ------------------------------------------------------------------------------


      R M S  F L U C T U A T I O N S


 NSTEP =    50000   TIME(PS) =     400.000  TEMP(K) =     3.53  PRESS =     0.0
 Etot   =        79.1954  EKtot   =        41.0318  EPtot      =        68.2079
 BOND   =         6.1192  ANGLE   =         8.9963  DIHED      =         5.0732
 1-4 NB =         3.4357  1-4 EEL =         8.1696  VDWAALS    =        66.7967
 EELEC  =       102.0811  EHBOND  =         0.0000  RESTRAINT  =         2.5081
 EAMBER (non-restraint)  =        65.6998
 EKCMT  =         0.0000  VIRIAL  =         0.0000  VOLUME     =       372.1506
                                                    Density    =         0.0065
 ------------------------------------------------------------------------------

| MC Barostat:        500 volume changes attempted.
| MC Barostat:        197 changes successful ( 39.40%)
 ------------------------------------------------------------------------------

--------------------------------------------------------------------------------
   5.  TIMINGS
--------------------------------------------------------------------------------

|  NonSetup CPU Time in Major Routines:
|
|     Routine           Sec        %
|     ------------------------------
|     Nonbond           6.21   27.81
|     Bond              0.00    0.00
|     Angle             0.00    0.00
|     Dihedral          0.00    0.00
|     Shake             0.45    2.01
|     RunMD            15.45   69.19
|     Other             0.22    0.99
|     ------------------------------
|     Total            22.33

|  PME Nonbond Pairlist CPU Time:
|
|     Routine              Sec        %
|     ---------------------------------
|     Set Up Cit           0.00    0.00
|     Build List           0.00    0.00
|     ---------------------------------
|     Total                0.00    0.00

|  PME Direct Force CPU Time:
|
|     Routine              Sec        %
|     ---------------------------------
|     NonBonded Calc       0.00    0.00
|     Exclude Masked       0.00    0.00
|     Other                0.03    0.13
|     ---------------------------------
|     Total                0.03    0.13

|  PME Reciprocal Force CPU Time:
|
|     Routine              Sec        %
|     ---------------------------------
|     1D bspline           0.00    0.00
|     Grid Charges         0.00    0.00
|     Scalar Sum           0.00    0.00
|     Gradient Sum         0.00    0.00
|     FFT                  0.00    0.00
|     ---------------------------------
|     Total                0.00    0.00

|  Final Performance Info:
|     -----------------------------------------------------
|     Average timings for last   49000 steps:
|         Elapsed(s) =      21.84 Per Step(ms) =       0.45
|             ns/day =     387.66   seconds/ns =     222.87
|
|     Average timings for all steps:
|         Elapsed(s) =      22.33 Per Step(ms) =       0.45
|             ns/day =     386.86   seconds/ns =     223.34
|     -----------------------------------------------------

|  Setup CPU time:            1.63 seconds
|  NonSetup CPU time:        22.33 seconds
|  Total CPU time:           23.96 seconds     0.01 hours

|  Setup wall time:           2    seconds
|  NonSetup wall time:       22    seconds
|  Total wall time:          24    seconds     0.01 hours
