
          -------------------------------------------------------
          Amber 14 SANDER                              2014
          -------------------------------------------------------

| PMEMD implementation of SANDER, Release 14

| Run on 06/01/2016 at 11:32:59

|   Executable path: pmemd.cuda
| Working directory: /mnt/lustre_fs/users/workshop_1/joebaker/day7/day7/trpcage/runsim/equil
|          Hostname: gpu-compute2

  [-O]verwriting output

File Assignments:
|   MDIN: equil.1.in                                                            
|  MDOUT: equil.1.out                                                           
| INPCRD: ../heat/heat.2.rst7                                                   
|   PARM: ../../tleap/trpcage.parm7                                             
| RESTRT: equil.1.rst7                                                          
|   REFC: ../heat/heat.2.rst7                                                   
|  MDVEL: mdvel                                                                 
|   MDEN: mden                                                                  
|  MDCRD: equil.1.nc                                                            
| MDINFO: mdinfo                                                                
|  MDFRC: mdfrc                                                                 


 Here is the input file:

NPT equilibration                                                              
 &cntrl                                                                        
  imin=0, ! Not a minimization run                                             
  ntx=5, ! Read coordinates and velocities from restart file                   
  irest=1, ! Restart from previous, expecting velocities                       
  ntxo=2, ! The final coords, velocities, box size in NetCDF                   
  ioutfm=1, ! Print mdcrd to NetCDF format                                     
  ntwr=100000, ! Very high value for how often restart file is written         
  nstlim=50000, ! 100 ps of NPT equilibration                                  
  dt=0.002, ! Time step in picoseconds, so this is 2 fs                        
  ntf=2, ! Do not calc the force for SHAKE constrained bonds                   
  ntc=2, ! Use SHAKE for all hydrogen bonds                                    
  temp0=300.0, ! Thermostat temperature, Run at this temperature               
  ntpr=1000, ! How often to print                                              
  ntwx=1000, ! Write coordinates every 2 ps                                    
  cut=8.0, ! Nonbonded cutoff                                                  
  ntb=2, ! Use PBC and constant pressure                                       
  ntp=1, ! Isotropic pressure scaling                                          
  barostat=2, ! Use Monte Carlo barostat                                       
  taup=1, ! Pressure relaxation time                                           
  ntt=3, ! Use the Lengevin thermostat                                         
  gamma_ln=1.0, ! Frequency of collisions for thermostat                       
  ig=-1, ! Randomize seed for Langevin thermostat                              
  ntr=1, ! turn on restraints                                                  
  restraint_wt=10.0, ! force constant for restraints                           
  restraintmask=':1-20,@CA,C,O,N', ! restrained atoms                          
 /                                                                             


Note: ig = -1. Setting random seed to   913693 based on wallclock time in 
      microseconds.
 
|--------------------- INFORMATION ----------------------
| GPU (CUDA) Version of PMEMD in use: NVIDIA GPU IN USE.
|                    Version 14.0.1
| 
|                      06/20/2014
| 
| Implementation by:
|                    Ross C. Walker     (SDSC)
|                    Scott Le Grand     (nVIDIA)
| 
| CAUTION: The CUDA code is currently experimental.
|          You use it at your own risk. Be sure to
|          check ALL results carefully.
| 
| Precision model in use:
|      [SPFP] - Mixed Single/Double/Fixed Point Precision.
|               (Default)
| 
|--------------------------------------------------------
 
|----------------- CITATION INFORMATION -----------------
|
|    When publishing work that utilized the CUDA version
|    of AMBER, please cite the following in addition to
|    the regular AMBER citations:
|
|  - Romelia Salomon-Ferrer; Andreas W. Goetz; Duncan
|    Poole; Scott Le Grand; Ross C. Walker "Routine
|    microsecond molecular dynamics simulations with
|    AMBER - Part II: Particle Mesh Ewald", J. Chem.
|    Theory Comput., 2013, 9 (9), pp3878-3888,
|    DOI: 10.1021/ct400314y.
|
|  - Andreas W. Goetz; Mark J. Williamson; Dong Xu;
|    Duncan Poole; Scott Le Grand; Ross C. Walker
|    "Routine microsecond molecular dynamics simulations
|    with AMBER - Part I: Generalized Born", J. Chem.
|    Theory Comput., 2012, 8 (5), pp1542-1555.
|
|  - Scott Le Grand; Andreas W. Goetz; Ross C. Walker
|    "SPFP: Speed without compromise - a mixed precision
|    model for GPU accelerated molecular dynamics
|    simulations.", Comp. Phys. Comm., 2013, 184
|    pp374-380, DOI: 10.1016/j.cpc.2012.09.022
|
|--------------------------------------------------------
 
|------------------- GPU DEVICE INFO --------------------
|
|            CUDA_VISIBLE_DEVICES: 0
|   CUDA Capable Devices Detected:      1
|           CUDA Device ID in use:      0
|                CUDA Device Name: GeForce GTX TITAN X
|     CUDA Device Global Mem Size:  12287 MB
| CUDA Device Num Multiprocessors:     24
|           CUDA Device Core Freq:   1.08 GHz
|
|--------------------------------------------------------
 
 
| Conditional Compilation Defines Used:
| PUBFFT
| BINTRAJ
| CUDA
| EMIL

| Largest sphere to fit in unit cell has radius =    17.270

| New format PARM file being parsed.
| Version =    1.000 Date = 06/01/16 Time = 08:32:47

| Note: 1-4 EEL scale factors are being read from the topology file.

| Note: 1-4 VDW scale factors are being read from the topology file.
| Duplicated    0 dihedrals

| Duplicated    0 dihedrals

--------------------------------------------------------------------------------
   1.  RESOURCE   USE: 
--------------------------------------------------------------------------------

 getting box info from netcdf restart file
 NATOM  =    5771 NTYPES =      15 NBONH =    5616 MBONA  =     160
 NTHETH =     346 MTHETA =     219 NPHIH =     700 MPHIA  =     653
 NHPARM =       0 NPARM  =       0 NNB   =    8990 NRES   =    1843
 NBONA  =     160 NTHETA =     219 NPHIA =     653 NUMBND =      55
 NUMANG =     124 NPTRA  =     137 NATYP =      29 NPHB   =       1
 IFBOX  =       2 NMXRS  =      24 IFCAP =       0 NEXTRA =       0
 NCOPY  =       0

| Coordinate Index Table dimensions:     8    8    8
| Direct force subcell size =     5.2880    5.2880    5.2880

     BOX TYPE: TRUNCATED OCTAHEDRON

--------------------------------------------------------------------------------
   2.  CONTROL  DATA  FOR  THE  RUN
--------------------------------------------------------------------------------

default_name                                                                    

General flags:
     imin    =       0, nmropt  =       0

Nature and format of input:
     ntx     =       5, irest   =       1, ntrx    =       1

Nature and format of output:
     ntxo    =       2, ntpr    =    1000, ntrx    =       1, ntwr    =  100000
     iwrap   =       0, ntwx    =    1000, ntwv    =       0, ntwe    =       0
     ioutfm  =       1, ntwprt  =       0, idecomp =       0, rbornstat=      0

Potential function:
     ntf     =       2, ntb     =       2, igb     =       0, nsnb    =      25
     ipol    =       0, gbsa    =       0, iesp    =       0
     dielc   =   1.00000, cut     =   8.00000, intdiel =   1.00000

Frozen or restrained atoms:
     ibelly  =       0, ntr     =       1
     restraint_wt =  10.00000

Molecular dynamics:
     nstlim  =     50000, nscm    =         0, nrespa  =         1
     t       =   0.00000, dt      =   0.00200, vlimit  =  -1.00000

Langevin dynamics temperature regulation:
     ig      =  913693
     temp0   = 300.00000, tempi   =   0.00000, gamma_ln=   1.00000

Pressure regulation:
     ntp     =       1
     pres0   =   1.00000, comp    =  44.60000, taup    =   1.00000
     Monte-Carlo Barostat:
     mcbarint  =     100

SHAKE:
     ntc     =       2, jfastw  =       0
     tol     =   0.00001

| Intermolecular bonds treatment:
|     no_intermolecular_bonds =       1

| Energy averages sample interval:
|     ene_avg_sampling =    1000

Ewald parameters:
     verbose =       0, ew_type =       0, nbflag  =       1, use_pme =       1
     vdwmeth =       1, eedmeth =       1, netfrc  =       1
     Box X =   42.304   Box Y =   42.304   Box Z =   42.304
     Alpha =  109.471   Beta  =  109.471   Gamma =  109.471
     NFFT1 =   48       NFFT2 =   48       NFFT3 =   48
     Cutoff=    8.000   Tol   =0.100E-04
     Ewald Coefficient =  0.34864
     Interpolation order =    4

    LOADING THE CONSTRAINED ATOMS AS GROUPS


   5.  REFERENCE ATOM COORDINATES

  default_name                                                                    
     Mask :1-20,@CA,C,O,N; matches    80 atoms

--------------------------------------------------------------------------------
   3.  ATOMIC COORDINATES AND VELOCITIES
--------------------------------------------------------------------------------

default_name                                                                    
 begin time read from input coords =   200.000 ps

 
 Number of triangulated 3-point waters found:     1822

     Sum of charges from parm topology file =  -0.00000001
     Forcing neutrality...

| Dynamic Memory, Types Used:
| Reals              371488
| Integers           173854

| Nonbonded Pairs Initial Allocation:      963901

| GPU memory information (estimate):
| KB of GPU memory in use:     38273
| KB of CPU memory in use:     10145

--------------------------------------------------------------------------------
   4.  RESULTS
--------------------------------------------------------------------------------

 ---------------------------------------------------
 APPROXIMATING switch and d/dx switch using CUBIC SPLINE INTERPOLATION
 using   5000.0 points per unit in tabled values
 TESTING RELATIVE ERROR over r ranging from 0.0 to cutoff
| CHECK switch(x): max rel err =   0.2738E-14   at   2.422500
| CHECK d/dx switch(x): max rel err =   0.8332E-11   at   2.782960
 ---------------------------------------------------
|---------------------------------------------------
| APPROXIMATING direct energy using CUBIC SPLINE INTERPOLATION
|  with   50.0 points per unit in tabled values
| Relative Error Limit not exceeded for r .gt.   2.47
| APPROXIMATING direct force using CUBIC SPLINE INTERPOLATION
|  with   50.0 points per unit in tabled values
| Relative Error Limit not exceeded for r .gt.   2.89
|---------------------------------------------------
| Attempting MC barostat change: Failed
| Attempting MC barostat change: Succeeded
| Attempting MC barostat change: Succeeded
| Attempting MC barostat change: Failed
| Attempting MC barostat change: Succeeded
| Attempting MC barostat change: Succeeded
| Attempting MC barostat change: Failed
| Attempting MC barostat change: Failed
| Attempting MC barostat change: Failed
| Attempting MC barostat change: Succeeded

 NSTEP =     1000   TIME(PS) =     202.000  TEMP(K) =   292.79  PRESS =     0.0
 Etot   =    -14597.0108  EKtot   =      3402.7788  EPtot      =    -17999.7896
 BOND   =        54.6476  ANGLE   =       164.3379  DIHED      =       240.6363
 1-4 NB =        70.0097  1-4 EEL =       862.9918  VDWAALS    =      2418.2775
 EELEC  =    -21835.8138  EHBOND  =         0.0000  RESTRAINT  =        25.1233
 EAMBER (non-restraint)  =    -18024.9130
 EKCMT  =         0.0000  VIRIAL  =         0.0000  VOLUME     =     58056.5004
                                                    Density    =         1.0020
 ------------------------------------------------------------------------------

| Attempting MC barostat change: Failed
| Attempting MC barostat change: Succeeded
| Attempting MC barostat change: Succeeded
| Attempting MC barostat change: Failed
| Attempting MC barostat change: Succeeded
| Attempting MC barostat change: Failed
| Attempting MC barostat change: Succeeded
| Attempting MC barostat change: Failed
| Attempting MC barostat change: Failed
| Attempting MC barostat change: Succeeded

 NSTEP =     2000   TIME(PS) =     204.000  TEMP(K) =   292.96  PRESS =     0.0
 Etot   =    -14573.8301  EKtot   =      3404.8059  EPtot      =    -17978.6360
 BOND   =        44.4429  ANGLE   =       137.9818  DIHED      =       260.2263
 1-4 NB =        75.3816  1-4 EEL =       876.9942  VDWAALS    =      2402.4706
 EELEC  =    -21796.1007  EHBOND  =         0.0000  RESTRAINT  =        19.9674
 EAMBER (non-restraint)  =    -17998.6035
 EKCMT  =         0.0000  VIRIAL  =         0.0000  VOLUME     =     57649.5191
                                                    Density    =         1.0091
 ------------------------------------------------------------------------------

| Attempting MC barostat change: Failed
| Attempting MC barostat change: Failed
| Attempting MC barostat change: Succeeded
| Attempting MC barostat change: Failed
| Attempting MC barostat change: Failed
| Attempting MC barostat change: Succeeded
| Attempting MC barostat change: Succeeded
| Attempting MC barostat change: Failed
| Attempting MC barostat change: Failed
| Attempting MC barostat change: Succeeded

 NSTEP =     3000   TIME(PS) =     206.000  TEMP(K) =   304.52  PRESS =     0.0
 Etot   =    -14484.9163  EKtot   =      3539.2043  EPtot      =    -18024.1207
 BOND   =        56.8978  ANGLE   =       164.3248  DIHED      =       255.8052
 1-4 NB =        63.6121  1-4 EEL =       873.4134  VDWAALS    =      2438.0022
 EELEC  =    -21892.0103  EHBOND  =         0.0000  RESTRAINT  =        15.8340
 EAMBER (non-restraint)  =    -18039.9547
 EKCMT  =         0.0000  VIRIAL  =         0.0000  VOLUME     =     57492.2242
                                                    Density    =         1.0118
 ------------------------------------------------------------------------------

| Attempting MC barostat change: Succeeded
| Attempting MC barostat change: Succeeded
| Attempting MC barostat change: Succeeded
| Attempting MC barostat change: Failed
| Attempting MC barostat change: Failed
| Attempting MC barostat change: Succeeded
| Attempting MC barostat change: Failed
| Attempting MC barostat change: Failed
| Attempting MC barostat change: Succeeded
| Attempting MC barostat change: Failed

 NSTEP =     4000   TIME(PS) =     208.000  TEMP(K) =   294.45  PRESS =     0.0
 Etot   =    -14550.9560  EKtot   =      3422.1079  EPtot      =    -17973.0639
 BOND   =        47.1114  ANGLE   =       183.2354  DIHED      =       245.7086
 1-4 NB =        73.4137  1-4 EEL =       874.5649  VDWAALS    =      2357.9958
 EELEC  =    -21776.7775  EHBOND  =         0.0000  RESTRAINT  =        21.6837
 EAMBER (non-restraint)  =    -17994.7476
 EKCMT  =         0.0000  VIRIAL  =         0.0000  VOLUME     =     57899.5822
                                                    Density    =         1.0047
 ------------------------------------------------------------------------------

| Attempting MC barostat change: Failed
| Attempting MC barostat change: Succeeded
| Attempting MC barostat change: Succeeded
| Attempting MC barostat change: Failed
| Attempting MC barostat change: Succeeded
| Attempting MC barostat change: Succeeded
| Attempting MC barostat change: Succeeded
| Attempting MC barostat change: Succeeded
| Attempting MC barostat change: Failed
| Attempting MC barostat change: Failed

 NSTEP =     5000   TIME(PS) =     210.000  TEMP(K) =   294.23  PRESS =     0.0
 Etot   =    -14560.1785  EKtot   =      3419.5913  EPtot      =    -17979.7698
 BOND   =        55.4929  ANGLE   =       146.3818  DIHED      =       250.7110
 1-4 NB =        69.7330  1-4 EEL =       868.2215  VDWAALS    =      2400.1577
 EELEC  =    -21788.3291  EHBOND  =         0.0000  RESTRAINT  =        17.8613
 EAMBER (non-restraint)  =    -17997.6311
 EKCMT  =         0.0000  VIRIAL  =         0.0000  VOLUME     =     57450.7036
                                                    Density    =         1.0125
 ------------------------------------------------------------------------------

| Attempting MC barostat change: Failed
| Attempting MC barostat change: Succeeded
| Attempting MC barostat change: Succeeded
| Attempting MC barostat change: Failed
| Attempting MC barostat change: Succeeded
| Attempting MC barostat change: Succeeded
| Attempting MC barostat change: Succeeded
| Attempting MC barostat change: Succeeded
| Attempting MC barostat change: Failed
| Attempting MC barostat change: Failed

 NSTEP =     6000   TIME(PS) =     212.000  TEMP(K) =   304.77  PRESS =     0.0
 Etot   =    -14569.0673  EKtot   =      3542.0908  EPtot      =    -18111.1581
 BOND   =        75.4158  ANGLE   =       155.8538  DIHED      =       243.5801
 1-4 NB =        66.5615  1-4 EEL =       859.8794  VDWAALS    =      2522.8461
 EELEC  =    -22052.3686  EHBOND  =         0.0000  RESTRAINT  =        17.0737
 EAMBER (non-restraint)  =    -18128.2319
 EKCMT  =         0.0000  VIRIAL  =         0.0000  VOLUME     =     57211.1363
                                                    Density    =         1.0168
 ------------------------------------------------------------------------------

| Attempting MC barostat change: Failed
| Attempting MC barostat change: Failed
| Attempting MC barostat change: Succeeded
| Attempting MC barostat change: Failed
| Attempting MC barostat change: Succeeded
| Attempting MC barostat change: Succeeded
| Attempting MC barostat change: Failed
| Attempting MC barostat change: Succeeded
| Attempting MC barostat change: Succeeded
| Attempting MC barostat change: Failed

 NSTEP =     7000   TIME(PS) =     214.000  TEMP(K) =   302.02  PRESS =     0.0
 Etot   =    -14490.9112  EKtot   =      3510.0869  EPtot      =    -18000.9981
 BOND   =        58.3912  ANGLE   =       168.1174  DIHED      =       241.4234
 1-4 NB =        63.1737  1-4 EEL =       857.2855  VDWAALS    =      2350.6150
 EELEC  =    -21762.0255  EHBOND  =         0.0000  RESTRAINT  =        22.0211
 EAMBER (non-restraint)  =    -18023.0192
 EKCMT  =         0.0000  VIRIAL  =         0.0000  VOLUME     =     57810.8705
                                                    Density    =         1.0062
 ------------------------------------------------------------------------------

| Attempting MC barostat change: Succeeded
| Attempting MC barostat change: Failed
| Attempting MC barostat change: Failed
| Attempting MC barostat change: Succeeded
| Attempting MC barostat change: Failed
| Attempting MC barostat change: Failed
| Attempting MC barostat change: Succeeded
| Attempting MC barostat change: Failed
| Attempting MC barostat change: Succeeded
| Attempting MC barostat change: Succeeded

 NSTEP =     8000   TIME(PS) =     216.000  TEMP(K) =   307.94  PRESS =     0.0
 Etot   =    -14478.0858  EKtot   =      3578.8647  EPtot      =    -18056.9506
 BOND   =        61.4967  ANGLE   =       174.6857  DIHED      =       245.0707
 1-4 NB =        70.2715  1-4 EEL =       863.4222  VDWAALS    =      2480.5117
 EELEC  =    -21970.1043  EHBOND  =         0.0000  RESTRAINT  =        17.6952
 EAMBER (non-restraint)  =    -18074.6458
 EKCMT  =         0.0000  VIRIAL  =         0.0000  VOLUME     =     58025.9085
                                                    Density    =         1.0025
 ------------------------------------------------------------------------------

| Attempting MC barostat change: Failed
| Attempting MC barostat change: Failed
| Attempting MC barostat change: Failed
| Attempting MC barostat change: Failed
| Attempting MC barostat change: Succeeded
| Attempting MC barostat change: Failed
| Attempting MC barostat change: Failed
| Attempting MC barostat change: Succeeded
| Attempting MC barostat change: Succeeded
| Attempting MC barostat change: Failed

 NSTEP =     9000   TIME(PS) =     218.000  TEMP(K) =   300.24  PRESS =     0.0
 Etot   =    -14506.0223  EKtot   =      3489.4507  EPtot      =    -17995.4730
 BOND   =        64.5953  ANGLE   =       168.2651  DIHED      =       249.0975
 1-4 NB =        67.2335  1-4 EEL =       842.9497  VDWAALS    =      2536.6510
 EELEC  =    -21943.3897  EHBOND  =         0.0000  RESTRAINT  =        19.1246
 EAMBER (non-restraint)  =    -18014.5976
 EKCMT  =         0.0000  VIRIAL  =         0.0000  VOLUME     =     57823.9937
                                                    Density    =         1.0060
 ------------------------------------------------------------------------------

| Attempting MC barostat change: Failed
| Attempting MC barostat change: Failed
| Attempting MC barostat change: Succeeded
| Attempting MC barostat change: Succeeded
| Attempting MC barostat change: Failed
| Attempting MC barostat change: Succeeded
| Attempting MC barostat change: Succeeded
| Attempting MC barostat change: Succeeded
| Attempting MC barostat change: Failed
| Attempting MC barostat change: Failed

 NSTEP =    10000   TIME(PS) =     220.000  TEMP(K) =   297.96  PRESS =     0.0
 Etot   =    -14377.2818  EKtot   =      3462.9624  EPtot      =    -17840.2442
 BOND   =        61.0029  ANGLE   =       174.8080  DIHED      =       239.6978
 1-4 NB =        66.6430  1-4 EEL =       856.8559  VDWAALS    =      2315.3084
 EELEC  =    -21574.9511  EHBOND  =         0.0000  RESTRAINT  =        20.3908
 EAMBER (non-restraint)  =    -17860.6350
 EKCMT  =         0.0000  VIRIAL  =         0.0000  VOLUME     =     57664.5796
                                                    Density    =         1.0088
 ------------------------------------------------------------------------------

| Attempting MC barostat change: Failed
| Attempting MC barostat change: Succeeded
| Attempting MC barostat change: Succeeded
| Attempting MC barostat change: Failed
| Attempting MC barostat change: Succeeded
| Attempting MC barostat change: Failed
| Attempting MC barostat change: Failed
| Attempting MC barostat change: Failed
| Attempting MC barostat change: Succeeded
| Attempting MC barostat change: Failed

 NSTEP =    11000   TIME(PS) =     222.000  TEMP(K) =   299.28  PRESS =     0.0
 Etot   =    -14471.3016  EKtot   =      3478.2324  EPtot      =    -17949.5340
 BOND   =        64.6167  ANGLE   =       157.7694  DIHED      =       248.7608
 1-4 NB =        72.5920  1-4 EEL =       879.0556  VDWAALS    =      2333.2219
 EELEC  =    -21727.9362  EHBOND  =         0.0000  RESTRAINT  =        22.3857
 EAMBER (non-restraint)  =    -17971.9198
 EKCMT  =         0.0000  VIRIAL  =         0.0000  VOLUME     =     57908.8021
                                                    Density    =         1.0045
 ------------------------------------------------------------------------------

| Attempting MC barostat change: Failed
| Attempting MC barostat change: Failed
| Attempting MC barostat change: Failed
| Attempting MC barostat change: Succeeded
| Attempting MC barostat change: Failed
| Attempting MC barostat change: Failed
| Attempting MC barostat change: Failed
| Attempting MC barostat change: Failed
| Attempting MC barostat change: Succeeded
| Attempting MC barostat change: Failed

 NSTEP =    12000   TIME(PS) =     224.000  TEMP(K) =   306.07  PRESS =     0.0
 Etot   =    -14458.6207  EKtot   =      3557.1294  EPtot      =    -18015.7501
 BOND   =        55.9396  ANGLE   =       176.5269  DIHED      =       247.5654
 1-4 NB =        66.7781  1-4 EEL =       854.3324  VDWAALS    =      2447.5555
 EELEC  =    -21886.8583  EHBOND  =         0.0000  RESTRAINT  =        22.4102
 EAMBER (non-restraint)  =    -18038.1603
 EKCMT  =         0.0000  VIRIAL  =         0.0000  VOLUME     =     57968.2091
                                                    Density    =         1.0035
 ------------------------------------------------------------------------------

| Attempting MC barostat change: Succeeded
| Attempting MC barostat change: Succeeded
| Attempting MC barostat change: Succeeded
| Attempting MC barostat change: Failed
| Attempting MC barostat change: Succeeded
| Attempting MC barostat change: Failed
| Attempting MC barostat change: Failed
| Attempting MC barostat change: Failed
| Attempting MC barostat change: Failed
| Attempting MC barostat change: Succeeded

 NSTEP =    13000   TIME(PS) =     226.000  TEMP(K) =   299.11  PRESS =     0.0
 Etot   =    -14435.6736  EKtot   =      3476.3003  EPtot      =    -17911.9739
 BOND   =        58.1758  ANGLE   =       169.5443  DIHED      =       249.1890
 1-4 NB =        74.4886  1-4 EEL =       868.3393  VDWAALS    =      2492.7869
 EELEC  =    -21840.9037  EHBOND  =         0.0000  RESTRAINT  =        16.4058
 EAMBER (non-restraint)  =    -17928.3798
 EKCMT  =         0.0000  VIRIAL  =         0.0000  VOLUME     =     57619.0564
                                                    Density    =         1.0096
 ------------------------------------------------------------------------------

| Attempting MC barostat change: Succeeded
| Attempting MC barostat change: Failed
| Attempting MC barostat change: Failed
| Attempting MC barostat change: Failed
| Attempting MC barostat change: Succeeded
| Attempting MC barostat change: Failed
| Attempting MC barostat change: Failed
| Attempting MC barostat change: Failed
| Attempting MC barostat change: Succeeded
| Attempting MC barostat change: Failed

 NSTEP =    14000   TIME(PS) =     228.000  TEMP(K) =   300.20  PRESS =     0.0
 Etot   =    -14497.8471  EKtot   =      3488.9077  EPtot      =    -17986.7548
 BOND   =        63.0031  ANGLE   =       161.2098  DIHED      =       252.2134
 1-4 NB =        69.0442  1-4 EEL =       859.1132  VDWAALS    =      2439.9179
 EELEC  =    -21853.0231  EHBOND  =         0.0000  RESTRAINT  =        21.7668
 EAMBER (non-restraint)  =    -18008.5215
 EKCMT  =         0.0000  VIRIAL  =         0.0000  VOLUME     =     58012.1057
                                                    Density    =         1.0027
 ------------------------------------------------------------------------------

| Attempting MC barostat change: Succeeded
| Attempting MC barostat change: Succeeded
| Attempting MC barostat change: Succeeded
| Attempting MC barostat change: Failed
| Attempting MC barostat change: Failed
| Attempting MC barostat change: Failed
| Attempting MC barostat change: Succeeded
| Attempting MC barostat change: Failed
| Attempting MC barostat change: Succeeded
| Attempting MC barostat change: Succeeded

 NSTEP =    15000   TIME(PS) =     230.000  TEMP(K) =   301.00  PRESS =     0.0
 Etot   =    -14568.0875  EKtot   =      3498.2139  EPtot      =    -18066.3013
 BOND   =        60.8687  ANGLE   =       164.9950  DIHED      =       250.6473
 1-4 NB =        63.2538  1-4 EEL =       865.7502  VDWAALS    =      2387.6033
 EELEC  =    -21880.3523  EHBOND  =         0.0000  RESTRAINT  =        20.9326
 EAMBER (non-restraint)  =    -18087.2340
 EKCMT  =         0.0000  VIRIAL  =         0.0000  VOLUME     =     57646.2983
                                                    Density    =         1.0091
 ------------------------------------------------------------------------------

| Attempting MC barostat change: Failed
| Attempting MC barostat change: Succeeded
| Attempting MC barostat change: Failed
| Attempting MC barostat change: Failed
| Attempting MC barostat change: Failed
| Attempting MC barostat change: Succeeded
| Attempting MC barostat change: Failed
| Attempting MC barostat change: Failed
| Attempting MC barostat change: Succeeded
| Attempting MC barostat change: Failed

 NSTEP =    16000   TIME(PS) =     232.000  TEMP(K) =   301.27  PRESS =     0.0
 Etot   =    -14513.9839  EKtot   =      3501.4021  EPtot      =    -18015.3860
 BOND   =        65.7131  ANGLE   =       157.4904  DIHED      =       244.0783
 1-4 NB =        66.9797  1-4 EEL =       853.9774  VDWAALS    =      2409.2163
 EELEC  =    -21834.7438  EHBOND  =         0.0000  RESTRAINT  =        21.9026
 EAMBER (non-restraint)  =    -18037.2886
 EKCMT  =         0.0000  VIRIAL  =         0.0000  VOLUME     =     57630.6821
                                                    Density    =         1.0094
 ------------------------------------------------------------------------------

| Attempting MC barostat change: Failed
| Attempting MC barostat change: Failed
| Attempting MC barostat change: Failed
| Attempting MC barostat change: Failed
| Attempting MC barostat change: Failed
| Attempting MC barostat change: Failed
| Attempting MC barostat change: Failed
| Attempting MC barostat change: Failed
| Attempting MC barostat change: Failed
| Attempting MC barostat change: Failed

 NSTEP =    17000   TIME(PS) =     234.000  TEMP(K) =   299.04  PRESS =     0.0
 Etot   =    -14549.1590  EKtot   =      3475.4314  EPtot      =    -18024.5904
 BOND   =        69.1392  ANGLE   =       150.2220  DIHED      =       255.0072
 1-4 NB =        71.3768  1-4 EEL =       861.9906  VDWAALS    =      2281.6501
 EELEC  =    -21733.6895  EHBOND  =         0.0000  RESTRAINT  =        19.7131
 EAMBER (non-restraint)  =    -18044.3035
 EKCMT  =         0.0000  VIRIAL  =         0.0000  VOLUME     =     57630.6821
                                                    Density    =         1.0094
 ------------------------------------------------------------------------------

| Attempting MC barostat change: Failed
| Attempting MC barostat change: Failed
| Attempting MC barostat change: Failed
| Attempting MC barostat change: Succeeded
| Attempting MC barostat change: Failed
| Attempting MC barostat change: Failed
| Attempting MC barostat change: Succeeded
| Attempting MC barostat change: Failed
| Attempting MC barostat change: Failed
| Attempting MC barostat change: Succeeded

 NSTEP =    18000   TIME(PS) =     236.000  TEMP(K) =   301.37  PRESS =     0.0
 Etot   =    -14558.0316  EKtot   =      3502.5706  EPtot      =    -18060.6022
 BOND   =        54.7685  ANGLE   =       158.2923  DIHED      =       247.3178
 1-4 NB =        65.6850  1-4 EEL =       860.1531  VDWAALS    =      2472.1944
 EELEC  =    -21940.3944  EHBOND  =         0.0000  RESTRAINT  =        21.3810
 EAMBER (non-restraint)  =    -18081.9832
 EKCMT  =         0.0000  VIRIAL  =         0.0000  VOLUME     =     57694.2595
                                                    Density    =         1.0083
 ------------------------------------------------------------------------------

| Attempting MC barostat change: Succeeded
| Attempting MC barostat change: Succeeded
| Attempting MC barostat change: Failed
| Attempting MC barostat change: Succeeded
| Attempting MC barostat change: Failed
| Attempting MC barostat change: Succeeded
| Attempting MC barostat change: Failed
| Attempting MC barostat change: Failed
| Attempting MC barostat change: Failed
| Attempting MC barostat change: Failed

 NSTEP =    19000   TIME(PS) =     238.000  TEMP(K) =   294.66  PRESS =     0.0
 Etot   =    -14502.3706  EKtot   =      3424.5405  EPtot      =    -17926.9111
 BOND   =        62.9980  ANGLE   =       160.5562  DIHED      =       256.8849
 1-4 NB =        68.7764  1-4 EEL =       861.6343  VDWAALS    =      2496.4258
 EELEC  =    -21855.0189  EHBOND  =         0.0000  RESTRAINT  =        20.8322
 EAMBER (non-restraint)  =    -17947.7433
 EKCMT  =         0.0000  VIRIAL  =         0.0000  VOLUME     =     58322.8580
                                                    Density    =         0.9974
 ------------------------------------------------------------------------------

| Attempting MC barostat change: Succeeded
| Attempting MC barostat change: Failed
| Attempting MC barostat change: Succeeded
| Attempting MC barostat change: Succeeded
| Attempting MC barostat change: Succeeded
| Attempting MC barostat change: Succeeded
| Attempting MC barostat change: Failed
| Attempting MC barostat change: Succeeded
| Attempting MC barostat change: Failed
| Attempting MC barostat change: Failed

 NSTEP =    20000   TIME(PS) =     240.000  TEMP(K) =   301.49  PRESS =     0.0
 Etot   =    -14403.5706  EKtot   =      3503.9688  EPtot      =    -17907.5393
 BOND   =        57.4983  ANGLE   =       173.0645  DIHED      =       248.6586
 1-4 NB =        71.8032  1-4 EEL =       856.3767  VDWAALS    =      2425.1262
 EELEC  =    -21761.8716  EHBOND  =         0.0000  RESTRAINT  =        21.8047
 EAMBER (non-restraint)  =    -17929.3441
 EKCMT  =         0.0000  VIRIAL  =         0.0000  VOLUME     =     58154.6218
                                                    Density    =         1.0003
 ------------------------------------------------------------------------------

| Attempting MC barostat change: Failed
| Attempting MC barostat change: Failed
| Attempting MC barostat change: Failed
| Attempting MC barostat change: Failed
| Attempting MC barostat change: Succeeded
| Attempting MC barostat change: Failed
| Attempting MC barostat change: Failed
| Attempting MC barostat change: Failed
| Attempting MC barostat change: Succeeded
| Attempting MC barostat change: Failed

 NSTEP =    21000   TIME(PS) =     242.000  TEMP(K) =   297.32  PRESS =     0.0
 Etot   =    -14447.7522  EKtot   =      3455.4929  EPtot      =    -17903.2452
 BOND   =        55.2901  ANGLE   =       158.8938  DIHED      =       268.8356
 1-4 NB =        67.8832  1-4 EEL =       872.8623  VDWAALS    =      2357.7483
 EELEC  =    -21702.3742  EHBOND  =         0.0000  RESTRAINT  =        17.6157
 EAMBER (non-restraint)  =    -17920.8609
 EKCMT  =         0.0000  VIRIAL  =         0.0000  VOLUME     =     57932.2561
                                                    Density    =         1.0041
 ------------------------------------------------------------------------------

| Attempting MC barostat change: Failed
| Attempting MC barostat change: Failed
| Attempting MC barostat change: Succeeded
| Attempting MC barostat change: Succeeded
| Attempting MC barostat change: Failed
| Attempting MC barostat change: Succeeded
| Attempting MC barostat change: Failed
| Attempting MC barostat change: Failed
| Attempting MC barostat change: Failed
| Attempting MC barostat change: Failed

 NSTEP =    22000   TIME(PS) =     244.000  TEMP(K) =   304.45  PRESS =     0.0
 Etot   =    -14356.5899  EKtot   =      3538.3135  EPtot      =    -17894.9034
 BOND   =        48.9485  ANGLE   =       144.2294  DIHED      =       248.9444
 1-4 NB =        73.6553  1-4 EEL =       864.6846  VDWAALS    =      2488.6279
 EELEC  =    -21791.5916  EHBOND  =         0.0000  RESTRAINT  =        27.5981
 EAMBER (non-restraint)  =    -17922.5015
 EKCMT  =         0.0000  VIRIAL  =         0.0000  VOLUME     =     58684.3930
                                                    Density    =         0.9913
 ------------------------------------------------------------------------------

| Attempting MC barostat change: Failed
| Attempting MC barostat change: Failed
| Attempting MC barostat change: Failed
| Attempting MC barostat change: Failed
| Attempting MC barostat change: Failed
| Attempting MC barostat change: Failed
| Attempting MC barostat change: Failed
| Attempting MC barostat change: Succeeded
| Attempting MC barostat change: Succeeded
| Attempting MC barostat change: Failed

 NSTEP =    23000   TIME(PS) =     246.000  TEMP(K) =   295.00  PRESS =     0.0
 Etot   =    -14583.0200  EKtot   =      3428.4641  EPtot      =    -18011.4841
 BOND   =        52.7959  ANGLE   =       174.0560  DIHED      =       250.5467
 1-4 NB =        67.4005  1-4 EEL =       849.4072  VDWAALS    =      2511.1911
 EELEC  =    -21938.6990  EHBOND  =         0.0000  RESTRAINT  =        21.8175
 EAMBER (non-restraint)  =    -18033.3017
 EKCMT  =         0.0000  VIRIAL  =         0.0000  VOLUME     =     58094.1713
                                                    Density    =         1.0013
 ------------------------------------------------------------------------------

| Attempting MC barostat change: Failed
| Attempting MC barostat change: Succeeded
| Attempting MC barostat change: Succeeded
| Attempting MC barostat change: Failed
| Attempting MC barostat change: Failed
| Attempting MC barostat change: Failed
| Attempting MC barostat change: Failed
| Attempting MC barostat change: Succeeded
| Attempting MC barostat change: Succeeded
| Attempting MC barostat change: Failed

 NSTEP =    24000   TIME(PS) =     248.000  TEMP(K) =   295.00  PRESS =     0.0
 Etot   =    -14581.3835  EKtot   =      3428.4873  EPtot      =    -18009.8708
 BOND   =        56.2734  ANGLE   =       166.2139  DIHED      =       254.5148
 1-4 NB =        72.3129  1-4 EEL =       874.9799  VDWAALS    =      2398.9364
 EELEC  =    -21857.0225  EHBOND  =         0.0000  RESTRAINT  =        23.9205
 EAMBER (non-restraint)  =    -18033.7913
 EKCMT  =         0.0000  VIRIAL  =         0.0000  VOLUME     =     57998.8655
                                                    Density    =         1.0030
 ------------------------------------------------------------------------------

| Attempting MC barostat change: Succeeded
| Attempting MC barostat change: Failed
| Attempting MC barostat change: Failed
| Attempting MC barostat change: Failed
| Attempting MC barostat change: Failed
| Attempting MC barostat change: Failed
| Attempting MC barostat change: Failed
| Attempting MC barostat change: Succeeded
| Attempting MC barostat change: Failed
| Attempting MC barostat change: Succeeded

 NSTEP =    25000   TIME(PS) =     250.000  TEMP(K) =   306.24  PRESS =     0.0
 Etot   =    -14483.4737  EKtot   =      3559.2026  EPtot      =    -18042.6764
 BOND   =        67.4495  ANGLE   =       168.7543  DIHED      =       253.6257
 1-4 NB =        63.4791  1-4 EEL =       863.7191  VDWAALS    =      2410.9019
 EELEC  =    -21888.8857  EHBOND  =         0.0000  RESTRAINT  =        18.2799
 EAMBER (non-restraint)  =    -18060.9562
 EKCMT  =         0.0000  VIRIAL  =         0.0000  VOLUME     =     57942.0266
                                                    Density    =         1.0040
 ------------------------------------------------------------------------------

| Attempting MC barostat change: Failed
| Attempting MC barostat change: Failed
| Attempting MC barostat change: Failed
| Attempting MC barostat change: Failed
| Attempting MC barostat change: Failed
| Attempting MC barostat change: Failed
| Attempting MC barostat change: Failed
| Attempting MC barostat change: Succeeded
| Attempting MC barostat change: Failed
| Attempting MC barostat change: Succeeded

 NSTEP =    26000   TIME(PS) =     252.000  TEMP(K) =   299.20  PRESS =     0.0
 Etot   =    -14430.7720  EKtot   =      3477.3088  EPtot      =    -17908.0808
 BOND   =        58.4309  ANGLE   =       155.9578  DIHED      =       237.9224
 1-4 NB =        74.0560  1-4 EEL =       862.5868  VDWAALS    =      2346.3723
 EELEC  =    -21658.3505  EHBOND  =         0.0000  RESTRAINT  =        14.9435
 EAMBER (non-restraint)  =    -17923.0243
 EKCMT  =         0.0000  VIRIAL  =         0.0000  VOLUME     =     58005.2571
                                                    Density    =         1.0029
 ------------------------------------------------------------------------------

| Attempting MC barostat change: Succeeded
| Attempting MC barostat change: Succeeded
| Attempting MC barostat change: Failed
| Attempting MC barostat change: Succeeded
| Attempting MC barostat change: Failed
| Attempting MC barostat change: Succeeded
| Attempting MC barostat change: Succeeded
| Attempting MC barostat change: Failed
| Attempting MC barostat change: Succeeded
| Attempting MC barostat change: Succeeded

 NSTEP =    27000   TIME(PS) =     254.000  TEMP(K) =   306.44  PRESS =     0.0
 Etot   =    -14442.3467  EKtot   =      3561.5120  EPtot      =    -18003.8587
 BOND   =        62.7810  ANGLE   =       156.3513  DIHED      =       243.8628
 1-4 NB =        72.6635  1-4 EEL =       876.0146  VDWAALS    =      2382.3003
 EELEC  =    -21822.0617  EHBOND  =         0.0000  RESTRAINT  =        24.2293
 EAMBER (non-restraint)  =    -18028.0880
 EKCMT  =         0.0000  VIRIAL  =         0.0000  VOLUME     =     58497.0302
                                                    Density    =         0.9944
 ------------------------------------------------------------------------------

| Attempting MC barostat change: Succeeded
| Attempting MC barostat change: Failed
| Attempting MC barostat change: Failed
| Attempting MC barostat change: Failed
| Attempting MC barostat change: Succeeded
| Attempting MC barostat change: Succeeded
| Attempting MC barostat change: Failed
| Attempting MC barostat change: Failed
| Attempting MC barostat change: Failed
| Attempting MC barostat change: Failed

 NSTEP =    28000   TIME(PS) =     256.000  TEMP(K) =   297.99  PRESS =     0.0
 Etot   =    -14564.5811  EKtot   =      3463.2324  EPtot      =    -18027.8136
 BOND   =        62.7598  ANGLE   =       149.9538  DIHED      =       243.6063
 1-4 NB =        73.5935  1-4 EEL =       878.9600  VDWAALS    =      2521.1416
 EELEC  =    -21980.0142  EHBOND  =         0.0000  RESTRAINT  =        22.1857
 EAMBER (non-restraint)  =    -18049.9993
 EKCMT  =         0.0000  VIRIAL  =         0.0000  VOLUME     =     58534.7480
                                                    Density    =         0.9938
 ------------------------------------------------------------------------------

| Attempting MC barostat change: Succeeded
| Attempting MC barostat change: Failed
| Attempting MC barostat change: Succeeded
| Attempting MC barostat change: Failed
| Attempting MC barostat change: Succeeded
| Attempting MC barostat change: Failed
| Attempting MC barostat change: Succeeded
| Attempting MC barostat change: Succeeded
| Attempting MC barostat change: Failed
| Attempting MC barostat change: Succeeded

 NSTEP =    29000   TIME(PS) =     258.000  TEMP(K) =   303.22  PRESS =     0.0
 Etot   =    -14548.4165  EKtot   =      3524.0771  EPtot      =    -18072.4937
 BOND   =        58.2855  ANGLE   =       143.7446  DIHED      =       251.4398
 1-4 NB =        71.8409  1-4 EEL =       872.2216  VDWAALS    =      2412.9231
 EELEC  =    -21904.2256  EHBOND  =         0.0000  RESTRAINT  =        21.2765
 EAMBER (non-restraint)  =    -18093.7701
 EKCMT  =         0.0000  VIRIAL  =         0.0000  VOLUME     =     57787.3390
                                                    Density    =         1.0066
 ------------------------------------------------------------------------------

| Attempting MC barostat change: Failed
| Attempting MC barostat change: Succeeded
| Attempting MC barostat change: Succeeded
| Attempting MC barostat change: Failed
| Attempting MC barostat change: Failed
| Attempting MC barostat change: Succeeded
| Attempting MC barostat change: Failed
| Attempting MC barostat change: Failed
| Attempting MC barostat change: Failed
| Attempting MC barostat change: Failed

 NSTEP =    30000   TIME(PS) =     260.000  TEMP(K) =   300.39  PRESS =     0.0
 Etot   =    -14505.2717  EKtot   =      3491.1079  EPtot      =    -17996.3796
 BOND   =        49.6632  ANGLE   =       155.2155  DIHED      =       262.8172
 1-4 NB =        67.4096  1-4 EEL =       875.1772  VDWAALS    =      2288.6918
 EELEC  =    -21719.9565  EHBOND  =         0.0000  RESTRAINT  =        24.6023
 EAMBER (non-restraint)  =    -18020.9819
 EKCMT  =         0.0000  VIRIAL  =         0.0000  VOLUME     =     58078.7969
                                                    Density    =         1.0016
 ------------------------------------------------------------------------------

| Attempting MC barostat change: Failed
| Attempting MC barostat change: Failed
| Attempting MC barostat change: Failed
| Attempting MC barostat change: Failed
| Attempting MC barostat change: Failed
| Attempting MC barostat change: Succeeded
| Attempting MC barostat change: Failed
| Attempting MC barostat change: Succeeded
| Attempting MC barostat change: Failed
| Attempting MC barostat change: Failed

 NSTEP =    31000   TIME(PS) =     262.000  TEMP(K) =   309.69  PRESS =     0.0
 Etot   =    -14393.7107  EKtot   =      3599.2358  EPtot      =    -17992.9465
 BOND   =        65.1477  ANGLE   =       155.9566  DIHED      =       250.6001
 1-4 NB =        62.6988  1-4 EEL =       859.1729  VDWAALS    =      2377.9123
 EELEC  =    -21792.0204  EHBOND  =         0.0000  RESTRAINT  =        27.5855
 EAMBER (non-restraint)  =    -18020.5320
 EKCMT  =         0.0000  VIRIAL  =         0.0000  VOLUME     =     58215.8227
                                                    Density    =         0.9992
 ------------------------------------------------------------------------------

| Attempting MC barostat change: Failed
| Attempting MC barostat change: Failed
| Attempting MC barostat change: Succeeded
| Attempting MC barostat change: Failed
| Attempting MC barostat change: Succeeded
| Attempting MC barostat change: Succeeded
| Attempting MC barostat change: Succeeded
| Attempting MC barostat change: Failed
| Attempting MC barostat change: Failed
| Attempting MC barostat change: Succeeded

 NSTEP =    32000   TIME(PS) =     264.000  TEMP(K) =   300.09  PRESS =     0.0
 Etot   =    -14523.9777  EKtot   =      3487.7129  EPtot      =    -18011.6905
 BOND   =        56.8866  ANGLE   =       152.2490  DIHED      =       243.6161
 1-4 NB =        72.8465  1-4 EEL =       875.4527  VDWAALS    =      2542.8910
 EELEC  =    -21979.7099  EHBOND  =         0.0000  RESTRAINT  =        24.0774
 EAMBER (non-restraint)  =    -18035.7680
 EKCMT  =         0.0000  VIRIAL  =         0.0000  VOLUME     =     57230.0885
                                                    Density    =         1.0164
 ------------------------------------------------------------------------------

| Attempting MC barostat change: Succeeded
| Attempting MC barostat change: Failed
| Attempting MC barostat change: Succeeded
| Attempting MC barostat change: Failed
| Attempting MC barostat change: Failed
| Attempting MC barostat change: Succeeded
| Attempting MC barostat change: Succeeded
| Attempting MC barostat change: Succeeded
| Attempting MC barostat change: Failed
| Attempting MC barostat change: Failed

 NSTEP =    33000   TIME(PS) =     266.000  TEMP(K) =   304.53  PRESS =     0.0
 Etot   =    -14553.5164  EKtot   =      3539.2598  EPtot      =    -18092.7761
 BOND   =        51.0359  ANGLE   =       172.8229  DIHED      =       250.6943
 1-4 NB =        68.8130  1-4 EEL =       867.4763  VDWAALS    =      2383.6219
 EELEC  =    -21910.0480  EHBOND  =         0.0000  RESTRAINT  =        22.8075
 EAMBER (non-restraint)  =    -18115.5837
 EKCMT  =         0.0000  VIRIAL  =         0.0000  VOLUME     =     57934.4020
                                                    Density    =         1.0041
 ------------------------------------------------------------------------------

| Attempting MC barostat change: Succeeded
| Attempting MC barostat change: Succeeded
| Attempting MC barostat change: Failed
| Attempting MC barostat change: Failed
| Attempting MC barostat change: Failed
| Attempting MC barostat change: Failed
| Attempting MC barostat change: Succeeded
| Attempting MC barostat change: Failed
| Attempting MC barostat change: Failed
| Attempting MC barostat change: Succeeded

 NSTEP =    34000   TIME(PS) =     268.000  TEMP(K) =   305.73  PRESS =     0.0
 Etot   =    -14418.2084  EKtot   =      3553.2170  EPtot      =    -17971.4254
 BOND   =        56.4528  ANGLE   =       172.9083  DIHED      =       251.6370
 1-4 NB =        68.8808  1-4 EEL =       871.3573  VDWAALS    =      2412.6916
 EELEC  =    -21823.4691  EHBOND  =         0.0000  RESTRAINT  =        18.1160
 EAMBER (non-restraint)  =    -17989.5414
 EKCMT  =         0.0000  VIRIAL  =         0.0000  VOLUME     =     57996.6911
                                                    Density    =         1.0030
 ------------------------------------------------------------------------------

| Attempting MC barostat change: Failed
| Attempting MC barostat change: Failed
| Attempting MC barostat change: Failed
| Attempting MC barostat change: Succeeded
| Attempting MC barostat change: Failed
| Attempting MC barostat change: Failed
| Attempting MC barostat change: Failed
| Attempting MC barostat change: Failed
| Attempting MC barostat change: Failed
| Attempting MC barostat change: Failed

 NSTEP =    35000   TIME(PS) =     270.000  TEMP(K) =   306.81  PRESS =     0.0
 Etot   =    -14318.5541  EKtot   =      3565.7659  EPtot      =    -17884.3199
 BOND   =        70.8112  ANGLE   =       159.0540  DIHED      =       245.9218
 1-4 NB =        71.8456  1-4 EEL =       867.9994  VDWAALS    =      2398.8765
 EELEC  =    -21717.1543  EHBOND  =         0.0000  RESTRAINT  =        18.3258
 EAMBER (non-restraint)  =    -17902.6457
 EKCMT  =         0.0000  VIRIAL  =         0.0000  VOLUME     =     58108.4519
                                                    Density    =         1.0011
 ------------------------------------------------------------------------------

| Attempting MC barostat change: Failed
| Attempting MC barostat change: Succeeded
| Attempting MC barostat change: Succeeded
| Attempting MC barostat change: Succeeded
| Attempting MC barostat change: Failed
| Attempting MC barostat change: Failed
| Attempting MC barostat change: Succeeded
| Attempting MC barostat change: Failed
| Attempting MC barostat change: Succeeded
| Attempting MC barostat change: Succeeded

 NSTEP =    36000   TIME(PS) =     272.000  TEMP(K) =   303.52  PRESS =     0.0
 Etot   =    -14245.8500  EKtot   =      3527.5188  EPtot      =    -17773.3688
 BOND   =        70.5533  ANGLE   =       171.4162  DIHED      =       257.8178
 1-4 NB =        68.6669  1-4 EEL =       853.1182  VDWAALS    =      2296.4341
 EELEC  =    -21511.3729  EHBOND  =         0.0000  RESTRAINT  =        19.9975
 EAMBER (non-restraint)  =    -17793.3663
 EKCMT  =         0.0000  VIRIAL  =         0.0000  VOLUME     =     58231.2405
                                                    Density    =         0.9990
 ------------------------------------------------------------------------------

| Attempting MC barostat change: Succeeded
| Attempting MC barostat change: Succeeded
| Attempting MC barostat change: Succeeded
| Attempting MC barostat change: Succeeded
| Attempting MC barostat change: Failed
| Attempting MC barostat change: Failed
| Attempting MC barostat change: Succeeded
| Attempting MC barostat change: Failed
| Attempting MC barostat change: Failed
| Attempting MC barostat change: Succeeded

 NSTEP =    37000   TIME(PS) =     274.000  TEMP(K) =   300.27  PRESS =     0.0
 Etot   =    -14347.8612  EKtot   =      3489.8218  EPtot      =    -17837.6830
 BOND   =        63.9893  ANGLE   =       160.4701  DIHED      =       247.9315
 1-4 NB =        68.1472  1-4 EEL =       864.8676  VDWAALS    =      2488.0973
 EELEC  =    -21749.3036  EHBOND  =         0.0000  RESTRAINT  =        18.1175
 EAMBER (non-restraint)  =    -17855.8005
 EKCMT  =         0.0000  VIRIAL  =         0.0000  VOLUME     =     58728.2250
                                                    Density    =         0.9905
 ------------------------------------------------------------------------------

| Attempting MC barostat change: Failed
| Attempting MC barostat change: Failed
| Attempting MC barostat change: Succeeded
| Attempting MC barostat change: Failed
| Attempting MC barostat change: Failed
| Attempting MC barostat change: Failed
| Attempting MC barostat change: Failed
| Attempting MC barostat change: Failed
| Attempting MC barostat change: Failed
| Attempting MC barostat change: Succeeded

 NSTEP =    38000   TIME(PS) =     276.000  TEMP(K) =   303.70  PRESS =     0.0
 Etot   =    -14447.9420  EKtot   =      3529.6560  EPtot      =    -17977.5980
 BOND   =        63.4501  ANGLE   =       163.1460  DIHED      =       240.1504
 1-4 NB =        64.4537  1-4 EEL =       867.2247  VDWAALS    =      2436.8423
 EELEC  =    -21841.2236  EHBOND  =         0.0000  RESTRAINT  =        28.3584
 EAMBER (non-restraint)  =    -18005.9564
 EKCMT  =         0.0000  VIRIAL  =         0.0000  VOLUME     =     58320.2367
                                                    Density    =         0.9974
 ------------------------------------------------------------------------------

| Attempting MC barostat change: Succeeded
| Attempting MC barostat change: Failed
| Attempting MC barostat change: Succeeded
| Attempting MC barostat change: Failed
| Attempting MC barostat change: Failed
| Attempting MC barostat change: Failed
| Attempting MC barostat change: Failed
| Attempting MC barostat change: Succeeded
| Attempting MC barostat change: Failed
| Attempting MC barostat change: Succeeded

 NSTEP =    39000   TIME(PS) =     278.000  TEMP(K) =   299.81  PRESS =     0.0
 Etot   =    -14569.9460  EKtot   =      3484.4275  EPtot      =    -18054.3735
 BOND   =        58.8933  ANGLE   =       145.1496  DIHED      =       247.2130
 1-4 NB =        61.5905  1-4 EEL =       866.0467  VDWAALS    =      2522.4214
 EELEC  =    -21979.6737  EHBOND  =         0.0000  RESTRAINT  =        23.9856
 EAMBER (non-restraint)  =    -18078.3591
 EKCMT  =         0.0000  VIRIAL  =         0.0000  VOLUME     =     57517.8698
                                                    Density    =         1.0114
 ------------------------------------------------------------------------------

| Attempting MC barostat change: Failed
| Attempting MC barostat change: Succeeded
| Attempting MC barostat change: Failed
| Attempting MC barostat change: Succeeded
| Attempting MC barostat change: Failed
| Attempting MC barostat change: Failed
| Attempting MC barostat change: Failed
| Attempting MC barostat change: Succeeded
| Attempting MC barostat change: Succeeded
| Attempting MC barostat change: Failed

 NSTEP =    40000   TIME(PS) =     280.000  TEMP(K) =   293.97  PRESS =     0.0
 Etot   =    -14586.8622  EKtot   =      3416.5225  EPtot      =    -18003.3847
 BOND   =        67.6681  ANGLE   =       161.2220  DIHED      =       246.6425
 1-4 NB =        72.4127  1-4 EEL =       850.8726  VDWAALS    =      2441.1163
 EELEC  =    -21865.2813  EHBOND  =         0.0000  RESTRAINT  =        21.9624
 EAMBER (non-restraint)  =    -18025.3471
 EKCMT  =         0.0000  VIRIAL  =         0.0000  VOLUME     =     57893.9700
                                                    Density    =         1.0048
 ------------------------------------------------------------------------------

| Attempting MC barostat change: Failed
| Attempting MC barostat change: Succeeded
| Attempting MC barostat change: Succeeded
| Attempting MC barostat change: Failed
| Attempting MC barostat change: Succeeded
| Attempting MC barostat change: Failed
| Attempting MC barostat change: Failed
| Attempting MC barostat change: Succeeded
| Attempting MC barostat change: Failed
| Attempting MC barostat change: Failed

 NSTEP =    41000   TIME(PS) =     282.000  TEMP(K) =   298.23  PRESS =     0.0
 Etot   =    -14563.0943  EKtot   =      3466.0496  EPtot      =    -18029.1439
 BOND   =        44.7803  ANGLE   =       161.4194  DIHED      =       247.4864
 1-4 NB =        73.1201  1-4 EEL =       866.3420  VDWAALS    =      2470.8457
 EELEC  =    -21912.4883  EHBOND  =         0.0000  RESTRAINT  =        19.3505
 EAMBER (non-restraint)  =    -18048.4944
 EKCMT  =         0.0000  VIRIAL  =         0.0000  VOLUME     =     58345.6721
                                                    Density    =         0.9970
 ------------------------------------------------------------------------------

| Attempting MC barostat change: Failed
| Attempting MC barostat change: Failed
| Attempting MC barostat change: Failed
| Attempting MC barostat change: Failed
| Attempting MC barostat change: Succeeded
| Attempting MC barostat change: Succeeded
| Attempting MC barostat change: Failed
| Attempting MC barostat change: Failed
| Attempting MC barostat change: Failed
| Attempting MC barostat change: Succeeded

 NSTEP =    42000   TIME(PS) =     284.000  TEMP(K) =   296.43  PRESS =     0.0
 Etot   =    -14534.4910  EKtot   =      3445.1572  EPtot      =    -17979.6482
 BOND   =        55.7929  ANGLE   =       138.0817  DIHED      =       250.1862
 1-4 NB =        72.2561  1-4 EEL =       867.1832  VDWAALS    =      2337.2475
 EELEC  =    -21723.4876  EHBOND  =         0.0000  RESTRAINT  =        23.0919
 EAMBER (non-restraint)  =    -18002.7401
 EKCMT  =         0.0000  VIRIAL  =         0.0000  VOLUME     =     58397.3484
                                                    Density    =         0.9961
 ------------------------------------------------------------------------------

| Attempting MC barostat change: Failed
| Attempting MC barostat change: Failed
| Attempting MC barostat change: Succeeded
| Attempting MC barostat change: Failed
| Attempting MC barostat change: Failed
| Attempting MC barostat change: Succeeded
| Attempting MC barostat change: Failed
| Attempting MC barostat change: Failed
| Attempting MC barostat change: Failed
| Attempting MC barostat change: Succeeded

 NSTEP =    43000   TIME(PS) =     286.000  TEMP(K) =   304.98  PRESS =     0.0
 Etot   =    -14417.9290  EKtot   =      3544.5254  EPtot      =    -17962.4544
 BOND   =        58.6543  ANGLE   =       142.2839  DIHED      =       255.5291
 1-4 NB =        66.4411  1-4 EEL =       879.1818  VDWAALS    =      2378.2992
 EELEC  =    -21764.3977  EHBOND  =         0.0000  RESTRAINT  =        21.5540
 EAMBER (non-restraint)  =    -17984.0083
 EKCMT  =         0.0000  VIRIAL  =         0.0000  VOLUME     =     58022.3754
                                                    Density    =         1.0026
 ------------------------------------------------------------------------------

| Attempting MC barostat change: Failed
| Attempting MC barostat change: Succeeded
| Attempting MC barostat change: Succeeded
| Attempting MC barostat change: Failed
| Attempting MC barostat change: Failed
| Attempting MC barostat change: Failed
| Attempting MC barostat change: Succeeded
| Attempting MC barostat change: Failed
| Attempting MC barostat change: Failed
| Attempting MC barostat change: Succeeded

 NSTEP =    44000   TIME(PS) =     288.000  TEMP(K) =   300.60  PRESS =     0.0
 Etot   =    -14451.6710  EKtot   =      3493.5933  EPtot      =    -17945.2643
 BOND   =        60.6649  ANGLE   =       161.5581  DIHED      =       254.1540
 1-4 NB =        73.7250  1-4 EEL =       863.3064  VDWAALS    =      2389.5032
 EELEC  =    -21772.6078  EHBOND  =         0.0000  RESTRAINT  =        24.4318
 EAMBER (non-restraint)  =    -17969.6961
 EKCMT  =         0.0000  VIRIAL  =         0.0000  VOLUME     =     57750.4328
                                                    Density    =         1.0073
 ------------------------------------------------------------------------------

| Attempting MC barostat change: Failed
| Attempting MC barostat change: Failed
| Attempting MC barostat change: Failed
| Attempting MC barostat change: Failed
| Attempting MC barostat change: Succeeded
| Attempting MC barostat change: Failed
| Attempting MC barostat change: Succeeded
| Attempting MC barostat change: Failed
| Attempting MC barostat change: Failed
| Attempting MC barostat change: Failed

 NSTEP =    45000   TIME(PS) =     290.000  TEMP(K) =   301.69  PRESS =     0.0
 Etot   =    -14436.7883  EKtot   =      3506.2922  EPtot      =    -17943.0805
 BOND   =        46.2404  ANGLE   =       150.8410  DIHED      =       248.4432
 1-4 NB =        68.9044  1-4 EEL =       868.7333  VDWAALS    =      2343.8353
 EELEC  =    -21690.3754  EHBOND  =         0.0000  RESTRAINT  =        20.2974
 EAMBER (non-restraint)  =    -17963.3779
 EKCMT  =         0.0000  VIRIAL  =         0.0000  VOLUME     =     57865.0005
                                                    Density    =         1.0053
 ------------------------------------------------------------------------------

| Attempting MC barostat change: Failed
| Attempting MC barostat change: Failed
| Attempting MC barostat change: Failed
| Attempting MC barostat change: Failed
| Attempting MC barostat change: Succeeded
| Attempting MC barostat change: Failed
| Attempting MC barostat change: Failed
| Attempting MC barostat change: Failed
| Attempting MC barostat change: Succeeded
| Attempting MC barostat change: Failed

 NSTEP =    46000   TIME(PS) =     292.000  TEMP(K) =   301.85  PRESS =     0.0
 Etot   =    -14532.8774  EKtot   =      3508.1458  EPtot      =    -18041.0231
 BOND   =        56.5426  ANGLE   =       154.0895  DIHED      =       249.4034
 1-4 NB =        62.1165  1-4 EEL =       870.5647  VDWAALS    =      2463.7829
 EELEC  =    -21915.8054  EHBOND  =         0.0000  RESTRAINT  =        18.2826
 EAMBER (non-restraint)  =    -18059.3058
 EKCMT  =         0.0000  VIRIAL  =         0.0000  VOLUME     =     57831.8433
                                                    Density    =         1.0059
 ------------------------------------------------------------------------------

| Attempting MC barostat change: Succeeded
| Attempting MC barostat change: Succeeded
| Attempting MC barostat change: Failed
| Attempting MC barostat change: Failed
| Attempting MC barostat change: Succeeded
| Attempting MC barostat change: Failed
| Attempting MC barostat change: Succeeded
| Attempting MC barostat change: Succeeded
| Attempting MC barostat change: Failed
| Attempting MC barostat change: Failed

 NSTEP =    47000   TIME(PS) =     294.000  TEMP(K) =   294.44  PRESS =     0.0
 Etot   =    -14512.9619  EKtot   =      3422.0239  EPtot      =    -17934.9858
 BOND   =        62.3269  ANGLE   =       154.4566  DIHED      =       252.4457
 1-4 NB =        70.1920  1-4 EEL =       870.5359  VDWAALS    =      2329.1306
 EELEC  =    -21697.7596  EHBOND  =         0.0000  RESTRAINT  =        23.6862
 EAMBER (non-restraint)  =    -17958.6719
 EKCMT  =         0.0000  VIRIAL  =         0.0000  VOLUME     =     57857.8461
                                                    Density    =         1.0054
 ------------------------------------------------------------------------------

| Attempting MC barostat change: Failed
| Attempting MC barostat change: Failed
| Attempting MC barostat change: Succeeded
| Attempting MC barostat change: Succeeded
| Attempting MC barostat change: Failed
| Attempting MC barostat change: Failed
| Attempting MC barostat change: Failed
| Attempting MC barostat change: Failed
| Attempting MC barostat change: Failed
| Attempting MC barostat change: Failed

 NSTEP =    48000   TIME(PS) =     296.000  TEMP(K) =   301.60  PRESS =     0.0
 Etot   =    -14450.7982  EKtot   =      3505.1912  EPtot      =    -17955.9894
 BOND   =        46.9739  ANGLE   =       157.3809  DIHED      =       251.5957
 1-4 NB =        66.1326  1-4 EEL =       877.7269  VDWAALS    =      2451.5013
 EELEC  =    -21832.9252  EHBOND  =         0.0000  RESTRAINT  =        25.6244
 EAMBER (non-restraint)  =    -17981.6138
 EKCMT  =         0.0000  VIRIAL  =         0.0000  VOLUME     =     58094.2961
                                                    Density    =         1.0013
 ------------------------------------------------------------------------------

| Attempting MC barostat change: Failed
| Attempting MC barostat change: Failed
| Attempting MC barostat change: Succeeded
| Attempting MC barostat change: Succeeded
| Attempting MC barostat change: Succeeded
| Attempting MC barostat change: Succeeded
| Attempting MC barostat change: Failed
| Attempting MC barostat change: Failed
| Attempting MC barostat change: Succeeded
| Attempting MC barostat change: Failed

 NSTEP =    49000   TIME(PS) =     298.000  TEMP(K) =   299.76  PRESS =     0.0
 Etot   =    -14538.0209  EKtot   =      3483.8074  EPtot      =    -18021.8282
 BOND   =        61.6068  ANGLE   =       170.1777  DIHED      =       258.8505
 1-4 NB =        65.0425  1-4 EEL =       865.0243  VDWAALS    =      2611.3084
 EELEC  =    -22076.6973  EHBOND  =         0.0000  RESTRAINT  =        22.8587
 EAMBER (non-restraint)  =    -18044.6869
 EKCMT  =         0.0000  VIRIAL  =         0.0000  VOLUME     =     58314.7450
                                                    Density    =         0.9975
 ------------------------------------------------------------------------------

| Attempting MC barostat change: Succeeded
| Attempting MC barostat change: Succeeded
| Attempting MC barostat change: Succeeded
| Attempting MC barostat change: Succeeded
| Attempting MC barostat change: Failed
| Attempting MC barostat change: Failed
| Attempting MC barostat change: Succeeded
| Attempting MC barostat change: Failed
| Attempting MC barostat change: Failed
| Attempting MC barostat change: Failed

 NSTEP =    50000   TIME(PS) =     300.000  TEMP(K) =   298.84  PRESS =     0.0
 Etot   =    -14551.3289  EKtot   =      3473.1909  EPtot      =    -18024.5198
 BOND   =        64.0328  ANGLE   =       149.2982  DIHED      =       245.2265
 1-4 NB =        68.5745  1-4 EEL =       877.2693  VDWAALS    =      2289.1005
 EELEC  =    -21740.0486  EHBOND  =         0.0000  RESTRAINT  =        22.0269
 EAMBER (non-restraint)  =    -18046.5467
 EKCMT  =         0.0000  VIRIAL  =         0.0000  VOLUME     =     58116.3086
                                                    Density    =         1.0009
 ------------------------------------------------------------------------------


      A V E R A G E S   O V E R      50 S T E P S


 NSTEP =    50000   TIME(PS) =     300.000  TEMP(K) =   300.54  PRESS =     0.0
 Etot   =    -14489.7381  EKtot   =      3492.9391  EPtot      =    -17982.6772
 BOND   =        58.9480  ANGLE   =       159.9003  DIHED      =       249.6788
 1-4 NB =        68.9593  1-4 EEL =       865.9474  VDWAALS    =      2417.8566
 EELEC  =    -21825.3139  EHBOND  =         0.0000  RESTRAINT  =        21.3463
 EAMBER (non-restraint)  =    -18004.0235
 EKCMT  =         0.0000  VIRIAL  =         0.0000  VOLUME     =     57960.0069
                                                    Density    =         1.0037
 ------------------------------------------------------------------------------


      R M S  F L U C T U A T I O N S


 NSTEP =    50000   TIME(PS) =     300.000  TEMP(K) =     4.13  PRESS =     0.0
 Etot   =        77.2057  EKtot   =        47.9449  EPtot      =        66.4529
 BOND   =         6.8861  ANGLE   =        10.4207  DIHED      =         6.0086
 1-4 NB =         3.6555  1-4 EEL =         8.4168  VDWAALS    =        74.2379
 EELEC  =       111.4466  EHBOND  =         0.0000  RESTRAINT  =         2.9915
 EAMBER (non-restraint)  =        63.4614
 EKCMT  =         0.0000  VIRIAL  =         0.0000  VOLUME     =       327.8876
                                                    Density    =         0.0057
 ------------------------------------------------------------------------------

| MC Barostat:        500 volume changes attempted.
| MC Barostat:        194 changes successful ( 38.80%)
 ------------------------------------------------------------------------------

--------------------------------------------------------------------------------
   5.  TIMINGS
--------------------------------------------------------------------------------

|  NonSetup CPU Time in Major Routines:
|
|     Routine           Sec        %
|     ------------------------------
|     Nonbond           6.11   27.47
|     Bond              0.00    0.00
|     Angle             0.00    0.00
|     Dihedral          0.00    0.00
|     Shake             0.48    2.15
|     RunMD            15.43   69.43
|     Other             0.21    0.95
|     ------------------------------
|     Total            22.22

|  PME Nonbond Pairlist CPU Time:
|
|     Routine              Sec        %
|     ---------------------------------
|     Set Up Cit           0.00    0.00
|     Build List           0.00    0.00
|     ---------------------------------
|     Total                0.00    0.00

|  PME Direct Force CPU Time:
|
|     Routine              Sec        %
|     ---------------------------------
|     NonBonded Calc       0.00    0.00
|     Exclude Masked       0.00    0.00
|     Other                0.02    0.11
|     ---------------------------------
|     Total                0.02    0.11

|  PME Reciprocal Force CPU Time:
|
|     Routine              Sec        %
|     ---------------------------------
|     1D bspline           0.00    0.00
|     Grid Charges         0.00    0.00
|     Scalar Sum           0.00    0.00
|     Gradient Sum         0.00    0.00
|     FFT                  0.00    0.00
|     ---------------------------------
|     Total                0.00    0.00

|  Final Performance Info:
|     -----------------------------------------------------
|     Average timings for last   49000 steps:
|         Elapsed(s) =      21.73 Per Step(ms) =       0.44
|             ns/day =     389.61   seconds/ns =     221.76
|
|     Average timings for all steps:
|         Elapsed(s) =      22.23 Per Step(ms) =       0.44
|             ns/day =     388.68   seconds/ns =     222.29
|     -----------------------------------------------------

|  Setup CPU time:            1.59 seconds
|  NonSetup CPU time:        22.22 seconds
|  Total CPU time:           23.81 seconds     0.01 hours

|  Setup wall time:           2    seconds
|  NonSetup wall time:       22    seconds
|  Total wall time:          24    seconds     0.01 hours
