
          -------------------------------------------------------
          Amber 14 SANDER                              2014
          -------------------------------------------------------

| PMEMD implementation of SANDER, Release 14

| Run on 06/01/2016 at 11:33:48

|   Executable path: pmemd.cuda
| Working directory: /mnt/lustre_fs/users/workshop_1/joebaker/day7/day7/trpcage/runsim/equil
|          Hostname: gpu-compute2

  [-O]verwriting output

File Assignments:
|   MDIN: equil.3.in                                                            
|  MDOUT: equil.3.out                                                           
| INPCRD: equil.2.rst7                                                          
|   PARM: ../../tleap/trpcage.parm7                                             
| RESTRT: equil.3.rst7                                                          
|   REFC: equil.2.rst7                                                          
|  MDVEL: mdvel                                                                 
|   MDEN: mden                                                                  
|  MDCRD: equil.3.nc                                                            
| MDINFO: mdinfo                                                                
|  MDFRC: mdfrc                                                                 


 Here is the input file:

NPT equilibration                                                              
 &cntrl                                                                        
  imin=0, ! Not a minimization run                                             
  ntx=5, ! Read coordinates and velocities from restart file                   
  irest=1, ! Restart from previous, expecting velocities                       
  ntxo=2, ! The final coords, velocities, box size in NetCDF                   
  ioutfm=1, ! Print mdcrd to NetCDF format                                     
  ntwr=100000, ! Very high value for how often restart file is written         
  nstlim=50000, ! 100 ps of NPT equilibration                                  
  dt=0.002, ! Time step in picoseconds, so this is 2 fs                        
  ntf=2, ! Do not calc the force for SHAKE constrained bonds                   
  ntc=2, ! Use SHAKE for all hydrogen bonds                                    
  temp0=300.0, ! Thermostat temperature, Run at this temperature               
  ntpr=1000, ! How often to print                                              
  ntwx=1000, ! Write coordinates every 2 ps                                    
  cut=8.0, ! Nonbonded cutoff                                                  
  ntb=2, ! Use PBC and constant pressure                                       
  ntp=1, ! Isotropic pressure scaling                                          
  barostat=2, ! Use Monte Carlo barostat                                       
  taup=1, ! Pressure relaxation time                                           
  ntt=3, ! Use the Lengevin thermostat                                         
  gamma_ln=1.0, ! Frequency of collisions for thermostat                       
  ig=-1, ! Randomize seed for Langevin thermostat                              
  ntr=1, ! turn on restraints                                                  
  restraint_wt=2.5, ! force constant for restraints                            
  restraintmask=':1-20,@CA,C,O,N', ! restrained atoms                          
 /                                                                             


Note: ig = -1. Setting random seed to   649695 based on wallclock time in 
      microseconds.
 
|--------------------- INFORMATION ----------------------
| GPU (CUDA) Version of PMEMD in use: NVIDIA GPU IN USE.
|                    Version 14.0.1
| 
|                      06/20/2014
| 
| Implementation by:
|                    Ross C. Walker     (SDSC)
|                    Scott Le Grand     (nVIDIA)
| 
| CAUTION: The CUDA code is currently experimental.
|          You use it at your own risk. Be sure to
|          check ALL results carefully.
| 
| Precision model in use:
|      [SPFP] - Mixed Single/Double/Fixed Point Precision.
|               (Default)
| 
|--------------------------------------------------------
 
|----------------- CITATION INFORMATION -----------------
|
|    When publishing work that utilized the CUDA version
|    of AMBER, please cite the following in addition to
|    the regular AMBER citations:
|
|  - Romelia Salomon-Ferrer; Andreas W. Goetz; Duncan
|    Poole; Scott Le Grand; Ross C. Walker "Routine
|    microsecond molecular dynamics simulations with
|    AMBER - Part II: Particle Mesh Ewald", J. Chem.
|    Theory Comput., 2013, 9 (9), pp3878-3888,
|    DOI: 10.1021/ct400314y.
|
|  - Andreas W. Goetz; Mark J. Williamson; Dong Xu;
|    Duncan Poole; Scott Le Grand; Ross C. Walker
|    "Routine microsecond molecular dynamics simulations
|    with AMBER - Part I: Generalized Born", J. Chem.
|    Theory Comput., 2012, 8 (5), pp1542-1555.
|
|  - Scott Le Grand; Andreas W. Goetz; Ross C. Walker
|    "SPFP: Speed without compromise - a mixed precision
|    model for GPU accelerated molecular dynamics
|    simulations.", Comp. Phys. Comm., 2013, 184
|    pp374-380, DOI: 10.1016/j.cpc.2012.09.022
|
|--------------------------------------------------------
 
|------------------- GPU DEVICE INFO --------------------
|
|            CUDA_VISIBLE_DEVICES: 0
|   CUDA Capable Devices Detected:      1
|           CUDA Device ID in use:      0
|                CUDA Device Name: GeForce GTX TITAN X
|     CUDA Device Global Mem Size:  12287 MB
| CUDA Device Num Multiprocessors:     24
|           CUDA Device Core Freq:   1.08 GHz
|
|--------------------------------------------------------
 
 
| Conditional Compilation Defines Used:
| PUBFFT
| BINTRAJ
| CUDA
| EMIL

| Largest sphere to fit in unit cell has radius =    17.253

| New format PARM file being parsed.
| Version =    1.000 Date = 06/01/16 Time = 08:32:47

| Note: 1-4 EEL scale factors are being read from the topology file.

| Note: 1-4 VDW scale factors are being read from the topology file.
| Duplicated    0 dihedrals

| Duplicated    0 dihedrals

--------------------------------------------------------------------------------
   1.  RESOURCE   USE: 
--------------------------------------------------------------------------------

 getting box info from netcdf restart file
 NATOM  =    5771 NTYPES =      15 NBONH =    5616 MBONA  =     160
 NTHETH =     346 MTHETA =     219 NPHIH =     700 MPHIA  =     653
 NHPARM =       0 NPARM  =       0 NNB   =    8990 NRES   =    1843
 NBONA  =     160 NTHETA =     219 NPHIA =     653 NUMBND =      55
 NUMANG =     124 NPTRA  =     137 NATYP =      29 NPHB   =       1
 IFBOX  =       2 NMXRS  =      24 IFCAP =       0 NEXTRA =       0
 NCOPY  =       0

| Coordinate Index Table dimensions:     8    8    8
| Direct force subcell size =     5.2826    5.2826    5.2826

     BOX TYPE: TRUNCATED OCTAHEDRON

--------------------------------------------------------------------------------
   2.  CONTROL  DATA  FOR  THE  RUN
--------------------------------------------------------------------------------

default_name                                                                    

General flags:
     imin    =       0, nmropt  =       0

Nature and format of input:
     ntx     =       5, irest   =       1, ntrx    =       1

Nature and format of output:
     ntxo    =       2, ntpr    =    1000, ntrx    =       1, ntwr    =  100000
     iwrap   =       0, ntwx    =    1000, ntwv    =       0, ntwe    =       0
     ioutfm  =       1, ntwprt  =       0, idecomp =       0, rbornstat=      0

Potential function:
     ntf     =       2, ntb     =       2, igb     =       0, nsnb    =      25
     ipol    =       0, gbsa    =       0, iesp    =       0
     dielc   =   1.00000, cut     =   8.00000, intdiel =   1.00000

Frozen or restrained atoms:
     ibelly  =       0, ntr     =       1
     restraint_wt =   2.50000

Molecular dynamics:
     nstlim  =     50000, nscm    =         0, nrespa  =         1
     t       =   0.00000, dt      =   0.00200, vlimit  =  -1.00000

Langevin dynamics temperature regulation:
     ig      =  649695
     temp0   = 300.00000, tempi   =   0.00000, gamma_ln=   1.00000

Pressure regulation:
     ntp     =       1
     pres0   =   1.00000, comp    =  44.60000, taup    =   1.00000
     Monte-Carlo Barostat:
     mcbarint  =     100

SHAKE:
     ntc     =       2, jfastw  =       0
     tol     =   0.00001

| Intermolecular bonds treatment:
|     no_intermolecular_bonds =       1

| Energy averages sample interval:
|     ene_avg_sampling =    1000

Ewald parameters:
     verbose =       0, ew_type =       0, nbflag  =       1, use_pme =       1
     vdwmeth =       1, eedmeth =       1, netfrc  =       1
     Box X =   42.261   Box Y =   42.261   Box Z =   42.261
     Alpha =  109.471   Beta  =  109.471   Gamma =  109.471
     NFFT1 =   48       NFFT2 =   48       NFFT3 =   48
     Cutoff=    8.000   Tol   =0.100E-04
     Ewald Coefficient =  0.34864
     Interpolation order =    4

    LOADING THE CONSTRAINED ATOMS AS GROUPS


   5.  REFERENCE ATOM COORDINATES

  default_name                                                                    
     Mask :1-20,@CA,C,O,N; matches    80 atoms

--------------------------------------------------------------------------------
   3.  ATOMIC COORDINATES AND VELOCITIES
--------------------------------------------------------------------------------

default_name                                                                    
 begin time read from input coords =   400.000 ps

 
 Number of triangulated 3-point waters found:     1822

     Sum of charges from parm topology file =  -0.00000001
     Forcing neutrality...

| Dynamic Memory, Types Used:
| Reals              371488
| Integers           173854

| Nonbonded Pairs Initial Allocation:      963901

| GPU memory information (estimate):
| KB of GPU memory in use:     38273
| KB of CPU memory in use:     10145

--------------------------------------------------------------------------------
   4.  RESULTS
--------------------------------------------------------------------------------

 ---------------------------------------------------
 APPROXIMATING switch and d/dx switch using CUBIC SPLINE INTERPOLATION
 using   5000.0 points per unit in tabled values
 TESTING RELATIVE ERROR over r ranging from 0.0 to cutoff
| CHECK switch(x): max rel err =   0.2738E-14   at   2.422500
| CHECK d/dx switch(x): max rel err =   0.8332E-11   at   2.782960
 ---------------------------------------------------
|---------------------------------------------------
| APPROXIMATING direct energy using CUBIC SPLINE INTERPOLATION
|  with   50.0 points per unit in tabled values
| Relative Error Limit not exceeded for r .gt.   2.47
| APPROXIMATING direct force using CUBIC SPLINE INTERPOLATION
|  with   50.0 points per unit in tabled values
| Relative Error Limit not exceeded for r .gt.   2.89
|---------------------------------------------------
| Attempting MC barostat change: Failed
| Attempting MC barostat change: Failed
| Attempting MC barostat change: Failed
| Attempting MC barostat change: Succeeded
| Attempting MC barostat change: Failed
| Attempting MC barostat change: Failed
| Attempting MC barostat change: Failed
| Attempting MC barostat change: Succeeded
| Attempting MC barostat change: Succeeded
| Attempting MC barostat change: Failed

 NSTEP =     1000   TIME(PS) =     402.000  TEMP(K) =   303.79  PRESS =     0.0
 Etot   =    -14334.0848  EKtot   =      3530.7234  EPtot      =    -17864.8082
 BOND   =        50.1858  ANGLE   =       168.9075  DIHED      =       250.4533
 1-4 NB =        70.2339  1-4 EEL =       868.0537  VDWAALS    =      2430.1035
 EELEC  =    -21714.6197  EHBOND  =         0.0000  RESTRAINT  =        11.8737
 EAMBER (non-restraint)  =    -17876.6819
 EKCMT  =         0.0000  VIRIAL  =         0.0000  VOLUME     =     58361.5166
                                                    Density    =         0.9967
 ------------------------------------------------------------------------------

| Attempting MC barostat change: Failed
| Attempting MC barostat change: Succeeded
| Attempting MC barostat change: Failed
| Attempting MC barostat change: Failed
| Attempting MC barostat change: Succeeded
| Attempting MC barostat change: Failed
| Attempting MC barostat change: Succeeded
| Attempting MC barostat change: Succeeded
| Attempting MC barostat change: Failed
| Attempting MC barostat change: Succeeded

 NSTEP =     2000   TIME(PS) =     404.000  TEMP(K) =   302.06  PRESS =     0.0
 Etot   =    -14322.6691  EKtot   =      3510.6169  EPtot      =    -17833.2860
 BOND   =        73.6743  ANGLE   =       164.7553  DIHED      =       254.8033
 1-4 NB =        63.6151  1-4 EEL =       867.3313  VDWAALS    =      2494.9137
 EELEC  =    -21768.5787  EHBOND  =         0.0000  RESTRAINT  =        16.1996
 EAMBER (non-restraint)  =    -17849.4857
 EKCMT  =         0.0000  VIRIAL  =         0.0000  VOLUME     =     57944.3657
                                                    Density    =         1.0039
 ------------------------------------------------------------------------------

| Attempting MC barostat change: Failed
| Attempting MC barostat change: Failed
| Attempting MC barostat change: Failed
| Attempting MC barostat change: Failed
| Attempting MC barostat change: Failed
| Attempting MC barostat change: Succeeded
| Attempting MC barostat change: Failed
| Attempting MC barostat change: Succeeded
| Attempting MC barostat change: Succeeded
| Attempting MC barostat change: Failed

 NSTEP =     3000   TIME(PS) =     406.000  TEMP(K) =   300.18  PRESS =     0.0
 Etot   =    -14470.1222  EKtot   =      3488.6726  EPtot      =    -17958.7948
 BOND   =        51.7850  ANGLE   =       170.4982  DIHED      =       247.8260
 1-4 NB =        64.0811  1-4 EEL =       864.3102  VDWAALS    =      2480.9869
 EELEC  =    -21857.0334  EHBOND  =         0.0000  RESTRAINT  =        18.7513
 EAMBER (non-restraint)  =    -17977.5460
 EKCMT  =         0.0000  VIRIAL  =         0.0000  VOLUME     =     58344.2427
                                                    Density    =         0.9970
 ------------------------------------------------------------------------------

| Attempting MC barostat change: Succeeded
| Attempting MC barostat change: Failed
| Attempting MC barostat change: Succeeded
| Attempting MC barostat change: Failed
| Attempting MC barostat change: Succeeded
| Attempting MC barostat change: Succeeded
| Attempting MC barostat change: Failed
| Attempting MC barostat change: Failed
| Attempting MC barostat change: Succeeded
| Attempting MC barostat change: Succeeded

 NSTEP =     4000   TIME(PS) =     408.000  TEMP(K) =   295.36  PRESS =     0.0
 Etot   =    -14588.5553  EKtot   =      3432.6653  EPtot      =    -18021.2206
 BOND   =        57.5345  ANGLE   =       182.0223  DIHED      =       254.7097
 1-4 NB =        65.8383  1-4 EEL =       852.3991  VDWAALS    =      2551.1025
 EELEC  =    -21997.4200  EHBOND  =         0.0000  RESTRAINT  =        12.5930
 EAMBER (non-restraint)  =    -18033.8136
 EKCMT  =         0.0000  VIRIAL  =         0.0000  VOLUME     =     58037.1964
                                                    Density    =         1.0023
 ------------------------------------------------------------------------------

| Attempting MC barostat change: Succeeded
| Attempting MC barostat change: Failed
| Attempting MC barostat change: Failed
| Attempting MC barostat change: Failed
| Attempting MC barostat change: Failed
| Attempting MC barostat change: Failed
| Attempting MC barostat change: Failed
| Attempting MC barostat change: Succeeded
| Attempting MC barostat change: Failed
| Attempting MC barostat change: Failed

 NSTEP =     5000   TIME(PS) =     410.000  TEMP(K) =   297.74  PRESS =     0.0
 Etot   =    -14557.0219  EKtot   =      3460.3911  EPtot      =    -18017.4130
 BOND   =        68.4176  ANGLE   =       156.6072  DIHED      =       246.8314
 1-4 NB =        70.5405  1-4 EEL =       869.0575  VDWAALS    =      2470.2801
 EELEC  =    -21916.5518  EHBOND  =         0.0000  RESTRAINT  =        17.4045
 EAMBER (non-restraint)  =    -18034.8175
 EKCMT  =         0.0000  VIRIAL  =         0.0000  VOLUME     =     57875.3319
                                                    Density    =         1.0051
 ------------------------------------------------------------------------------

| Attempting MC barostat change: Failed
| Attempting MC barostat change: Succeeded
| Attempting MC barostat change: Succeeded
| Attempting MC barostat change: Failed
| Attempting MC barostat change: Failed
| Attempting MC barostat change: Failed
| Attempting MC barostat change: Failed
| Attempting MC barostat change: Failed
| Attempting MC barostat change: Failed
| Attempting MC barostat change: Succeeded

 NSTEP =     6000   TIME(PS) =     412.000  TEMP(K) =   299.06  PRESS =     0.0
 Etot   =    -14527.2388  EKtot   =      3475.6860  EPtot      =    -18002.9248
 BOND   =        59.2941  ANGLE   =       149.8855  DIHED      =       243.9398
 1-4 NB =        74.5867  1-4 EEL =       858.4986  VDWAALS    =      2476.3761
 EELEC  =    -21878.8135  EHBOND  =         0.0000  RESTRAINT  =        13.3079
 EAMBER (non-restraint)  =    -18016.2327
 EKCMT  =         0.0000  VIRIAL  =         0.0000  VOLUME     =     57940.7853
                                                    Density    =         1.0040
 ------------------------------------------------------------------------------

| Attempting MC barostat change: Failed
| Attempting MC barostat change: Failed
| Attempting MC barostat change: Succeeded
| Attempting MC barostat change: Failed
| Attempting MC barostat change: Succeeded
| Attempting MC barostat change: Succeeded
| Attempting MC barostat change: Failed
| Attempting MC barostat change: Succeeded
| Attempting MC barostat change: Failed
| Attempting MC barostat change: Failed

 NSTEP =     7000   TIME(PS) =     414.000  TEMP(K) =   297.77  PRESS =     0.0
 Etot   =    -14589.5881  EKtot   =      3460.6882  EPtot      =    -18050.2764
 BOND   =        60.3235  ANGLE   =       177.2894  DIHED      =       243.0620
 1-4 NB =        65.8698  1-4 EEL =       852.5552  VDWAALS    =      2356.7305
 EELEC  =    -21820.6384  EHBOND  =         0.0000  RESTRAINT  =        14.5316
 EAMBER (non-restraint)  =    -18064.8080
 EKCMT  =         0.0000  VIRIAL  =         0.0000  VOLUME     =     57399.2340
                                                    Density    =         1.0135
 ------------------------------------------------------------------------------

| Attempting MC barostat change: Failed
| Attempting MC barostat change: Failed
| Attempting MC barostat change: Failed
| Attempting MC barostat change: Failed
| Attempting MC barostat change: Failed
| Attempting MC barostat change: Failed
| Attempting MC barostat change: Failed
| Attempting MC barostat change: Failed
| Attempting MC barostat change: Succeeded
| Attempting MC barostat change: Succeeded

 NSTEP =     8000   TIME(PS) =     416.000  TEMP(K) =   295.45  PRESS =     0.0
 Etot   =    -14651.4418  EKtot   =      3433.7065  EPtot      =    -18085.1484
 BOND   =        53.4949  ANGLE   =       144.3212  DIHED      =       246.6132
 1-4 NB =        71.0369  1-4 EEL =       855.5434  VDWAALS    =      2424.3673
 EELEC  =    -21897.3403  EHBOND  =         0.0000  RESTRAINT  =        16.8150
 EAMBER (non-restraint)  =    -18101.9634
 EKCMT  =         0.0000  VIRIAL  =         0.0000  VOLUME     =     57592.5601
                                                    Density    =         1.0101
 ------------------------------------------------------------------------------

| Attempting MC barostat change: Failed
| Attempting MC barostat change: Failed
| Attempting MC barostat change: Succeeded
| Attempting MC barostat change: Succeeded
| Attempting MC barostat change: Failed
| Attempting MC barostat change: Succeeded
| Attempting MC barostat change: Failed
| Attempting MC barostat change: Succeeded
| Attempting MC barostat change: Succeeded
| Attempting MC barostat change: Failed

 NSTEP =     9000   TIME(PS) =     418.000  TEMP(K) =   295.45  PRESS =     0.0
 Etot   =    -14520.1626  EKtot   =      3433.7144  EPtot      =    -17953.8770
 BOND   =        53.8852  ANGLE   =       147.6668  DIHED      =       252.7630
 1-4 NB =        66.8493  1-4 EEL =       866.3503  VDWAALS    =      2371.1975
 EELEC  =    -21724.8181  EHBOND  =         0.0000  RESTRAINT  =        12.2290
 EAMBER (non-restraint)  =    -17966.1060
 EKCMT  =         0.0000  VIRIAL  =         0.0000  VOLUME     =     58024.5023
                                                    Density    =         1.0025
 ------------------------------------------------------------------------------

| Attempting MC barostat change: Succeeded
| Attempting MC barostat change: Failed
| Attempting MC barostat change: Succeeded
| Attempting MC barostat change: Failed
| Attempting MC barostat change: Failed
| Attempting MC barostat change: Failed
| Attempting MC barostat change: Failed
| Attempting MC barostat change: Succeeded
| Attempting MC barostat change: Failed
| Attempting MC barostat change: Succeeded

 NSTEP =    10000   TIME(PS) =     420.000  TEMP(K) =   298.63  PRESS =     0.0
 Etot   =    -14495.7261  EKtot   =      3470.6973  EPtot      =    -17966.4234
 BOND   =        51.5998  ANGLE   =       165.4441  DIHED      =       251.7472
 1-4 NB =        68.0060  1-4 EEL =       868.6667  VDWAALS    =      2351.4759
 EELEC  =    -21735.8608  EHBOND  =         0.0000  RESTRAINT  =        12.4977
 EAMBER (non-restraint)  =    -17978.9211
 EKCMT  =         0.0000  VIRIAL  =         0.0000  VOLUME     =     57902.6488
                                                    Density    =         1.0046
 ------------------------------------------------------------------------------

| Attempting MC barostat change: Failed
| Attempting MC barostat change: Failed
| Attempting MC barostat change: Failed
| Attempting MC barostat change: Failed
| Attempting MC barostat change: Failed
| Attempting MC barostat change: Failed
| Attempting MC barostat change: Failed
| Attempting MC barostat change: Failed
| Attempting MC barostat change: Succeeded
| Attempting MC barostat change: Succeeded

 NSTEP =    11000   TIME(PS) =     422.000  TEMP(K) =   298.31  PRESS =     0.0
 Etot   =    -14489.1578  EKtot   =      3467.0347  EPtot      =    -17956.1925
 BOND   =        65.4063  ANGLE   =       163.4828  DIHED      =       252.8916
 1-4 NB =        70.4087  1-4 EEL =       859.9876  VDWAALS    =      2495.2224
 EELEC  =    -21880.9823  EHBOND  =         0.0000  RESTRAINT  =        17.3903
 EAMBER (non-restraint)  =    -17973.5828
 EKCMT  =         0.0000  VIRIAL  =         0.0000  VOLUME     =     57731.4207
                                                    Density    =         1.0076
 ------------------------------------------------------------------------------

| Attempting MC barostat change: Failed
| Attempting MC barostat change: Succeeded
| Attempting MC barostat change: Failed
| Attempting MC barostat change: Failed
| Attempting MC barostat change: Succeeded
| Attempting MC barostat change: Succeeded
| Attempting MC barostat change: Failed
| Attempting MC barostat change: Failed
| Attempting MC barostat change: Failed
| Attempting MC barostat change: Failed

 NSTEP =    12000   TIME(PS) =     424.000  TEMP(K) =   306.15  PRESS =     0.0
 Etot   =    -14425.4866  EKtot   =      3558.0627  EPtot      =    -17983.5494
 BOND   =        56.5138  ANGLE   =       141.5988  DIHED      =       252.7578
 1-4 NB =        63.6457  1-4 EEL =       860.5815  VDWAALS    =      2330.5594
 EELEC  =    -21703.7312  EHBOND  =         0.0000  RESTRAINT  =        14.5248
 EAMBER (non-restraint)  =    -17998.0742
 EKCMT  =         0.0000  VIRIAL  =         0.0000  VOLUME     =     57749.0635
                                                    Density    =         1.0073
 ------------------------------------------------------------------------------

| Attempting MC barostat change: Succeeded
| Attempting MC barostat change: Failed
| Attempting MC barostat change: Failed
| Attempting MC barostat change: Failed
| Attempting MC barostat change: Succeeded
| Attempting MC barostat change: Failed
| Attempting MC barostat change: Failed
| Attempting MC barostat change: Failed
| Attempting MC barostat change: Succeeded
| Attempting MC barostat change: Succeeded

 NSTEP =    13000   TIME(PS) =     426.000  TEMP(K) =   299.66  PRESS =     0.0
 Etot   =    -14504.6473  EKtot   =      3482.7253  EPtot      =    -17987.3727
 BOND   =        50.4214  ANGLE   =       149.3328  DIHED      =       249.0034
 1-4 NB =        69.2353  1-4 EEL =       857.8146  VDWAALS    =      2309.9644
 EELEC  =    -21688.7620  EHBOND  =         0.0000  RESTRAINT  =        15.6174
 EAMBER (non-restraint)  =    -18002.9901
 EKCMT  =         0.0000  VIRIAL  =         0.0000  VOLUME     =     58733.9644
                                                    Density    =         0.9904
 ------------------------------------------------------------------------------

| Attempting MC barostat change: Succeeded
| Attempting MC barostat change: Succeeded
| Attempting MC barostat change: Failed
| Attempting MC barostat change: Succeeded
| Attempting MC barostat change: Failed
| Attempting MC barostat change: Failed
| Attempting MC barostat change: Succeeded
| Attempting MC barostat change: Failed
| Attempting MC barostat change: Failed
| Attempting MC barostat change: Failed

 NSTEP =    14000   TIME(PS) =     428.000  TEMP(K) =   308.38  PRESS =     0.0
 Etot   =    -14351.6897  EKtot   =      3583.9783  EPtot      =    -17935.6680
 BOND   =        55.5711  ANGLE   =       148.0749  DIHED      =       249.0120
 1-4 NB =        72.1233  1-4 EEL =       866.1202  VDWAALS    =      2539.3628
 EELEC  =    -21875.7224  EHBOND  =         0.0000  RESTRAINT  =         9.7902
 EAMBER (non-restraint)  =    -17945.4582
 EKCMT  =         0.0000  VIRIAL  =         0.0000  VOLUME     =     58311.0062
                                                    Density    =         0.9976
 ------------------------------------------------------------------------------

| Attempting MC barostat change: Failed
| Attempting MC barostat change: Failed
| Attempting MC barostat change: Failed
| Attempting MC barostat change: Failed
| Attempting MC barostat change: Succeeded
| Attempting MC barostat change: Succeeded
| Attempting MC barostat change: Succeeded
| Attempting MC barostat change: Succeeded
| Attempting MC barostat change: Succeeded
| Attempting MC barostat change: Failed

 NSTEP =    15000   TIME(PS) =     430.000  TEMP(K) =   302.27  PRESS =     0.0
 Etot   =    -14507.2884  EKtot   =      3513.0029  EPtot      =    -18020.2913
 BOND   =        55.6961  ANGLE   =       160.0791  DIHED      =       254.8163
 1-4 NB =        70.0347  1-4 EEL =       849.2645  VDWAALS    =      2467.1800
 EELEC  =    -21891.2188  EHBOND  =         0.0000  RESTRAINT  =        13.8567
 EAMBER (non-restraint)  =    -18034.1480
 EKCMT  =         0.0000  VIRIAL  =         0.0000  VOLUME     =     58092.3727
                                                    Density    =         1.0014
 ------------------------------------------------------------------------------

| Attempting MC barostat change: Failed
| Attempting MC barostat change: Succeeded
| Attempting MC barostat change: Failed
| Attempting MC barostat change: Failed
| Attempting MC barostat change: Succeeded
| Attempting MC barostat change: Succeeded
| Attempting MC barostat change: Failed
| Attempting MC barostat change: Succeeded
| Attempting MC barostat change: Failed
| Attempting MC barostat change: Failed

 NSTEP =    16000   TIME(PS) =     432.000  TEMP(K) =   295.70  PRESS =     0.0
 Etot   =    -14471.1816  EKtot   =      3436.7021  EPtot      =    -17907.8838
 BOND   =        52.7712  ANGLE   =       156.5397  DIHED      =       250.6270
 1-4 NB =        72.6934  1-4 EEL =       859.2821  VDWAALS    =      2504.5207
 EELEC  =    -21816.4291  EHBOND  =         0.0000  RESTRAINT  =        12.1112
 EAMBER (non-restraint)  =    -17919.9950
 EKCMT  =         0.0000  VIRIAL  =         0.0000  VOLUME     =     58408.4683
                                                    Density    =         0.9959
 ------------------------------------------------------------------------------

| Attempting MC barostat change: Failed
| Attempting MC barostat change: Failed
| Attempting MC barostat change: Failed
| Attempting MC barostat change: Failed
| Attempting MC barostat change: Succeeded
| Attempting MC barostat change: Failed
| Attempting MC barostat change: Succeeded
| Attempting MC barostat change: Succeeded
| Attempting MC barostat change: Failed
| Attempting MC barostat change: Succeeded

 NSTEP =    17000   TIME(PS) =     434.000  TEMP(K) =   299.38  PRESS =     0.0
 Etot   =    -14419.9814  EKtot   =      3479.4658  EPtot      =    -17899.4472
 BOND   =        74.5733  ANGLE   =       163.8231  DIHED      =       257.0438
 1-4 NB =        66.7952  1-4 EEL =       853.1313  VDWAALS    =      2364.9714
 EELEC  =    -21689.5962  EHBOND  =         0.0000  RESTRAINT  =         9.8107
 EAMBER (non-restraint)  =    -17909.2580
 EKCMT  =         0.0000  VIRIAL  =         0.0000  VOLUME     =     58205.5589
                                                    Density    =         0.9994
 ------------------------------------------------------------------------------

| Attempting MC barostat change: Succeeded
| Attempting MC barostat change: Succeeded
| Attempting MC barostat change: Succeeded
| Attempting MC barostat change: Failed
| Attempting MC barostat change: Failed
| Attempting MC barostat change: Succeeded
| Attempting MC barostat change: Failed
| Attempting MC barostat change: Succeeded
| Attempting MC barostat change: Failed
| Attempting MC barostat change: Failed

 NSTEP =    18000   TIME(PS) =     436.000  TEMP(K) =   302.33  PRESS =     0.0
 Etot   =    -14461.4243  EKtot   =      3513.6580  EPtot      =    -17975.0823
 BOND   =        55.2025  ANGLE   =       147.2573  DIHED      =       254.1616
 1-4 NB =        76.4326  1-4 EEL =       863.3970  VDWAALS    =      2391.5547
 EELEC  =    -21777.2174  EHBOND  =         0.0000  RESTRAINT  =        14.1295
 EAMBER (non-restraint)  =    -17989.2118
 EKCMT  =         0.0000  VIRIAL  =         0.0000  VOLUME     =     58325.8199
                                                    Density    =         0.9974
 ------------------------------------------------------------------------------

| Attempting MC barostat change: Failed
| Attempting MC barostat change: Succeeded
| Attempting MC barostat change: Failed
| Attempting MC barostat change: Failed
| Attempting MC barostat change: Failed
| Attempting MC barostat change: Failed
| Attempting MC barostat change: Succeeded
| Attempting MC barostat change: Succeeded
| Attempting MC barostat change: Failed
| Attempting MC barostat change: Failed

 NSTEP =    19000   TIME(PS) =     438.000  TEMP(K) =   294.99  PRESS =     0.0
 Etot   =    -14386.4238  EKtot   =      3428.3577  EPtot      =    -17814.7815
 BOND   =        56.0901  ANGLE   =       147.1912  DIHED      =       247.8985
 1-4 NB =        66.1240  1-4 EEL =       861.1452  VDWAALS    =      2382.7770
 EELEC  =    -21591.1680  EHBOND  =         0.0000  RESTRAINT  =        15.1606
 EAMBER (non-restraint)  =    -17829.9420
 EKCMT  =         0.0000  VIRIAL  =         0.0000  VOLUME     =     58449.4428
                                                    Density    =         0.9952
 ------------------------------------------------------------------------------

| Attempting MC barostat change: Failed
| Attempting MC barostat change: Succeeded
| Attempting MC barostat change: Failed
| Attempting MC barostat change: Succeeded
| Attempting MC barostat change: Succeeded
| Attempting MC barostat change: Failed
| Attempting MC barostat change: Failed
| Attempting MC barostat change: Failed
| Attempting MC barostat change: Failed
| Attempting MC barostat change: Succeeded

 NSTEP =    20000   TIME(PS) =     440.000  TEMP(K) =   290.24  PRESS =     0.0
 Etot   =    -14594.7497  EKtot   =      3373.2114  EPtot      =    -17967.9611
 BOND   =        67.9470  ANGLE   =       159.1352  DIHED      =       258.9613
 1-4 NB =        65.7322  1-4 EEL =       865.2991  VDWAALS    =      2460.2089
 EELEC  =    -21857.2302  EHBOND  =         0.0000  RESTRAINT  =        11.9853
 EAMBER (non-restraint)  =    -17979.9465
 EKCMT  =         0.0000  VIRIAL  =         0.0000  VOLUME     =     58042.2705
                                                    Density    =         1.0022
 ------------------------------------------------------------------------------

| Attempting MC barostat change: Failed
| Attempting MC barostat change: Failed
| Attempting MC barostat change: Failed
| Attempting MC barostat change: Succeeded
| Attempting MC barostat change: Failed
| Attempting MC barostat change: Succeeded
| Attempting MC barostat change: Failed
| Attempting MC barostat change: Failed
| Attempting MC barostat change: Failed
| Attempting MC barostat change: Failed

 NSTEP =    21000   TIME(PS) =     442.000  TEMP(K) =   295.63  PRESS =     0.0
 Etot   =    -14638.0711  EKtot   =      3435.8267  EPtot      =    -18073.8978
 BOND   =        53.8658  ANGLE   =       157.0915  DIHED      =       250.4942
 1-4 NB =        73.0262  1-4 EEL =       866.3268  VDWAALS    =      2384.8619
 EELEC  =    -21875.1719  EHBOND  =         0.0000  RESTRAINT  =        15.6076
 EAMBER (non-restraint)  =    -18089.5054
 EKCMT  =         0.0000  VIRIAL  =         0.0000  VOLUME     =     57699.4240
                                                    Density    =         1.0082
 ------------------------------------------------------------------------------

| Attempting MC barostat change: Failed
| Attempting MC barostat change: Failed
| Attempting MC barostat change: Failed
| Attempting MC barostat change: Succeeded
| Attempting MC barostat change: Failed
| Attempting MC barostat change: Failed
| Attempting MC barostat change: Failed
| Attempting MC barostat change: Succeeded
| Attempting MC barostat change: Succeeded
| Attempting MC barostat change: Succeeded

 NSTEP =    22000   TIME(PS) =     444.000  TEMP(K) =   291.95  PRESS =     0.0
 Etot   =    -14735.3478  EKtot   =      3393.0603  EPtot      =    -18128.4081
 BOND   =        64.8179  ANGLE   =       145.0190  DIHED      =       253.1526
 1-4 NB =        57.3518  1-4 EEL =       863.4910  VDWAALS    =      2548.2926
 EELEC  =    -22076.0317  EHBOND  =         0.0000  RESTRAINT  =        15.4988
 EAMBER (non-restraint)  =    -18143.9069
 EKCMT  =         0.0000  VIRIAL  =         0.0000  VOLUME     =     56669.3099
                                                    Density    =         1.0265
 ------------------------------------------------------------------------------

| Attempting MC barostat change: Failed
| Attempting MC barostat change: Succeeded
| Attempting MC barostat change: Succeeded
| Attempting MC barostat change: Succeeded
| Attempting MC barostat change: Succeeded
| Attempting MC barostat change: Failed
| Attempting MC barostat change: Succeeded
| Attempting MC barostat change: Succeeded
| Attempting MC barostat change: Failed
| Attempting MC barostat change: Failed

 NSTEP =    23000   TIME(PS) =     446.000  TEMP(K) =   296.77  PRESS =     0.0
 Etot   =    -14675.2953  EKtot   =      3449.1450  EPtot      =    -18124.4403
 BOND   =        59.9679  ANGLE   =       139.7438  DIHED      =       251.8304
 1-4 NB =        71.0121  1-4 EEL =       848.0946  VDWAALS    =      2529.9362
 EELEC  =    -22036.4408  EHBOND  =         0.0000  RESTRAINT  =        11.4155
 EAMBER (non-restraint)  =    -18135.8558
 EKCMT  =         0.0000  VIRIAL  =         0.0000  VOLUME     =     56796.8691
                                                    Density    =         1.0242
 ------------------------------------------------------------------------------

| Attempting MC barostat change: Succeeded
| Attempting MC barostat change: Failed
| Attempting MC barostat change: Failed
| Attempting MC barostat change: Failed
| Attempting MC barostat change: Failed
| Attempting MC barostat change: Failed
| Attempting MC barostat change: Failed
| Attempting MC barostat change: Failed
| Attempting MC barostat change: Failed
| Attempting MC barostat change: Succeeded

 NSTEP =    24000   TIME(PS) =     448.000  TEMP(K) =   296.46  PRESS =     0.0
 Etot   =    -14504.3134  EKtot   =      3445.4653  EPtot      =    -17949.7787
 BOND   =        49.5726  ANGLE   =       165.2737  DIHED      =       251.0493
 1-4 NB =        74.2455  1-4 EEL =       881.1447  VDWAALS    =      2280.8033
 EELEC  =    -21666.3941  EHBOND  =         0.0000  RESTRAINT  =        14.5264
 EAMBER (non-restraint)  =    -17964.3051
 EKCMT  =         0.0000  VIRIAL  =         0.0000  VOLUME     =     57196.6036
                                                    Density    =         1.0170
 ------------------------------------------------------------------------------

| Attempting MC barostat change: Succeeded
| Attempting MC barostat change: Succeeded
| Attempting MC barostat change: Succeeded
| Attempting MC barostat change: Failed
| Attempting MC barostat change: Failed
| Attempting MC barostat change: Succeeded
| Attempting MC barostat change: Succeeded
| Attempting MC barostat change: Failed
| Attempting MC barostat change: Failed
| Attempting MC barostat change: Succeeded

 NSTEP =    25000   TIME(PS) =     450.000  TEMP(K) =   301.60  PRESS =     0.0
 Etot   =    -14492.1429  EKtot   =      3505.2764  EPtot      =    -17997.4193
 BOND   =        58.6204  ANGLE   =       183.4133  DIHED      =       258.5792
 1-4 NB =        61.2330  1-4 EEL =       846.2379  VDWAALS    =      2449.8831
 EELEC  =    -21870.4260  EHBOND  =         0.0000  RESTRAINT  =        15.0397
 EAMBER (non-restraint)  =    -18012.4590
 EKCMT  =         0.0000  VIRIAL  =         0.0000  VOLUME     =     57245.6711
                                                    Density    =         1.0162
 ------------------------------------------------------------------------------

| Attempting MC barostat change: Failed
| Attempting MC barostat change: Failed
| Attempting MC barostat change: Failed
| Attempting MC barostat change: Failed
| Attempting MC barostat change: Succeeded
| Attempting MC barostat change: Succeeded
| Attempting MC barostat change: Failed
| Attempting MC barostat change: Failed
| Attempting MC barostat change: Failed
| Attempting MC barostat change: Failed

 NSTEP =    26000   TIME(PS) =     452.000  TEMP(K) =   295.11  PRESS =     0.0
 Etot   =    -14547.2753  EKtot   =      3429.7793  EPtot      =    -17977.0546
 BOND   =        56.9498  ANGLE   =       177.6772  DIHED      =       250.0794
 1-4 NB =        70.8277  1-4 EEL =       856.3302  VDWAALS    =      2444.3974
 EELEC  =    -21851.2292  EHBOND  =         0.0000  RESTRAINT  =        17.9130
 EAMBER (non-restraint)  =    -17994.9676
 EKCMT  =         0.0000  VIRIAL  =         0.0000  VOLUME     =     57936.0543
                                                    Density    =         1.0041
 ------------------------------------------------------------------------------

| Attempting MC barostat change: Failed
| Attempting MC barostat change: Succeeded
| Attempting MC barostat change: Failed
| Attempting MC barostat change: Failed
| Attempting MC barostat change: Failed
| Attempting MC barostat change: Failed
| Attempting MC barostat change: Succeeded
| Attempting MC barostat change: Failed
| Attempting MC barostat change: Succeeded
| Attempting MC barostat change: Succeeded

 NSTEP =    27000   TIME(PS) =     454.000  TEMP(K) =   298.91  PRESS =     0.0
 Etot   =    -14651.5529  EKtot   =      3473.9346  EPtot      =    -18125.4875
 BOND   =        63.6746  ANGLE   =       160.5769  DIHED      =       257.5013
 1-4 NB =        60.5985  1-4 EEL =       859.5930  VDWAALS    =      2536.6850
 EELEC  =    -22075.9523  EHBOND  =         0.0000  RESTRAINT  =        11.8354
 EAMBER (non-restraint)  =    -18137.3229
 EKCMT  =         0.0000  VIRIAL  =         0.0000  VOLUME     =     57584.8102
                                                    Density    =         1.0102
 ------------------------------------------------------------------------------

| Attempting MC barostat change: Succeeded
| Attempting MC barostat change: Failed
| Attempting MC barostat change: Failed
| Attempting MC barostat change: Succeeded
| Attempting MC barostat change: Succeeded
| Attempting MC barostat change: Failed
| Attempting MC barostat change: Succeeded
| Attempting MC barostat change: Failed
| Attempting MC barostat change: Succeeded
| Attempting MC barostat change: Succeeded

 NSTEP =    28000   TIME(PS) =     456.000  TEMP(K) =   301.22  PRESS =     0.0
 Etot   =    -14554.5504  EKtot   =      3500.7727  EPtot      =    -18055.3231
 BOND   =        64.4481  ANGLE   =       160.0546  DIHED      =       252.6286
 1-4 NB =        65.6339  1-4 EEL =       869.0014  VDWAALS    =      2458.5025
 EELEC  =    -21937.5292  EHBOND  =         0.0000  RESTRAINT  =        11.9371
 EAMBER (non-restraint)  =    -18067.2602
 EKCMT  =         0.0000  VIRIAL  =         0.0000  VOLUME     =     57672.0940
                                                    Density    =         1.0087
 ------------------------------------------------------------------------------

| Attempting MC barostat change: Succeeded
| Attempting MC barostat change: Succeeded
| Attempting MC barostat change: Failed
| Attempting MC barostat change: Succeeded
| Attempting MC barostat change: Succeeded
| Attempting MC barostat change: Failed
| Attempting MC barostat change: Failed
| Attempting MC barostat change: Failed
| Attempting MC barostat change: Failed
| Attempting MC barostat change: Succeeded

 NSTEP =    29000   TIME(PS) =     458.000  TEMP(K) =   299.80  PRESS =     0.0
 Etot   =    -14493.4955  EKtot   =      3484.3047  EPtot      =    -17977.8002
 BOND   =        57.7904  ANGLE   =       161.0535  DIHED      =       255.0370
 1-4 NB =        68.5491  1-4 EEL =       859.0292  VDWAALS    =      2428.0822
 EELEC  =    -21824.0030  EHBOND  =         0.0000  RESTRAINT  =        16.6614
 EAMBER (non-restraint)  =    -17994.4616
 EKCMT  =         0.0000  VIRIAL  =         0.0000  VOLUME     =     57840.8425
                                                    Density    =         1.0057
 ------------------------------------------------------------------------------

| Attempting MC barostat change: Failed
| Attempting MC barostat change: Failed
| Attempting MC barostat change: Succeeded
| Attempting MC barostat change: Failed
| Attempting MC barostat change: Failed
| Attempting MC barostat change: Succeeded
| Attempting MC barostat change: Failed
| Attempting MC barostat change: Succeeded
| Attempting MC barostat change: Succeeded
| Attempting MC barostat change: Succeeded

 NSTEP =    30000   TIME(PS) =     460.000  TEMP(K) =   300.61  PRESS =     0.0
 Etot   =    -14480.0129  EKtot   =      3493.7021  EPtot      =    -17973.7151
 BOND   =        55.2100  ANGLE   =       158.8947  DIHED      =       251.1769
 1-4 NB =        74.1314  1-4 EEL =       874.3653  VDWAALS    =      2435.4434
 EELEC  =    -21833.7076  EHBOND  =         0.0000  RESTRAINT  =        10.7707
 EAMBER (non-restraint)  =    -17984.4858
 EKCMT  =         0.0000  VIRIAL  =         0.0000  VOLUME     =     57524.6899
                                                    Density    =         1.0112
 ------------------------------------------------------------------------------

| Attempting MC barostat change: Succeeded
| Attempting MC barostat change: Failed
| Attempting MC barostat change: Failed
| Attempting MC barostat change: Failed
| Attempting MC barostat change: Failed
| Attempting MC barostat change: Failed
| Attempting MC barostat change: Failed
| Attempting MC barostat change: Succeeded
| Attempting MC barostat change: Failed
| Attempting MC barostat change: Succeeded

 NSTEP =    31000   TIME(PS) =     462.000  TEMP(K) =   302.01  PRESS =     0.0
 Etot   =    -14506.7512  EKtot   =      3509.9353  EPtot      =    -18016.6865
 BOND   =        55.0154  ANGLE   =       166.8990  DIHED      =       262.1599
 1-4 NB =        61.0413  1-4 EEL =       857.2332  VDWAALS    =      2523.8240
 EELEC  =    -21960.4719  EHBOND  =         0.0000  RESTRAINT  =        17.6126
 EAMBER (non-restraint)  =    -18034.2991
 EKCMT  =         0.0000  VIRIAL  =         0.0000  VOLUME     =     57675.7502
                                                    Density    =         1.0086
 ------------------------------------------------------------------------------

| Attempting MC barostat change: Succeeded
| Attempting MC barostat change: Failed
| Attempting MC barostat change: Failed
| Attempting MC barostat change: Succeeded
| Attempting MC barostat change: Failed
| Attempting MC barostat change: Failed
| Attempting MC barostat change: Failed
| Attempting MC barostat change: Failed
| Attempting MC barostat change: Failed
| Attempting MC barostat change: Succeeded

 NSTEP =    32000   TIME(PS) =     464.000  TEMP(K) =   300.08  PRESS =     0.0
 Etot   =    -14492.1230  EKtot   =      3487.5784  EPtot      =    -17979.7013
 BOND   =        57.9830  ANGLE   =       150.9702  DIHED      =       245.5537
 1-4 NB =        63.5271  1-4 EEL =       866.1269  VDWAALS    =      2403.8968
 EELEC  =    -21783.6271  EHBOND  =         0.0000  RESTRAINT  =        15.8681
 EAMBER (non-restraint)  =    -17995.5694
 EKCMT  =         0.0000  VIRIAL  =         0.0000  VOLUME     =     58191.6908
                                                    Density    =         0.9997
 ------------------------------------------------------------------------------

| Attempting MC barostat change: Succeeded
| Attempting MC barostat change: Failed
| Attempting MC barostat change: Failed
| Attempting MC barostat change: Succeeded
| Attempting MC barostat change: Failed
| Attempting MC barostat change: Failed
| Attempting MC barostat change: Failed
| Attempting MC barostat change: Failed
| Attempting MC barostat change: Failed
| Attempting MC barostat change: Succeeded

 NSTEP =    33000   TIME(PS) =     466.000  TEMP(K) =   302.59  PRESS =     0.0
 Etot   =    -14410.3043  EKtot   =      3516.7810  EPtot      =    -17927.0853
 BOND   =        58.6321  ANGLE   =       150.4823  DIHED      =       256.1894
 1-4 NB =        66.2657  1-4 EEL =       872.6684  VDWAALS    =      2331.8062
 EELEC  =    -21677.9708  EHBOND  =         0.0000  RESTRAINT  =        14.8415
 EAMBER (non-restraint)  =    -17941.9268
 EKCMT  =         0.0000  VIRIAL  =         0.0000  VOLUME     =     58210.6998
                                                    Density    =         0.9993
 ------------------------------------------------------------------------------

| Attempting MC barostat change: Succeeded
| Attempting MC barostat change: Failed
| Attempting MC barostat change: Failed
| Attempting MC barostat change: Failed
| Attempting MC barostat change: Succeeded
| Attempting MC barostat change: Failed
| Attempting MC barostat change: Succeeded
| Attempting MC barostat change: Succeeded
| Attempting MC barostat change: Succeeded
| Attempting MC barostat change: Failed

 NSTEP =    34000   TIME(PS) =     468.000  TEMP(K) =   300.73  PRESS =     0.0
 Etot   =    -14405.2301  EKtot   =      3495.0989  EPtot      =    -17900.3290
 BOND   =        52.1710  ANGLE   =       157.3850  DIHED      =       254.5236
 1-4 NB =        64.2564  1-4 EEL =       855.7192  VDWAALS    =      2452.1859
 EELEC  =    -21754.3523  EHBOND  =         0.0000  RESTRAINT  =        17.7823
 EAMBER (non-restraint)  =    -17918.1113
 EKCMT  =         0.0000  VIRIAL  =         0.0000  VOLUME     =     57873.3079
                                                    Density    =         1.0052
 ------------------------------------------------------------------------------

| Attempting MC barostat change: Failed
| Attempting MC barostat change: Failed
| Attempting MC barostat change: Failed
| Attempting MC barostat change: Succeeded
| Attempting MC barostat change: Succeeded
| Attempting MC barostat change: Failed
| Attempting MC barostat change: Failed
| Attempting MC barostat change: Succeeded
| Attempting MC barostat change: Succeeded
| Attempting MC barostat change: Failed

 NSTEP =    35000   TIME(PS) =     470.000  TEMP(K) =   300.55  PRESS =     0.0
 Etot   =    -14419.8217  EKtot   =      3493.0288  EPtot      =    -17912.8505
 BOND   =        43.0924  ANGLE   =       141.1883  DIHED      =       250.1036
 1-4 NB =        65.8946  1-4 EEL =       875.8448  VDWAALS    =      2326.3857
 EELEC  =    -21629.5081  EHBOND  =         0.0000  RESTRAINT  =        14.1483
 EAMBER (non-restraint)  =    -17926.9988
 EKCMT  =         0.0000  VIRIAL  =         0.0000  VOLUME     =     57821.4140
                                                    Density    =         1.0061
 ------------------------------------------------------------------------------

| Attempting MC barostat change: Failed
| Attempting MC barostat change: Failed
| Attempting MC barostat change: Failed
| Attempting MC barostat change: Succeeded
| Attempting MC barostat change: Failed
| Attempting MC barostat change: Failed
| Attempting MC barostat change: Succeeded
| Attempting MC barostat change: Succeeded
| Attempting MC barostat change: Failed
| Attempting MC barostat change: Succeeded

 NSTEP =    36000   TIME(PS) =     472.000  TEMP(K) =   294.11  PRESS =     0.0
 Etot   =    -14619.1980  EKtot   =      3418.1909  EPtot      =    -18037.3889
 BOND   =        56.1811  ANGLE   =       165.3700  DIHED      =       247.7799
 1-4 NB =        68.6054  1-4 EEL =       872.3790  VDWAALS    =      2404.1942
 EELEC  =    -21866.2493  EHBOND  =         0.0000  RESTRAINT  =        14.3507
 EAMBER (non-restraint)  =    -18051.7396
 EKCMT  =         0.0000  VIRIAL  =         0.0000  VOLUME     =     57838.2778
                                                    Density    =         1.0058
 ------------------------------------------------------------------------------

| Attempting MC barostat change: Succeeded
| Attempting MC barostat change: Succeeded
| Attempting MC barostat change: Failed
| Attempting MC barostat change: Succeeded
| Attempting MC barostat change: Succeeded
| Attempting MC barostat change: Failed
| Attempting MC barostat change: Failed
| Attempting MC barostat change: Succeeded
| Attempting MC barostat change: Succeeded
| Attempting MC barostat change: Failed

 NSTEP =    37000   TIME(PS) =     474.000  TEMP(K) =   297.78  PRESS =     0.0
 Etot   =    -14553.7723  EKtot   =      3460.8381  EPtot      =    -18014.6104
 BOND   =        50.9972  ANGLE   =       172.3976  DIHED      =       261.3460
 1-4 NB =        65.7169  1-4 EEL =       865.6055  VDWAALS    =      2481.0572
 EELEC  =    -21930.0387  EHBOND  =         0.0000  RESTRAINT  =        18.3078
 EAMBER (non-restraint)  =    -18032.9182
 EKCMT  =         0.0000  VIRIAL  =         0.0000  VOLUME     =     57880.6529
                                                    Density    =         1.0050
 ------------------------------------------------------------------------------

| Attempting MC barostat change: Failed
| Attempting MC barostat change: Failed
| Attempting MC barostat change: Failed
| Attempting MC barostat change: Failed
| Attempting MC barostat change: Failed
| Attempting MC barostat change: Failed
| Attempting MC barostat change: Succeeded
| Attempting MC barostat change: Succeeded
| Attempting MC barostat change: Succeeded
| Attempting MC barostat change: Failed

 NSTEP =    38000   TIME(PS) =     476.000  TEMP(K) =   294.21  PRESS =     0.0
 Etot   =    -14622.1299  EKtot   =      3419.3872  EPtot      =    -18041.5171
 BOND   =        63.7864  ANGLE   =       134.1933  DIHED      =       260.6189
 1-4 NB =        65.2538  1-4 EEL =       854.8622  VDWAALS    =      2370.0836
 EELEC  =    -21801.8667  EHBOND  =         0.0000  RESTRAINT  =        11.5513
 EAMBER (non-restraint)  =    -18053.0684
 EKCMT  =         0.0000  VIRIAL  =         0.0000  VOLUME     =     57741.5812
                                                    Density    =         1.0074
 ------------------------------------------------------------------------------

| Attempting MC barostat change: Succeeded
| Attempting MC barostat change: Failed
| Attempting MC barostat change: Failed
| Attempting MC barostat change: Failed
| Attempting MC barostat change: Failed
| Attempting MC barostat change: Succeeded
| Attempting MC barostat change: Failed
| Attempting MC barostat change: Succeeded
| Attempting MC barostat change: Succeeded
| Attempting MC barostat change: Failed

 NSTEP =    39000   TIME(PS) =     478.000  TEMP(K) =   301.32  PRESS =     0.0
 Etot   =    -14493.8137  EKtot   =      3501.9409  EPtot      =    -17995.7546
 BOND   =        46.6608  ANGLE   =       156.6558  DIHED      =       250.4617
 1-4 NB =        69.0102  1-4 EEL =       856.1548  VDWAALS    =      2484.8702
 EELEC  =    -21873.1617  EHBOND  =         0.0000  RESTRAINT  =        13.5935
 EAMBER (non-restraint)  =    -18009.3481
 EKCMT  =         0.0000  VIRIAL  =         0.0000  VOLUME     =     58051.9938
                                                    Density    =         1.0021
 ------------------------------------------------------------------------------

| Attempting MC barostat change: Failed
| Attempting MC barostat change: Failed
| Attempting MC barostat change: Succeeded
| Attempting MC barostat change: Succeeded
| Attempting MC barostat change: Succeeded
| Attempting MC barostat change: Failed
| Attempting MC barostat change: Succeeded
| Attempting MC barostat change: Succeeded
| Attempting MC barostat change: Succeeded
| Attempting MC barostat change: Succeeded

 NSTEP =    40000   TIME(PS) =     480.000  TEMP(K) =   298.10  PRESS =     0.0
 Etot   =    -14395.9633  EKtot   =      3464.5420  EPtot      =    -17860.5053
 BOND   =        63.2409  ANGLE   =       174.4400  DIHED      =       249.7509
 1-4 NB =        70.8358  1-4 EEL =       863.7220  VDWAALS    =      2304.7891
 EELEC  =    -21599.3241  EHBOND  =         0.0000  RESTRAINT  =        12.0401
 EAMBER (non-restraint)  =    -17872.5454
 EKCMT  =         0.0000  VIRIAL  =         0.0000  VOLUME     =     59029.3089
                                                    Density    =         0.9855
 ------------------------------------------------------------------------------

| Attempting MC barostat change: Succeeded
| Attempting MC barostat change: Succeeded
| Attempting MC barostat change: Failed
| Attempting MC barostat change: Succeeded
| Attempting MC barostat change: Failed
| Attempting MC barostat change: Failed
| Attempting MC barostat change: Failed
| Attempting MC barostat change: Failed
| Attempting MC barostat change: Failed
| Attempting MC barostat change: Failed

 NSTEP =    41000   TIME(PS) =     482.000  TEMP(K) =   299.41  PRESS =     0.0
 Etot   =    -14336.4361  EKtot   =      3479.7529  EPtot      =    -17816.1891
 BOND   =        66.7922  ANGLE   =       153.6633  DIHED      =       253.4211
 1-4 NB =        63.2113  1-4 EEL =       846.3857  VDWAALS    =      2413.3493
 EELEC  =    -21629.0057  EHBOND  =         0.0000  RESTRAINT  =        15.9938
 EAMBER (non-restraint)  =    -17832.1829
 EKCMT  =         0.0000  VIRIAL  =         0.0000  VOLUME     =     58502.8348
                                                    Density    =         0.9943
 ------------------------------------------------------------------------------

| Attempting MC barostat change: Failed
| Attempting MC barostat change: Succeeded
| Attempting MC barostat change: Failed
| Attempting MC barostat change: Succeeded
| Attempting MC barostat change: Succeeded
| Attempting MC barostat change: Failed
| Attempting MC barostat change: Failed
| Attempting MC barostat change: Failed
| Attempting MC barostat change: Failed
| Attempting MC barostat change: Failed

 NSTEP =    42000   TIME(PS) =     484.000  TEMP(K) =   296.44  PRESS =     0.0
 Etot   =    -14501.8813  EKtot   =      3445.2893  EPtot      =    -17947.1706
 BOND   =        65.5485  ANGLE   =       140.8786  DIHED      =       243.4081
 1-4 NB =        65.9086  1-4 EEL =       864.8618  VDWAALS    =      2503.3911
 EELEC  =    -21843.8637  EHBOND  =         0.0000  RESTRAINT  =        12.6964
 EAMBER (non-restraint)  =    -17959.8670
 EKCMT  =         0.0000  VIRIAL  =         0.0000  VOLUME     =     57895.1508
                                                    Density    =         1.0048
 ------------------------------------------------------------------------------

| Attempting MC barostat change: Succeeded
| Attempting MC barostat change: Failed
| Attempting MC barostat change: Failed
| Attempting MC barostat change: Failed
| Attempting MC barostat change: Succeeded
| Attempting MC barostat change: Succeeded
| Attempting MC barostat change: Failed
| Attempting MC barostat change: Failed
| Attempting MC barostat change: Succeeded
| Attempting MC barostat change: Succeeded

 NSTEP =    43000   TIME(PS) =     486.000  TEMP(K) =   299.37  PRESS =     0.0
 Etot   =    -14516.6010  EKtot   =      3479.3247  EPtot      =    -17995.9257
 BOND   =        46.4288  ANGLE   =       144.0196  DIHED      =       250.1446
 1-4 NB =        68.8885  1-4 EEL =       881.7304  VDWAALS    =      2474.8220
 EELEC  =    -21876.0024  EHBOND  =         0.0000  RESTRAINT  =        14.0427
 EAMBER (non-restraint)  =    -18009.9685
 EKCMT  =         0.0000  VIRIAL  =         0.0000  VOLUME     =     58245.5756
                                                    Density    =         0.9987
 ------------------------------------------------------------------------------

| Attempting MC barostat change: Failed
| Attempting MC barostat change: Failed
| Attempting MC barostat change: Failed
| Attempting MC barostat change: Failed
| Attempting MC barostat change: Failed
| Attempting MC barostat change: Failed
| Attempting MC barostat change: Succeeded
| Attempting MC barostat change: Succeeded
| Attempting MC barostat change: Succeeded
| Attempting MC barostat change: Succeeded

 NSTEP =    44000   TIME(PS) =     488.000  TEMP(K) =   295.99  PRESS =     0.0
 Etot   =    -14377.9671  EKtot   =      3439.9858  EPtot      =    -17817.9529
 BOND   =        66.0725  ANGLE   =       179.6313  DIHED      =       258.9963
 1-4 NB =        64.0684  1-4 EEL =       843.3082  VDWAALS    =      2378.5427
 EELEC  =    -21623.2109  EHBOND  =         0.0000  RESTRAINT  =        14.6386
 EAMBER (non-restraint)  =    -17832.5915
 EKCMT  =         0.0000  VIRIAL  =         0.0000  VOLUME     =     57573.8607
                                                    Density    =         1.0104
 ------------------------------------------------------------------------------

| Attempting MC barostat change: Failed
| Attempting MC barostat change: Succeeded
| Attempting MC barostat change: Succeeded
| Attempting MC barostat change: Failed
| Attempting MC barostat change: Succeeded
| Attempting MC barostat change: Succeeded
| Attempting MC barostat change: Succeeded
| Attempting MC barostat change: Succeeded
| Attempting MC barostat change: Succeeded
| Attempting MC barostat change: Succeeded

 NSTEP =    45000   TIME(PS) =     490.000  TEMP(K) =   304.41  PRESS =     0.0
 Etot   =    -14438.2241  EKtot   =      3537.8345  EPtot      =    -17976.0586
 BOND   =        54.6247  ANGLE   =       160.4668  DIHED      =       256.2247
 1-4 NB =        70.0643  1-4 EEL =       863.7314  VDWAALS    =      2383.2563
 EELEC  =    -21781.4843  EHBOND  =         0.0000  RESTRAINT  =        17.0574
 EAMBER (non-restraint)  =    -17993.1160
 EKCMT  =         0.0000  VIRIAL  =         0.0000  VOLUME     =     57901.9210
                                                    Density    =         1.0047
 ------------------------------------------------------------------------------

| Attempting MC barostat change: Failed
| Attempting MC barostat change: Succeeded
| Attempting MC barostat change: Failed
| Attempting MC barostat change: Succeeded
| Attempting MC barostat change: Succeeded
| Attempting MC barostat change: Succeeded
| Attempting MC barostat change: Failed
| Attempting MC barostat change: Succeeded
| Attempting MC barostat change: Succeeded
| Attempting MC barostat change: Succeeded

 NSTEP =    46000   TIME(PS) =     492.000  TEMP(K) =   298.14  PRESS =     0.0
 Etot   =    -14509.8013  EKtot   =      3465.0112  EPtot      =    -17974.8125
 BOND   =        65.9028  ANGLE   =       164.1387  DIHED      =       246.2305
 1-4 NB =        67.3793  1-4 EEL =       848.9346  VDWAALS    =      2342.9248
 EELEC  =    -21723.3009  EHBOND  =         0.0000  RESTRAINT  =        12.9776
 EAMBER (non-restraint)  =    -17987.7902
 EKCMT  =         0.0000  VIRIAL  =         0.0000  VOLUME     =     58203.0336
                                                    Density    =         0.9995
 ------------------------------------------------------------------------------

| Attempting MC barostat change: Failed
| Attempting MC barostat change: Failed
| Attempting MC barostat change: Failed
| Attempting MC barostat change: Failed
| Attempting MC barostat change: Failed
| Attempting MC barostat change: Succeeded
| Attempting MC barostat change: Failed
| Attempting MC barostat change: Failed
| Attempting MC barostat change: Failed
| Attempting MC barostat change: Failed

 NSTEP =    47000   TIME(PS) =     494.000  TEMP(K) =   301.58  PRESS =     0.0
 Etot   =    -14437.8831  EKtot   =      3504.9792  EPtot      =    -17942.8623
 BOND   =        54.0217  ANGLE   =       156.8265  DIHED      =       262.3098
 1-4 NB =        66.7551  1-4 EEL =       863.8725  VDWAALS    =      2428.3325
 EELEC  =    -21784.9316  EHBOND  =         0.0000  RESTRAINT  =         9.9512
 EAMBER (non-restraint)  =    -17952.8136
 EKCMT  =         0.0000  VIRIAL  =         0.0000  VOLUME     =     57967.0714
                                                    Density    =         1.0035
 ------------------------------------------------------------------------------

| Attempting MC barostat change: Succeeded
| Attempting MC barostat change: Succeeded
| Attempting MC barostat change: Failed
| Attempting MC barostat change: Succeeded
| Attempting MC barostat change: Failed
| Attempting MC barostat change: Succeeded
| Attempting MC barostat change: Succeeded
| Attempting MC barostat change: Failed
| Attempting MC barostat change: Failed
| Attempting MC barostat change: Failed

 NSTEP =    48000   TIME(PS) =     496.000  TEMP(K) =   297.15  PRESS =     0.0
 Etot   =    -14480.5211  EKtot   =      3453.4929  EPtot      =    -17934.0140
 BOND   =        56.2642  ANGLE   =       166.6720  DIHED      =       252.9811
 1-4 NB =        69.1867  1-4 EEL =       857.7155  VDWAALS    =      2351.9983
 EELEC  =    -21701.5694  EHBOND  =         0.0000  RESTRAINT  =        12.7376
 EAMBER (non-restraint)  =    -17946.7516
 EKCMT  =         0.0000  VIRIAL  =         0.0000  VOLUME     =     58175.5545
                                                    Density    =         0.9999
 ------------------------------------------------------------------------------

| Attempting MC barostat change: Failed
| Attempting MC barostat change: Failed
| Attempting MC barostat change: Failed
| Attempting MC barostat change: Succeeded
| Attempting MC barostat change: Succeeded
| Attempting MC barostat change: Failed
| Attempting MC barostat change: Failed
| Attempting MC barostat change: Succeeded
| Attempting MC barostat change: Succeeded
| Attempting MC barostat change: Failed

 NSTEP =    49000   TIME(PS) =     498.000  TEMP(K) =   304.28  PRESS =     0.0
 Etot   =    -14534.9286  EKtot   =      3536.3718  EPtot      =    -18071.3004
 BOND   =        58.1648  ANGLE   =       162.3121  DIHED      =       260.4020
 1-4 NB =        68.7523  1-4 EEL =       875.8884  VDWAALS    =      2491.1616
 EELEC  =    -21998.4346  EHBOND  =         0.0000  RESTRAINT  =        10.4529
 EAMBER (non-restraint)  =    -18081.7534
 EKCMT  =         0.0000  VIRIAL  =         0.0000  VOLUME     =     58187.1064
                                                    Density    =         0.9997
 ------------------------------------------------------------------------------

| Attempting MC barostat change: Succeeded
| Attempting MC barostat change: Failed
| Attempting MC barostat change: Failed
| Attempting MC barostat change: Failed
| Attempting MC barostat change: Failed
| Attempting MC barostat change: Failed
| Attempting MC barostat change: Succeeded
| Attempting MC barostat change: Succeeded
| Attempting MC barostat change: Succeeded
| Attempting MC barostat change: Failed

 NSTEP =    50000   TIME(PS) =     500.000  TEMP(K) =   298.44  PRESS =     0.0
 Etot   =    -14538.5732  EKtot   =      3468.4578  EPtot      =    -18007.0310
 BOND   =        57.3898  ANGLE   =       179.0502  DIHED      =       252.6461
 1-4 NB =        68.4581  1-4 EEL =       862.7934  VDWAALS    =      2438.0010
 EELEC  =    -21874.1959  EHBOND  =         0.0000  RESTRAINT  =         8.8264
 EAMBER (non-restraint)  =    -18015.8573
 EKCMT  =         0.0000  VIRIAL  =         0.0000  VOLUME     =     58291.2602
                                                    Density    =         0.9979
 ------------------------------------------------------------------------------


      A V E R A G E S   O V E R      50 S T E P S


 NSTEP =    50000   TIME(PS) =     500.000  TEMP(K) =   298.95  PRESS =     0.0
 Etot   =    -14500.6525  EKtot   =      3474.4570  EPtot      =    -17975.1095
 BOND   =        57.8855  ANGLE   =       159.0070  DIHED      =       252.5341
 1-4 NB =        67.6714  1-4 EEL =       861.8388  VDWAALS    =      2428.7923
 EELEC  =    -21816.8638  EHBOND  =         0.0000  RESTRAINT  =        14.0251
 EAMBER (non-restraint)  =    -17989.1346
 EKCMT  =         0.0000  VIRIAL  =         0.0000  VOLUME     =     57937.9237
                                                    Density    =         1.0041
 ------------------------------------------------------------------------------


      R M S  F L U C T U A T I O N S


 NSTEP =    50000   TIME(PS) =     500.000  TEMP(K) =     3.49  PRESS =     0.0
 Etot   =        91.0505  EKtot   =        40.6143  EPtot      =        75.1744
 BOND   =         6.6817  ANGLE   =        11.9318  DIHED      =         4.8069
 1-4 NB =         3.8916  1-4 EEL =         8.6847  VDWAALS    =        69.7843
 EELEC  =       118.8302  EHBOND  =         0.0000  RESTRAINT  =         2.4776
 EAMBER (non-restraint)  =        72.6968
 EKCMT  =         0.0000  VIRIAL  =         0.0000  VOLUME     =       426.2718
                                                    Density    =         0.0074
 ------------------------------------------------------------------------------

| MC Barostat:        500 volume changes attempted.
| MC Barostat:        203 changes successful ( 40.60%)
 ------------------------------------------------------------------------------

--------------------------------------------------------------------------------
   5.  TIMINGS
--------------------------------------------------------------------------------

|  NonSetup CPU Time in Major Routines:
|
|     Routine           Sec        %
|     ------------------------------
|     Nonbond           6.20   27.78
|     Bond              0.00    0.00
|     Angle             0.00    0.00
|     Dihedral          0.00    0.00
|     Shake             0.45    2.04
|     RunMD            15.44   69.24
|     Other             0.21    0.95
|     ------------------------------
|     Total            22.30

|  PME Nonbond Pairlist CPU Time:
|
|     Routine              Sec        %
|     ---------------------------------
|     Set Up Cit           0.00    0.00
|     Build List           0.00    0.00
|     ---------------------------------
|     Total                0.00    0.00

|  PME Direct Force CPU Time:
|
|     Routine              Sec        %
|     ---------------------------------
|     NonBonded Calc       0.00    0.00
|     Exclude Masked       0.00    0.00
|     Other                0.03    0.15
|     ---------------------------------
|     Total                0.03    0.15

|  PME Reciprocal Force CPU Time:
|
|     Routine              Sec        %
|     ---------------------------------
|     1D bspline           0.00    0.00
|     Grid Charges         0.00    0.00
|     Scalar Sum           0.00    0.00
|     Gradient Sum         0.00    0.00
|     FFT                  0.00    0.00
|     ---------------------------------
|     Total                0.00    0.00

|  Final Performance Info:
|     -----------------------------------------------------
|     Average timings for last   49000 steps:
|         Elapsed(s) =      21.82 Per Step(ms) =       0.45
|             ns/day =     388.11   seconds/ns =     222.62
|
|     Average timings for all steps:
|         Elapsed(s) =      22.30 Per Step(ms) =       0.45
|             ns/day =     387.42   seconds/ns =     223.02
|     -----------------------------------------------------

|  Setup CPU time:            1.57 seconds
|  NonSetup CPU time:        22.30 seconds
|  Total CPU time:           23.87 seconds     0.01 hours

|  Setup wall time:           1    seconds
|  NonSetup wall time:       23    seconds
|  Total wall time:          24    seconds     0.01 hours
