log started: Tue May 31 13:41:03 2016

Log file: ./leap.log
>> #
>> # ----- leaprc for loading the ff14SB force field
>> # ----- NOTE: this is designed for PDB format 3!
>> #    Uses frcmod.ff14SB for proteins; ff99bsc0 for DNA; ff99bsc0_chiOL3 for RNA
>> #
>> #	load atom type hybridizations
>> #
>> addAtomTypes {
>> 	{ "H"   "H" "sp3" }
>> 	{ "HO"  "H" "sp3" }
>> 	{ "HS"  "H" "sp3" }
>> 	{ "H1"  "H" "sp3" }
>> 	{ "H2"  "H" "sp3" }
>> 	{ "H3"  "H" "sp3" }
>> 	{ "H4"  "H" "sp3" }
>> 	{ "H5"  "H" "sp3" }
>> 	{ "HW"  "H" "sp3" }
>> 	{ "HC"  "H" "sp3" }
>> 	{ "HA"  "H" "sp3" }
>> 	{ "HP"  "H" "sp3" }
>> 	{ "HZ"  "H" "sp3" }
>> 	{ "OH"  "O" "sp3" }
>> 	{ "OS"  "O" "sp3" }
>> 	{ "O"   "O" "sp2" }
>> 	{ "O2"  "O" "sp2" }
>> 	{ "OP"  "O" "sp2" }
>> 	{ "OW"  "O" "sp3" }
>> 	{ "CT"  "C" "sp3" }
>> 	{ "CX"  "C" "sp3" }
>> 	{ "C8"  "C" "sp3" }
>> 	{ "2C"  "C" "sp3" }
>> 	{ "3C"  "C" "sp3" }
>> 	{ "CH"  "C" "sp3" }
>> 	{ "CS"  "C" "sp2" }
>> 	{ "C"   "C" "sp2" }
>> 	{ "CO"   "C" "sp2" }
>> 	{ "C*"  "C" "sp2" }
>> 	{ "CA"  "C" "sp2" }
>> 	{ "CB"  "C" "sp2" }
>> 	{ "CC"  "C" "sp2" }
>> 	{ "CN"  "C" "sp2" }
>> 	{ "CM"  "C" "sp2" }
>> 	{ "CK"  "C" "sp2" }
>> 	{ "CQ"  "C" "sp2" }
>> 	{ "CD"  "C" "sp2" }
>> 	{ "C5"  "C" "sp2" }
>> 	{ "C4"  "C" "sp2" }
>> 	{ "CP"  "C" "sp2" }
>> 	{ "CI"  "C" "sp3" }
>> 	{ "CJ"  "C" "sp2" }
>> 	{ "CW"  "C" "sp2" }
>> 	{ "CV"  "C" "sp2" }
>> 	{ "CR"  "C" "sp2" }
>> 	{ "CA"  "C" "sp2" }
>> 	{ "CY"  "C" "sp2" }
>> 	{ "C0"  "Ca" "sp3" }
>> 	{ "MG"  "Mg" "sp3" }
>> 	{ "N"   "N" "sp2" }
>> 	{ "NA"  "N" "sp2" }
>> 	{ "N2"  "N" "sp2" }
>> 	{ "N*"  "N" "sp2" }
>> 	{ "NP"  "N" "sp2" }
>> 	{ "NQ"  "N" "sp2" }
>> 	{ "NB"  "N" "sp2" }
>> 	{ "NC"  "N" "sp2" }
>> 	{ "NT"  "N" "sp3" }
>> 	{ "NY"  "N" "sp2" }
>> 	{ "N3"  "N" "sp3" }
>> 	{ "S"   "S" "sp3" }
>> 	{ "SH"  "S" "sp3" }
>> 	{ "P"   "P" "sp3" }
>> 	{ "LP"  ""  "sp3" }
>> 	{ "EP"  ""  "sp3" }
>> 	{ "F"   "F" "sp3" }
>> 	{ "Cl"  "Cl" "sp3" }
>> 	{ "Br"  "Br" "sp3" }
>> 	{ "I"   "I"  "sp3" }
>> 	{ "F-"   "F" "sp3" }
>> 	{ "Cl-"  "Cl" "sp3" }
>> 	{ "Br-"  "Br" "sp3" }
>> 	{ "I-"   "I"  "sp3" }
>> 	{ "Li+"  "Li"  "sp3" }
>> 	{ "Na+"  "Na"  "sp3" }
>> 	{ "K+"  "K"  "sp3" }
>> 	{ "Rb+"  "Rb"  "sp3" }
>> 	{ "Cs+"  "Cs"  "sp3" }
>> 	{ "Mg+"  "Mg"  "sp3" }
>> # glycam
>> 	{ "OG"  "O" "sp3" }
>> 	{ "OL"  "O" "sp3" }
>> 	{ "AC"  "C" "sp3" }
>> 	{ "EC"  "C" "sp3" }
>> }
>> #
>> #	Load the main parameter set.
>> #
>> parm10 = loadamberparams parm10.dat
Loading parameters: /mnt/lustre_fs/users/mjmcc/apps/amber14/dat/leap/parm/parm10.dat
Reading title:
PARM99 + frcmod.ff99SB + frcmod.parmbsc0 + OL3 for RNA
(UNKNOWN ATOM TYPE: Zn)
(UNKNOWN ATOM TYPE: EP)
>> frcmod14SB = loadamberparams frcmod.ff14SB
Loading parameters: /mnt/lustre_fs/users/mjmcc/apps/amber14/dat/leap/parm/frcmod.ff14SB
Reading force field modification type file (frcmod)
Reading title:
ff14SB protein backbone and sidechain parameters
>> #
>> #	Load main chain and terminating amino acid libraries, nucleic acids
>> #
>> loadOff amino12.lib
Loading library: /mnt/lustre_fs/users/mjmcc/apps/amber14/dat/leap/lib/amino12.lib
Loading: ALA
Loading: ARG
Loading: ASH
Loading: ASN
Loading: ASP
Loading: CYM
Loading: CYS
Loading: CYX
Loading: GLH
Loading: GLN
Loading: GLU
Loading: GLY
Loading: HID
Loading: HIE
Loading: HIP
Loading: HYP
Loading: ILE
Loading: LEU
Loading: LYN
Loading: LYS
Loading: MET
Loading: PHE
Loading: PRO
Loading: SER
Loading: THR
Loading: TRP
Loading: TYR
Loading: VAL
>> loadOff aminoct12.lib
Loading library: /mnt/lustre_fs/users/mjmcc/apps/amber14/dat/leap/lib/aminoct12.lib
Loading: CALA
Loading: CARG
Loading: CASN
Loading: CASP
Loading: CCYS
Loading: CCYX
Loading: CGLN
Loading: CGLU
Loading: CGLY
Loading: CHID
Loading: CHIE
Loading: CHIP
Loading: CHYP
Loading: CILE
Loading: CLEU
Loading: CLYS
Loading: CMET
Loading: CPHE
Loading: CPRO
Loading: CSER
Loading: CTHR
Loading: CTRP
Loading: CTYR
Loading: CVAL
Loading: NHE
Loading: NME
>> loadOff aminont12.lib
Loading library: /mnt/lustre_fs/users/mjmcc/apps/amber14/dat/leap/lib/aminont12.lib
Loading: ACE
Loading: NALA
Loading: NARG
Loading: NASN
Loading: NASP
Loading: NCYS
Loading: NCYX
Loading: NGLN
Loading: NGLU
Loading: NGLY
Loading: NHID
Loading: NHIE
Loading: NHIP
Loading: NILE
Loading: NLEU
Loading: NLYS
Loading: NMET
Loading: NPHE
Loading: NPRO
Loading: NSER
Loading: NTHR
Loading: NTRP
Loading: NTYR
Loading: NVAL
>> loadOff nucleic12.lib
Loading library: /mnt/lustre_fs/users/mjmcc/apps/amber14/dat/leap/lib/nucleic12.lib
Loading: A
Loading: A3
Loading: A5
Loading: AN
Loading: C
Loading: C3
Loading: C5
Loading: CN
Loading: DA
Loading: DA3
Loading: DA5
Loading: DAN
Loading: DC
Loading: DC3
Loading: DC5
Loading: DCN
Loading: DG
Loading: DG3
Loading: DG5
Loading: DGN
Loading: DT
Loading: DT3
Loading: DT5
Loading: DTN
Loading: G
Loading: G3
Loading: G5
Loading: GN
Loading: OHE
Loading: U
Loading: U3
Loading: U5
Loading: UN
>> #
>> #       Load water and ions
>> # 
>> loadOff atomic_ions.lib
Loading library: /mnt/lustre_fs/users/mjmcc/apps/amber14/dat/leap/lib/atomic_ions.lib
Loading: AG
Loading: AL
Loading: Ag
Loading: BA
Loading: BR
Loading: Be
Loading: CA
Loading: CD
Loading: CE
Loading: CL
Loading: CO
Loading: CR
Loading: CS
Loading: CU
Loading: CU1
Loading: Ce
Loading: Cl-
Loading: Cr
Loading: Dy
Loading: EU
Loading: EU3
Loading: Er
Loading: F
Loading: FE
Loading: FE2
Loading: GD3
Loading: H3O+
Loading: HE+
Loading: HG
Loading: HZ+
Loading: Hf
Loading: IN
Loading: IOD
Loading: K
Loading: K+
Loading: LA
Loading: LI
Loading: LU
Loading: MG
Loading: MN
Loading: NA
Loading: NH4
Loading: NI
Loading: Na+
Loading: Nd
Loading: PB
Loading: PD
Loading: PR
Loading: PT
Loading: Pu
Loading: RB
Loading: Ra
Loading: SM
Loading: SR
Loading: Sm
Loading: Sn
Loading: TB
Loading: TL
Loading: Th
Loading: Tl
Loading: Tm
Loading: U4+
Loading: V2+
Loading: Y
Loading: YB2
Loading: ZN
Loading: Zr
>> loadOff solvents.lib
Loading library: /mnt/lustre_fs/users/mjmcc/apps/amber14/dat/leap/lib/solvents.lib
Loading: CHCL3BOX
Loading: DC4
Loading: MEOHBOX
Loading: NMABOX
Loading: OPC
Loading: OPCBOX
Loading: PL3
Loading: POL3BOX
Loading: QSPCFWBOX
Loading: SPC
Loading: SPCBOX
Loading: SPCFWBOX
Loading: SPF
Loading: SPG
Loading: T4E
Loading: TIP3PBOX
Loading: TIP3PFBOX
Loading: TIP4PBOX
Loading: TIP4PEWBOX
Loading: TIP5PBOX
Loading: TP3
Loading: TP4
Loading: TP5
Loading: TPF
>> HOH = TP3
>> WAT = TP3
>> 
>> #
>> #	Define the PDB name map for the amino acids and nucleic acids
>> #
>> addPdbResMap {
>>   { 0 "HYP" "NHYP" } { 1 "HYP" "CHYP" }
>>   { 0 "ALA" "NALA" } { 1 "ALA" "CALA" }
>>   { 0 "ARG" "NARG" } { 1 "ARG" "CARG" }
>>   { 0 "ASN" "NASN" } { 1 "ASN" "CASN" }
>>   { 0 "ASP" "NASP" } { 1 "ASP" "CASP" }
>>   { 0 "CYS" "NCYS" } { 1 "CYS" "CCYS" }
>>   { 0 "CYX" "NCYX" } { 1 "CYX" "CCYX" }
>>   { 0 "GLN" "NGLN" } { 1 "GLN" "CGLN" }
>>   { 0 "GLU" "NGLU" } { 1 "GLU" "CGLU" }
>>   { 0 "GLY" "NGLY" } { 1 "GLY" "CGLY" }
>>   { 0 "HID" "NHID" } { 1 "HID" "CHID" }
>>   { 0 "HIE" "NHIE" } { 1 "HIE" "CHIE" }
>>   { 0 "HIP" "NHIP" } { 1 "HIP" "CHIP" }
>>   { 0 "ILE" "NILE" } { 1 "ILE" "CILE" }
>>   { 0 "LEU" "NLEU" } { 1 "LEU" "CLEU" }
>>   { 0 "LYS" "NLYS" } { 1 "LYS" "CLYS" }
>>   { 0 "MET" "NMET" } { 1 "MET" "CMET" }
>>   { 0 "PHE" "NPHE" } { 1 "PHE" "CPHE" }
>>   { 0 "PRO" "NPRO" } { 1 "PRO" "CPRO" }
>>   { 0 "SER" "NSER" } { 1 "SER" "CSER" }
>>   { 0 "THR" "NTHR" } { 1 "THR" "CTHR" }
>>   { 0 "TRP" "NTRP" } { 1 "TRP" "CTRP" }
>>   { 0 "TYR" "NTYR" } { 1 "TYR" "CTYR" }
>>   { 0 "VAL" "NVAL" } { 1 "VAL" "CVAL" }
>>   { 0 "HIS" "NHIS" } { 1 "HIS" "CHIS" }
>>   { 0 "G" "G5"  } { 1 "G" "G3"  } 
>>   { 0 "A" "A5"  } { 1 "A" "A3"  } 
>>   { 0 "C" "C5"  } { 1 "C" "C3"  } 
>>   { 0 "U" "U5"  } { 1 "U" "U3"  } 
>>   { 0 "DG" "DG5"  } { 1 "DG" "DG3"  }  
>>   { 0 "DA" "DA5"  } { 1 "DA" "DA3"  }  
>>   { 0 "DC" "DC5"  } { 1 "DC" "DC3"  }  
>>   { 0 "DT" "DT5"  } { 1 "DT" "DT3"  }  
>> #  some old Amber residue names for RNA:
>>   { 0  "RA5" "A5" } { 1 "RA3" "A3"} {"RA" "A" }
>>   { 0  "RC5" "C5" } { 1 "RC3" "C3"} {"RC" "C" }
>>   { 0  "RG5" "G5" } { 1 "RG3" "G3"} {"RG" "G" }
>>   { 0  "RU5" "U5" } { 1 "RU3" "U3"} {"RU" "U" }
>> #  some really old Amber residue names, assuming DNA:
>>   { 0 "GUA" "DG5"  } { 1 "GUA" "DG3"  } { "GUA" "DG" }
>>   { 0 "ADE" "DA5"  } { 1 "ADE" "DA3"  } { "ADE" "DA" }
>>   { 0 "CYT" "DC5"  } { 1 "CYT" "DC3"  } { "CYT" "DC" }
>>   { 0 "THY" "DT5"  } { 1 "THY" "DT3"  } { "THY" "DT" }
>> #  uncomment out the following if you have this old style RNA files:
>> # { 0 "GUA" "G5"  } { 1 "GUA" "G3"  } { "GUA" "G" }
>> # { 0 "ADE" "A5"  } { 1 "ADE" "A3"  } { "ADE" "A" }
>> # { 0 "CYT" "C5"  } { 1 "CYT" "C3"  } { "CYT" "C" }
>> # { 0 "URA" "R5"  } { 1 "URA" "R3"  } { "URA" "R" }
>> 
>> }
>> 
>> #  try to be good about reading in really old atom names as well:
>> addPdbAtomMap {
>>   { "O5*" "O5'" }
>>   { "C5*" "C5'" }
>>   { "C4*" "C4'" }
>>   { "O4*" "O4'" }
>>   { "C3*" "C3'" }
>>   { "O3*" "O3'" }
>>   { "C2*" "C2'" }
>>   { "O2*" "O2'" }
>>   { "C1*" "C1'" }
>>   { "C5M" "C7"  }
>>   { "H1*" "H1'" }
>>   { "H2*1" "H2'" }
>>   { "H2*2" "H2''" }
>>   { "H2'1" "H2'" }
>>   { "H2'2" "H2''" }
>>   { "H3*" "H3'" }
>>   { "H4*" "H4'" }
>>   { "H5*1" "H5'" }
>>   { "H5*2" "H5''" }
>>   { "H5'1" "H5'" }
>>   { "H5'2" "H5''" }
>>   { "HO'2" "HO2'" }
>>   { "H5T"  "HO5'" }
>>   { "H3T"  "HO3'" }
>>   { "O1'" "O4'" }
>>   { "OA"  "OP1" }
>>   { "OB"  "OP2" }
>>   { "O1P" "OP1" }
>>   { "O2P" "OP2" }
>> }
>> 
>> #
>> # assume that most often proteins use HIE
>> #
>> NHIS = NHIE
>> HIS = HIE
>> CHIS = CHIE
> 
> loadAmberParams frcmod.ionsjc_tip3p
Loading parameters: /mnt/lustre_fs/users/mjmcc/apps/amber14/dat/leap/parm/frcmod.ionsjc_tip3p
Reading force field modification type file (frcmod)
Reading title:
Monovalent ion parameters for Ewald and TIP3P water from Joung & Cheatham JPCB (2008)
> 
> # Load the PDBs
> u1 = loadpdb 4wei.final.pdb
Loading PDB file: ./4wei.final.pdb
Enter zPdbReadScan from call depth  0.
Exit  zPdbReadScan from call depth  0.
Matching PDB residue names to LEaP variables.
Mapped residue ARG, term: Terminal/beginning, seq. number: 0 to: NARG.
(Residue 1: GLN, Nonterminal, was not found in name map.)
(Residue 2: LYS, Nonterminal, was not found in name map.)
(Residue 3: TRP, Nonterminal, was not found in name map.)
(Residue 4: GLU, Nonterminal, was not found in name map.)
(Residue 5: TRP, Nonterminal, was not found in name map.)
(Residue 6: LYS, Nonterminal, was not found in name map.)
(Residue 7: VAL, Nonterminal, was not found in name map.)
(Residue 8: GLY, Nonterminal, was not found in name map.)
(Residue 9: THR, Nonterminal, was not found in name map.)
(Residue 10: GLY, Nonterminal, was not found in name map.)
(Residue 11: LEU, Nonterminal, was not found in name map.)
(Residue 12: ASN, Nonterminal, was not found in name map.)
(Residue 13: GLY, Nonterminal, was not found in name map.)
(Residue 14: PHE, Nonterminal, was not found in name map.)
(Residue 15: GLY, Nonterminal, was not found in name map.)
(Residue 16: SER, Nonterminal, was not found in name map.)
(Residue 17: VAL, Nonterminal, was not found in name map.)
(Residue 18: LEU, Nonterminal, was not found in name map.)
(Residue 19: ASN, Nonterminal, was not found in name map.)
(Residue 20: ASP, Nonterminal, was not found in name map.)
(Residue 21: LEU, Nonterminal, was not found in name map.)
(Residue 22: THR, Nonterminal, was not found in name map.)
(Residue 23: ASN, Nonterminal, was not found in name map.)
(Residue 24: GLY, Nonterminal, was not found in name map.)
(Residue 25: GLY, Nonterminal, was not found in name map.)
(Residue 26: THR, Nonterminal, was not found in name map.)
(Residue 27: LYS, Nonterminal, was not found in name map.)
(Residue 28: LEU, Nonterminal, was not found in name map.)
(Residue 29: THR, Nonterminal, was not found in name map.)
(Residue 30: ILE, Nonterminal, was not found in name map.)
(Residue 31: THR, Nonterminal, was not found in name map.)
(Residue 32: VAL, Nonterminal, was not found in name map.)
(Residue 33: THR, Nonterminal, was not found in name map.)
(Residue 34: GLY, Nonterminal, was not found in name map.)
(Residue 35: ASN, Nonterminal, was not found in name map.)
(Residue 36: LYS, Nonterminal, was not found in name map.)
(Residue 37: PRO, Nonterminal, was not found in name map.)
(Residue 38: ILE, Nonterminal, was not found in name map.)
(Residue 39: LEU, Nonterminal, was not found in name map.)
(Residue 40: LEU, Nonterminal, was not found in name map.)
(Residue 41: GLY, Nonterminal, was not found in name map.)
(Residue 42: ARG, Nonterminal, was not found in name map.)
(Residue 43: THR, Nonterminal, was not found in name map.)
(Residue 44: LYS, Nonterminal, was not found in name map.)
(Residue 45: GLU, Nonterminal, was not found in name map.)
(Residue 46: ALA, Nonterminal, was not found in name map.)
(Residue 47: PHE, Nonterminal, was not found in name map.)
(Residue 48: ALA, Nonterminal, was not found in name map.)
(Residue 49: THR, Nonterminal, was not found in name map.)
(Residue 50: PRO, Nonterminal, was not found in name map.)
(Residue 51: VAL, Nonterminal, was not found in name map.)
(Residue 52: THR, Nonterminal, was not found in name map.)
(Residue 53: SER, Nonterminal, was not found in name map.)
(Residue 54: GLY, Nonterminal, was not found in name map.)
(Residue 55: VAL, Nonterminal, was not found in name map.)
(Residue 56: ASP, Nonterminal, was not found in name map.)
(Residue 57: GLY, Nonterminal, was not found in name map.)
(Residue 58: ILE, Nonterminal, was not found in name map.)
(Residue 59: PRO, Nonterminal, was not found in name map.)
(Residue 60: HIS, Nonterminal, was not found in name map.)
(Residue 61: ILE, Nonterminal, was not found in name map.)
(Residue 62: ALA, Nonterminal, was not found in name map.)
(Residue 63: PHE, Nonterminal, was not found in name map.)
(Residue 64: THR, Nonterminal, was not found in name map.)
(Residue 65: ASP, Nonterminal, was not found in name map.)
(Residue 66: TYR, Nonterminal, was not found in name map.)
(Residue 67: GLU, Nonterminal, was not found in name map.)
(Residue 68: GLY, Nonterminal, was not found in name map.)
(Residue 69: ALA, Nonterminal, was not found in name map.)
(Residue 70: SER, Nonterminal, was not found in name map.)
(Residue 71: VAL, Nonterminal, was not found in name map.)
(Residue 72: GLU, Nonterminal, was not found in name map.)
(Residue 73: LEU, Nonterminal, was not found in name map.)
(Residue 74: ARG, Nonterminal, was not found in name map.)
(Residue 75: ASN, Nonterminal, was not found in name map.)
(Residue 76: PRO, Nonterminal, was not found in name map.)
(Residue 77: ASP, Nonterminal, was not found in name map.)
(Residue 78: GLY, Nonterminal, was not found in name map.)
(Residue 79: GLU, Nonterminal, was not found in name map.)
(Residue 80: THR, Nonterminal, was not found in name map.)
(Residue 81: GLU, Nonterminal, was not found in name map.)
(Residue 82: LYS, Nonterminal, was not found in name map.)
(Residue 83: GLY, Nonterminal, was not found in name map.)
(Residue 84: LEU, Nonterminal, was not found in name map.)
(Residue 85: ALA, Nonterminal, was not found in name map.)
(Residue 86: TYR, Nonterminal, was not found in name map.)
(Residue 87: PHE, Nonterminal, was not found in name map.)
(Residue 88: VAL, Nonterminal, was not found in name map.)
(Residue 89: LEU, Nonterminal, was not found in name map.)
(Residue 90: PRO, Nonterminal, was not found in name map.)
(Residue 91: MET, Nonterminal, was not found in name map.)
(Residue 92: LYS, Nonterminal, was not found in name map.)
(Residue 93: ASN, Nonterminal, was not found in name map.)
(Residue 94: ALA, Nonterminal, was not found in name map.)
(Residue 95: GLU, Nonterminal, was not found in name map.)
(Residue 96: GLY, Nonterminal, was not found in name map.)
(Residue 97: THR, Nonterminal, was not found in name map.)
(Residue 98: LYS, Nonterminal, was not found in name map.)
(Residue 99: VAL, Nonterminal, was not found in name map.)
(Residue 100: GLY, Nonterminal, was not found in name map.)
(Residue 101: SER, Nonterminal, was not found in name map.)
(Residue 102: VAL, Nonterminal, was not found in name map.)
(Residue 103: LYS, Nonterminal, was not found in name map.)
(Residue 104: VAL, Nonterminal, was not found in name map.)
(Residue 105: ASN, Nonterminal, was not found in name map.)
(Residue 106: ALA, Nonterminal, was not found in name map.)
(Residue 107: SER, Nonterminal, was not found in name map.)
(Residue 108: TYR, Nonterminal, was not found in name map.)
(Residue 109: ALA, Nonterminal, was not found in name map.)
(Residue 110: GLY, Nonterminal, was not found in name map.)
(Residue 111: ALA, Nonterminal, was not found in name map.)
(Residue 112: LEU, Nonterminal, was not found in name map.)
(Residue 113: GLY, Nonterminal, was not found in name map.)
(Residue 114: ARG, Nonterminal, was not found in name map.)
(Residue 115: GLY, Nonterminal, was not found in name map.)
(Residue 116: GLY, Nonterminal, was not found in name map.)
(Residue 117: VAL, Nonterminal, was not found in name map.)
(Residue 118: THR, Nonterminal, was not found in name map.)
(Residue 119: SER, Nonterminal, was not found in name map.)
(Residue 120: ALA, Nonterminal, was not found in name map.)
(Residue 121: ASP, Nonterminal, was not found in name map.)
(Residue 122: GLY, Nonterminal, was not found in name map.)
(Residue 123: GLU, Nonterminal, was not found in name map.)
(Residue 124: LEU, Nonterminal, was not found in name map.)
(Residue 125: MET, Nonterminal, was not found in name map.)
(Residue 126: SER, Nonterminal, was not found in name map.)
(Residue 127: LEU, Nonterminal, was not found in name map.)
(Residue 128: PHE, Nonterminal, was not found in name map.)
(Residue 129: ALA, Nonterminal, was not found in name map.)
(Residue 130: GLU, Nonterminal, was not found in name map.)
(Residue 131: GLY, Nonterminal, was not found in name map.)
(Residue 132: SER, Nonterminal, was not found in name map.)
(Residue 133: HIS, Nonterminal, was not found in name map.)
(Residue 134: ALA, Nonterminal, was not found in name map.)
(Residue 135: ILE, Nonterminal, was not found in name map.)
(Residue 136: PHE, Nonterminal, was not found in name map.)
(Residue 137: TYR, Nonterminal, was not found in name map.)
(Residue 138: GLY, Nonterminal, was not found in name map.)
(Residue 139: GLY, Nonterminal, was not found in name map.)
(Residue 140: LEU, Nonterminal, was not found in name map.)
(Residue 141: PRO, Nonterminal, was not found in name map.)
(Residue 142: THR, Nonterminal, was not found in name map.)
(Residue 143: ASN, Nonterminal, was not found in name map.)
(Residue 144: VAL, Nonterminal, was not found in name map.)
(Residue 145: LYS, Nonterminal, was not found in name map.)
(Residue 146: ASN, Nonterminal, was not found in name map.)
(Residue 147: SER, Nonterminal, was not found in name map.)
(Residue 148: GLU, Nonterminal, was not found in name map.)
(Residue 149: LEU, Nonterminal, was not found in name map.)
(Residue 150: LYS, Nonterminal, was not found in name map.)
(Residue 151: GLY, Nonterminal, was not found in name map.)
(Residue 152: GLY, Nonterminal, was not found in name map.)
(Residue 153: SER, Nonterminal, was not found in name map.)
(Residue 154: ALA, Nonterminal, was not found in name map.)
(Residue 155: ALA, Nonterminal, was not found in name map.)
(Residue 156: ALA, Nonterminal, was not found in name map.)
(Residue 157: ALA, Nonterminal, was not found in name map.)
(Residue 158: ARG, Nonterminal, was not found in name map.)
(Residue 159: THR, Nonterminal, was not found in name map.)
(Residue 160: GLU, Nonterminal, was not found in name map.)
(Residue 161: LEU, Nonterminal, was not found in name map.)
(Residue 162: PHE, Nonterminal, was not found in name map.)
(Residue 163: GLY, Nonterminal, was not found in name map.)
(Residue 164: SER, Nonterminal, was not found in name map.)
(Residue 165: LEU, Nonterminal, was not found in name map.)
(Residue 166: SER, Nonterminal, was not found in name map.)
(Residue 167: LYS, Nonterminal, was not found in name map.)
(Residue 168: ASN, Nonterminal, was not found in name map.)
(Residue 169: ASP, Nonterminal, was not found in name map.)
(Residue 170: ILE, Nonterminal, was not found in name map.)
(Residue 171: LEU, Nonterminal, was not found in name map.)
(Residue 172: GLY, Nonterminal, was not found in name map.)
(Residue 173: GLN, Nonterminal, was not found in name map.)
(Residue 174: ILE, Nonterminal, was not found in name map.)
(Residue 175: GLN, Nonterminal, was not found in name map.)
(Residue 176: ARG, Nonterminal, was not found in name map.)
(Residue 177: VAL, Nonterminal, was not found in name map.)
(Residue 178: ASN, Nonterminal, was not found in name map.)
(Residue 179: ALA, Nonterminal, was not found in name map.)
(Residue 180: ASN, Nonterminal, was not found in name map.)
(Residue 181: ILE, Nonterminal, was not found in name map.)
(Residue 182: THR, Nonterminal, was not found in name map.)
(Residue 183: SER, Nonterminal, was not found in name map.)
(Residue 184: LEU, Nonterminal, was not found in name map.)
(Residue 185: VAL, Nonterminal, was not found in name map.)
(Residue 186: ASN, Nonterminal, was not found in name map.)
(Residue 187: VAL, Nonterminal, was not found in name map.)
(Residue 188: PRO, Nonterminal, was not found in name map.)
(Residue 189: GLY, Nonterminal, was not found in name map.)
(Residue 190: SER, Nonterminal, was not found in name map.)
(Residue 191: PHE, Nonterminal, was not found in name map.)
(Residue 192: ASN, Nonterminal, was not found in name map.)
(Residue 193: GLU, Nonterminal, was not found in name map.)
(Residue 194: ASN, Nonterminal, was not found in name map.)
(Residue 195: MET, Nonterminal, was not found in name map.)
(Residue 196: ALA, Nonterminal, was not found in name map.)
(Residue 197: TYR, Nonterminal, was not found in name map.)
(Residue 198: THR, Nonterminal, was not found in name map.)
(Residue 199: ASP, Nonterminal, was not found in name map.)
(Residue 200: GLY, Nonterminal, was not found in name map.)
(Residue 201: SER, Nonterminal, was not found in name map.)
(Residue 202: VAL, Nonterminal, was not found in name map.)
(Residue 203: VAL, Nonterminal, was not found in name map.)
(Residue 204: SER, Nonterminal, was not found in name map.)
(Residue 205: VAL, Nonterminal, was not found in name map.)
(Residue 206: ALA, Nonterminal, was not found in name map.)
(Residue 207: TYR, Nonterminal, was not found in name map.)
(Residue 208: ALA, Nonterminal, was not found in name map.)
(Residue 209: LEU, Nonterminal, was not found in name map.)
(Residue 210: GLY, Nonterminal, was not found in name map.)
(Residue 211: ILE, Nonterminal, was not found in name map.)
(Residue 212: ALA, Nonterminal, was not found in name map.)
(Residue 213: ASN, Nonterminal, was not found in name map.)
(Residue 214: GLY, Nonterminal, was not found in name map.)
(Residue 215: GLN, Nonterminal, was not found in name map.)
(Residue 216: THR, Nonterminal, was not found in name map.)
(Residue 217: ILE, Nonterminal, was not found in name map.)
(Residue 218: GLU, Nonterminal, was not found in name map.)
(Residue 219: ALA, Nonterminal, was not found in name map.)
(Residue 220: THR, Nonterminal, was not found in name map.)
(Residue 221: PHE, Nonterminal, was not found in name map.)
(Residue 222: ASN, Nonterminal, was not found in name map.)
(Residue 223: GLN, Nonterminal, was not found in name map.)
(Residue 224: ALA, Nonterminal, was not found in name map.)
(Residue 225: VAL, Nonterminal, was not found in name map.)
(Residue 226: THR, Nonterminal, was not found in name map.)
(Residue 227: THR, Nonterminal, was not found in name map.)
(Residue 228: SER, Nonterminal, was not found in name map.)
(Residue 229: THR, Nonterminal, was not found in name map.)
(Residue 230: GLN, Nonterminal, was not found in name map.)
(Residue 231: TRP, Nonterminal, was not found in name map.)
(Residue 232: SER, Nonterminal, was not found in name map.)
(Residue 233: ALA, Nonterminal, was not found in name map.)
(Residue 234: PRO, Nonterminal, was not found in name map.)
(Residue 235: LEU, Nonterminal, was not found in name map.)
(Residue 236: ASN, Nonterminal, was not found in name map.)
(Residue 237: VAL, Nonterminal, was not found in name map.)
(Residue 238: ALA, Nonterminal, was not found in name map.)
(Residue 239: ILE, Nonterminal, was not found in name map.)
(Residue 240: THR, Nonterminal, was not found in name map.)
(Residue 241: TYR, Nonterminal, was not found in name map.)
(Residue 242: TYR, Nonterminal, was not found in name map.)
(Residue 243: ASP, Nonterminal, was not found in name map.)
(Residue 244: ASN, Nonterminal, was not found in name map.)
(Residue 245: LYS, Nonterminal, was not found in name map.)
(Residue 246: GLN, Nonterminal, was not found in name map.)
(Residue 247: MET, Nonterminal, was not found in name map.)
(Residue 248: THR, Nonterminal, was not found in name map.)
(Residue 249: GLY, Nonterminal, was not found in name map.)
(Residue 250: ASP, Nonterminal, was not found in name map.)
(Residue 251: PHE, Nonterminal, was not found in name map.)
(Residue 252: ASN, Nonterminal, was not found in name map.)
(Residue 253: GLY, Nonterminal, was not found in name map.)
(Residue 254: SER, Nonterminal, was not found in name map.)
(Residue 255: VAL, Nonterminal, was not found in name map.)
(Residue 256: ASP, Nonterminal, was not found in name map.)
(Residue 257: ILE, Nonterminal, was not found in name map.)
(Residue 258: GLY, Nonterminal, was not found in name map.)
(Residue 259: GLY, Nonterminal, was not found in name map.)
(Residue 260: SER, Nonterminal, was not found in name map.)
(Residue 261: ILE, Nonterminal, was not found in name map.)
(Residue 262: THR, Nonterminal, was not found in name map.)
Mapped residue ALA, term: Terminal/last, seq. number: 263 to: CALA.
Joining NARG - GLN
Joining GLN - LYS
Joining LYS - TRP
Joining TRP - GLU
Joining GLU - TRP
Joining TRP - LYS
Joining LYS - VAL
Joining VAL - GLY
Joining GLY - THR
Joining THR - GLY
Joining GLY - LEU
Joining LEU - ASN
Joining ASN - GLY
Joining GLY - PHE
Joining PHE - GLY
Joining GLY - SER
Joining SER - VAL
Joining VAL - LEU
Joining LEU - ASN
Joining ASN - ASP
Joining ASP - LEU
Joining LEU - THR
Joining THR - ASN
Joining ASN - GLY
Joining GLY - GLY
Joining GLY - THR
Joining THR - LYS
Joining LYS - LEU
Joining LEU - THR
Joining THR - ILE
Joining ILE - THR
Joining THR - VAL
Joining VAL - THR
Joining THR - GLY
Joining GLY - ASN
Joining ASN - LYS
Joining LYS - PRO
Joining PRO - ILE
Joining ILE - LEU
Joining LEU - LEU
Joining LEU - GLY
Joining GLY - ARG
Joining ARG - THR
Joining THR - LYS
Joining LYS - GLU
Joining GLU - ALA
Joining ALA - PHE
Joining PHE - ALA
Joining ALA - THR
Joining THR - PRO
Joining PRO - VAL
Joining VAL - THR
Joining THR - SER
Joining SER - GLY
Joining GLY - VAL
Joining VAL - ASP
Joining ASP - GLY
Joining GLY - ILE
Joining ILE - PRO
Joining PRO - HIE
Joining HIE - ILE
Joining ILE - ALA
Joining ALA - PHE
Joining PHE - THR
Joining THR - ASP
Joining ASP - TYR
Joining TYR - GLU
Joining GLU - GLY
Joining GLY - ALA
Joining ALA - SER
Joining SER - VAL
Joining VAL - GLU
Joining GLU - LEU
Joining LEU - ARG
Joining ARG - ASN
Joining ASN - PRO
Joining PRO - ASP
Joining ASP - GLY
Joining GLY - GLU
Joining GLU - THR
Joining THR - GLU
Joining GLU - LYS
Joining LYS - GLY
Joining GLY - LEU
Joining LEU - ALA
Joining ALA - TYR
Joining TYR - PHE
Joining PHE - VAL
Joining VAL - LEU
Joining LEU - PRO
Joining PRO - MET
Joining MET - LYS
Joining LYS - ASN
Joining ASN - ALA
Joining ALA - GLU
Joining GLU - GLY
Joining GLY - THR
Joining THR - LYS
Joining LYS - VAL
Joining VAL - GLY
Joining GLY - SER
Joining SER - VAL
Joining VAL - LYS
Joining LYS - VAL
Joining VAL - ASN
Joining ASN - ALA
Joining ALA - SER
Joining SER - TYR
Joining TYR - ALA
Joining ALA - GLY
Joining GLY - ALA
Joining ALA - LEU
Joining LEU - GLY
Joining GLY - ARG
Joining ARG - GLY
Joining GLY - GLY
Joining GLY - VAL
Joining VAL - THR
Joining THR - SER
Joining SER - ALA
Joining ALA - ASP
Joining ASP - GLY
Joining GLY - GLU
Joining GLU - LEU
Joining LEU - MET
Joining MET - SER
Joining SER - LEU
Joining LEU - PHE
Joining PHE - ALA
Joining ALA - GLU
Joining GLU - GLY
Joining GLY - SER
Joining SER - HIE
Joining HIE - ALA
Joining ALA - ILE
Joining ILE - PHE
Joining PHE - TYR
Joining TYR - GLY
Joining GLY - GLY
Joining GLY - LEU
Joining LEU - PRO
Joining PRO - THR
Joining THR - ASN
Joining ASN - VAL
Joining VAL - LYS
Joining LYS - ASN
Joining ASN - SER
Joining SER - GLU
Joining GLU - LEU
Joining LEU - LYS
Joining LYS - GLY
Joining GLY - GLY
Joining GLY - SER
Joining SER - ALA
Joining ALA - ALA
Joining ALA - ALA
Joining ALA - ALA
Joining ALA - ARG
Joining ARG - THR
Joining THR - GLU
Joining GLU - LEU
Joining LEU - PHE
Joining PHE - GLY
Joining GLY - SER
Joining SER - LEU
Joining LEU - SER
Joining SER - LYS
Joining LYS - ASN
Joining ASN - ASP
Joining ASP - ILE
Joining ILE - LEU
Joining LEU - GLY
Joining GLY - GLN
Joining GLN - ILE
Joining ILE - GLN
Joining GLN - ARG
Joining ARG - VAL
Joining VAL - ASN
Joining ASN - ALA
Joining ALA - ASN
Joining ASN - ILE
Joining ILE - THR
Joining THR - SER
Joining SER - LEU
Joining LEU - VAL
Joining VAL - ASN
Joining ASN - VAL
Joining VAL - PRO
Joining PRO - GLY
Joining GLY - SER
Joining SER - PHE
Joining PHE - ASN
Joining ASN - GLU
Joining GLU - ASN
Joining ASN - MET
Joining MET - ALA
Joining ALA - TYR
Joining TYR - THR
Joining THR - ASP
Joining ASP - GLY
Joining GLY - SER
Joining SER - VAL
Joining VAL - VAL
Joining VAL - SER
Joining SER - VAL
Joining VAL - ALA
Joining ALA - TYR
Joining TYR - ALA
Joining ALA - LEU
Joining LEU - GLY
Joining GLY - ILE
Joining ILE - ALA
Joining ALA - ASN
Joining ASN - GLY
Joining GLY - GLN
Joining GLN - THR
Joining THR - ILE
Joining ILE - GLU
Joining GLU - ALA
Joining ALA - THR
Joining THR - PHE
Joining PHE - ASN
Joining ASN - GLN
Joining GLN - ALA
Joining ALA - VAL
Joining VAL - THR
Joining THR - THR
Joining THR - SER
Joining SER - THR
Joining THR - GLN
Joining GLN - TRP
Joining TRP - SER
Joining SER - ALA
Joining ALA - PRO
Joining PRO - LEU
Joining LEU - ASN
Joining ASN - VAL
Joining VAL - ALA
Joining ALA - ILE
Joining ILE - THR
Joining THR - TYR
Joining TYR - TYR
Joining TYR - ASP
Joining ASP - ASN
Joining ASN - LYS
Joining LYS - GLN
Joining GLN - MET
Joining MET - THR
Joining THR - GLY
Joining GLY - ASP
Joining ASP - PHE
Joining PHE - ASN
Joining ASN - GLY
Joining GLY - SER
Joining SER - VAL
Joining VAL - ASP
Joining ASP - ILE
Joining ILE - GLY
Joining GLY - GLY
Joining GLY - SER
Joining SER - ILE
Joining ILE - THR
Joining THR - CALA
  total atoms in file: 1936
  Leap added 1903 missing atoms according to residue templates:
       1903 H / lone pairs
> 
> #solvate the system
> solvateOct u1 TIP3PBOX 10.0 
Scaling up box by a factor of 1.254824 to meet diagonal cut criterion
  Solute vdw bounding box:              73.233 44.291 41.016
  Total bounding box for atom centers:  98.329 98.329 98.329
      (box expansion for 'iso' is 110.8%)
  Solvent unit box:                     18.774 18.774 18.774
The number of boxes:  x= 6  y= 6  z= 6
Adding box at: x=0  y=0  z=0
Center of solvent box is: 46.935873, 46.935873, 46.935873
Adding box at: x=0  y=0  z=1
Center of solvent box is: 46.935873, 46.935873, 28.161524
Adding box at: x=0  y=0  z=2
Center of solvent box is: 46.935873, 46.935873, 9.387175
Adding box at: x=0  y=0  z=3
Center of solvent box is: 46.935873, 46.935873, -9.387175
Adding box at: x=0  y=0  z=4
Center of solvent box is: 46.935873, 46.935873, -28.161524
Adding box at: x=0  y=0  z=5
Center of solvent box is: 46.935873, 46.935873, -46.935873
Adding box at: x=0  y=1  z=0
Center of solvent box is: 46.935873, 28.161524, 46.935873
Adding box at: x=0  y=1  z=1
Center of solvent box is: 46.935873, 28.161524, 28.161524
Adding box at: x=0  y=1  z=2
Center of solvent box is: 46.935873, 28.161524, 9.387175
Adding box at: x=0  y=1  z=3
Center of solvent box is: 46.935873, 28.161524, -9.387175
Adding box at: x=0  y=1  z=4
Center of solvent box is: 46.935873, 28.161524, -28.161524
Adding box at: x=0  y=1  z=5
Center of solvent box is: 46.935873, 28.161524, -46.935873
Adding box at: x=0  y=2  z=0
Center of solvent box is: 46.935873, 9.387175, 46.935873
Adding box at: x=0  y=2  z=1
Center of solvent box is: 46.935873, 9.387175, 28.161524
Adding box at: x=0  y=2  z=2
Center of solvent box is: 46.935873, 9.387175, 9.387175
Adding box at: x=0  y=2  z=3
Center of solvent box is: 46.935873, 9.387175, -9.387175
Adding box at: x=0  y=2  z=4
Center of solvent box is: 46.935873, 9.387175, -28.161524
Adding box at: x=0  y=2  z=5
Center of solvent box is: 46.935873, 9.387175, -46.935873
Adding box at: x=0  y=3  z=0
Center of solvent box is: 46.935873, -9.387175, 46.935873
Adding box at: x=0  y=3  z=1
Center of solvent box is: 46.935873, -9.387175, 28.161524
Adding box at: x=0  y=3  z=2
Center of solvent box is: 46.935873, -9.387175, 9.387175
Adding box at: x=0  y=3  z=3
Center of solvent box is: 46.935873, -9.387175, -9.387175
Adding box at: x=0  y=3  z=4
Center of solvent box is: 46.935873, -9.387175, -28.161524
Adding box at: x=0  y=3  z=5
Center of solvent box is: 46.935873, -9.387175, -46.935873
Adding box at: x=0  y=4  z=0
Center of solvent box is: 46.935873, -28.161524, 46.935873
Adding box at: x=0  y=4  z=1
Center of solvent box is: 46.935873, -28.161524, 28.161524
Adding box at: x=0  y=4  z=2
Center of solvent box is: 46.935873, -28.161524, 9.387175
Adding box at: x=0  y=4  z=3
Center of solvent box is: 46.935873, -28.161524, -9.387175
Adding box at: x=0  y=4  z=4
Center of solvent box is: 46.935873, -28.161524, -28.161524
Adding box at: x=0  y=4  z=5
Center of solvent box is: 46.935873, -28.161524, -46.935873
Adding box at: x=0  y=5  z=0
Center of solvent box is: 46.935873, -46.935873, 46.935873
Adding box at: x=0  y=5  z=1
Center of solvent box is: 46.935873, -46.935873, 28.161524
Adding box at: x=0  y=5  z=2
Center of solvent box is: 46.935873, -46.935873, 9.387175
Adding box at: x=0  y=5  z=3
Center of solvent box is: 46.935873, -46.935873, -9.387175
Adding box at: x=0  y=5  z=4
Center of solvent box is: 46.935873, -46.935873, -28.161524
Adding box at: x=0  y=5  z=5
Center of solvent box is: 46.935873, -46.935873, -46.935873
Adding box at: x=1  y=0  z=0
Center of solvent box is: 28.161524, 46.935873, 46.935873
Adding box at: x=1  y=0  z=1
Center of solvent box is: 28.161524, 46.935873, 28.161524
Adding box at: x=1  y=0  z=2
Center of solvent box is: 28.161524, 46.935873, 9.387175
Adding box at: x=1  y=0  z=3
Center of solvent box is: 28.161524, 46.935873, -9.387175
Adding box at: x=1  y=0  z=4
Center of solvent box is: 28.161524, 46.935873, -28.161524
Adding box at: x=1  y=0  z=5
Center of solvent box is: 28.161524, 46.935873, -46.935873
Adding box at: x=1  y=1  z=0
Center of solvent box is: 28.161524, 28.161524, 46.935873
Adding box at: x=1  y=1  z=1
Center of solvent box is: 28.161524, 28.161524, 28.161524
Adding box at: x=1  y=1  z=2
Center of solvent box is: 28.161524, 28.161524, 9.387175
Adding box at: x=1  y=1  z=3
Center of solvent box is: 28.161524, 28.161524, -9.387175
Adding box at: x=1  y=1  z=4
Center of solvent box is: 28.161524, 28.161524, -28.161524
Adding box at: x=1  y=1  z=5
Center of solvent box is: 28.161524, 28.161524, -46.935873
Adding box at: x=1  y=2  z=0
Center of solvent box is: 28.161524, 9.387175, 46.935873
Adding box at: x=1  y=2  z=1
Center of solvent box is: 28.161524, 9.387175, 28.161524
Adding box at: x=1  y=2  z=2
Center of solvent box is: 28.161524, 9.387175, 9.387175
Adding box at: x=1  y=2  z=3
Center of solvent box is: 28.161524, 9.387175, -9.387175
Adding box at: x=1  y=2  z=4
Center of solvent box is: 28.161524, 9.387175, -28.161524
Adding box at: x=1  y=2  z=5
Center of solvent box is: 28.161524, 9.387175, -46.935873
Adding box at: x=1  y=3  z=0
Center of solvent box is: 28.161524, -9.387175, 46.935873
Adding box at: x=1  y=3  z=1
Center of solvent box is: 28.161524, -9.387175, 28.161524
Adding box at: x=1  y=3  z=2
Center of solvent box is: 28.161524, -9.387175, 9.387175
Adding box at: x=1  y=3  z=3
Center of solvent box is: 28.161524, -9.387175, -9.387175
Adding box at: x=1  y=3  z=4
Center of solvent box is: 28.161524, -9.387175, -28.161524
Adding box at: x=1  y=3  z=5
Center of solvent box is: 28.161524, -9.387175, -46.935873
Adding box at: x=1  y=4  z=0
Center of solvent box is: 28.161524, -28.161524, 46.935873
Adding box at: x=1  y=4  z=1
Center of solvent box is: 28.161524, -28.161524, 28.161524
Adding box at: x=1  y=4  z=2
Center of solvent box is: 28.161524, -28.161524, 9.387175
Adding box at: x=1  y=4  z=3
Center of solvent box is: 28.161524, -28.161524, -9.387175
Adding box at: x=1  y=4  z=4
Center of solvent box is: 28.161524, -28.161524, -28.161524
Adding box at: x=1  y=4  z=5
Center of solvent box is: 28.161524, -28.161524, -46.935873
Adding box at: x=1  y=5  z=0
Center of solvent box is: 28.161524, -46.935873, 46.935873
Adding box at: x=1  y=5  z=1
Center of solvent box is: 28.161524, -46.935873, 28.161524
Adding box at: x=1  y=5  z=2
Center of solvent box is: 28.161524, -46.935873, 9.387175
Adding box at: x=1  y=5  z=3
Center of solvent box is: 28.161524, -46.935873, -9.387175
Adding box at: x=1  y=5  z=4
Center of solvent box is: 28.161524, -46.935873, -28.161524
Adding box at: x=1  y=5  z=5
Center of solvent box is: 28.161524, -46.935873, -46.935873
Adding box at: x=2  y=0  z=0
Center of solvent box is: 9.387175, 46.935873, 46.935873
Adding box at: x=2  y=0  z=1
Center of solvent box is: 9.387175, 46.935873, 28.161524
Adding box at: x=2  y=0  z=2
Center of solvent box is: 9.387175, 46.935873, 9.387175
Adding box at: x=2  y=0  z=3
Center of solvent box is: 9.387175, 46.935873, -9.387175
Adding box at: x=2  y=0  z=4
Center of solvent box is: 9.387175, 46.935873, -28.161524
Adding box at: x=2  y=0  z=5
Center of solvent box is: 9.387175, 46.935873, -46.935873
Adding box at: x=2  y=1  z=0
Center of solvent box is: 9.387175, 28.161524, 46.935873
Adding box at: x=2  y=1  z=1
Center of solvent box is: 9.387175, 28.161524, 28.161524
Adding box at: x=2  y=1  z=2
Center of solvent box is: 9.387175, 28.161524, 9.387175
Adding box at: x=2  y=1  z=3
Center of solvent box is: 9.387175, 28.161524, -9.387175
Adding box at: x=2  y=1  z=4
Center of solvent box is: 9.387175, 28.161524, -28.161524
Adding box at: x=2  y=1  z=5
Center of solvent box is: 9.387175, 28.161524, -46.935873
Adding box at: x=2  y=2  z=0
Center of solvent box is: 9.387175, 9.387175, 46.935873
Adding box at: x=2  y=2  z=1
Center of solvent box is: 9.387175, 9.387175, 28.161524
Adding box at: x=2  y=2  z=2
Center of solvent box is: 9.387175, 9.387175, 9.387175
Adding box at: x=2  y=2  z=3
Center of solvent box is: 9.387175, 9.387175, -9.387175
Adding box at: x=2  y=2  z=4
Center of solvent box is: 9.387175, 9.387175, -28.161524
Adding box at: x=2  y=2  z=5
Center of solvent box is: 9.387175, 9.387175, -46.935873
Adding box at: x=2  y=3  z=0
Center of solvent box is: 9.387175, -9.387175, 46.935873
Adding box at: x=2  y=3  z=1
Center of solvent box is: 9.387175, -9.387175, 28.161524
Adding box at: x=2  y=3  z=2
Center of solvent box is: 9.387175, -9.387175, 9.387175
Adding box at: x=2  y=3  z=3
Center of solvent box is: 9.387175, -9.387175, -9.387175
Adding box at: x=2  y=3  z=4
Center of solvent box is: 9.387175, -9.387175, -28.161524
Adding box at: x=2  y=3  z=5
Center of solvent box is: 9.387175, -9.387175, -46.935873
Adding box at: x=2  y=4  z=0
Center of solvent box is: 9.387175, -28.161524, 46.935873
Adding box at: x=2  y=4  z=1
Center of solvent box is: 9.387175, -28.161524, 28.161524
Adding box at: x=2  y=4  z=2
Center of solvent box is: 9.387175, -28.161524, 9.387175
Adding box at: x=2  y=4  z=3
Center of solvent box is: 9.387175, -28.161524, -9.387175
Adding box at: x=2  y=4  z=4
Center of solvent box is: 9.387175, -28.161524, -28.161524
Adding box at: x=2  y=4  z=5
Center of solvent box is: 9.387175, -28.161524, -46.935873
Adding box at: x=2  y=5  z=0
Center of solvent box is: 9.387175, -46.935873, 46.935873
Adding box at: x=2  y=5  z=1
Center of solvent box is: 9.387175, -46.935873, 28.161524
Adding box at: x=2  y=5  z=2
Center of solvent box is: 9.387175, -46.935873, 9.387175
Adding box at: x=2  y=5  z=3
Center of solvent box is: 9.387175, -46.935873, -9.387175
Adding box at: x=2  y=5  z=4
Center of solvent box is: 9.387175, -46.935873, -28.161524
Adding box at: x=2  y=5  z=5
Center of solvent box is: 9.387175, -46.935873, -46.935873
Adding box at: x=3  y=0  z=0
Center of solvent box is: -9.387175, 46.935873, 46.935873
Adding box at: x=3  y=0  z=1
Center of solvent box is: -9.387175, 46.935873, 28.161524
Adding box at: x=3  y=0  z=2
Center of solvent box is: -9.387175, 46.935873, 9.387175
Adding box at: x=3  y=0  z=3
Center of solvent box is: -9.387175, 46.935873, -9.387175
Adding box at: x=3  y=0  z=4
Center of solvent box is: -9.387175, 46.935873, -28.161524
Adding box at: x=3  y=0  z=5
Center of solvent box is: -9.387175, 46.935873, -46.935873
Adding box at: x=3  y=1  z=0
Center of solvent box is: -9.387175, 28.161524, 46.935873
Adding box at: x=3  y=1  z=1
Center of solvent box is: -9.387175, 28.161524, 28.161524
Adding box at: x=3  y=1  z=2
Center of solvent box is: -9.387175, 28.161524, 9.387175
Adding box at: x=3  y=1  z=3
Center of solvent box is: -9.387175, 28.161524, -9.387175
Adding box at: x=3  y=1  z=4
Center of solvent box is: -9.387175, 28.161524, -28.161524
Adding box at: x=3  y=1  z=5
Center of solvent box is: -9.387175, 28.161524, -46.935873
Adding box at: x=3  y=2  z=0
Center of solvent box is: -9.387175, 9.387175, 46.935873
Adding box at: x=3  y=2  z=1
Center of solvent box is: -9.387175, 9.387175, 28.161524
Adding box at: x=3  y=2  z=2
Center of solvent box is: -9.387175, 9.387175, 9.387175
Adding box at: x=3  y=2  z=3
Center of solvent box is: -9.387175, 9.387175, -9.387175
Adding box at: x=3  y=2  z=4
Center of solvent box is: -9.387175, 9.387175, -28.161524
Adding box at: x=3  y=2  z=5
Center of solvent box is: -9.387175, 9.387175, -46.935873
Adding box at: x=3  y=3  z=0
Center of solvent box is: -9.387175, -9.387175, 46.935873
Adding box at: x=3  y=3  z=1
Center of solvent box is: -9.387175, -9.387175, 28.161524
Adding box at: x=3  y=3  z=2
Center of solvent box is: -9.387175, -9.387175, 9.387175
Adding box at: x=3  y=3  z=3
Center of solvent box is: -9.387175, -9.387175, -9.387175
Adding box at: x=3  y=3  z=4
Center of solvent box is: -9.387175, -9.387175, -28.161524
Adding box at: x=3  y=3  z=5
Center of solvent box is: -9.387175, -9.387175, -46.935873
Adding box at: x=3  y=4  z=0
Center of solvent box is: -9.387175, -28.161524, 46.935873
Adding box at: x=3  y=4  z=1
Center of solvent box is: -9.387175, -28.161524, 28.161524
Adding box at: x=3  y=4  z=2
Center of solvent box is: -9.387175, -28.161524, 9.387175
Adding box at: x=3  y=4  z=3
Center of solvent box is: -9.387175, -28.161524, -9.387175
Adding box at: x=3  y=4  z=4
Center of solvent box is: -9.387175, -28.161524, -28.161524
Adding box at: x=3  y=4  z=5
Center of solvent box is: -9.387175, -28.161524, -46.935873
Adding box at: x=3  y=5  z=0
Center of solvent box is: -9.387175, -46.935873, 46.935873
Adding box at: x=3  y=5  z=1
Center of solvent box is: -9.387175, -46.935873, 28.161524
Adding box at: x=3  y=5  z=2
Center of solvent box is: -9.387175, -46.935873, 9.387175
Adding box at: x=3  y=5  z=3
Center of solvent box is: -9.387175, -46.935873, -9.387175
Adding box at: x=3  y=5  z=4
Center of solvent box is: -9.387175, -46.935873, -28.161524
Adding box at: x=3  y=5  z=5
Center of solvent box is: -9.387175, -46.935873, -46.935873
Adding box at: x=4  y=0  z=0
Center of solvent box is: -28.161524, 46.935873, 46.935873
Adding box at: x=4  y=0  z=1
Center of solvent box is: -28.161524, 46.935873, 28.161524
Adding box at: x=4  y=0  z=2
Center of solvent box is: -28.161524, 46.935873, 9.387175
Adding box at: x=4  y=0  z=3
Center of solvent box is: -28.161524, 46.935873, -9.387175
Adding box at: x=4  y=0  z=4
Center of solvent box is: -28.161524, 46.935873, -28.161524
Adding box at: x=4  y=0  z=5
Center of solvent box is: -28.161524, 46.935873, -46.935873
Adding box at: x=4  y=1  z=0
Center of solvent box is: -28.161524, 28.161524, 46.935873
Adding box at: x=4  y=1  z=1
Center of solvent box is: -28.161524, 28.161524, 28.161524
Adding box at: x=4  y=1  z=2
Center of solvent box is: -28.161524, 28.161524, 9.387175
Adding box at: x=4  y=1  z=3
Center of solvent box is: -28.161524, 28.161524, -9.387175
Adding box at: x=4  y=1  z=4
Center of solvent box is: -28.161524, 28.161524, -28.161524
Adding box at: x=4  y=1  z=5
Center of solvent box is: -28.161524, 28.161524, -46.935873
Adding box at: x=4  y=2  z=0
Center of solvent box is: -28.161524, 9.387175, 46.935873
Adding box at: x=4  y=2  z=1
Center of solvent box is: -28.161524, 9.387175, 28.161524
Adding box at: x=4  y=2  z=2
Center of solvent box is: -28.161524, 9.387175, 9.387175
Adding box at: x=4  y=2  z=3
Center of solvent box is: -28.161524, 9.387175, -9.387175
Adding box at: x=4  y=2  z=4
Center of solvent box is: -28.161524, 9.387175, -28.161524
Adding box at: x=4  y=2  z=5
Center of solvent box is: -28.161524, 9.387175, -46.935873
Adding box at: x=4  y=3  z=0
Center of solvent box is: -28.161524, -9.387175, 46.935873
Adding box at: x=4  y=3  z=1
Center of solvent box is: -28.161524, -9.387175, 28.161524
Adding box at: x=4  y=3  z=2
Center of solvent box is: -28.161524, -9.387175, 9.387175
Adding box at: x=4  y=3  z=3
Center of solvent box is: -28.161524, -9.387175, -9.387175
Adding box at: x=4  y=3  z=4
Center of solvent box is: -28.161524, -9.387175, -28.161524
Adding box at: x=4  y=3  z=5
Center of solvent box is: -28.161524, -9.387175, -46.935873
Adding box at: x=4  y=4  z=0
Center of solvent box is: -28.161524, -28.161524, 46.935873
Adding box at: x=4  y=4  z=1
Center of solvent box is: -28.161524, -28.161524, 28.161524
Adding box at: x=4  y=4  z=2
Center of solvent box is: -28.161524, -28.161524, 9.387175
Adding box at: x=4  y=4  z=3
Center of solvent box is: -28.161524, -28.161524, -9.387175
Adding box at: x=4  y=4  z=4
Center of solvent box is: -28.161524, -28.161524, -28.161524
Adding box at: x=4  y=4  z=5
Center of solvent box is: -28.161524, -28.161524, -46.935873
Adding box at: x=4  y=5  z=0
Center of solvent box is: -28.161524, -46.935873, 46.935873
Adding box at: x=4  y=5  z=1
Center of solvent box is: -28.161524, -46.935873, 28.161524
Adding box at: x=4  y=5  z=2
Center of solvent box is: -28.161524, -46.935873, 9.387175
Adding box at: x=4  y=5  z=3
Center of solvent box is: -28.161524, -46.935873, -9.387175
Adding box at: x=4  y=5  z=4
Center of solvent box is: -28.161524, -46.935873, -28.161524
Adding box at: x=4  y=5  z=5
Center of solvent box is: -28.161524, -46.935873, -46.935873
Adding box at: x=5  y=0  z=0
Center of solvent box is: -46.935873, 46.935873, 46.935873
Adding box at: x=5  y=0  z=1
Center of solvent box is: -46.935873, 46.935873, 28.161524
Adding box at: x=5  y=0  z=2
Center of solvent box is: -46.935873, 46.935873, 9.387175
Adding box at: x=5  y=0  z=3
Center of solvent box is: -46.935873, 46.935873, -9.387175
Adding box at: x=5  y=0  z=4
Center of solvent box is: -46.935873, 46.935873, -28.161524
Adding box at: x=5  y=0  z=5
Center of solvent box is: -46.935873, 46.935873, -46.935873
Adding box at: x=5  y=1  z=0
Center of solvent box is: -46.935873, 28.161524, 46.935873
Adding box at: x=5  y=1  z=1
Center of solvent box is: -46.935873, 28.161524, 28.161524
Adding box at: x=5  y=1  z=2
Center of solvent box is: -46.935873, 28.161524, 9.387175
Adding box at: x=5  y=1  z=3
Center of solvent box is: -46.935873, 28.161524, -9.387175
Adding box at: x=5  y=1  z=4
Center of solvent box is: -46.935873, 28.161524, -28.161524
Adding box at: x=5  y=1  z=5
Center of solvent box is: -46.935873, 28.161524, -46.935873
Adding box at: x=5  y=2  z=0
Center of solvent box is: -46.935873, 9.387175, 46.935873
Adding box at: x=5  y=2  z=1
Center of solvent box is: -46.935873, 9.387175, 28.161524
Adding box at: x=5  y=2  z=2
Center of solvent box is: -46.935873, 9.387175, 9.387175
Adding box at: x=5  y=2  z=3
Center of solvent box is: -46.935873, 9.387175, -9.387175
Adding box at: x=5  y=2  z=4
Center of solvent box is: -46.935873, 9.387175, -28.161524
Adding box at: x=5  y=2  z=5
Center of solvent box is: -46.935873, 9.387175, -46.935873
Adding box at: x=5  y=3  z=0
Center of solvent box is: -46.935873, -9.387175, 46.935873
Adding box at: x=5  y=3  z=1
Center of solvent box is: -46.935873, -9.387175, 28.161524
Adding box at: x=5  y=3  z=2
Center of solvent box is: -46.935873, -9.387175, 9.387175
Adding box at: x=5  y=3  z=3
Center of solvent box is: -46.935873, -9.387175, -9.387175
Adding box at: x=5  y=3  z=4
Center of solvent box is: -46.935873, -9.387175, -28.161524
Adding box at: x=5  y=3  z=5
Center of solvent box is: -46.935873, -9.387175, -46.935873
Adding box at: x=5  y=4  z=0
Center of solvent box is: -46.935873, -28.161524, 46.935873
Adding box at: x=5  y=4  z=1
Center of solvent box is: -46.935873, -28.161524, 28.161524
Adding box at: x=5  y=4  z=2
Center of solvent box is: -46.935873, -28.161524, 9.387175
Adding box at: x=5  y=4  z=3
Center of solvent box is: -46.935873, -28.161524, -9.387175
Adding box at: x=5  y=4  z=4
Center of solvent box is: -46.935873, -28.161524, -28.161524
Adding box at: x=5  y=4  z=5
Center of solvent box is: -46.935873, -28.161524, -46.935873
Adding box at: x=5  y=5  z=0
Center of solvent box is: -46.935873, -46.935873, 46.935873
Adding box at: x=5  y=5  z=1
Center of solvent box is: -46.935873, -46.935873, 28.161524
Adding box at: x=5  y=5  z=2
Center of solvent box is: -46.935873, -46.935873, 9.387175
Adding box at: x=5  y=5  z=3
Center of solvent box is: -46.935873, -46.935873, -9.387175
Adding box at: x=5  y=5  z=4
Center of solvent box is: -46.935873, -46.935873, -28.161524
Adding box at: x=5  y=5  z=5
Center of solvent box is: -46.935873, -46.935873, -46.935873
  Volume: 490005.159 A^3 (oct)
  Total mass 265927.650 amu,  Density 0.901 g/cc
  Added 13236 residues.
> 
> #add counterions to neutralize the system
> ##How did I know to add Na+? Can run in tleap interactive once, load the pdb as u1, then use the command charge u1 to find the total charge of the unit
> addIonsRand u1 Na+ 0 
4 Na+ ions required to neutralize.
Adding 4 counter ions to "u1". 13232 solvent molecules will remain.
0: Placed Na+ in u1 at (-8.16, 32.16, 33.07).
0: Placed Na+ in u1 at (-8.76, 2.28, -46.23).
0: Placed Na+ in u1 at (-37.86, -13.67, 27.88).
0: Placed Na+ in u1 at (9.98, -15.54, -27.86).
> 
> #save output files
> saveAmberParm u1 4wei.final.parm7 4wei.final.rst7
Checking Unit.
Building topology.
Building atom parameters.
Building bond parameters.
Building angle parameters.
Building proper torsion parameters.
Building improper torsion parameters.
 ** Warning: No sp2 improper torsion term for  C*-CN-CB-CA
        atoms are: CG CE2 CD2 CE3
 ** Warning: No sp2 improper torsion term for  NA-CA-CN-CB
        atoms are: NE1 CZ2 CE2 CD2
 ** Warning: No sp2 improper torsion term for  C*-CN-CB-CA
        atoms are: CG CE2 CD2 CE3
 ** Warning: No sp2 improper torsion term for  NA-CA-CN-CB
        atoms are: NE1 CZ2 CE2 CD2
 ** Warning: No sp2 improper torsion term for  C*-CN-CB-CA
        atoms are: CG CE2 CD2 CE3
 ** Warning: No sp2 improper torsion term for  NA-CA-CN-CB
        atoms are: NE1 CZ2 CE2 CD2
 total 765 improper torsions applied
Building H-Bond parameters.
Incorporating Non-Bonded adjustments.
Not Marking per-residue atom chain types.
Marking per-residue atom chain types.
  (Residues lacking connect0/connect1 - 
   these don't have chain types marked:

	res	total affected

	CALA	1
	NARG	1
	WAT	13232
  )
 (no restraints)
> 
> #Quit
> quit 
	Quit
